[2025-11-27T07:49:58.138+0000] {processor.py:161} INFO - Started process (PID=56) to work on /opt/airflow/dags/aqi_retraining_dag.py
[2025-11-27T07:49:58.139+0000] {processor.py:830} INFO - Processing file /opt/airflow/dags/aqi_retraining_dag.py for tasks to queue
[2025-11-27T07:49:58.141+0000] {logging_mixin.py:188} INFO - [2025-11-27T07:49:58.141+0000] {dagbag.py:538} INFO - Filling up the DagBag from /opt/airflow/dags/aqi_retraining_dag.py
[2025-11-27T07:49:58.168+0000] {logging_mixin.py:188} INFO - [2025-11-27T07:49:58.163+0000] {dagbag.py:348} ERROR - Failed to import: /opt/airflow/dags/aqi_retraining_dag.py
Traceback (most recent call last):
  File "/home/airflow/.local/lib/python3.8/site-packages/airflow/models/dagbag.py", line 344, in parse
    loader.exec_module(new_module)
  File "<frozen importlib._bootstrap_external>", line 843, in exec_module
  File "<frozen importlib._bootstrap>", line 219, in _call_with_frames_removed
  File "/opt/airflow/dags/aqi_retraining_dag.py", line 10, in <module>
    from src.pipeline.train import run_training
ModuleNotFoundError: No module named 'src'
[2025-11-27T07:49:58.171+0000] {processor.py:842} WARNING - No viable dags retrieved from /opt/airflow/dags/aqi_retraining_dag.py
[2025-11-27T07:49:58.197+0000] {processor.py:183} INFO - Processing /opt/airflow/dags/aqi_retraining_dag.py took 0.061 seconds
[2025-11-27T07:50:30.942+0000] {processor.py:161} INFO - Started process (PID=112) to work on /opt/airflow/dags/aqi_retraining_dag.py
[2025-11-27T07:50:30.943+0000] {processor.py:830} INFO - Processing file /opt/airflow/dags/aqi_retraining_dag.py for tasks to queue
[2025-11-27T07:50:30.946+0000] {logging_mixin.py:188} INFO - [2025-11-27T07:50:30.945+0000] {dagbag.py:538} INFO - Filling up the DagBag from /opt/airflow/dags/aqi_retraining_dag.py
[2025-11-27T07:50:30.985+0000] {logging_mixin.py:188} INFO - [2025-11-27T07:50:30.978+0000] {dagbag.py:348} ERROR - Failed to import: /opt/airflow/dags/aqi_retraining_dag.py
Traceback (most recent call last):
  File "/home/airflow/.local/lib/python3.8/site-packages/airflow/models/dagbag.py", line 344, in parse
    loader.exec_module(new_module)
  File "<frozen importlib._bootstrap_external>", line 843, in exec_module
  File "<frozen importlib._bootstrap>", line 219, in _call_with_frames_removed
  File "/opt/airflow/dags/aqi_retraining_dag.py", line 10, in <module>
    from src.pipeline.train import run_training
ModuleNotFoundError: No module named 'src'
[2025-11-27T07:50:30.988+0000] {processor.py:842} WARNING - No viable dags retrieved from /opt/airflow/dags/aqi_retraining_dag.py
[2025-11-27T07:50:31.008+0000] {processor.py:183} INFO - Processing /opt/airflow/dags/aqi_retraining_dag.py took 0.069 seconds
[2025-11-27T07:51:01.540+0000] {processor.py:161} INFO - Started process (PID=168) to work on /opt/airflow/dags/aqi_retraining_dag.py
[2025-11-27T07:51:01.542+0000] {processor.py:830} INFO - Processing file /opt/airflow/dags/aqi_retraining_dag.py for tasks to queue
[2025-11-27T07:51:01.544+0000] {logging_mixin.py:188} INFO - [2025-11-27T07:51:01.544+0000] {dagbag.py:538} INFO - Filling up the DagBag from /opt/airflow/dags/aqi_retraining_dag.py
[2025-11-27T07:51:01.585+0000] {logging_mixin.py:188} INFO - [2025-11-27T07:51:01.580+0000] {dagbag.py:348} ERROR - Failed to import: /opt/airflow/dags/aqi_retraining_dag.py
Traceback (most recent call last):
  File "/home/airflow/.local/lib/python3.8/site-packages/airflow/models/dagbag.py", line 344, in parse
    loader.exec_module(new_module)
  File "<frozen importlib._bootstrap_external>", line 843, in exec_module
  File "<frozen importlib._bootstrap>", line 219, in _call_with_frames_removed
  File "/opt/airflow/dags/aqi_retraining_dag.py", line 10, in <module>
    from src.pipeline.train import run_training
ModuleNotFoundError: No module named 'src'
[2025-11-27T07:51:01.587+0000] {processor.py:842} WARNING - No viable dags retrieved from /opt/airflow/dags/aqi_retraining_dag.py
[2025-11-27T07:51:03.188+0000] {processor.py:183} INFO - Processing /opt/airflow/dags/aqi_retraining_dag.py took 0.072 seconds
[2025-11-27T07:51:33.884+0000] {processor.py:161} INFO - Started process (PID=224) to work on /opt/airflow/dags/aqi_retraining_dag.py
[2025-11-27T07:51:33.886+0000] {processor.py:830} INFO - Processing file /opt/airflow/dags/aqi_retraining_dag.py for tasks to queue
[2025-11-27T07:51:33.889+0000] {logging_mixin.py:188} INFO - [2025-11-27T07:51:33.888+0000] {dagbag.py:538} INFO - Filling up the DagBag from /opt/airflow/dags/aqi_retraining_dag.py
[2025-11-27T07:51:33.923+0000] {logging_mixin.py:188} INFO - [2025-11-27T07:51:33.916+0000] {dagbag.py:348} ERROR - Failed to import: /opt/airflow/dags/aqi_retraining_dag.py
Traceback (most recent call last):
  File "/home/airflow/.local/lib/python3.8/site-packages/airflow/models/dagbag.py", line 344, in parse
    loader.exec_module(new_module)
  File "<frozen importlib._bootstrap_external>", line 843, in exec_module
  File "<frozen importlib._bootstrap>", line 219, in _call_with_frames_removed
  File "/opt/airflow/dags/aqi_retraining_dag.py", line 10, in <module>
    from src.pipeline.train import run_training
ModuleNotFoundError: No module named 'src'
[2025-11-27T07:51:33.925+0000] {processor.py:842} WARNING - No viable dags retrieved from /opt/airflow/dags/aqi_retraining_dag.py
[2025-11-27T07:51:33.953+0000] {processor.py:183} INFO - Processing /opt/airflow/dags/aqi_retraining_dag.py took 0.071 seconds
[2025-11-27T07:52:04.017+0000] {processor.py:161} INFO - Started process (PID=280) to work on /opt/airflow/dags/aqi_retraining_dag.py
[2025-11-27T07:52:04.018+0000] {processor.py:830} INFO - Processing file /opt/airflow/dags/aqi_retraining_dag.py for tasks to queue
[2025-11-27T07:52:04.020+0000] {logging_mixin.py:188} INFO - [2025-11-27T07:52:04.020+0000] {dagbag.py:538} INFO - Filling up the DagBag from /opt/airflow/dags/aqi_retraining_dag.py
[2025-11-27T07:52:04.047+0000] {logging_mixin.py:188} INFO - [2025-11-27T07:52:04.043+0000] {dagbag.py:348} ERROR - Failed to import: /opt/airflow/dags/aqi_retraining_dag.py
Traceback (most recent call last):
  File "/home/airflow/.local/lib/python3.8/site-packages/airflow/models/dagbag.py", line 344, in parse
    loader.exec_module(new_module)
  File "<frozen importlib._bootstrap_external>", line 843, in exec_module
  File "<frozen importlib._bootstrap>", line 219, in _call_with_frames_removed
  File "/opt/airflow/dags/aqi_retraining_dag.py", line 10, in <module>
    from src.pipeline.train import run_training
ModuleNotFoundError: No module named 'src'
[2025-11-27T07:52:04.049+0000] {processor.py:842} WARNING - No viable dags retrieved from /opt/airflow/dags/aqi_retraining_dag.py
[2025-11-27T07:52:04.077+0000] {processor.py:183} INFO - Processing /opt/airflow/dags/aqi_retraining_dag.py took 0.062 seconds
[2025-11-27T07:52:34.669+0000] {processor.py:161} INFO - Started process (PID=336) to work on /opt/airflow/dags/aqi_retraining_dag.py
[2025-11-27T07:52:34.670+0000] {processor.py:830} INFO - Processing file /opt/airflow/dags/aqi_retraining_dag.py for tasks to queue
[2025-11-27T07:52:34.672+0000] {logging_mixin.py:188} INFO - [2025-11-27T07:52:34.672+0000] {dagbag.py:538} INFO - Filling up the DagBag from /opt/airflow/dags/aqi_retraining_dag.py
[2025-11-27T07:52:34.713+0000] {logging_mixin.py:188} INFO - [2025-11-27T07:52:34.702+0000] {dagbag.py:348} ERROR - Failed to import: /opt/airflow/dags/aqi_retraining_dag.py
Traceback (most recent call last):
  File "/home/airflow/.local/lib/python3.8/site-packages/airflow/models/dagbag.py", line 344, in parse
    loader.exec_module(new_module)
  File "<frozen importlib._bootstrap_external>", line 843, in exec_module
  File "<frozen importlib._bootstrap>", line 219, in _call_with_frames_removed
  File "/opt/airflow/dags/aqi_retraining_dag.py", line 10, in <module>
    from src.pipeline.train import run_training
ModuleNotFoundError: No module named 'src'
[2025-11-27T07:52:34.715+0000] {processor.py:842} WARNING - No viable dags retrieved from /opt/airflow/dags/aqi_retraining_dag.py
[2025-11-27T07:52:34.742+0000] {processor.py:183} INFO - Processing /opt/airflow/dags/aqi_retraining_dag.py took 0.076 seconds
[2025-11-27T08:08:14.049+0000] {processor.py:161} INFO - Started process (PID=118) to work on /opt/airflow/dags/aqi_retraining_dag.py
[2025-11-27T08:08:14.051+0000] {processor.py:830} INFO - Processing file /opt/airflow/dags/aqi_retraining_dag.py for tasks to queue
[2025-11-27T08:08:14.052+0000] {logging_mixin.py:188} INFO - [2025-11-27T08:08:14.052+0000] {dagbag.py:538} INFO - Filling up the DagBag from /opt/airflow/dags/aqi_retraining_dag.py
[2025-11-27T08:08:14.081+0000] {logging_mixin.py:188} INFO - [2025-11-27T08:08:14.075+0000] {dagbag.py:348} ERROR - Failed to import: /opt/airflow/dags/aqi_retraining_dag.py
Traceback (most recent call last):
  File "/home/airflow/.local/lib/python3.8/site-packages/airflow/models/dagbag.py", line 344, in parse
    loader.exec_module(new_module)
  File "<frozen importlib._bootstrap_external>", line 843, in exec_module
  File "<frozen importlib._bootstrap>", line 219, in _call_with_frames_removed
  File "/opt/airflow/dags/aqi_retraining_dag.py", line 10, in <module>
    from src.pipeline.train import run_training
ModuleNotFoundError: No module named 'src'
[2025-11-27T08:08:14.083+0000] {processor.py:842} WARNING - No viable dags retrieved from /opt/airflow/dags/aqi_retraining_dag.py
[2025-11-27T08:08:14.103+0000] {processor.py:183} INFO - Processing /opt/airflow/dags/aqi_retraining_dag.py took 0.056 seconds
[2025-11-27T08:08:44.333+0000] {processor.py:161} INFO - Started process (PID=174) to work on /opt/airflow/dags/aqi_retraining_dag.py
[2025-11-27T08:08:44.334+0000] {processor.py:830} INFO - Processing file /opt/airflow/dags/aqi_retraining_dag.py for tasks to queue
[2025-11-27T08:08:44.336+0000] {logging_mixin.py:188} INFO - [2025-11-27T08:08:44.336+0000] {dagbag.py:538} INFO - Filling up the DagBag from /opt/airflow/dags/aqi_retraining_dag.py
[2025-11-27T08:08:44.358+0000] {logging_mixin.py:188} INFO - [2025-11-27T08:08:44.354+0000] {dagbag.py:348} ERROR - Failed to import: /opt/airflow/dags/aqi_retraining_dag.py
Traceback (most recent call last):
  File "/home/airflow/.local/lib/python3.8/site-packages/airflow/models/dagbag.py", line 344, in parse
    loader.exec_module(new_module)
  File "<frozen importlib._bootstrap_external>", line 843, in exec_module
  File "<frozen importlib._bootstrap>", line 219, in _call_with_frames_removed
  File "/opt/airflow/dags/aqi_retraining_dag.py", line 10, in <module>
    from src.pipeline.train import run_training
ModuleNotFoundError: No module named 'src'
[2025-11-27T08:08:44.360+0000] {processor.py:842} WARNING - No viable dags retrieved from /opt/airflow/dags/aqi_retraining_dag.py
[2025-11-27T08:08:44.385+0000] {processor.py:183} INFO - Processing /opt/airflow/dags/aqi_retraining_dag.py took 0.055 seconds
[2025-11-27T08:09:15.447+0000] {processor.py:161} INFO - Started process (PID=230) to work on /opt/airflow/dags/aqi_retraining_dag.py
[2025-11-27T08:09:15.448+0000] {processor.py:830} INFO - Processing file /opt/airflow/dags/aqi_retraining_dag.py for tasks to queue
[2025-11-27T08:09:15.451+0000] {logging_mixin.py:188} INFO - [2025-11-27T08:09:15.450+0000] {dagbag.py:538} INFO - Filling up the DagBag from /opt/airflow/dags/aqi_retraining_dag.py
[2025-11-27T08:09:15.482+0000] {logging_mixin.py:188} INFO - [2025-11-27T08:09:15.474+0000] {dagbag.py:348} ERROR - Failed to import: /opt/airflow/dags/aqi_retraining_dag.py
Traceback (most recent call last):
  File "/home/airflow/.local/lib/python3.8/site-packages/airflow/models/dagbag.py", line 344, in parse
    loader.exec_module(new_module)
  File "<frozen importlib._bootstrap_external>", line 843, in exec_module
  File "<frozen importlib._bootstrap>", line 219, in _call_with_frames_removed
  File "/opt/airflow/dags/aqi_retraining_dag.py", line 10, in <module>
    from src.pipeline.train import run_training
ModuleNotFoundError: No module named 'src'
[2025-11-27T08:09:15.485+0000] {processor.py:842} WARNING - No viable dags retrieved from /opt/airflow/dags/aqi_retraining_dag.py
[2025-11-27T08:09:15.510+0000] {processor.py:183} INFO - Processing /opt/airflow/dags/aqi_retraining_dag.py took 0.068 seconds
[2025-11-27T08:09:45.869+0000] {processor.py:161} INFO - Started process (PID=286) to work on /opt/airflow/dags/aqi_retraining_dag.py
[2025-11-27T08:09:45.870+0000] {processor.py:830} INFO - Processing file /opt/airflow/dags/aqi_retraining_dag.py for tasks to queue
[2025-11-27T08:09:45.872+0000] {logging_mixin.py:188} INFO - [2025-11-27T08:09:45.872+0000] {dagbag.py:538} INFO - Filling up the DagBag from /opt/airflow/dags/aqi_retraining_dag.py
[2025-11-27T08:09:45.929+0000] {logging_mixin.py:188} INFO - [2025-11-27T08:09:45.916+0000] {dagbag.py:348} ERROR - Failed to import: /opt/airflow/dags/aqi_retraining_dag.py
Traceback (most recent call last):
  File "/home/airflow/.local/lib/python3.8/site-packages/airflow/models/dagbag.py", line 344, in parse
    loader.exec_module(new_module)
  File "<frozen importlib._bootstrap_external>", line 843, in exec_module
  File "<frozen importlib._bootstrap>", line 219, in _call_with_frames_removed
  File "/opt/airflow/dags/aqi_retraining_dag.py", line 10, in <module>
    from src.pipeline.train import run_training
ModuleNotFoundError: No module named 'src'
[2025-11-27T08:09:45.931+0000] {processor.py:842} WARNING - No viable dags retrieved from /opt/airflow/dags/aqi_retraining_dag.py
[2025-11-27T08:09:45.952+0000] {processor.py:183} INFO - Processing /opt/airflow/dags/aqi_retraining_dag.py took 0.086 seconds
[2025-11-27T08:10:16.020+0000] {processor.py:161} INFO - Started process (PID=342) to work on /opt/airflow/dags/aqi_retraining_dag.py
[2025-11-27T08:10:16.022+0000] {processor.py:830} INFO - Processing file /opt/airflow/dags/aqi_retraining_dag.py for tasks to queue
[2025-11-27T08:10:16.027+0000] {logging_mixin.py:188} INFO - [2025-11-27T08:10:16.026+0000] {dagbag.py:538} INFO - Filling up the DagBag from /opt/airflow/dags/aqi_retraining_dag.py
[2025-11-27T08:10:16.064+0000] {logging_mixin.py:188} INFO - [2025-11-27T08:10:16.057+0000] {dagbag.py:348} ERROR - Failed to import: /opt/airflow/dags/aqi_retraining_dag.py
Traceback (most recent call last):
  File "/home/airflow/.local/lib/python3.8/site-packages/airflow/models/dagbag.py", line 344, in parse
    loader.exec_module(new_module)
  File "<frozen importlib._bootstrap_external>", line 843, in exec_module
  File "<frozen importlib._bootstrap>", line 219, in _call_with_frames_removed
  File "/opt/airflow/dags/aqi_retraining_dag.py", line 10, in <module>
    from src.pipeline.train import run_training
ModuleNotFoundError: No module named 'src'
[2025-11-27T08:10:16.067+0000] {processor.py:842} WARNING - No viable dags retrieved from /opt/airflow/dags/aqi_retraining_dag.py
[2025-11-27T08:10:16.094+0000] {processor.py:183} INFO - Processing /opt/airflow/dags/aqi_retraining_dag.py took 0.079 seconds
[2025-11-27T08:10:46.241+0000] {processor.py:161} INFO - Started process (PID=399) to work on /opt/airflow/dags/aqi_retraining_dag.py
[2025-11-27T08:10:46.242+0000] {processor.py:830} INFO - Processing file /opt/airflow/dags/aqi_retraining_dag.py for tasks to queue
[2025-11-27T08:10:46.244+0000] {logging_mixin.py:188} INFO - [2025-11-27T08:10:46.244+0000] {dagbag.py:538} INFO - Filling up the DagBag from /opt/airflow/dags/aqi_retraining_dag.py
[2025-11-27T08:10:46.274+0000] {logging_mixin.py:188} INFO - [2025-11-27T08:10:46.268+0000] {dagbag.py:348} ERROR - Failed to import: /opt/airflow/dags/aqi_retraining_dag.py
Traceback (most recent call last):
  File "/home/airflow/.local/lib/python3.8/site-packages/airflow/models/dagbag.py", line 344, in parse
    loader.exec_module(new_module)
  File "<frozen importlib._bootstrap_external>", line 843, in exec_module
  File "<frozen importlib._bootstrap>", line 219, in _call_with_frames_removed
  File "/opt/airflow/dags/aqi_retraining_dag.py", line 10, in <module>
    from src.pipeline.train import run_training
ModuleNotFoundError: No module named 'src'
[2025-11-27T08:10:46.277+0000] {processor.py:842} WARNING - No viable dags retrieved from /opt/airflow/dags/aqi_retraining_dag.py
[2025-11-27T08:10:46.294+0000] {processor.py:183} INFO - Processing /opt/airflow/dags/aqi_retraining_dag.py took 0.057 seconds
[2025-11-27T08:11:17.146+0000] {processor.py:161} INFO - Started process (PID=455) to work on /opt/airflow/dags/aqi_retraining_dag.py
[2025-11-27T08:11:17.147+0000] {processor.py:830} INFO - Processing file /opt/airflow/dags/aqi_retraining_dag.py for tasks to queue
[2025-11-27T08:11:17.150+0000] {logging_mixin.py:188} INFO - [2025-11-27T08:11:17.149+0000] {dagbag.py:538} INFO - Filling up the DagBag from /opt/airflow/dags/aqi_retraining_dag.py
[2025-11-27T08:11:17.181+0000] {logging_mixin.py:188} INFO - [2025-11-27T08:11:17.175+0000] {dagbag.py:348} ERROR - Failed to import: /opt/airflow/dags/aqi_retraining_dag.py
Traceback (most recent call last):
  File "/home/airflow/.local/lib/python3.8/site-packages/airflow/models/dagbag.py", line 344, in parse
    loader.exec_module(new_module)
  File "<frozen importlib._bootstrap_external>", line 843, in exec_module
  File "<frozen importlib._bootstrap>", line 219, in _call_with_frames_removed
  File "/opt/airflow/dags/aqi_retraining_dag.py", line 10, in <module>
    from src.pipeline.train import run_training
ModuleNotFoundError: No module named 'src'
[2025-11-27T08:11:17.184+0000] {processor.py:842} WARNING - No viable dags retrieved from /opt/airflow/dags/aqi_retraining_dag.py
[2025-11-27T08:11:17.204+0000] {processor.py:183} INFO - Processing /opt/airflow/dags/aqi_retraining_dag.py took 0.060 seconds
[2025-11-27T08:11:47.911+0000] {processor.py:161} INFO - Started process (PID=511) to work on /opt/airflow/dags/aqi_retraining_dag.py
[2025-11-27T08:11:47.912+0000] {processor.py:830} INFO - Processing file /opt/airflow/dags/aqi_retraining_dag.py for tasks to queue
[2025-11-27T08:11:47.915+0000] {logging_mixin.py:188} INFO - [2025-11-27T08:11:47.914+0000] {dagbag.py:538} INFO - Filling up the DagBag from /opt/airflow/dags/aqi_retraining_dag.py
[2025-11-27T08:11:47.953+0000] {logging_mixin.py:188} INFO - [2025-11-27T08:11:47.946+0000] {dagbag.py:348} ERROR - Failed to import: /opt/airflow/dags/aqi_retraining_dag.py
Traceback (most recent call last):
  File "/home/airflow/.local/lib/python3.8/site-packages/airflow/models/dagbag.py", line 344, in parse
    loader.exec_module(new_module)
  File "<frozen importlib._bootstrap_external>", line 843, in exec_module
  File "<frozen importlib._bootstrap>", line 219, in _call_with_frames_removed
  File "/opt/airflow/dags/aqi_retraining_dag.py", line 10, in <module>
    from src.pipeline.train import run_training
ModuleNotFoundError: No module named 'src'
[2025-11-27T08:11:47.955+0000] {processor.py:842} WARNING - No viable dags retrieved from /opt/airflow/dags/aqi_retraining_dag.py
[2025-11-27T08:11:47.979+0000] {processor.py:183} INFO - Processing /opt/airflow/dags/aqi_retraining_dag.py took 0.071 seconds
[2025-11-27T08:12:18.204+0000] {processor.py:161} INFO - Started process (PID=567) to work on /opt/airflow/dags/aqi_retraining_dag.py
[2025-11-27T08:12:18.205+0000] {processor.py:830} INFO - Processing file /opt/airflow/dags/aqi_retraining_dag.py for tasks to queue
[2025-11-27T08:12:18.207+0000] {logging_mixin.py:188} INFO - [2025-11-27T08:12:18.207+0000] {dagbag.py:538} INFO - Filling up the DagBag from /opt/airflow/dags/aqi_retraining_dag.py
[2025-11-27T08:12:18.239+0000] {logging_mixin.py:188} INFO - [2025-11-27T08:12:18.233+0000] {dagbag.py:348} ERROR - Failed to import: /opt/airflow/dags/aqi_retraining_dag.py
Traceback (most recent call last):
  File "/home/airflow/.local/lib/python3.8/site-packages/airflow/models/dagbag.py", line 344, in parse
    loader.exec_module(new_module)
  File "<frozen importlib._bootstrap_external>", line 843, in exec_module
  File "<frozen importlib._bootstrap>", line 219, in _call_with_frames_removed
  File "/opt/airflow/dags/aqi_retraining_dag.py", line 10, in <module>
    from src.pipeline.train import run_training
ModuleNotFoundError: No module named 'src'
[2025-11-27T08:12:18.241+0000] {processor.py:842} WARNING - No viable dags retrieved from /opt/airflow/dags/aqi_retraining_dag.py
[2025-11-27T08:12:18.265+0000] {processor.py:183} INFO - Processing /opt/airflow/dags/aqi_retraining_dag.py took 0.064 seconds
[2025-11-27T08:12:48.765+0000] {processor.py:161} INFO - Started process (PID=623) to work on /opt/airflow/dags/aqi_retraining_dag.py
[2025-11-27T08:12:48.767+0000] {processor.py:830} INFO - Processing file /opt/airflow/dags/aqi_retraining_dag.py for tasks to queue
[2025-11-27T08:12:48.768+0000] {logging_mixin.py:188} INFO - [2025-11-27T08:12:48.768+0000] {dagbag.py:538} INFO - Filling up the DagBag from /opt/airflow/dags/aqi_retraining_dag.py
[2025-11-27T08:12:48.811+0000] {logging_mixin.py:188} INFO - [2025-11-27T08:12:48.802+0000] {dagbag.py:348} ERROR - Failed to import: /opt/airflow/dags/aqi_retraining_dag.py
Traceback (most recent call last):
  File "/home/airflow/.local/lib/python3.8/site-packages/airflow/models/dagbag.py", line 344, in parse
    loader.exec_module(new_module)
  File "<frozen importlib._bootstrap_external>", line 843, in exec_module
  File "<frozen importlib._bootstrap>", line 219, in _call_with_frames_removed
  File "/opt/airflow/dags/aqi_retraining_dag.py", line 10, in <module>
    from src.pipeline.train import run_training
ModuleNotFoundError: No module named 'src'
[2025-11-27T08:12:48.813+0000] {processor.py:842} WARNING - No viable dags retrieved from /opt/airflow/dags/aqi_retraining_dag.py
[2025-11-27T08:12:48.832+0000] {processor.py:183} INFO - Processing /opt/airflow/dags/aqi_retraining_dag.py took 0.070 seconds
[2025-11-27T08:13:19.523+0000] {processor.py:161} INFO - Started process (PID=679) to work on /opt/airflow/dags/aqi_retraining_dag.py
[2025-11-27T08:13:19.524+0000] {processor.py:830} INFO - Processing file /opt/airflow/dags/aqi_retraining_dag.py for tasks to queue
[2025-11-27T08:13:19.526+0000] {logging_mixin.py:188} INFO - [2025-11-27T08:13:19.526+0000] {dagbag.py:538} INFO - Filling up the DagBag from /opt/airflow/dags/aqi_retraining_dag.py
[2025-11-27T08:13:19.557+0000] {logging_mixin.py:188} INFO - [2025-11-27T08:13:19.552+0000] {dagbag.py:348} ERROR - Failed to import: /opt/airflow/dags/aqi_retraining_dag.py
Traceback (most recent call last):
  File "/home/airflow/.local/lib/python3.8/site-packages/airflow/models/dagbag.py", line 344, in parse
    loader.exec_module(new_module)
  File "<frozen importlib._bootstrap_external>", line 843, in exec_module
  File "<frozen importlib._bootstrap>", line 219, in _call_with_frames_removed
  File "/opt/airflow/dags/aqi_retraining_dag.py", line 10, in <module>
    from src.pipeline.train import run_training
ModuleNotFoundError: No module named 'src'
[2025-11-27T08:13:19.559+0000] {processor.py:842} WARNING - No viable dags retrieved from /opt/airflow/dags/aqi_retraining_dag.py
[2025-11-27T08:13:19.581+0000] {processor.py:183} INFO - Processing /opt/airflow/dags/aqi_retraining_dag.py took 0.061 seconds
[2025-11-27T08:13:50.816+0000] {processor.py:161} INFO - Started process (PID=735) to work on /opt/airflow/dags/aqi_retraining_dag.py
[2025-11-27T08:13:50.817+0000] {processor.py:830} INFO - Processing file /opt/airflow/dags/aqi_retraining_dag.py for tasks to queue
[2025-11-27T08:13:50.820+0000] {logging_mixin.py:188} INFO - [2025-11-27T08:13:50.820+0000] {dagbag.py:538} INFO - Filling up the DagBag from /opt/airflow/dags/aqi_retraining_dag.py
[2025-11-27T08:13:50.853+0000] {logging_mixin.py:188} INFO - [2025-11-27T08:13:50.847+0000] {dagbag.py:348} ERROR - Failed to import: /opt/airflow/dags/aqi_retraining_dag.py
Traceback (most recent call last):
  File "/home/airflow/.local/lib/python3.8/site-packages/airflow/models/dagbag.py", line 344, in parse
    loader.exec_module(new_module)
  File "<frozen importlib._bootstrap_external>", line 843, in exec_module
  File "<frozen importlib._bootstrap>", line 219, in _call_with_frames_removed
  File "/opt/airflow/dags/aqi_retraining_dag.py", line 10, in <module>
    from src.pipeline.train import run_training
ModuleNotFoundError: No module named 'src'
[2025-11-27T08:13:50.856+0000] {processor.py:842} WARNING - No viable dags retrieved from /opt/airflow/dags/aqi_retraining_dag.py
[2025-11-27T08:13:50.881+0000] {processor.py:183} INFO - Processing /opt/airflow/dags/aqi_retraining_dag.py took 0.068 seconds
[2025-11-27T08:14:23.208+0000] {processor.py:161} INFO - Started process (PID=791) to work on /opt/airflow/dags/aqi_retraining_dag.py
[2025-11-27T08:14:23.209+0000] {processor.py:830} INFO - Processing file /opt/airflow/dags/aqi_retraining_dag.py for tasks to queue
[2025-11-27T08:14:23.211+0000] {logging_mixin.py:188} INFO - [2025-11-27T08:14:23.211+0000] {dagbag.py:538} INFO - Filling up the DagBag from /opt/airflow/dags/aqi_retraining_dag.py
[2025-11-27T08:14:23.249+0000] {logging_mixin.py:188} INFO - [2025-11-27T08:14:23.241+0000] {dagbag.py:348} ERROR - Failed to import: /opt/airflow/dags/aqi_retraining_dag.py
Traceback (most recent call last):
  File "/home/airflow/.local/lib/python3.8/site-packages/airflow/models/dagbag.py", line 344, in parse
    loader.exec_module(new_module)
  File "<frozen importlib._bootstrap_external>", line 843, in exec_module
  File "<frozen importlib._bootstrap>", line 219, in _call_with_frames_removed
  File "/opt/airflow/dags/aqi_retraining_dag.py", line 10, in <module>
    from src.pipeline.train import run_training
ModuleNotFoundError: No module named 'src'
[2025-11-27T08:14:23.251+0000] {processor.py:842} WARNING - No viable dags retrieved from /opt/airflow/dags/aqi_retraining_dag.py
[2025-11-27T08:14:23.274+0000] {processor.py:183} INFO - Processing /opt/airflow/dags/aqi_retraining_dag.py took 0.068 seconds
[2025-11-27T08:14:53.945+0000] {processor.py:161} INFO - Started process (PID=847) to work on /opt/airflow/dags/aqi_retraining_dag.py
[2025-11-27T08:14:53.948+0000] {processor.py:830} INFO - Processing file /opt/airflow/dags/aqi_retraining_dag.py for tasks to queue
[2025-11-27T08:14:53.950+0000] {logging_mixin.py:188} INFO - [2025-11-27T08:14:53.950+0000] {dagbag.py:538} INFO - Filling up the DagBag from /opt/airflow/dags/aqi_retraining_dag.py
[2025-11-27T08:14:55.583+0000] {logging_mixin.py:188} INFO - [2025-11-27T08:14:53.970+0000] {dagbag.py:348} ERROR - Failed to import: /opt/airflow/dags/aqi_retraining_dag.py
Traceback (most recent call last):
  File "/home/airflow/.local/lib/python3.8/site-packages/airflow/models/dagbag.py", line 344, in parse
    loader.exec_module(new_module)
  File "<frozen importlib._bootstrap_external>", line 843, in exec_module
  File "<frozen importlib._bootstrap>", line 219, in _call_with_frames_removed
  File "/opt/airflow/dags/aqi_retraining_dag.py", line 10, in <module>
    from src.pipeline.train import run_training
ModuleNotFoundError: No module named 'src'
[2025-11-27T08:14:55.585+0000] {processor.py:842} WARNING - No viable dags retrieved from /opt/airflow/dags/aqi_retraining_dag.py
[2025-11-27T08:14:55.609+0000] {processor.py:183} INFO - Processing /opt/airflow/dags/aqi_retraining_dag.py took 0.059 seconds
[2025-11-27T08:16:28.331+0000] {processor.py:161} INFO - Started process (PID=118) to work on /opt/airflow/dags/aqi_retraining_dag.py
[2025-11-27T08:16:28.332+0000] {processor.py:830} INFO - Processing file /opt/airflow/dags/aqi_retraining_dag.py for tasks to queue
[2025-11-27T08:16:28.335+0000] {logging_mixin.py:188} INFO - [2025-11-27T08:16:28.335+0000] {dagbag.py:538} INFO - Filling up the DagBag from /opt/airflow/dags/aqi_retraining_dag.py
[2025-11-27T08:16:28.357+0000] {logging_mixin.py:188} INFO - [2025-11-27T08:16:28.351+0000] {dagbag.py:348} ERROR - Failed to import: /opt/airflow/dags/aqi_retraining_dag.py
Traceback (most recent call last):
  File "/home/airflow/.local/lib/python3.8/site-packages/airflow/models/dagbag.py", line 344, in parse
    loader.exec_module(new_module)
  File "<frozen importlib._bootstrap_external>", line 843, in exec_module
  File "<frozen importlib._bootstrap>", line 219, in _call_with_frames_removed
  File "/opt/airflow/dags/aqi_retraining_dag.py", line 10, in <module>
    from src.pipeline.train import run_training
ModuleNotFoundError: No module named 'src'
[2025-11-27T08:16:28.359+0000] {processor.py:842} WARNING - No viable dags retrieved from /opt/airflow/dags/aqi_retraining_dag.py
[2025-11-27T08:16:28.381+0000] {processor.py:183} INFO - Processing /opt/airflow/dags/aqi_retraining_dag.py took 0.053 seconds
[2025-11-27T08:16:58.808+0000] {processor.py:161} INFO - Started process (PID=175) to work on /opt/airflow/dags/aqi_retraining_dag.py
[2025-11-27T08:16:58.809+0000] {processor.py:830} INFO - Processing file /opt/airflow/dags/aqi_retraining_dag.py for tasks to queue
[2025-11-27T08:16:58.811+0000] {logging_mixin.py:188} INFO - [2025-11-27T08:16:58.811+0000] {dagbag.py:538} INFO - Filling up the DagBag from /opt/airflow/dags/aqi_retraining_dag.py
[2025-11-27T08:16:58.845+0000] {logging_mixin.py:188} INFO - [2025-11-27T08:16:58.839+0000] {dagbag.py:348} ERROR - Failed to import: /opt/airflow/dags/aqi_retraining_dag.py
Traceback (most recent call last):
  File "/home/airflow/.local/lib/python3.8/site-packages/airflow/models/dagbag.py", line 344, in parse
    loader.exec_module(new_module)
  File "<frozen importlib._bootstrap_external>", line 843, in exec_module
  File "<frozen importlib._bootstrap>", line 219, in _call_with_frames_removed
  File "/opt/airflow/dags/aqi_retraining_dag.py", line 10, in <module>
    from src.pipeline.train import run_training
ModuleNotFoundError: No module named 'src'
[2025-11-27T08:16:58.848+0000] {processor.py:842} WARNING - No viable dags retrieved from /opt/airflow/dags/aqi_retraining_dag.py
[2025-11-27T08:16:58.866+0000] {processor.py:183} INFO - Processing /opt/airflow/dags/aqi_retraining_dag.py took 0.061 seconds
[2025-11-27T08:17:29.677+0000] {processor.py:161} INFO - Started process (PID=231) to work on /opt/airflow/dags/aqi_retraining_dag.py
[2025-11-27T08:17:29.678+0000] {processor.py:830} INFO - Processing file /opt/airflow/dags/aqi_retraining_dag.py for tasks to queue
[2025-11-27T08:17:29.680+0000] {logging_mixin.py:188} INFO - [2025-11-27T08:17:29.680+0000] {dagbag.py:538} INFO - Filling up the DagBag from /opt/airflow/dags/aqi_retraining_dag.py
[2025-11-27T08:17:29.716+0000] {logging_mixin.py:188} INFO - [2025-11-27T08:17:29.711+0000] {dagbag.py:348} ERROR - Failed to import: /opt/airflow/dags/aqi_retraining_dag.py
Traceback (most recent call last):
  File "/home/airflow/.local/lib/python3.8/site-packages/airflow/models/dagbag.py", line 344, in parse
    loader.exec_module(new_module)
  File "<frozen importlib._bootstrap_external>", line 843, in exec_module
  File "<frozen importlib._bootstrap>", line 219, in _call_with_frames_removed
  File "/opt/airflow/dags/aqi_retraining_dag.py", line 10, in <module>
    from src.pipeline.train import run_training
ModuleNotFoundError: No module named 'src'
[2025-11-27T08:17:29.720+0000] {processor.py:842} WARNING - No viable dags retrieved from /opt/airflow/dags/aqi_retraining_dag.py
[2025-11-27T08:17:29.947+0000] {processor.py:183} INFO - Processing /opt/airflow/dags/aqi_retraining_dag.py took 0.273 seconds
[2025-11-27T08:18:00.114+0000] {processor.py:161} INFO - Started process (PID=287) to work on /opt/airflow/dags/aqi_retraining_dag.py
[2025-11-27T08:18:00.116+0000] {processor.py:830} INFO - Processing file /opt/airflow/dags/aqi_retraining_dag.py for tasks to queue
[2025-11-27T08:18:00.118+0000] {logging_mixin.py:188} INFO - [2025-11-27T08:18:00.118+0000] {dagbag.py:538} INFO - Filling up the DagBag from /opt/airflow/dags/aqi_retraining_dag.py
[2025-11-27T08:18:00.147+0000] {logging_mixin.py:188} INFO - [2025-11-27T08:18:00.140+0000] {dagbag.py:348} ERROR - Failed to import: /opt/airflow/dags/aqi_retraining_dag.py
Traceback (most recent call last):
  File "/home/airflow/.local/lib/python3.8/site-packages/airflow/models/dagbag.py", line 344, in parse
    loader.exec_module(new_module)
  File "<frozen importlib._bootstrap_external>", line 843, in exec_module
  File "<frozen importlib._bootstrap>", line 219, in _call_with_frames_removed
  File "/opt/airflow/dags/aqi_retraining_dag.py", line 10, in <module>
    from src.pipeline.train import run_training
ModuleNotFoundError: No module named 'src'
[2025-11-27T08:18:00.149+0000] {processor.py:842} WARNING - No viable dags retrieved from /opt/airflow/dags/aqi_retraining_dag.py
[2025-11-27T08:18:00.174+0000] {processor.py:183} INFO - Processing /opt/airflow/dags/aqi_retraining_dag.py took 0.063 seconds
[2025-11-27T08:18:31.073+0000] {processor.py:161} INFO - Started process (PID=343) to work on /opt/airflow/dags/aqi_retraining_dag.py
[2025-11-27T08:18:31.074+0000] {processor.py:830} INFO - Processing file /opt/airflow/dags/aqi_retraining_dag.py for tasks to queue
[2025-11-27T08:18:31.076+0000] {logging_mixin.py:188} INFO - [2025-11-27T08:18:31.076+0000] {dagbag.py:538} INFO - Filling up the DagBag from /opt/airflow/dags/aqi_retraining_dag.py
[2025-11-27T08:18:31.117+0000] {logging_mixin.py:188} INFO - [2025-11-27T08:18:31.109+0000] {dagbag.py:348} ERROR - Failed to import: /opt/airflow/dags/aqi_retraining_dag.py
Traceback (most recent call last):
  File "/home/airflow/.local/lib/python3.8/site-packages/airflow/models/dagbag.py", line 344, in parse
    loader.exec_module(new_module)
  File "<frozen importlib._bootstrap_external>", line 843, in exec_module
  File "<frozen importlib._bootstrap>", line 219, in _call_with_frames_removed
  File "/opt/airflow/dags/aqi_retraining_dag.py", line 10, in <module>
    from src.pipeline.train import run_training
ModuleNotFoundError: No module named 'src'
[2025-11-27T08:18:31.119+0000] {processor.py:842} WARNING - No viable dags retrieved from /opt/airflow/dags/aqi_retraining_dag.py
[2025-11-27T08:18:31.137+0000] {processor.py:183} INFO - Processing /opt/airflow/dags/aqi_retraining_dag.py took 0.067 seconds
[2025-11-27T08:19:01.345+0000] {processor.py:161} INFO - Started process (PID=399) to work on /opt/airflow/dags/aqi_retraining_dag.py
[2025-11-27T08:19:01.346+0000] {processor.py:830} INFO - Processing file /opt/airflow/dags/aqi_retraining_dag.py for tasks to queue
[2025-11-27T08:19:01.349+0000] {logging_mixin.py:188} INFO - [2025-11-27T08:19:01.349+0000] {dagbag.py:538} INFO - Filling up the DagBag from /opt/airflow/dags/aqi_retraining_dag.py
[2025-11-27T08:19:01.382+0000] {logging_mixin.py:188} INFO - [2025-11-27T08:19:01.375+0000] {dagbag.py:348} ERROR - Failed to import: /opt/airflow/dags/aqi_retraining_dag.py
Traceback (most recent call last):
  File "/home/airflow/.local/lib/python3.8/site-packages/airflow/models/dagbag.py", line 344, in parse
    loader.exec_module(new_module)
  File "<frozen importlib._bootstrap_external>", line 843, in exec_module
  File "<frozen importlib._bootstrap>", line 219, in _call_with_frames_removed
  File "/opt/airflow/dags/aqi_retraining_dag.py", line 10, in <module>
    from src.pipeline.train import run_training
ModuleNotFoundError: No module named 'src'
[2025-11-27T08:19:01.385+0000] {processor.py:842} WARNING - No viable dags retrieved from /opt/airflow/dags/aqi_retraining_dag.py
[2025-11-27T08:19:01.406+0000] {processor.py:183} INFO - Processing /opt/airflow/dags/aqi_retraining_dag.py took 0.064 seconds
[2025-11-27T08:19:31.525+0000] {processor.py:161} INFO - Started process (PID=455) to work on /opt/airflow/dags/aqi_retraining_dag.py
[2025-11-27T08:19:31.526+0000] {processor.py:830} INFO - Processing file /opt/airflow/dags/aqi_retraining_dag.py for tasks to queue
[2025-11-27T08:19:31.528+0000] {logging_mixin.py:188} INFO - [2025-11-27T08:19:31.528+0000] {dagbag.py:538} INFO - Filling up the DagBag from /opt/airflow/dags/aqi_retraining_dag.py
[2025-11-27T08:19:31.561+0000] {logging_mixin.py:188} INFO - [2025-11-27T08:19:31.554+0000] {dagbag.py:348} ERROR - Failed to import: /opt/airflow/dags/aqi_retraining_dag.py
Traceback (most recent call last):
  File "/home/airflow/.local/lib/python3.8/site-packages/airflow/models/dagbag.py", line 344, in parse
    loader.exec_module(new_module)
  File "<frozen importlib._bootstrap_external>", line 843, in exec_module
  File "<frozen importlib._bootstrap>", line 219, in _call_with_frames_removed
  File "/opt/airflow/dags/aqi_retraining_dag.py", line 10, in <module>
    from src.pipeline.train import run_training
ModuleNotFoundError: No module named 'src'
[2025-11-27T08:19:31.564+0000] {processor.py:842} WARNING - No viable dags retrieved from /opt/airflow/dags/aqi_retraining_dag.py
[2025-11-27T08:19:31.860+0000] {processor.py:183} INFO - Processing /opt/airflow/dags/aqi_retraining_dag.py took 0.337 seconds
[2025-11-27T08:20:02.728+0000] {processor.py:161} INFO - Started process (PID=511) to work on /opt/airflow/dags/aqi_retraining_dag.py
[2025-11-27T08:20:02.730+0000] {processor.py:830} INFO - Processing file /opt/airflow/dags/aqi_retraining_dag.py for tasks to queue
[2025-11-27T08:20:02.734+0000] {logging_mixin.py:188} INFO - [2025-11-27T08:20:02.733+0000] {dagbag.py:538} INFO - Filling up the DagBag from /opt/airflow/dags/aqi_retraining_dag.py
[2025-11-27T08:20:02.777+0000] {logging_mixin.py:188} INFO - [2025-11-27T08:20:02.772+0000] {dagbag.py:348} ERROR - Failed to import: /opt/airflow/dags/aqi_retraining_dag.py
Traceback (most recent call last):
  File "/home/airflow/.local/lib/python3.8/site-packages/airflow/models/dagbag.py", line 344, in parse
    loader.exec_module(new_module)
  File "<frozen importlib._bootstrap_external>", line 843, in exec_module
  File "<frozen importlib._bootstrap>", line 219, in _call_with_frames_removed
  File "/opt/airflow/dags/aqi_retraining_dag.py", line 10, in <module>
    from src.pipeline.train import run_training
ModuleNotFoundError: No module named 'src'
[2025-11-27T08:20:02.782+0000] {processor.py:842} WARNING - No viable dags retrieved from /opt/airflow/dags/aqi_retraining_dag.py
[2025-11-27T08:20:02.962+0000] {processor.py:183} INFO - Processing /opt/airflow/dags/aqi_retraining_dag.py took 0.238 seconds
[2025-11-27T08:20:33.218+0000] {processor.py:161} INFO - Started process (PID=567) to work on /opt/airflow/dags/aqi_retraining_dag.py
[2025-11-27T08:20:33.220+0000] {processor.py:830} INFO - Processing file /opt/airflow/dags/aqi_retraining_dag.py for tasks to queue
[2025-11-27T08:20:33.222+0000] {logging_mixin.py:188} INFO - [2025-11-27T08:20:33.221+0000] {dagbag.py:538} INFO - Filling up the DagBag from /opt/airflow/dags/aqi_retraining_dag.py
[2025-11-27T08:20:33.252+0000] {logging_mixin.py:188} INFO - [2025-11-27T08:20:33.245+0000] {dagbag.py:348} ERROR - Failed to import: /opt/airflow/dags/aqi_retraining_dag.py
Traceback (most recent call last):
  File "/home/airflow/.local/lib/python3.8/site-packages/airflow/models/dagbag.py", line 344, in parse
    loader.exec_module(new_module)
  File "<frozen importlib._bootstrap_external>", line 843, in exec_module
  File "<frozen importlib._bootstrap>", line 219, in _call_with_frames_removed
  File "/opt/airflow/dags/aqi_retraining_dag.py", line 10, in <module>
    from src.pipeline.train import run_training
ModuleNotFoundError: No module named 'src'
[2025-11-27T08:20:33.253+0000] {processor.py:842} WARNING - No viable dags retrieved from /opt/airflow/dags/aqi_retraining_dag.py
[2025-11-27T08:20:33.275+0000] {processor.py:183} INFO - Processing /opt/airflow/dags/aqi_retraining_dag.py took 0.060 seconds
[2025-11-27T08:21:04.158+0000] {processor.py:161} INFO - Started process (PID=623) to work on /opt/airflow/dags/aqi_retraining_dag.py
[2025-11-27T08:21:04.159+0000] {processor.py:830} INFO - Processing file /opt/airflow/dags/aqi_retraining_dag.py for tasks to queue
[2025-11-27T08:21:04.161+0000] {logging_mixin.py:188} INFO - [2025-11-27T08:21:04.161+0000] {dagbag.py:538} INFO - Filling up the DagBag from /opt/airflow/dags/aqi_retraining_dag.py
[2025-11-27T08:21:04.191+0000] {logging_mixin.py:188} INFO - [2025-11-27T08:21:04.185+0000] {dagbag.py:348} ERROR - Failed to import: /opt/airflow/dags/aqi_retraining_dag.py
Traceback (most recent call last):
  File "/home/airflow/.local/lib/python3.8/site-packages/airflow/models/dagbag.py", line 344, in parse
    loader.exec_module(new_module)
  File "<frozen importlib._bootstrap_external>", line 843, in exec_module
  File "<frozen importlib._bootstrap>", line 219, in _call_with_frames_removed
  File "/opt/airflow/dags/aqi_retraining_dag.py", line 10, in <module>
    from src.pipeline.train import run_training
ModuleNotFoundError: No module named 'src'
[2025-11-27T08:21:04.193+0000] {processor.py:842} WARNING - No viable dags retrieved from /opt/airflow/dags/aqi_retraining_dag.py
[2025-11-27T08:21:04.219+0000] {processor.py:183} INFO - Processing /opt/airflow/dags/aqi_retraining_dag.py took 0.064 seconds
