[2025-11-27T07:49:59.046+0000] {processor.py:161} INFO - Started process (PID=73) to work on /home/airflow/.local/lib/python3.8/site-packages/airflow/example_dags/example_branch_python_dop_operator_3.py
[2025-11-27T07:49:59.048+0000] {processor.py:830} INFO - Processing file /home/airflow/.local/lib/python3.8/site-packages/airflow/example_dags/example_branch_python_dop_operator_3.py for tasks to queue
[2025-11-27T07:49:59.050+0000] {logging_mixin.py:188} INFO - [2025-11-27T07:49:59.050+0000] {dagbag.py:538} INFO - Filling up the DagBag from /home/airflow/.local/lib/python3.8/site-packages/airflow/example_dags/example_branch_python_dop_operator_3.py
[2025-11-27T07:49:59.062+0000] {processor.py:840} INFO - DAG(s) 'example_branch_dop_operator_v3' retrieved from /home/airflow/.local/lib/python3.8/site-packages/airflow/example_dags/example_branch_python_dop_operator_3.py
[2025-11-27T07:49:59.078+0000] {logging_mixin.py:188} INFO - [2025-11-27T07:49:59.078+0000] {dag.py:3036} INFO - Sync 1 DAGs
[2025-11-27T07:49:59.098+0000] {logging_mixin.py:188} INFO - [2025-11-27T07:49:59.098+0000] {dag.py:3823} INFO - Setting next_dagrun for example_branch_dop_operator_v3 to 2025-11-27 07:48:00+00:00, run_after=2025-11-27 07:49:00+00:00
[2025-11-27T07:49:59.116+0000] {processor.py:183} INFO - Processing /home/airflow/.local/lib/python3.8/site-packages/airflow/example_dags/example_branch_python_dop_operator_3.py took 0.072 seconds
[2025-11-27T07:50:32.311+0000] {processor.py:161} INFO - Started process (PID=129) to work on /home/airflow/.local/lib/python3.8/site-packages/airflow/example_dags/example_branch_python_dop_operator_3.py
[2025-11-27T07:50:32.313+0000] {processor.py:830} INFO - Processing file /home/airflow/.local/lib/python3.8/site-packages/airflow/example_dags/example_branch_python_dop_operator_3.py for tasks to queue
[2025-11-27T07:50:32.314+0000] {logging_mixin.py:188} INFO - [2025-11-27T07:50:32.314+0000] {dagbag.py:538} INFO - Filling up the DagBag from /home/airflow/.local/lib/python3.8/site-packages/airflow/example_dags/example_branch_python_dop_operator_3.py
[2025-11-27T07:50:32.321+0000] {processor.py:840} INFO - DAG(s) 'example_branch_dop_operator_v3' retrieved from /home/airflow/.local/lib/python3.8/site-packages/airflow/example_dags/example_branch_python_dop_operator_3.py
[2025-11-27T07:50:32.400+0000] {logging_mixin.py:188} INFO - [2025-11-27T07:50:32.400+0000] {dag.py:3036} INFO - Sync 1 DAGs
[2025-11-27T07:50:32.423+0000] {logging_mixin.py:188} INFO - [2025-11-27T07:50:32.423+0000] {dag.py:3823} INFO - Setting next_dagrun for example_branch_dop_operator_v3 to 2025-11-27 07:49:00+00:00, run_after=2025-11-27 07:50:00+00:00
[2025-11-27T07:50:32.449+0000] {processor.py:183} INFO - Processing /home/airflow/.local/lib/python3.8/site-packages/airflow/example_dags/example_branch_python_dop_operator_3.py took 0.141 seconds
[2025-11-27T07:51:04.232+0000] {processor.py:161} INFO - Started process (PID=185) to work on /home/airflow/.local/lib/python3.8/site-packages/airflow/example_dags/example_branch_python_dop_operator_3.py
[2025-11-27T07:51:04.233+0000] {processor.py:830} INFO - Processing file /home/airflow/.local/lib/python3.8/site-packages/airflow/example_dags/example_branch_python_dop_operator_3.py for tasks to queue
[2025-11-27T07:51:04.235+0000] {logging_mixin.py:188} INFO - [2025-11-27T07:51:04.235+0000] {dagbag.py:538} INFO - Filling up the DagBag from /home/airflow/.local/lib/python3.8/site-packages/airflow/example_dags/example_branch_python_dop_operator_3.py
[2025-11-27T07:51:04.241+0000] {processor.py:840} INFO - DAG(s) 'example_branch_dop_operator_v3' retrieved from /home/airflow/.local/lib/python3.8/site-packages/airflow/example_dags/example_branch_python_dop_operator_3.py
[2025-11-27T07:51:04.257+0000] {logging_mixin.py:188} INFO - [2025-11-27T07:51:04.257+0000] {dag.py:3036} INFO - Sync 1 DAGs
[2025-11-27T07:51:04.272+0000] {logging_mixin.py:188} INFO - [2025-11-27T07:51:04.272+0000] {dag.py:3823} INFO - Setting next_dagrun for example_branch_dop_operator_v3 to 2025-11-27 07:50:00+00:00, run_after=2025-11-27 07:51:00+00:00
[2025-11-27T07:51:04.288+0000] {processor.py:183} INFO - Processing /home/airflow/.local/lib/python3.8/site-packages/airflow/example_dags/example_branch_python_dop_operator_3.py took 0.058 seconds
[2025-11-27T07:51:36.325+0000] {processor.py:161} INFO - Started process (PID=241) to work on /home/airflow/.local/lib/python3.8/site-packages/airflow/example_dags/example_branch_python_dop_operator_3.py
[2025-11-27T07:51:36.326+0000] {processor.py:830} INFO - Processing file /home/airflow/.local/lib/python3.8/site-packages/airflow/example_dags/example_branch_python_dop_operator_3.py for tasks to queue
[2025-11-27T07:51:36.328+0000] {logging_mixin.py:188} INFO - [2025-11-27T07:51:36.328+0000] {dagbag.py:538} INFO - Filling up the DagBag from /home/airflow/.local/lib/python3.8/site-packages/airflow/example_dags/example_branch_python_dop_operator_3.py
[2025-11-27T07:51:36.335+0000] {processor.py:840} INFO - DAG(s) 'example_branch_dop_operator_v3' retrieved from /home/airflow/.local/lib/python3.8/site-packages/airflow/example_dags/example_branch_python_dop_operator_3.py
[2025-11-27T07:51:36.354+0000] {logging_mixin.py:188} INFO - [2025-11-27T07:51:36.354+0000] {dag.py:3036} INFO - Sync 1 DAGs
[2025-11-27T07:51:36.373+0000] {logging_mixin.py:188} INFO - [2025-11-27T07:51:36.373+0000] {dag.py:3823} INFO - Setting next_dagrun for example_branch_dop_operator_v3 to 2025-11-27 07:50:00+00:00, run_after=2025-11-27 07:51:00+00:00
[2025-11-27T07:51:36.391+0000] {processor.py:183} INFO - Processing /home/airflow/.local/lib/python3.8/site-packages/airflow/example_dags/example_branch_python_dop_operator_3.py took 0.069 seconds
[2025-11-27T07:52:09.427+0000] {processor.py:161} INFO - Started process (PID=297) to work on /home/airflow/.local/lib/python3.8/site-packages/airflow/example_dags/example_branch_python_dop_operator_3.py
[2025-11-27T07:52:09.429+0000] {processor.py:830} INFO - Processing file /home/airflow/.local/lib/python3.8/site-packages/airflow/example_dags/example_branch_python_dop_operator_3.py for tasks to queue
[2025-11-27T07:52:09.431+0000] {logging_mixin.py:188} INFO - [2025-11-27T07:52:09.430+0000] {dagbag.py:538} INFO - Filling up the DagBag from /home/airflow/.local/lib/python3.8/site-packages/airflow/example_dags/example_branch_python_dop_operator_3.py
[2025-11-27T07:52:09.437+0000] {processor.py:840} INFO - DAG(s) 'example_branch_dop_operator_v3' retrieved from /home/airflow/.local/lib/python3.8/site-packages/airflow/example_dags/example_branch_python_dop_operator_3.py
[2025-11-27T07:52:09.455+0000] {logging_mixin.py:188} INFO - [2025-11-27T07:52:09.455+0000] {dag.py:3036} INFO - Sync 1 DAGs
[2025-11-27T07:52:09.474+0000] {logging_mixin.py:188} INFO - [2025-11-27T07:52:09.474+0000] {dag.py:3823} INFO - Setting next_dagrun for example_branch_dop_operator_v3 to 2025-11-27 07:51:00+00:00, run_after=2025-11-27 07:52:00+00:00
[2025-11-27T07:52:09.494+0000] {processor.py:183} INFO - Processing /home/airflow/.local/lib/python3.8/site-packages/airflow/example_dags/example_branch_python_dop_operator_3.py took 0.069 seconds
[2025-11-27T08:08:14.844+0000] {processor.py:161} INFO - Started process (PID=141) to work on /home/airflow/.local/lib/python3.8/site-packages/airflow/example_dags/example_branch_python_dop_operator_3.py
[2025-11-27T08:08:14.845+0000] {processor.py:830} INFO - Processing file /home/airflow/.local/lib/python3.8/site-packages/airflow/example_dags/example_branch_python_dop_operator_3.py for tasks to queue
[2025-11-27T08:08:14.847+0000] {logging_mixin.py:188} INFO - [2025-11-27T08:08:14.846+0000] {dagbag.py:538} INFO - Filling up the DagBag from /home/airflow/.local/lib/python3.8/site-packages/airflow/example_dags/example_branch_python_dop_operator_3.py
[2025-11-27T08:08:14.857+0000] {processor.py:840} INFO - DAG(s) 'example_branch_dop_operator_v3' retrieved from /home/airflow/.local/lib/python3.8/site-packages/airflow/example_dags/example_branch_python_dop_operator_3.py
[2025-11-27T08:08:14.876+0000] {logging_mixin.py:188} INFO - [2025-11-27T08:08:14.875+0000] {dag.py:3036} INFO - Sync 1 DAGs
[2025-11-27T08:08:14.896+0000] {logging_mixin.py:188} INFO - [2025-11-27T08:08:14.896+0000] {dag.py:3823} INFO - Setting next_dagrun for example_branch_dop_operator_v3 to 2025-11-27 08:07:00+00:00, run_after=2025-11-27 08:08:00+00:00
[2025-11-27T08:08:14.914+0000] {processor.py:183} INFO - Processing /home/airflow/.local/lib/python3.8/site-packages/airflow/example_dags/example_branch_python_dop_operator_3.py took 0.073 seconds
[2025-11-27T08:08:48.320+0000] {processor.py:161} INFO - Started process (PID=197) to work on /home/airflow/.local/lib/python3.8/site-packages/airflow/example_dags/example_branch_python_dop_operator_3.py
[2025-11-27T08:08:48.321+0000] {processor.py:830} INFO - Processing file /home/airflow/.local/lib/python3.8/site-packages/airflow/example_dags/example_branch_python_dop_operator_3.py for tasks to queue
[2025-11-27T08:08:48.323+0000] {logging_mixin.py:188} INFO - [2025-11-27T08:08:48.323+0000] {dagbag.py:538} INFO - Filling up the DagBag from /home/airflow/.local/lib/python3.8/site-packages/airflow/example_dags/example_branch_python_dop_operator_3.py
[2025-11-27T08:08:48.331+0000] {processor.py:840} INFO - DAG(s) 'example_branch_dop_operator_v3' retrieved from /home/airflow/.local/lib/python3.8/site-packages/airflow/example_dags/example_branch_python_dop_operator_3.py
[2025-11-27T08:08:48.496+0000] {logging_mixin.py:188} INFO - [2025-11-27T08:08:48.496+0000] {dag.py:3036} INFO - Sync 1 DAGs
[2025-11-27T08:08:48.512+0000] {logging_mixin.py:188} INFO - [2025-11-27T08:08:48.512+0000] {dag.py:3823} INFO - Setting next_dagrun for example_branch_dop_operator_v3 to 2025-11-27 08:07:00+00:00, run_after=2025-11-27 08:08:00+00:00
[2025-11-27T08:08:48.570+0000] {processor.py:183} INFO - Processing /home/airflow/.local/lib/python3.8/site-packages/airflow/example_dags/example_branch_python_dop_operator_3.py took 0.253 seconds
[2025-11-27T08:09:18.840+0000] {processor.py:161} INFO - Started process (PID=253) to work on /home/airflow/.local/lib/python3.8/site-packages/airflow/example_dags/example_branch_python_dop_operator_3.py
[2025-11-27T08:09:18.841+0000] {processor.py:830} INFO - Processing file /home/airflow/.local/lib/python3.8/site-packages/airflow/example_dags/example_branch_python_dop_operator_3.py for tasks to queue
[2025-11-27T08:09:18.843+0000] {logging_mixin.py:188} INFO - [2025-11-27T08:09:18.843+0000] {dagbag.py:538} INFO - Filling up the DagBag from /home/airflow/.local/lib/python3.8/site-packages/airflow/example_dags/example_branch_python_dop_operator_3.py
[2025-11-27T08:09:18.850+0000] {processor.py:840} INFO - DAG(s) 'example_branch_dop_operator_v3' retrieved from /home/airflow/.local/lib/python3.8/site-packages/airflow/example_dags/example_branch_python_dop_operator_3.py
[2025-11-27T08:09:18.867+0000] {logging_mixin.py:188} INFO - [2025-11-27T08:09:18.867+0000] {dag.py:3036} INFO - Sync 1 DAGs
[2025-11-27T08:09:18.884+0000] {logging_mixin.py:188} INFO - [2025-11-27T08:09:18.884+0000] {dag.py:3823} INFO - Setting next_dagrun for example_branch_dop_operator_v3 to 2025-11-27 08:08:00+00:00, run_after=2025-11-27 08:09:00+00:00
[2025-11-27T08:09:18.906+0000] {processor.py:183} INFO - Processing /home/airflow/.local/lib/python3.8/site-packages/airflow/example_dags/example_branch_python_dop_operator_3.py took 0.069 seconds
[2025-11-27T08:09:48.984+0000] {processor.py:161} INFO - Started process (PID=303) to work on /home/airflow/.local/lib/python3.8/site-packages/airflow/example_dags/example_branch_python_dop_operator_3.py
[2025-11-27T08:09:48.985+0000] {processor.py:830} INFO - Processing file /home/airflow/.local/lib/python3.8/site-packages/airflow/example_dags/example_branch_python_dop_operator_3.py for tasks to queue
[2025-11-27T08:09:48.987+0000] {logging_mixin.py:188} INFO - [2025-11-27T08:09:48.987+0000] {dagbag.py:538} INFO - Filling up the DagBag from /home/airflow/.local/lib/python3.8/site-packages/airflow/example_dags/example_branch_python_dop_operator_3.py
[2025-11-27T08:09:48.995+0000] {processor.py:840} INFO - DAG(s) 'example_branch_dop_operator_v3' retrieved from /home/airflow/.local/lib/python3.8/site-packages/airflow/example_dags/example_branch_python_dop_operator_3.py
[2025-11-27T08:09:49.015+0000] {logging_mixin.py:188} INFO - [2025-11-27T08:09:49.015+0000] {dag.py:3036} INFO - Sync 1 DAGs
[2025-11-27T08:09:49.036+0000] {logging_mixin.py:188} INFO - [2025-11-27T08:09:49.036+0000] {dag.py:3823} INFO - Setting next_dagrun for example_branch_dop_operator_v3 to 2025-11-27 08:08:00+00:00, run_after=2025-11-27 08:09:00+00:00
[2025-11-27T08:09:49.058+0000] {processor.py:183} INFO - Processing /home/airflow/.local/lib/python3.8/site-packages/airflow/example_dags/example_branch_python_dop_operator_3.py took 0.077 seconds
[2025-11-27T08:10:19.198+0000] {processor.py:161} INFO - Started process (PID=359) to work on /home/airflow/.local/lib/python3.8/site-packages/airflow/example_dags/example_branch_python_dop_operator_3.py
[2025-11-27T08:10:19.199+0000] {processor.py:830} INFO - Processing file /home/airflow/.local/lib/python3.8/site-packages/airflow/example_dags/example_branch_python_dop_operator_3.py for tasks to queue
[2025-11-27T08:10:19.201+0000] {logging_mixin.py:188} INFO - [2025-11-27T08:10:19.201+0000] {dagbag.py:538} INFO - Filling up the DagBag from /home/airflow/.local/lib/python3.8/site-packages/airflow/example_dags/example_branch_python_dop_operator_3.py
[2025-11-27T08:10:19.208+0000] {processor.py:840} INFO - DAG(s) 'example_branch_dop_operator_v3' retrieved from /home/airflow/.local/lib/python3.8/site-packages/airflow/example_dags/example_branch_python_dop_operator_3.py
[2025-11-27T08:10:19.225+0000] {logging_mixin.py:188} INFO - [2025-11-27T08:10:19.225+0000] {dag.py:3036} INFO - Sync 1 DAGs
[2025-11-27T08:10:19.241+0000] {logging_mixin.py:188} INFO - [2025-11-27T08:10:19.241+0000] {dag.py:3823} INFO - Setting next_dagrun for example_branch_dop_operator_v3 to 2025-11-27 08:09:00+00:00, run_after=2025-11-27 08:10:00+00:00
[2025-11-27T08:10:19.258+0000] {processor.py:183} INFO - Processing /home/airflow/.local/lib/python3.8/site-packages/airflow/example_dags/example_branch_python_dop_operator_3.py took 0.063 seconds
[2025-11-27T08:10:50.198+0000] {processor.py:161} INFO - Started process (PID=416) to work on /home/airflow/.local/lib/python3.8/site-packages/airflow/example_dags/example_branch_python_dop_operator_3.py
[2025-11-27T08:10:50.199+0000] {processor.py:830} INFO - Processing file /home/airflow/.local/lib/python3.8/site-packages/airflow/example_dags/example_branch_python_dop_operator_3.py for tasks to queue
[2025-11-27T08:10:50.201+0000] {logging_mixin.py:188} INFO - [2025-11-27T08:10:50.201+0000] {dagbag.py:538} INFO - Filling up the DagBag from /home/airflow/.local/lib/python3.8/site-packages/airflow/example_dags/example_branch_python_dop_operator_3.py
[2025-11-27T08:10:50.208+0000] {processor.py:840} INFO - DAG(s) 'example_branch_dop_operator_v3' retrieved from /home/airflow/.local/lib/python3.8/site-packages/airflow/example_dags/example_branch_python_dop_operator_3.py
[2025-11-27T08:10:50.227+0000] {logging_mixin.py:188} INFO - [2025-11-27T08:10:50.227+0000] {dag.py:3036} INFO - Sync 1 DAGs
[2025-11-27T08:10:50.247+0000] {logging_mixin.py:188} INFO - [2025-11-27T08:10:50.247+0000] {dag.py:3823} INFO - Setting next_dagrun for example_branch_dop_operator_v3 to 2025-11-27 08:09:00+00:00, run_after=2025-11-27 08:10:00+00:00
[2025-11-27T08:10:50.269+0000] {processor.py:183} INFO - Processing /home/airflow/.local/lib/python3.8/site-packages/airflow/example_dags/example_branch_python_dop_operator_3.py took 0.074 seconds
[2025-11-27T08:11:20.435+0000] {processor.py:161} INFO - Started process (PID=472) to work on /home/airflow/.local/lib/python3.8/site-packages/airflow/example_dags/example_branch_python_dop_operator_3.py
[2025-11-27T08:11:20.436+0000] {processor.py:830} INFO - Processing file /home/airflow/.local/lib/python3.8/site-packages/airflow/example_dags/example_branch_python_dop_operator_3.py for tasks to queue
[2025-11-27T08:11:20.438+0000] {logging_mixin.py:188} INFO - [2025-11-27T08:11:20.438+0000] {dagbag.py:538} INFO - Filling up the DagBag from /home/airflow/.local/lib/python3.8/site-packages/airflow/example_dags/example_branch_python_dop_operator_3.py
[2025-11-27T08:11:20.444+0000] {processor.py:840} INFO - DAG(s) 'example_branch_dop_operator_v3' retrieved from /home/airflow/.local/lib/python3.8/site-packages/airflow/example_dags/example_branch_python_dop_operator_3.py
[2025-11-27T08:11:20.462+0000] {logging_mixin.py:188} INFO - [2025-11-27T08:11:20.462+0000] {dag.py:3036} INFO - Sync 1 DAGs
[2025-11-27T08:11:20.481+0000] {logging_mixin.py:188} INFO - [2025-11-27T08:11:20.480+0000] {dag.py:3823} INFO - Setting next_dagrun for example_branch_dop_operator_v3 to 2025-11-27 08:10:00+00:00, run_after=2025-11-27 08:11:00+00:00
[2025-11-27T08:11:20.500+0000] {processor.py:183} INFO - Processing /home/airflow/.local/lib/python3.8/site-packages/airflow/example_dags/example_branch_python_dop_operator_3.py took 0.067 seconds
[2025-11-27T08:11:50.915+0000] {processor.py:161} INFO - Started process (PID=528) to work on /home/airflow/.local/lib/python3.8/site-packages/airflow/example_dags/example_branch_python_dop_operator_3.py
[2025-11-27T08:11:50.916+0000] {processor.py:830} INFO - Processing file /home/airflow/.local/lib/python3.8/site-packages/airflow/example_dags/example_branch_python_dop_operator_3.py for tasks to queue
[2025-11-27T08:11:50.918+0000] {logging_mixin.py:188} INFO - [2025-11-27T08:11:50.918+0000] {dagbag.py:538} INFO - Filling up the DagBag from /home/airflow/.local/lib/python3.8/site-packages/airflow/example_dags/example_branch_python_dop_operator_3.py
[2025-11-27T08:11:50.925+0000] {processor.py:840} INFO - DAG(s) 'example_branch_dop_operator_v3' retrieved from /home/airflow/.local/lib/python3.8/site-packages/airflow/example_dags/example_branch_python_dop_operator_3.py
[2025-11-27T08:11:50.941+0000] {logging_mixin.py:188} INFO - [2025-11-27T08:11:50.941+0000] {dag.py:3036} INFO - Sync 1 DAGs
[2025-11-27T08:11:50.961+0000] {logging_mixin.py:188} INFO - [2025-11-27T08:11:50.960+0000] {dag.py:3823} INFO - Setting next_dagrun for example_branch_dop_operator_v3 to 2025-11-27 08:10:00+00:00, run_after=2025-11-27 08:11:00+00:00
[2025-11-27T08:11:50.978+0000] {processor.py:183} INFO - Processing /home/airflow/.local/lib/python3.8/site-packages/airflow/example_dags/example_branch_python_dop_operator_3.py took 0.065 seconds
[2025-11-27T08:12:21.334+0000] {processor.py:161} INFO - Started process (PID=584) to work on /home/airflow/.local/lib/python3.8/site-packages/airflow/example_dags/example_branch_python_dop_operator_3.py
[2025-11-27T08:12:21.335+0000] {processor.py:830} INFO - Processing file /home/airflow/.local/lib/python3.8/site-packages/airflow/example_dags/example_branch_python_dop_operator_3.py for tasks to queue
[2025-11-27T08:12:21.337+0000] {logging_mixin.py:188} INFO - [2025-11-27T08:12:21.337+0000] {dagbag.py:538} INFO - Filling up the DagBag from /home/airflow/.local/lib/python3.8/site-packages/airflow/example_dags/example_branch_python_dop_operator_3.py
[2025-11-27T08:12:21.345+0000] {processor.py:840} INFO - DAG(s) 'example_branch_dop_operator_v3' retrieved from /home/airflow/.local/lib/python3.8/site-packages/airflow/example_dags/example_branch_python_dop_operator_3.py
[2025-11-27T08:12:21.363+0000] {logging_mixin.py:188} INFO - [2025-11-27T08:12:21.363+0000] {dag.py:3036} INFO - Sync 1 DAGs
[2025-11-27T08:12:21.385+0000] {logging_mixin.py:188} INFO - [2025-11-27T08:12:21.385+0000] {dag.py:3823} INFO - Setting next_dagrun for example_branch_dop_operator_v3 to 2025-11-27 08:11:00+00:00, run_after=2025-11-27 08:12:00+00:00
[2025-11-27T08:12:21.406+0000] {processor.py:183} INFO - Processing /home/airflow/.local/lib/python3.8/site-packages/airflow/example_dags/example_branch_python_dop_operator_3.py took 0.075 seconds
[2025-11-27T08:12:51.961+0000] {processor.py:161} INFO - Started process (PID=640) to work on /home/airflow/.local/lib/python3.8/site-packages/airflow/example_dags/example_branch_python_dop_operator_3.py
[2025-11-27T08:12:51.962+0000] {processor.py:830} INFO - Processing file /home/airflow/.local/lib/python3.8/site-packages/airflow/example_dags/example_branch_python_dop_operator_3.py for tasks to queue
[2025-11-27T08:12:51.965+0000] {logging_mixin.py:188} INFO - [2025-11-27T08:12:51.964+0000] {dagbag.py:538} INFO - Filling up the DagBag from /home/airflow/.local/lib/python3.8/site-packages/airflow/example_dags/example_branch_python_dop_operator_3.py
[2025-11-27T08:12:51.974+0000] {processor.py:840} INFO - DAG(s) 'example_branch_dop_operator_v3' retrieved from /home/airflow/.local/lib/python3.8/site-packages/airflow/example_dags/example_branch_python_dop_operator_3.py
[2025-11-27T08:12:51.997+0000] {logging_mixin.py:188} INFO - [2025-11-27T08:12:51.997+0000] {dag.py:3036} INFO - Sync 1 DAGs
[2025-11-27T08:12:52.017+0000] {logging_mixin.py:188} INFO - [2025-11-27T08:12:52.017+0000] {dag.py:3823} INFO - Setting next_dagrun for example_branch_dop_operator_v3 to 2025-11-27 08:11:00+00:00, run_after=2025-11-27 08:12:00+00:00
[2025-11-27T08:12:52.036+0000] {processor.py:183} INFO - Processing /home/airflow/.local/lib/python3.8/site-packages/airflow/example_dags/example_branch_python_dop_operator_3.py took 0.079 seconds
[2025-11-27T08:13:22.357+0000] {processor.py:161} INFO - Started process (PID=696) to work on /home/airflow/.local/lib/python3.8/site-packages/airflow/example_dags/example_branch_python_dop_operator_3.py
[2025-11-27T08:13:22.359+0000] {processor.py:830} INFO - Processing file /home/airflow/.local/lib/python3.8/site-packages/airflow/example_dags/example_branch_python_dop_operator_3.py for tasks to queue
[2025-11-27T08:13:22.360+0000] {logging_mixin.py:188} INFO - [2025-11-27T08:13:22.360+0000] {dagbag.py:538} INFO - Filling up the DagBag from /home/airflow/.local/lib/python3.8/site-packages/airflow/example_dags/example_branch_python_dop_operator_3.py
[2025-11-27T08:13:22.368+0000] {processor.py:840} INFO - DAG(s) 'example_branch_dop_operator_v3' retrieved from /home/airflow/.local/lib/python3.8/site-packages/airflow/example_dags/example_branch_python_dop_operator_3.py
[2025-11-27T08:13:22.385+0000] {logging_mixin.py:188} INFO - [2025-11-27T08:13:22.384+0000] {dag.py:3036} INFO - Sync 1 DAGs
[2025-11-27T08:13:22.403+0000] {logging_mixin.py:188} INFO - [2025-11-27T08:13:22.403+0000] {dag.py:3823} INFO - Setting next_dagrun for example_branch_dop_operator_v3 to 2025-11-27 08:12:00+00:00, run_after=2025-11-27 08:13:00+00:00
[2025-11-27T08:13:22.419+0000] {processor.py:183} INFO - Processing /home/airflow/.local/lib/python3.8/site-packages/airflow/example_dags/example_branch_python_dop_operator_3.py took 0.064 seconds
[2025-11-27T08:13:52.845+0000] {processor.py:161} INFO - Started process (PID=752) to work on /home/airflow/.local/lib/python3.8/site-packages/airflow/example_dags/example_branch_python_dop_operator_3.py
[2025-11-27T08:13:52.846+0000] {processor.py:830} INFO - Processing file /home/airflow/.local/lib/python3.8/site-packages/airflow/example_dags/example_branch_python_dop_operator_3.py for tasks to queue
[2025-11-27T08:13:52.848+0000] {logging_mixin.py:188} INFO - [2025-11-27T08:13:52.848+0000] {dagbag.py:538} INFO - Filling up the DagBag from /home/airflow/.local/lib/python3.8/site-packages/airflow/example_dags/example_branch_python_dop_operator_3.py
[2025-11-27T08:13:52.855+0000] {processor.py:840} INFO - DAG(s) 'example_branch_dop_operator_v3' retrieved from /home/airflow/.local/lib/python3.8/site-packages/airflow/example_dags/example_branch_python_dop_operator_3.py
[2025-11-27T08:13:52.875+0000] {logging_mixin.py:188} INFO - [2025-11-27T08:13:52.875+0000] {dag.py:3036} INFO - Sync 1 DAGs
[2025-11-27T08:13:52.894+0000] {logging_mixin.py:188} INFO - [2025-11-27T08:13:52.894+0000] {dag.py:3823} INFO - Setting next_dagrun for example_branch_dop_operator_v3 to 2025-11-27 08:12:00+00:00, run_after=2025-11-27 08:13:00+00:00
[2025-11-27T08:13:52.911+0000] {processor.py:183} INFO - Processing /home/airflow/.local/lib/python3.8/site-packages/airflow/example_dags/example_branch_python_dop_operator_3.py took 0.068 seconds
[2025-11-27T08:14:24.246+0000] {processor.py:161} INFO - Started process (PID=808) to work on /home/airflow/.local/lib/python3.8/site-packages/airflow/example_dags/example_branch_python_dop_operator_3.py
[2025-11-27T08:14:24.248+0000] {processor.py:830} INFO - Processing file /home/airflow/.local/lib/python3.8/site-packages/airflow/example_dags/example_branch_python_dop_operator_3.py for tasks to queue
[2025-11-27T08:14:24.250+0000] {logging_mixin.py:188} INFO - [2025-11-27T08:14:24.250+0000] {dagbag.py:538} INFO - Filling up the DagBag from /home/airflow/.local/lib/python3.8/site-packages/airflow/example_dags/example_branch_python_dop_operator_3.py
[2025-11-27T08:14:24.258+0000] {processor.py:840} INFO - DAG(s) 'example_branch_dop_operator_v3' retrieved from /home/airflow/.local/lib/python3.8/site-packages/airflow/example_dags/example_branch_python_dop_operator_3.py
[2025-11-27T08:14:24.276+0000] {logging_mixin.py:188} INFO - [2025-11-27T08:14:24.276+0000] {dag.py:3036} INFO - Sync 1 DAGs
[2025-11-27T08:14:24.294+0000] {logging_mixin.py:188} INFO - [2025-11-27T08:14:24.294+0000] {dag.py:3823} INFO - Setting next_dagrun for example_branch_dop_operator_v3 to 2025-11-27 08:13:00+00:00, run_after=2025-11-27 08:14:00+00:00
[2025-11-27T08:14:24.311+0000] {processor.py:183} INFO - Processing /home/airflow/.local/lib/python3.8/site-packages/airflow/example_dags/example_branch_python_dop_operator_3.py took 0.067 seconds
[2025-11-27T08:14:56.557+0000] {processor.py:161} INFO - Started process (PID=864) to work on /home/airflow/.local/lib/python3.8/site-packages/airflow/example_dags/example_branch_python_dop_operator_3.py
[2025-11-27T08:14:56.558+0000] {processor.py:830} INFO - Processing file /home/airflow/.local/lib/python3.8/site-packages/airflow/example_dags/example_branch_python_dop_operator_3.py for tasks to queue
[2025-11-27T08:14:56.560+0000] {logging_mixin.py:188} INFO - [2025-11-27T08:14:56.560+0000] {dagbag.py:538} INFO - Filling up the DagBag from /home/airflow/.local/lib/python3.8/site-packages/airflow/example_dags/example_branch_python_dop_operator_3.py
[2025-11-27T08:14:56.567+0000] {processor.py:840} INFO - DAG(s) 'example_branch_dop_operator_v3' retrieved from /home/airflow/.local/lib/python3.8/site-packages/airflow/example_dags/example_branch_python_dop_operator_3.py
[2025-11-27T08:14:56.583+0000] {logging_mixin.py:188} INFO - [2025-11-27T08:14:56.582+0000] {dag.py:3036} INFO - Sync 1 DAGs
[2025-11-27T08:14:56.599+0000] {logging_mixin.py:188} INFO - [2025-11-27T08:14:56.598+0000] {dag.py:3823} INFO - Setting next_dagrun for example_branch_dop_operator_v3 to 2025-11-27 08:13:00+00:00, run_after=2025-11-27 08:14:00+00:00
[2025-11-27T08:14:56.614+0000] {processor.py:183} INFO - Processing /home/airflow/.local/lib/python3.8/site-packages/airflow/example_dags/example_branch_python_dop_operator_3.py took 0.060 seconds
[2025-11-27T08:16:29.161+0000] {processor.py:161} INFO - Started process (PID=142) to work on /home/airflow/.local/lib/python3.8/site-packages/airflow/example_dags/example_branch_python_dop_operator_3.py
[2025-11-27T08:16:29.162+0000] {processor.py:830} INFO - Processing file /home/airflow/.local/lib/python3.8/site-packages/airflow/example_dags/example_branch_python_dop_operator_3.py for tasks to queue
[2025-11-27T08:16:29.164+0000] {logging_mixin.py:188} INFO - [2025-11-27T08:16:29.164+0000] {dagbag.py:538} INFO - Filling up the DagBag from /home/airflow/.local/lib/python3.8/site-packages/airflow/example_dags/example_branch_python_dop_operator_3.py
[2025-11-27T08:16:29.174+0000] {processor.py:840} INFO - DAG(s) 'example_branch_dop_operator_v3' retrieved from /home/airflow/.local/lib/python3.8/site-packages/airflow/example_dags/example_branch_python_dop_operator_3.py
[2025-11-27T08:16:29.187+0000] {logging_mixin.py:188} INFO - [2025-11-27T08:16:29.186+0000] {dag.py:3036} INFO - Sync 1 DAGs
[2025-11-27T08:16:29.206+0000] {logging_mixin.py:188} INFO - [2025-11-27T08:16:29.206+0000] {dag.py:3823} INFO - Setting next_dagrun for example_branch_dop_operator_v3 to 2025-11-27 08:15:00+00:00, run_after=2025-11-27 08:16:00+00:00
[2025-11-27T08:16:29.225+0000] {processor.py:183} INFO - Processing /home/airflow/.local/lib/python3.8/site-packages/airflow/example_dags/example_branch_python_dop_operator_3.py took 0.068 seconds
[2025-11-27T08:17:02.097+0000] {processor.py:161} INFO - Started process (PID=198) to work on /home/airflow/.local/lib/python3.8/site-packages/airflow/example_dags/example_branch_python_dop_operator_3.py
[2025-11-27T08:17:02.098+0000] {processor.py:830} INFO - Processing file /home/airflow/.local/lib/python3.8/site-packages/airflow/example_dags/example_branch_python_dop_operator_3.py for tasks to queue
[2025-11-27T08:17:02.099+0000] {logging_mixin.py:188} INFO - [2025-11-27T08:17:02.099+0000] {dagbag.py:538} INFO - Filling up the DagBag from /home/airflow/.local/lib/python3.8/site-packages/airflow/example_dags/example_branch_python_dop_operator_3.py
[2025-11-27T08:17:02.107+0000] {processor.py:840} INFO - DAG(s) 'example_branch_dop_operator_v3' retrieved from /home/airflow/.local/lib/python3.8/site-packages/airflow/example_dags/example_branch_python_dop_operator_3.py
[2025-11-27T08:17:02.281+0000] {logging_mixin.py:188} INFO - [2025-11-27T08:17:02.281+0000] {dag.py:3036} INFO - Sync 1 DAGs
[2025-11-27T08:17:02.296+0000] {logging_mixin.py:188} INFO - [2025-11-27T08:17:02.296+0000] {dag.py:3823} INFO - Setting next_dagrun for example_branch_dop_operator_v3 to 2025-11-27 08:16:00+00:00, run_after=2025-11-27 08:17:00+00:00
[2025-11-27T08:17:02.319+0000] {processor.py:183} INFO - Processing /home/airflow/.local/lib/python3.8/site-packages/airflow/example_dags/example_branch_python_dop_operator_3.py took 0.225 seconds
[2025-11-27T08:17:32.569+0000] {processor.py:161} INFO - Started process (PID=248) to work on /home/airflow/.local/lib/python3.8/site-packages/airflow/example_dags/example_branch_python_dop_operator_3.py
[2025-11-27T08:17:32.570+0000] {processor.py:830} INFO - Processing file /home/airflow/.local/lib/python3.8/site-packages/airflow/example_dags/example_branch_python_dop_operator_3.py for tasks to queue
[2025-11-27T08:17:32.572+0000] {logging_mixin.py:188} INFO - [2025-11-27T08:17:32.572+0000] {dagbag.py:538} INFO - Filling up the DagBag from /home/airflow/.local/lib/python3.8/site-packages/airflow/example_dags/example_branch_python_dop_operator_3.py
[2025-11-27T08:17:32.579+0000] {processor.py:840} INFO - DAG(s) 'example_branch_dop_operator_v3' retrieved from /home/airflow/.local/lib/python3.8/site-packages/airflow/example_dags/example_branch_python_dop_operator_3.py
[2025-11-27T08:17:32.600+0000] {logging_mixin.py:188} INFO - [2025-11-27T08:17:32.600+0000] {dag.py:3036} INFO - Sync 1 DAGs
[2025-11-27T08:17:32.619+0000] {logging_mixin.py:188} INFO - [2025-11-27T08:17:32.619+0000] {dag.py:3823} INFO - Setting next_dagrun for example_branch_dop_operator_v3 to 2025-11-27 08:16:00+00:00, run_after=2025-11-27 08:17:00+00:00
[2025-11-27T08:17:32.637+0000] {processor.py:183} INFO - Processing /home/airflow/.local/lib/python3.8/site-packages/airflow/example_dags/example_branch_python_dop_operator_3.py took 0.071 seconds
[2025-11-27T08:18:03.101+0000] {processor.py:161} INFO - Started process (PID=304) to work on /home/airflow/.local/lib/python3.8/site-packages/airflow/example_dags/example_branch_python_dop_operator_3.py
[2025-11-27T08:18:03.102+0000] {processor.py:830} INFO - Processing file /home/airflow/.local/lib/python3.8/site-packages/airflow/example_dags/example_branch_python_dop_operator_3.py for tasks to queue
[2025-11-27T08:18:03.104+0000] {logging_mixin.py:188} INFO - [2025-11-27T08:18:03.104+0000] {dagbag.py:538} INFO - Filling up the DagBag from /home/airflow/.local/lib/python3.8/site-packages/airflow/example_dags/example_branch_python_dop_operator_3.py
[2025-11-27T08:18:03.111+0000] {processor.py:840} INFO - DAG(s) 'example_branch_dop_operator_v3' retrieved from /home/airflow/.local/lib/python3.8/site-packages/airflow/example_dags/example_branch_python_dop_operator_3.py
[2025-11-27T08:18:03.131+0000] {logging_mixin.py:188} INFO - [2025-11-27T08:18:03.131+0000] {dag.py:3036} INFO - Sync 1 DAGs
[2025-11-27T08:18:03.150+0000] {logging_mixin.py:188} INFO - [2025-11-27T08:18:03.150+0000] {dag.py:3823} INFO - Setting next_dagrun for example_branch_dop_operator_v3 to 2025-11-27 08:17:00+00:00, run_after=2025-11-27 08:18:00+00:00
[2025-11-27T08:18:03.170+0000] {processor.py:183} INFO - Processing /home/airflow/.local/lib/python3.8/site-packages/airflow/example_dags/example_branch_python_dop_operator_3.py took 0.072 seconds
[2025-11-27T08:18:33.534+0000] {processor.py:161} INFO - Started process (PID=360) to work on /home/airflow/.local/lib/python3.8/site-packages/airflow/example_dags/example_branch_python_dop_operator_3.py
[2025-11-27T08:18:33.535+0000] {processor.py:830} INFO - Processing file /home/airflow/.local/lib/python3.8/site-packages/airflow/example_dags/example_branch_python_dop_operator_3.py for tasks to queue
[2025-11-27T08:18:33.537+0000] {logging_mixin.py:188} INFO - [2025-11-27T08:18:33.537+0000] {dagbag.py:538} INFO - Filling up the DagBag from /home/airflow/.local/lib/python3.8/site-packages/airflow/example_dags/example_branch_python_dop_operator_3.py
[2025-11-27T08:18:33.543+0000] {processor.py:840} INFO - DAG(s) 'example_branch_dop_operator_v3' retrieved from /home/airflow/.local/lib/python3.8/site-packages/airflow/example_dags/example_branch_python_dop_operator_3.py
[2025-11-27T08:18:33.560+0000] {logging_mixin.py:188} INFO - [2025-11-27T08:18:33.560+0000] {dag.py:3036} INFO - Sync 1 DAGs
[2025-11-27T08:18:33.577+0000] {logging_mixin.py:188} INFO - [2025-11-27T08:18:33.577+0000] {dag.py:3823} INFO - Setting next_dagrun for example_branch_dop_operator_v3 to 2025-11-27 08:17:00+00:00, run_after=2025-11-27 08:18:00+00:00
[2025-11-27T08:18:33.596+0000] {processor.py:183} INFO - Processing /home/airflow/.local/lib/python3.8/site-packages/airflow/example_dags/example_branch_python_dop_operator_3.py took 0.065 seconds
[2025-11-27T08:19:04.124+0000] {processor.py:161} INFO - Started process (PID=416) to work on /home/airflow/.local/lib/python3.8/site-packages/airflow/example_dags/example_branch_python_dop_operator_3.py
[2025-11-27T08:19:04.125+0000] {processor.py:830} INFO - Processing file /home/airflow/.local/lib/python3.8/site-packages/airflow/example_dags/example_branch_python_dop_operator_3.py for tasks to queue
[2025-11-27T08:19:04.127+0000] {logging_mixin.py:188} INFO - [2025-11-27T08:19:04.127+0000] {dagbag.py:538} INFO - Filling up the DagBag from /home/airflow/.local/lib/python3.8/site-packages/airflow/example_dags/example_branch_python_dop_operator_3.py
[2025-11-27T08:19:04.135+0000] {processor.py:840} INFO - DAG(s) 'example_branch_dop_operator_v3' retrieved from /home/airflow/.local/lib/python3.8/site-packages/airflow/example_dags/example_branch_python_dop_operator_3.py
[2025-11-27T08:19:04.154+0000] {logging_mixin.py:188} INFO - [2025-11-27T08:19:04.154+0000] {dag.py:3036} INFO - Sync 1 DAGs
[2025-11-27T08:19:04.172+0000] {logging_mixin.py:188} INFO - [2025-11-27T08:19:04.172+0000] {dag.py:3823} INFO - Setting next_dagrun for example_branch_dop_operator_v3 to 2025-11-27 08:18:00+00:00, run_after=2025-11-27 08:19:00+00:00
[2025-11-27T08:19:04.190+0000] {processor.py:183} INFO - Processing /home/airflow/.local/lib/python3.8/site-packages/airflow/example_dags/example_branch_python_dop_operator_3.py took 0.069 seconds
[2025-11-27T08:19:34.846+0000] {processor.py:161} INFO - Started process (PID=472) to work on /home/airflow/.local/lib/python3.8/site-packages/airflow/example_dags/example_branch_python_dop_operator_3.py
[2025-11-27T08:19:34.847+0000] {processor.py:830} INFO - Processing file /home/airflow/.local/lib/python3.8/site-packages/airflow/example_dags/example_branch_python_dop_operator_3.py for tasks to queue
[2025-11-27T08:19:34.850+0000] {logging_mixin.py:188} INFO - [2025-11-27T08:19:34.849+0000] {dagbag.py:538} INFO - Filling up the DagBag from /home/airflow/.local/lib/python3.8/site-packages/airflow/example_dags/example_branch_python_dop_operator_3.py
[2025-11-27T08:19:34.857+0000] {processor.py:840} INFO - DAG(s) 'example_branch_dop_operator_v3' retrieved from /home/airflow/.local/lib/python3.8/site-packages/airflow/example_dags/example_branch_python_dop_operator_3.py
[2025-11-27T08:19:34.877+0000] {logging_mixin.py:188} INFO - [2025-11-27T08:19:34.877+0000] {dag.py:3036} INFO - Sync 1 DAGs
[2025-11-27T08:19:34.897+0000] {logging_mixin.py:188} INFO - [2025-11-27T08:19:34.897+0000] {dag.py:3823} INFO - Setting next_dagrun for example_branch_dop_operator_v3 to 2025-11-27 08:18:00+00:00, run_after=2025-11-27 08:19:00+00:00
[2025-11-27T08:19:34.920+0000] {processor.py:183} INFO - Processing /home/airflow/.local/lib/python3.8/site-packages/airflow/example_dags/example_branch_python_dop_operator_3.py took 0.076 seconds
[2025-11-27T08:20:05.150+0000] {processor.py:161} INFO - Started process (PID=528) to work on /home/airflow/.local/lib/python3.8/site-packages/airflow/example_dags/example_branch_python_dop_operator_3.py
[2025-11-27T08:20:05.151+0000] {processor.py:830} INFO - Processing file /home/airflow/.local/lib/python3.8/site-packages/airflow/example_dags/example_branch_python_dop_operator_3.py for tasks to queue
[2025-11-27T08:20:05.154+0000] {logging_mixin.py:188} INFO - [2025-11-27T08:20:05.153+0000] {dagbag.py:538} INFO - Filling up the DagBag from /home/airflow/.local/lib/python3.8/site-packages/airflow/example_dags/example_branch_python_dop_operator_3.py
[2025-11-27T08:20:05.162+0000] {processor.py:840} INFO - DAG(s) 'example_branch_dop_operator_v3' retrieved from /home/airflow/.local/lib/python3.8/site-packages/airflow/example_dags/example_branch_python_dop_operator_3.py
[2025-11-27T08:20:05.179+0000] {logging_mixin.py:188} INFO - [2025-11-27T08:20:05.179+0000] {dag.py:3036} INFO - Sync 1 DAGs
[2025-11-27T08:20:05.197+0000] {logging_mixin.py:188} INFO - [2025-11-27T08:20:05.197+0000] {dag.py:3823} INFO - Setting next_dagrun for example_branch_dop_operator_v3 to 2025-11-27 08:19:00+00:00, run_after=2025-11-27 08:20:00+00:00
[2025-11-27T08:20:05.214+0000] {processor.py:183} INFO - Processing /home/airflow/.local/lib/python3.8/site-packages/airflow/example_dags/example_branch_python_dop_operator_3.py took 0.068 seconds
[2025-11-27T08:20:35.271+0000] {processor.py:161} INFO - Started process (PID=584) to work on /home/airflow/.local/lib/python3.8/site-packages/airflow/example_dags/example_branch_python_dop_operator_3.py
[2025-11-27T08:20:35.272+0000] {processor.py:830} INFO - Processing file /home/airflow/.local/lib/python3.8/site-packages/airflow/example_dags/example_branch_python_dop_operator_3.py for tasks to queue
[2025-11-27T08:20:35.274+0000] {logging_mixin.py:188} INFO - [2025-11-27T08:20:35.274+0000] {dagbag.py:538} INFO - Filling up the DagBag from /home/airflow/.local/lib/python3.8/site-packages/airflow/example_dags/example_branch_python_dop_operator_3.py
[2025-11-27T08:20:35.281+0000] {processor.py:840} INFO - DAG(s) 'example_branch_dop_operator_v3' retrieved from /home/airflow/.local/lib/python3.8/site-packages/airflow/example_dags/example_branch_python_dop_operator_3.py
[2025-11-27T08:20:35.298+0000] {logging_mixin.py:188} INFO - [2025-11-27T08:20:35.298+0000] {dag.py:3036} INFO - Sync 1 DAGs
[2025-11-27T08:20:35.314+0000] {logging_mixin.py:188} INFO - [2025-11-27T08:20:35.314+0000] {dag.py:3823} INFO - Setting next_dagrun for example_branch_dop_operator_v3 to 2025-11-27 08:19:00+00:00, run_after=2025-11-27 08:20:00+00:00
[2025-11-27T08:20:35.331+0000] {processor.py:183} INFO - Processing /home/airflow/.local/lib/python3.8/site-packages/airflow/example_dags/example_branch_python_dop_operator_3.py took 0.063 seconds
[2025-11-27T08:21:06.526+0000] {processor.py:161} INFO - Started process (PID=640) to work on /home/airflow/.local/lib/python3.8/site-packages/airflow/example_dags/example_branch_python_dop_operator_3.py
[2025-11-27T08:21:06.528+0000] {processor.py:830} INFO - Processing file /home/airflow/.local/lib/python3.8/site-packages/airflow/example_dags/example_branch_python_dop_operator_3.py for tasks to queue
[2025-11-27T08:21:06.529+0000] {logging_mixin.py:188} INFO - [2025-11-27T08:21:06.529+0000] {dagbag.py:538} INFO - Filling up the DagBag from /home/airflow/.local/lib/python3.8/site-packages/airflow/example_dags/example_branch_python_dop_operator_3.py
[2025-11-27T08:21:06.537+0000] {processor.py:840} INFO - DAG(s) 'example_branch_dop_operator_v3' retrieved from /home/airflow/.local/lib/python3.8/site-packages/airflow/example_dags/example_branch_python_dop_operator_3.py
[2025-11-27T08:21:06.554+0000] {logging_mixin.py:188} INFO - [2025-11-27T08:21:06.554+0000] {dag.py:3036} INFO - Sync 1 DAGs
[2025-11-27T08:21:06.573+0000] {logging_mixin.py:188} INFO - [2025-11-27T08:21:06.573+0000] {dag.py:3823} INFO - Setting next_dagrun for example_branch_dop_operator_v3 to 2025-11-27 08:20:00+00:00, run_after=2025-11-27 08:21:00+00:00
[2025-11-27T08:21:06.590+0000] {processor.py:183} INFO - Processing /home/airflow/.local/lib/python3.8/site-packages/airflow/example_dags/example_branch_python_dop_operator_3.py took 0.067 seconds
