[2025-11-27T07:49:58.777+0000] {processor.py:161} INFO - Started process (PID=68) to work on /home/airflow/.local/lib/python3.8/site-packages/airflow/example_dags/example_complex.py
[2025-11-27T07:49:58.778+0000] {processor.py:830} INFO - Processing file /home/airflow/.local/lib/python3.8/site-packages/airflow/example_dags/example_complex.py for tasks to queue
[2025-11-27T07:49:58.780+0000] {logging_mixin.py:188} INFO - [2025-11-27T07:49:58.780+0000] {dagbag.py:538} INFO - Filling up the DagBag from /home/airflow/.local/lib/python3.8/site-packages/airflow/example_dags/example_complex.py
[2025-11-27T07:49:58.791+0000] {processor.py:840} INFO - DAG(s) 'example_complex' retrieved from /home/airflow/.local/lib/python3.8/site-packages/airflow/example_dags/example_complex.py
[2025-11-27T07:49:58.807+0000] {logging_mixin.py:188} INFO - [2025-11-27T07:49:58.807+0000] {dag.py:3036} INFO - Sync 1 DAGs
[2025-11-27T07:49:58.816+0000] {logging_mixin.py:188} INFO - [2025-11-27T07:49:58.816+0000] {dag.py:3823} INFO - Setting next_dagrun for example_complex to None, run_after=None
[2025-11-27T07:49:58.836+0000] {processor.py:183} INFO - Processing /home/airflow/.local/lib/python3.8/site-packages/airflow/example_dags/example_complex.py took 0.062 seconds
[2025-11-27T07:50:32.009+0000] {processor.py:161} INFO - Started process (PID=124) to work on /home/airflow/.local/lib/python3.8/site-packages/airflow/example_dags/example_complex.py
[2025-11-27T07:50:32.010+0000] {processor.py:830} INFO - Processing file /home/airflow/.local/lib/python3.8/site-packages/airflow/example_dags/example_complex.py for tasks to queue
[2025-11-27T07:50:32.011+0000] {logging_mixin.py:188} INFO - [2025-11-27T07:50:32.011+0000] {dagbag.py:538} INFO - Filling up the DagBag from /home/airflow/.local/lib/python3.8/site-packages/airflow/example_dags/example_complex.py
[2025-11-27T07:50:32.019+0000] {processor.py:840} INFO - DAG(s) 'example_complex' retrieved from /home/airflow/.local/lib/python3.8/site-packages/airflow/example_dags/example_complex.py
[2025-11-27T07:50:32.095+0000] {logging_mixin.py:188} INFO - [2025-11-27T07:50:32.095+0000] {dag.py:3036} INFO - Sync 1 DAGs
[2025-11-27T07:50:32.105+0000] {logging_mixin.py:188} INFO - [2025-11-27T07:50:32.104+0000] {dag.py:3823} INFO - Setting next_dagrun for example_complex to None, run_after=None
[2025-11-27T07:50:32.125+0000] {processor.py:183} INFO - Processing /home/airflow/.local/lib/python3.8/site-packages/airflow/example_dags/example_complex.py took 0.119 seconds
[2025-11-27T07:51:03.957+0000] {processor.py:161} INFO - Started process (PID=180) to work on /home/airflow/.local/lib/python3.8/site-packages/airflow/example_dags/example_complex.py
[2025-11-27T07:51:03.958+0000] {processor.py:830} INFO - Processing file /home/airflow/.local/lib/python3.8/site-packages/airflow/example_dags/example_complex.py for tasks to queue
[2025-11-27T07:51:03.960+0000] {logging_mixin.py:188} INFO - [2025-11-27T07:51:03.960+0000] {dagbag.py:538} INFO - Filling up the DagBag from /home/airflow/.local/lib/python3.8/site-packages/airflow/example_dags/example_complex.py
[2025-11-27T07:51:03.968+0000] {processor.py:840} INFO - DAG(s) 'example_complex' retrieved from /home/airflow/.local/lib/python3.8/site-packages/airflow/example_dags/example_complex.py
[2025-11-27T07:51:03.991+0000] {logging_mixin.py:188} INFO - [2025-11-27T07:51:03.991+0000] {dag.py:3036} INFO - Sync 1 DAGs
[2025-11-27T07:51:03.999+0000] {logging_mixin.py:188} INFO - [2025-11-27T07:51:03.999+0000] {dag.py:3823} INFO - Setting next_dagrun for example_complex to None, run_after=None
[2025-11-27T07:51:04.024+0000] {processor.py:183} INFO - Processing /home/airflow/.local/lib/python3.8/site-packages/airflow/example_dags/example_complex.py took 0.070 seconds
[2025-11-27T07:51:36.107+0000] {processor.py:161} INFO - Started process (PID=236) to work on /home/airflow/.local/lib/python3.8/site-packages/airflow/example_dags/example_complex.py
[2025-11-27T07:51:36.108+0000] {processor.py:830} INFO - Processing file /home/airflow/.local/lib/python3.8/site-packages/airflow/example_dags/example_complex.py for tasks to queue
[2025-11-27T07:51:36.110+0000] {logging_mixin.py:188} INFO - [2025-11-27T07:51:36.110+0000] {dagbag.py:538} INFO - Filling up the DagBag from /home/airflow/.local/lib/python3.8/site-packages/airflow/example_dags/example_complex.py
[2025-11-27T07:51:36.119+0000] {processor.py:840} INFO - DAG(s) 'example_complex' retrieved from /home/airflow/.local/lib/python3.8/site-packages/airflow/example_dags/example_complex.py
[2025-11-27T07:51:36.145+0000] {logging_mixin.py:188} INFO - [2025-11-27T07:51:36.144+0000] {dag.py:3036} INFO - Sync 1 DAGs
[2025-11-27T07:51:36.154+0000] {logging_mixin.py:188} INFO - [2025-11-27T07:51:36.154+0000] {dag.py:3823} INFO - Setting next_dagrun for example_complex to None, run_after=None
[2025-11-27T07:51:36.173+0000] {processor.py:183} INFO - Processing /home/airflow/.local/lib/python3.8/site-packages/airflow/example_dags/example_complex.py took 0.070 seconds
[2025-11-27T07:52:09.219+0000] {processor.py:161} INFO - Started process (PID=292) to work on /home/airflow/.local/lib/python3.8/site-packages/airflow/example_dags/example_complex.py
[2025-11-27T07:52:09.221+0000] {processor.py:830} INFO - Processing file /home/airflow/.local/lib/python3.8/site-packages/airflow/example_dags/example_complex.py for tasks to queue
[2025-11-27T07:52:09.223+0000] {logging_mixin.py:188} INFO - [2025-11-27T07:52:09.222+0000] {dagbag.py:538} INFO - Filling up the DagBag from /home/airflow/.local/lib/python3.8/site-packages/airflow/example_dags/example_complex.py
[2025-11-27T07:52:09.232+0000] {processor.py:840} INFO - DAG(s) 'example_complex' retrieved from /home/airflow/.local/lib/python3.8/site-packages/airflow/example_dags/example_complex.py
[2025-11-27T07:52:09.259+0000] {logging_mixin.py:188} INFO - [2025-11-27T07:52:09.259+0000] {dag.py:3036} INFO - Sync 1 DAGs
[2025-11-27T07:52:09.269+0000] {logging_mixin.py:188} INFO - [2025-11-27T07:52:09.269+0000] {dag.py:3823} INFO - Setting next_dagrun for example_complex to None, run_after=None
[2025-11-27T07:52:09.289+0000] {processor.py:183} INFO - Processing /home/airflow/.local/lib/python3.8/site-packages/airflow/example_dags/example_complex.py took 0.073 seconds
[2025-11-27T08:08:14.607+0000] {processor.py:161} INFO - Started process (PID=130) to work on /home/airflow/.local/lib/python3.8/site-packages/airflow/example_dags/example_complex.py
[2025-11-27T08:08:14.609+0000] {processor.py:830} INFO - Processing file /home/airflow/.local/lib/python3.8/site-packages/airflow/example_dags/example_complex.py for tasks to queue
[2025-11-27T08:08:14.611+0000] {logging_mixin.py:188} INFO - [2025-11-27T08:08:14.610+0000] {dagbag.py:538} INFO - Filling up the DagBag from /home/airflow/.local/lib/python3.8/site-packages/airflow/example_dags/example_complex.py
[2025-11-27T08:08:14.621+0000] {processor.py:840} INFO - DAG(s) 'example_complex' retrieved from /home/airflow/.local/lib/python3.8/site-packages/airflow/example_dags/example_complex.py
[2025-11-27T08:08:14.633+0000] {logging_mixin.py:188} INFO - [2025-11-27T08:08:14.633+0000] {dag.py:3036} INFO - Sync 1 DAGs
[2025-11-27T08:08:14.644+0000] {logging_mixin.py:188} INFO - [2025-11-27T08:08:14.644+0000] {dag.py:3823} INFO - Setting next_dagrun for example_complex to None, run_after=None
[2025-11-27T08:08:14.662+0000] {processor.py:183} INFO - Processing /home/airflow/.local/lib/python3.8/site-packages/airflow/example_dags/example_complex.py took 0.057 seconds
[2025-11-27T08:08:47.068+0000] {processor.py:161} INFO - Started process (PID=192) to work on /home/airflow/.local/lib/python3.8/site-packages/airflow/example_dags/example_complex.py
[2025-11-27T08:08:47.070+0000] {processor.py:830} INFO - Processing file /home/airflow/.local/lib/python3.8/site-packages/airflow/example_dags/example_complex.py for tasks to queue
[2025-11-27T08:08:47.072+0000] {logging_mixin.py:188} INFO - [2025-11-27T08:08:47.072+0000] {dagbag.py:538} INFO - Filling up the DagBag from /home/airflow/.local/lib/python3.8/site-packages/airflow/example_dags/example_complex.py
[2025-11-27T08:08:47.083+0000] {processor.py:840} INFO - DAG(s) 'example_complex' retrieved from /home/airflow/.local/lib/python3.8/site-packages/airflow/example_dags/example_complex.py
[2025-11-27T08:08:47.364+0000] {logging_mixin.py:188} INFO - [2025-11-27T08:08:47.364+0000] {dag.py:3036} INFO - Sync 1 DAGs
[2025-11-27T08:08:47.374+0000] {logging_mixin.py:188} INFO - [2025-11-27T08:08:47.374+0000] {dag.py:3823} INFO - Setting next_dagrun for example_complex to None, run_after=None
[2025-11-27T08:08:47.398+0000] {processor.py:183} INFO - Processing /home/airflow/.local/lib/python3.8/site-packages/airflow/example_dags/example_complex.py took 0.335 seconds
[2025-11-27T08:09:17.510+0000] {processor.py:161} INFO - Started process (PID=242) to work on /home/airflow/.local/lib/python3.8/site-packages/airflow/example_dags/example_complex.py
[2025-11-27T08:09:17.512+0000] {processor.py:830} INFO - Processing file /home/airflow/.local/lib/python3.8/site-packages/airflow/example_dags/example_complex.py for tasks to queue
[2025-11-27T08:09:17.514+0000] {logging_mixin.py:188} INFO - [2025-11-27T08:09:17.514+0000] {dagbag.py:538} INFO - Filling up the DagBag from /home/airflow/.local/lib/python3.8/site-packages/airflow/example_dags/example_complex.py
[2025-11-27T08:09:17.522+0000] {processor.py:840} INFO - DAG(s) 'example_complex' retrieved from /home/airflow/.local/lib/python3.8/site-packages/airflow/example_dags/example_complex.py
[2025-11-27T08:09:17.549+0000] {logging_mixin.py:188} INFO - [2025-11-27T08:09:17.549+0000] {dag.py:3036} INFO - Sync 1 DAGs
[2025-11-27T08:09:17.560+0000] {logging_mixin.py:188} INFO - [2025-11-27T08:09:17.560+0000] {dag.py:3823} INFO - Setting next_dagrun for example_complex to None, run_after=None
[2025-11-27T08:09:17.580+0000] {processor.py:183} INFO - Processing /home/airflow/.local/lib/python3.8/site-packages/airflow/example_dags/example_complex.py took 0.073 seconds
[2025-11-27T08:09:48.516+0000] {processor.py:161} INFO - Started process (PID=298) to work on /home/airflow/.local/lib/python3.8/site-packages/airflow/example_dags/example_complex.py
[2025-11-27T08:09:48.517+0000] {processor.py:830} INFO - Processing file /home/airflow/.local/lib/python3.8/site-packages/airflow/example_dags/example_complex.py for tasks to queue
[2025-11-27T08:09:48.519+0000] {logging_mixin.py:188} INFO - [2025-11-27T08:09:48.519+0000] {dagbag.py:538} INFO - Filling up the DagBag from /home/airflow/.local/lib/python3.8/site-packages/airflow/example_dags/example_complex.py
[2025-11-27T08:09:48.527+0000] {processor.py:840} INFO - DAG(s) 'example_complex' retrieved from /home/airflow/.local/lib/python3.8/site-packages/airflow/example_dags/example_complex.py
[2025-11-27T08:09:48.561+0000] {logging_mixin.py:188} INFO - [2025-11-27T08:09:48.561+0000] {dag.py:3036} INFO - Sync 1 DAGs
[2025-11-27T08:09:48.573+0000] {logging_mixin.py:188} INFO - [2025-11-27T08:09:48.573+0000] {dag.py:3823} INFO - Setting next_dagrun for example_complex to None, run_after=None
[2025-11-27T08:09:48.599+0000] {processor.py:183} INFO - Processing /home/airflow/.local/lib/python3.8/site-packages/airflow/example_dags/example_complex.py took 0.086 seconds
[2025-11-27T08:10:18.937+0000] {processor.py:161} INFO - Started process (PID=354) to work on /home/airflow/.local/lib/python3.8/site-packages/airflow/example_dags/example_complex.py
[2025-11-27T08:10:18.938+0000] {processor.py:830} INFO - Processing file /home/airflow/.local/lib/python3.8/site-packages/airflow/example_dags/example_complex.py for tasks to queue
[2025-11-27T08:10:18.940+0000] {logging_mixin.py:188} INFO - [2025-11-27T08:10:18.940+0000] {dagbag.py:538} INFO - Filling up the DagBag from /home/airflow/.local/lib/python3.8/site-packages/airflow/example_dags/example_complex.py
[2025-11-27T08:10:18.948+0000] {processor.py:840} INFO - DAG(s) 'example_complex' retrieved from /home/airflow/.local/lib/python3.8/site-packages/airflow/example_dags/example_complex.py
[2025-11-27T08:10:18.975+0000] {logging_mixin.py:188} INFO - [2025-11-27T08:10:18.975+0000] {dag.py:3036} INFO - Sync 1 DAGs
[2025-11-27T08:10:18.984+0000] {logging_mixin.py:188} INFO - [2025-11-27T08:10:18.984+0000] {dag.py:3823} INFO - Setting next_dagrun for example_complex to None, run_after=None
[2025-11-27T08:10:19.000+0000] {processor.py:183} INFO - Processing /home/airflow/.local/lib/python3.8/site-packages/airflow/example_dags/example_complex.py took 0.066 seconds
[2025-11-27T08:10:49.911+0000] {processor.py:161} INFO - Started process (PID=411) to work on /home/airflow/.local/lib/python3.8/site-packages/airflow/example_dags/example_complex.py
[2025-11-27T08:10:49.913+0000] {processor.py:830} INFO - Processing file /home/airflow/.local/lib/python3.8/site-packages/airflow/example_dags/example_complex.py for tasks to queue
[2025-11-27T08:10:49.915+0000] {logging_mixin.py:188} INFO - [2025-11-27T08:10:49.914+0000] {dagbag.py:538} INFO - Filling up the DagBag from /home/airflow/.local/lib/python3.8/site-packages/airflow/example_dags/example_complex.py
[2025-11-27T08:10:49.923+0000] {processor.py:840} INFO - DAG(s) 'example_complex' retrieved from /home/airflow/.local/lib/python3.8/site-packages/airflow/example_dags/example_complex.py
[2025-11-27T08:10:49.954+0000] {logging_mixin.py:188} INFO - [2025-11-27T08:10:49.954+0000] {dag.py:3036} INFO - Sync 1 DAGs
[2025-11-27T08:10:49.966+0000] {logging_mixin.py:188} INFO - [2025-11-27T08:10:49.966+0000] {dag.py:3823} INFO - Setting next_dagrun for example_complex to None, run_after=None
[2025-11-27T08:10:49.992+0000] {processor.py:183} INFO - Processing /home/airflow/.local/lib/python3.8/site-packages/airflow/example_dags/example_complex.py took 0.083 seconds
[2025-11-27T08:11:20.061+0000] {processor.py:161} INFO - Started process (PID=467) to work on /home/airflow/.local/lib/python3.8/site-packages/airflow/example_dags/example_complex.py
[2025-11-27T08:11:20.062+0000] {processor.py:830} INFO - Processing file /home/airflow/.local/lib/python3.8/site-packages/airflow/example_dags/example_complex.py for tasks to queue
[2025-11-27T08:11:20.064+0000] {logging_mixin.py:188} INFO - [2025-11-27T08:11:20.064+0000] {dagbag.py:538} INFO - Filling up the DagBag from /home/airflow/.local/lib/python3.8/site-packages/airflow/example_dags/example_complex.py
[2025-11-27T08:11:20.072+0000] {processor.py:840} INFO - DAG(s) 'example_complex' retrieved from /home/airflow/.local/lib/python3.8/site-packages/airflow/example_dags/example_complex.py
[2025-11-27T08:11:20.099+0000] {logging_mixin.py:188} INFO - [2025-11-27T08:11:20.098+0000] {dag.py:3036} INFO - Sync 1 DAGs
[2025-11-27T08:11:20.109+0000] {logging_mixin.py:188} INFO - [2025-11-27T08:11:20.109+0000] {dag.py:3823} INFO - Setting next_dagrun for example_complex to None, run_after=None
[2025-11-27T08:11:20.126+0000] {processor.py:183} INFO - Processing /home/airflow/.local/lib/python3.8/site-packages/airflow/example_dags/example_complex.py took 0.068 seconds
[2025-11-27T08:11:50.638+0000] {processor.py:161} INFO - Started process (PID=523) to work on /home/airflow/.local/lib/python3.8/site-packages/airflow/example_dags/example_complex.py
[2025-11-27T08:11:50.640+0000] {processor.py:830} INFO - Processing file /home/airflow/.local/lib/python3.8/site-packages/airflow/example_dags/example_complex.py for tasks to queue
[2025-11-27T08:11:50.642+0000] {logging_mixin.py:188} INFO - [2025-11-27T08:11:50.641+0000] {dagbag.py:538} INFO - Filling up the DagBag from /home/airflow/.local/lib/python3.8/site-packages/airflow/example_dags/example_complex.py
[2025-11-27T08:11:50.649+0000] {processor.py:840} INFO - DAG(s) 'example_complex' retrieved from /home/airflow/.local/lib/python3.8/site-packages/airflow/example_dags/example_complex.py
[2025-11-27T08:11:50.674+0000] {logging_mixin.py:188} INFO - [2025-11-27T08:11:50.674+0000] {dag.py:3036} INFO - Sync 1 DAGs
[2025-11-27T08:11:50.685+0000] {logging_mixin.py:188} INFO - [2025-11-27T08:11:50.685+0000] {dag.py:3823} INFO - Setting next_dagrun for example_complex to None, run_after=None
[2025-11-27T08:11:50.703+0000] {processor.py:183} INFO - Processing /home/airflow/.local/lib/python3.8/site-packages/airflow/example_dags/example_complex.py took 0.067 seconds
[2025-11-27T08:12:21.055+0000] {processor.py:161} INFO - Started process (PID=579) to work on /home/airflow/.local/lib/python3.8/site-packages/airflow/example_dags/example_complex.py
[2025-11-27T08:12:21.056+0000] {processor.py:830} INFO - Processing file /home/airflow/.local/lib/python3.8/site-packages/airflow/example_dags/example_complex.py for tasks to queue
[2025-11-27T08:12:21.058+0000] {logging_mixin.py:188} INFO - [2025-11-27T08:12:21.058+0000] {dagbag.py:538} INFO - Filling up the DagBag from /home/airflow/.local/lib/python3.8/site-packages/airflow/example_dags/example_complex.py
[2025-11-27T08:12:21.066+0000] {processor.py:840} INFO - DAG(s) 'example_complex' retrieved from /home/airflow/.local/lib/python3.8/site-packages/airflow/example_dags/example_complex.py
[2025-11-27T08:12:21.089+0000] {logging_mixin.py:188} INFO - [2025-11-27T08:12:21.088+0000] {dag.py:3036} INFO - Sync 1 DAGs
[2025-11-27T08:12:21.097+0000] {logging_mixin.py:188} INFO - [2025-11-27T08:12:21.097+0000] {dag.py:3823} INFO - Setting next_dagrun for example_complex to None, run_after=None
[2025-11-27T08:12:21.118+0000] {processor.py:183} INFO - Processing /home/airflow/.local/lib/python3.8/site-packages/airflow/example_dags/example_complex.py took 0.065 seconds
[2025-11-27T08:12:51.665+0000] {processor.py:161} INFO - Started process (PID=635) to work on /home/airflow/.local/lib/python3.8/site-packages/airflow/example_dags/example_complex.py
[2025-11-27T08:12:51.667+0000] {processor.py:830} INFO - Processing file /home/airflow/.local/lib/python3.8/site-packages/airflow/example_dags/example_complex.py for tasks to queue
[2025-11-27T08:12:51.669+0000] {logging_mixin.py:188} INFO - [2025-11-27T08:12:51.669+0000] {dagbag.py:538} INFO - Filling up the DagBag from /home/airflow/.local/lib/python3.8/site-packages/airflow/example_dags/example_complex.py
[2025-11-27T08:12:51.678+0000] {processor.py:840} INFO - DAG(s) 'example_complex' retrieved from /home/airflow/.local/lib/python3.8/site-packages/airflow/example_dags/example_complex.py
[2025-11-27T08:12:51.706+0000] {logging_mixin.py:188} INFO - [2025-11-27T08:12:51.705+0000] {dag.py:3036} INFO - Sync 1 DAGs
[2025-11-27T08:12:51.717+0000] {logging_mixin.py:188} INFO - [2025-11-27T08:12:51.717+0000] {dag.py:3823} INFO - Setting next_dagrun for example_complex to None, run_after=None
[2025-11-27T08:12:51.735+0000] {processor.py:183} INFO - Processing /home/airflow/.local/lib/python3.8/site-packages/airflow/example_dags/example_complex.py took 0.073 seconds
[2025-11-27T08:13:22.102+0000] {processor.py:161} INFO - Started process (PID=691) to work on /home/airflow/.local/lib/python3.8/site-packages/airflow/example_dags/example_complex.py
[2025-11-27T08:13:22.104+0000] {processor.py:830} INFO - Processing file /home/airflow/.local/lib/python3.8/site-packages/airflow/example_dags/example_complex.py for tasks to queue
[2025-11-27T08:13:22.105+0000] {logging_mixin.py:188} INFO - [2025-11-27T08:13:22.105+0000] {dagbag.py:538} INFO - Filling up the DagBag from /home/airflow/.local/lib/python3.8/site-packages/airflow/example_dags/example_complex.py
[2025-11-27T08:13:22.114+0000] {processor.py:840} INFO - DAG(s) 'example_complex' retrieved from /home/airflow/.local/lib/python3.8/site-packages/airflow/example_dags/example_complex.py
[2025-11-27T08:13:22.138+0000] {logging_mixin.py:188} INFO - [2025-11-27T08:13:22.137+0000] {dag.py:3036} INFO - Sync 1 DAGs
[2025-11-27T08:13:22.147+0000] {logging_mixin.py:188} INFO - [2025-11-27T08:13:22.147+0000] {dag.py:3823} INFO - Setting next_dagrun for example_complex to None, run_after=None
[2025-11-27T08:13:22.166+0000] {processor.py:183} INFO - Processing /home/airflow/.local/lib/python3.8/site-packages/airflow/example_dags/example_complex.py took 0.066 seconds
[2025-11-27T08:13:52.574+0000] {processor.py:161} INFO - Started process (PID=747) to work on /home/airflow/.local/lib/python3.8/site-packages/airflow/example_dags/example_complex.py
[2025-11-27T08:13:52.576+0000] {processor.py:830} INFO - Processing file /home/airflow/.local/lib/python3.8/site-packages/airflow/example_dags/example_complex.py for tasks to queue
[2025-11-27T08:13:52.578+0000] {logging_mixin.py:188} INFO - [2025-11-27T08:13:52.578+0000] {dagbag.py:538} INFO - Filling up the DagBag from /home/airflow/.local/lib/python3.8/site-packages/airflow/example_dags/example_complex.py
[2025-11-27T08:13:52.587+0000] {processor.py:840} INFO - DAG(s) 'example_complex' retrieved from /home/airflow/.local/lib/python3.8/site-packages/airflow/example_dags/example_complex.py
[2025-11-27T08:13:52.622+0000] {logging_mixin.py:188} INFO - [2025-11-27T08:13:52.622+0000] {dag.py:3036} INFO - Sync 1 DAGs
[2025-11-27T08:13:52.634+0000] {logging_mixin.py:188} INFO - [2025-11-27T08:13:52.634+0000] {dag.py:3823} INFO - Setting next_dagrun for example_complex to None, run_after=None
[2025-11-27T08:13:52.653+0000] {processor.py:183} INFO - Processing /home/airflow/.local/lib/python3.8/site-packages/airflow/example_dags/example_complex.py took 0.081 seconds
[2025-11-27T08:14:23.968+0000] {processor.py:161} INFO - Started process (PID=803) to work on /home/airflow/.local/lib/python3.8/site-packages/airflow/example_dags/example_complex.py
[2025-11-27T08:14:23.969+0000] {processor.py:830} INFO - Processing file /home/airflow/.local/lib/python3.8/site-packages/airflow/example_dags/example_complex.py for tasks to queue
[2025-11-27T08:14:23.970+0000] {logging_mixin.py:188} INFO - [2025-11-27T08:14:23.970+0000] {dagbag.py:538} INFO - Filling up the DagBag from /home/airflow/.local/lib/python3.8/site-packages/airflow/example_dags/example_complex.py
[2025-11-27T08:14:23.979+0000] {processor.py:840} INFO - DAG(s) 'example_complex' retrieved from /home/airflow/.local/lib/python3.8/site-packages/airflow/example_dags/example_complex.py
[2025-11-27T08:14:24.007+0000] {logging_mixin.py:188} INFO - [2025-11-27T08:14:24.007+0000] {dag.py:3036} INFO - Sync 1 DAGs
[2025-11-27T08:14:24.020+0000] {logging_mixin.py:188} INFO - [2025-11-27T08:14:24.019+0000] {dag.py:3823} INFO - Setting next_dagrun for example_complex to None, run_after=None
[2025-11-27T08:14:24.040+0000] {processor.py:183} INFO - Processing /home/airflow/.local/lib/python3.8/site-packages/airflow/example_dags/example_complex.py took 0.075 seconds
[2025-11-27T08:14:56.243+0000] {processor.py:161} INFO - Started process (PID=859) to work on /home/airflow/.local/lib/python3.8/site-packages/airflow/example_dags/example_complex.py
[2025-11-27T08:14:56.245+0000] {processor.py:830} INFO - Processing file /home/airflow/.local/lib/python3.8/site-packages/airflow/example_dags/example_complex.py for tasks to queue
[2025-11-27T08:14:56.247+0000] {logging_mixin.py:188} INFO - [2025-11-27T08:14:56.247+0000] {dagbag.py:538} INFO - Filling up the DagBag from /home/airflow/.local/lib/python3.8/site-packages/airflow/example_dags/example_complex.py
[2025-11-27T08:14:56.262+0000] {processor.py:840} INFO - DAG(s) 'example_complex' retrieved from /home/airflow/.local/lib/python3.8/site-packages/airflow/example_dags/example_complex.py
[2025-11-27T08:14:56.298+0000] {logging_mixin.py:188} INFO - [2025-11-27T08:14:56.298+0000] {dag.py:3036} INFO - Sync 1 DAGs
[2025-11-27T08:14:56.310+0000] {logging_mixin.py:188} INFO - [2025-11-27T08:14:56.310+0000] {dag.py:3823} INFO - Setting next_dagrun for example_complex to None, run_after=None
[2025-11-27T08:14:56.329+0000] {processor.py:183} INFO - Processing /home/airflow/.local/lib/python3.8/site-packages/airflow/example_dags/example_complex.py took 0.089 seconds
[2025-11-27T08:16:28.889+0000] {processor.py:161} INFO - Started process (PID=130) to work on /home/airflow/.local/lib/python3.8/site-packages/airflow/example_dags/example_complex.py
[2025-11-27T08:16:28.890+0000] {processor.py:830} INFO - Processing file /home/airflow/.local/lib/python3.8/site-packages/airflow/example_dags/example_complex.py for tasks to queue
[2025-11-27T08:16:28.892+0000] {logging_mixin.py:188} INFO - [2025-11-27T08:16:28.892+0000] {dagbag.py:538} INFO - Filling up the DagBag from /home/airflow/.local/lib/python3.8/site-packages/airflow/example_dags/example_complex.py
[2025-11-27T08:16:28.903+0000] {processor.py:840} INFO - DAG(s) 'example_complex' retrieved from /home/airflow/.local/lib/python3.8/site-packages/airflow/example_dags/example_complex.py
[2025-11-27T08:16:28.915+0000] {logging_mixin.py:188} INFO - [2025-11-27T08:16:28.915+0000] {dag.py:3036} INFO - Sync 1 DAGs
[2025-11-27T08:16:28.925+0000] {logging_mixin.py:188} INFO - [2025-11-27T08:16:28.925+0000] {dag.py:3823} INFO - Setting next_dagrun for example_complex to None, run_after=None
[2025-11-27T08:16:28.949+0000] {processor.py:183} INFO - Processing /home/airflow/.local/lib/python3.8/site-packages/airflow/example_dags/example_complex.py took 0.063 seconds
[2025-11-27T08:17:00.856+0000] {processor.py:161} INFO - Started process (PID=187) to work on /home/airflow/.local/lib/python3.8/site-packages/airflow/example_dags/example_complex.py
[2025-11-27T08:17:00.858+0000] {processor.py:830} INFO - Processing file /home/airflow/.local/lib/python3.8/site-packages/airflow/example_dags/example_complex.py for tasks to queue
[2025-11-27T08:17:00.861+0000] {logging_mixin.py:188} INFO - [2025-11-27T08:17:00.861+0000] {dagbag.py:538} INFO - Filling up the DagBag from /home/airflow/.local/lib/python3.8/site-packages/airflow/example_dags/example_complex.py
[2025-11-27T08:17:00.875+0000] {processor.py:840} INFO - DAG(s) 'example_complex' retrieved from /home/airflow/.local/lib/python3.8/site-packages/airflow/example_dags/example_complex.py
[2025-11-27T08:17:01.176+0000] {logging_mixin.py:188} INFO - [2025-11-27T08:17:01.176+0000] {dag.py:3036} INFO - Sync 1 DAGs
[2025-11-27T08:17:01.189+0000] {logging_mixin.py:188} INFO - [2025-11-27T08:17:01.188+0000] {dag.py:3823} INFO - Setting next_dagrun for example_complex to None, run_after=None
[2025-11-27T08:17:01.211+0000] {processor.py:183} INFO - Processing /home/airflow/.local/lib/python3.8/site-packages/airflow/example_dags/example_complex.py took 0.359 seconds
[2025-11-27T08:17:31.353+0000] {processor.py:161} INFO - Started process (PID=243) to work on /home/airflow/.local/lib/python3.8/site-packages/airflow/example_dags/example_complex.py
[2025-11-27T08:17:31.355+0000] {processor.py:830} INFO - Processing file /home/airflow/.local/lib/python3.8/site-packages/airflow/example_dags/example_complex.py for tasks to queue
[2025-11-27T08:17:31.357+0000] {logging_mixin.py:188} INFO - [2025-11-27T08:17:31.357+0000] {dagbag.py:538} INFO - Filling up the DagBag from /home/airflow/.local/lib/python3.8/site-packages/airflow/example_dags/example_complex.py
[2025-11-27T08:17:31.366+0000] {processor.py:840} INFO - DAG(s) 'example_complex' retrieved from /home/airflow/.local/lib/python3.8/site-packages/airflow/example_dags/example_complex.py
[2025-11-27T08:17:31.391+0000] {logging_mixin.py:188} INFO - [2025-11-27T08:17:31.391+0000] {dag.py:3036} INFO - Sync 1 DAGs
[2025-11-27T08:17:31.405+0000] {logging_mixin.py:188} INFO - [2025-11-27T08:17:31.405+0000] {dag.py:3823} INFO - Setting next_dagrun for example_complex to None, run_after=None
[2025-11-27T08:17:31.428+0000] {processor.py:183} INFO - Processing /home/airflow/.local/lib/python3.8/site-packages/airflow/example_dags/example_complex.py took 0.077 seconds
[2025-11-27T08:18:01.869+0000] {processor.py:161} INFO - Started process (PID=299) to work on /home/airflow/.local/lib/python3.8/site-packages/airflow/example_dags/example_complex.py
[2025-11-27T08:18:01.870+0000] {processor.py:830} INFO - Processing file /home/airflow/.local/lib/python3.8/site-packages/airflow/example_dags/example_complex.py for tasks to queue
[2025-11-27T08:18:01.873+0000] {logging_mixin.py:188} INFO - [2025-11-27T08:18:01.873+0000] {dagbag.py:538} INFO - Filling up the DagBag from /home/airflow/.local/lib/python3.8/site-packages/airflow/example_dags/example_complex.py
[2025-11-27T08:18:01.888+0000] {processor.py:840} INFO - DAG(s) 'example_complex' retrieved from /home/airflow/.local/lib/python3.8/site-packages/airflow/example_dags/example_complex.py
[2025-11-27T08:18:01.919+0000] {logging_mixin.py:188} INFO - [2025-11-27T08:18:01.919+0000] {dag.py:3036} INFO - Sync 1 DAGs
[2025-11-27T08:18:01.930+0000] {logging_mixin.py:188} INFO - [2025-11-27T08:18:01.930+0000] {dag.py:3823} INFO - Setting next_dagrun for example_complex to None, run_after=None
[2025-11-27T08:18:01.952+0000] {processor.py:183} INFO - Processing /home/airflow/.local/lib/python3.8/site-packages/airflow/example_dags/example_complex.py took 0.087 seconds
[2025-11-27T08:18:33.208+0000] {processor.py:161} INFO - Started process (PID=355) to work on /home/airflow/.local/lib/python3.8/site-packages/airflow/example_dags/example_complex.py
[2025-11-27T08:18:33.209+0000] {processor.py:830} INFO - Processing file /home/airflow/.local/lib/python3.8/site-packages/airflow/example_dags/example_complex.py for tasks to queue
[2025-11-27T08:18:33.211+0000] {logging_mixin.py:188} INFO - [2025-11-27T08:18:33.211+0000] {dagbag.py:538} INFO - Filling up the DagBag from /home/airflow/.local/lib/python3.8/site-packages/airflow/example_dags/example_complex.py
[2025-11-27T08:18:33.221+0000] {processor.py:840} INFO - DAG(s) 'example_complex' retrieved from /home/airflow/.local/lib/python3.8/site-packages/airflow/example_dags/example_complex.py
[2025-11-27T08:18:33.254+0000] {logging_mixin.py:188} INFO - [2025-11-27T08:18:33.254+0000] {dag.py:3036} INFO - Sync 1 DAGs
[2025-11-27T08:18:33.268+0000] {logging_mixin.py:188} INFO - [2025-11-27T08:18:33.267+0000] {dag.py:3823} INFO - Setting next_dagrun for example_complex to None, run_after=None
[2025-11-27T08:18:33.287+0000] {processor.py:183} INFO - Processing /home/airflow/.local/lib/python3.8/site-packages/airflow/example_dags/example_complex.py took 0.082 seconds
[2025-11-27T08:19:03.927+0000] {processor.py:161} INFO - Started process (PID=411) to work on /home/airflow/.local/lib/python3.8/site-packages/airflow/example_dags/example_complex.py
[2025-11-27T08:19:03.929+0000] {processor.py:830} INFO - Processing file /home/airflow/.local/lib/python3.8/site-packages/airflow/example_dags/example_complex.py for tasks to queue
[2025-11-27T08:19:03.931+0000] {logging_mixin.py:188} INFO - [2025-11-27T08:19:03.930+0000] {dagbag.py:538} INFO - Filling up the DagBag from /home/airflow/.local/lib/python3.8/site-packages/airflow/example_dags/example_complex.py
[2025-11-27T08:19:03.938+0000] {processor.py:840} INFO - DAG(s) 'example_complex' retrieved from /home/airflow/.local/lib/python3.8/site-packages/airflow/example_dags/example_complex.py
[2025-11-27T08:19:03.963+0000] {logging_mixin.py:188} INFO - [2025-11-27T08:19:03.963+0000] {dag.py:3036} INFO - Sync 1 DAGs
[2025-11-27T08:19:03.972+0000] {logging_mixin.py:188} INFO - [2025-11-27T08:19:03.972+0000] {dag.py:3823} INFO - Setting next_dagrun for example_complex to None, run_after=None
[2025-11-27T08:19:03.988+0000] {processor.py:183} INFO - Processing /home/airflow/.local/lib/python3.8/site-packages/airflow/example_dags/example_complex.py took 0.063 seconds
[2025-11-27T08:19:34.500+0000] {processor.py:161} INFO - Started process (PID=467) to work on /home/airflow/.local/lib/python3.8/site-packages/airflow/example_dags/example_complex.py
[2025-11-27T08:19:34.501+0000] {processor.py:830} INFO - Processing file /home/airflow/.local/lib/python3.8/site-packages/airflow/example_dags/example_complex.py for tasks to queue
[2025-11-27T08:19:34.503+0000] {logging_mixin.py:188} INFO - [2025-11-27T08:19:34.503+0000] {dagbag.py:538} INFO - Filling up the DagBag from /home/airflow/.local/lib/python3.8/site-packages/airflow/example_dags/example_complex.py
[2025-11-27T08:19:34.512+0000] {processor.py:840} INFO - DAG(s) 'example_complex' retrieved from /home/airflow/.local/lib/python3.8/site-packages/airflow/example_dags/example_complex.py
[2025-11-27T08:19:34.536+0000] {logging_mixin.py:188} INFO - [2025-11-27T08:19:34.536+0000] {dag.py:3036} INFO - Sync 1 DAGs
[2025-11-27T08:19:34.546+0000] {logging_mixin.py:188} INFO - [2025-11-27T08:19:34.546+0000] {dag.py:3823} INFO - Setting next_dagrun for example_complex to None, run_after=None
[2025-11-27T08:19:34.565+0000] {processor.py:183} INFO - Processing /home/airflow/.local/lib/python3.8/site-packages/airflow/example_dags/example_complex.py took 0.067 seconds
[2025-11-27T08:20:04.845+0000] {processor.py:161} INFO - Started process (PID=523) to work on /home/airflow/.local/lib/python3.8/site-packages/airflow/example_dags/example_complex.py
[2025-11-27T08:20:04.846+0000] {processor.py:830} INFO - Processing file /home/airflow/.local/lib/python3.8/site-packages/airflow/example_dags/example_complex.py for tasks to queue
[2025-11-27T08:20:04.848+0000] {logging_mixin.py:188} INFO - [2025-11-27T08:20:04.847+0000] {dagbag.py:538} INFO - Filling up the DagBag from /home/airflow/.local/lib/python3.8/site-packages/airflow/example_dags/example_complex.py
[2025-11-27T08:20:04.854+0000] {processor.py:840} INFO - DAG(s) 'example_complex' retrieved from /home/airflow/.local/lib/python3.8/site-packages/airflow/example_dags/example_complex.py
[2025-11-27T08:20:04.875+0000] {logging_mixin.py:188} INFO - [2025-11-27T08:20:04.875+0000] {dag.py:3036} INFO - Sync 1 DAGs
[2025-11-27T08:20:04.884+0000] {logging_mixin.py:188} INFO - [2025-11-27T08:20:04.884+0000] {dag.py:3823} INFO - Setting next_dagrun for example_complex to None, run_after=None
[2025-11-27T08:20:04.904+0000] {processor.py:183} INFO - Processing /home/airflow/.local/lib/python3.8/site-packages/airflow/example_dags/example_complex.py took 0.062 seconds
[2025-11-27T08:20:34.950+0000] {processor.py:161} INFO - Started process (PID=579) to work on /home/airflow/.local/lib/python3.8/site-packages/airflow/example_dags/example_complex.py
[2025-11-27T08:20:34.952+0000] {processor.py:830} INFO - Processing file /home/airflow/.local/lib/python3.8/site-packages/airflow/example_dags/example_complex.py for tasks to queue
[2025-11-27T08:20:34.954+0000] {logging_mixin.py:188} INFO - [2025-11-27T08:20:34.954+0000] {dagbag.py:538} INFO - Filling up the DagBag from /home/airflow/.local/lib/python3.8/site-packages/airflow/example_dags/example_complex.py
[2025-11-27T08:20:34.966+0000] {processor.py:840} INFO - DAG(s) 'example_complex' retrieved from /home/airflow/.local/lib/python3.8/site-packages/airflow/example_dags/example_complex.py
[2025-11-27T08:20:34.999+0000] {logging_mixin.py:188} INFO - [2025-11-27T08:20:34.999+0000] {dag.py:3036} INFO - Sync 1 DAGs
[2025-11-27T08:20:35.010+0000] {logging_mixin.py:188} INFO - [2025-11-27T08:20:35.010+0000] {dag.py:3823} INFO - Setting next_dagrun for example_complex to None, run_after=None
[2025-11-27T08:20:35.027+0000] {processor.py:183} INFO - Processing /home/airflow/.local/lib/python3.8/site-packages/airflow/example_dags/example_complex.py took 0.082 seconds
[2025-11-27T08:21:06.201+0000] {processor.py:161} INFO - Started process (PID=635) to work on /home/airflow/.local/lib/python3.8/site-packages/airflow/example_dags/example_complex.py
[2025-11-27T08:21:06.202+0000] {processor.py:830} INFO - Processing file /home/airflow/.local/lib/python3.8/site-packages/airflow/example_dags/example_complex.py for tasks to queue
[2025-11-27T08:21:06.204+0000] {logging_mixin.py:188} INFO - [2025-11-27T08:21:06.204+0000] {dagbag.py:538} INFO - Filling up the DagBag from /home/airflow/.local/lib/python3.8/site-packages/airflow/example_dags/example_complex.py
[2025-11-27T08:21:06.213+0000] {processor.py:840} INFO - DAG(s) 'example_complex' retrieved from /home/airflow/.local/lib/python3.8/site-packages/airflow/example_dags/example_complex.py
[2025-11-27T08:21:06.235+0000] {logging_mixin.py:188} INFO - [2025-11-27T08:21:06.235+0000] {dag.py:3036} INFO - Sync 1 DAGs
[2025-11-27T08:21:06.244+0000] {logging_mixin.py:188} INFO - [2025-11-27T08:21:06.243+0000] {dag.py:3823} INFO - Setting next_dagrun for example_complex to None, run_after=None
[2025-11-27T08:21:06.271+0000] {processor.py:183} INFO - Processing /home/airflow/.local/lib/python3.8/site-packages/airflow/example_dags/example_complex.py took 0.073 seconds
