[2025-11-27T07:50:00.746+0000] {processor.py:161} INFO - Started process (PID=100) to work on /home/airflow/.local/lib/python3.8/site-packages/airflow/example_dags/example_task_group.py
[2025-11-27T07:50:00.749+0000] {processor.py:830} INFO - Processing file /home/airflow/.local/lib/python3.8/site-packages/airflow/example_dags/example_task_group.py for tasks to queue
[2025-11-27T07:50:00.751+0000] {logging_mixin.py:188} INFO - [2025-11-27T07:50:00.751+0000] {dagbag.py:538} INFO - Filling up the DagBag from /home/airflow/.local/lib/python3.8/site-packages/airflow/example_dags/example_task_group.py
[2025-11-27T07:50:00.756+0000] {processor.py:840} INFO - DAG(s) 'example_task_group' retrieved from /home/airflow/.local/lib/python3.8/site-packages/airflow/example_dags/example_task_group.py
[2025-11-27T07:50:00.767+0000] {logging_mixin.py:188} INFO - [2025-11-27T07:50:00.767+0000] {dag.py:3036} INFO - Sync 1 DAGs
[2025-11-27T07:50:00.786+0000] {logging_mixin.py:188} INFO - [2025-11-27T07:50:00.786+0000] {dag.py:3823} INFO - Setting next_dagrun for example_task_group to 2025-11-26 00:00:00+00:00, run_after=2025-11-27 00:00:00+00:00
[2025-11-27T07:50:00.810+0000] {processor.py:183} INFO - Processing /home/airflow/.local/lib/python3.8/site-packages/airflow/example_dags/example_task_group.py took 0.067 seconds
[2025-11-27T07:50:34.619+0000] {processor.py:161} INFO - Started process (PID=156) to work on /home/airflow/.local/lib/python3.8/site-packages/airflow/example_dags/example_task_group.py
[2025-11-27T07:50:34.621+0000] {processor.py:830} INFO - Processing file /home/airflow/.local/lib/python3.8/site-packages/airflow/example_dags/example_task_group.py for tasks to queue
[2025-11-27T07:50:34.623+0000] {logging_mixin.py:188} INFO - [2025-11-27T07:50:34.623+0000] {dagbag.py:538} INFO - Filling up the DagBag from /home/airflow/.local/lib/python3.8/site-packages/airflow/example_dags/example_task_group.py
[2025-11-27T07:50:34.629+0000] {processor.py:840} INFO - DAG(s) 'example_task_group' retrieved from /home/airflow/.local/lib/python3.8/site-packages/airflow/example_dags/example_task_group.py
[2025-11-27T07:50:34.707+0000] {logging_mixin.py:188} INFO - [2025-11-27T07:50:34.707+0000] {dag.py:3036} INFO - Sync 1 DAGs
[2025-11-27T07:50:34.723+0000] {logging_mixin.py:188} INFO - [2025-11-27T07:50:34.723+0000] {dag.py:3823} INFO - Setting next_dagrun for example_task_group to 2025-11-26 00:00:00+00:00, run_after=2025-11-27 00:00:00+00:00
[2025-11-27T07:50:34.741+0000] {processor.py:183} INFO - Processing /home/airflow/.local/lib/python3.8/site-packages/airflow/example_dags/example_task_group.py took 0.124 seconds
[2025-11-27T07:51:05.352+0000] {processor.py:161} INFO - Started process (PID=212) to work on /home/airflow/.local/lib/python3.8/site-packages/airflow/example_dags/example_task_group.py
[2025-11-27T07:51:05.353+0000] {processor.py:830} INFO - Processing file /home/airflow/.local/lib/python3.8/site-packages/airflow/example_dags/example_task_group.py for tasks to queue
[2025-11-27T07:51:05.355+0000] {logging_mixin.py:188} INFO - [2025-11-27T07:51:05.355+0000] {dagbag.py:538} INFO - Filling up the DagBag from /home/airflow/.local/lib/python3.8/site-packages/airflow/example_dags/example_task_group.py
[2025-11-27T07:51:05.359+0000] {processor.py:840} INFO - DAG(s) 'example_task_group' retrieved from /home/airflow/.local/lib/python3.8/site-packages/airflow/example_dags/example_task_group.py
[2025-11-27T07:51:05.377+0000] {logging_mixin.py:188} INFO - [2025-11-27T07:51:05.377+0000] {dag.py:3036} INFO - Sync 1 DAGs
[2025-11-27T07:51:05.393+0000] {logging_mixin.py:188} INFO - [2025-11-27T07:51:05.393+0000] {dag.py:3823} INFO - Setting next_dagrun for example_task_group to 2025-11-26 00:00:00+00:00, run_after=2025-11-27 00:00:00+00:00
[2025-11-27T07:51:05.417+0000] {processor.py:183} INFO - Processing /home/airflow/.local/lib/python3.8/site-packages/airflow/example_dags/example_task_group.py took 0.067 seconds
[2025-11-27T07:51:37.299+0000] {processor.py:161} INFO - Started process (PID=262) to work on /home/airflow/.local/lib/python3.8/site-packages/airflow/example_dags/example_task_group.py
[2025-11-27T07:51:37.300+0000] {processor.py:830} INFO - Processing file /home/airflow/.local/lib/python3.8/site-packages/airflow/example_dags/example_task_group.py for tasks to queue
[2025-11-27T07:51:37.302+0000] {logging_mixin.py:188} INFO - [2025-11-27T07:51:37.302+0000] {dagbag.py:538} INFO - Filling up the DagBag from /home/airflow/.local/lib/python3.8/site-packages/airflow/example_dags/example_task_group.py
[2025-11-27T07:51:37.308+0000] {processor.py:840} INFO - DAG(s) 'example_task_group' retrieved from /home/airflow/.local/lib/python3.8/site-packages/airflow/example_dags/example_task_group.py
[2025-11-27T07:51:37.328+0000] {logging_mixin.py:188} INFO - [2025-11-27T07:51:37.327+0000] {dag.py:3036} INFO - Sync 1 DAGs
[2025-11-27T07:51:37.345+0000] {logging_mixin.py:188} INFO - [2025-11-27T07:51:37.345+0000] {dag.py:3823} INFO - Setting next_dagrun for example_task_group to 2025-11-26 00:00:00+00:00, run_after=2025-11-27 00:00:00+00:00
[2025-11-27T07:51:37.364+0000] {processor.py:183} INFO - Processing /home/airflow/.local/lib/python3.8/site-packages/airflow/example_dags/example_task_group.py took 0.068 seconds
[2025-11-27T07:52:10.804+0000] {processor.py:161} INFO - Started process (PID=324) to work on /home/airflow/.local/lib/python3.8/site-packages/airflow/example_dags/example_task_group.py
[2025-11-27T07:52:10.806+0000] {processor.py:830} INFO - Processing file /home/airflow/.local/lib/python3.8/site-packages/airflow/example_dags/example_task_group.py for tasks to queue
[2025-11-27T07:52:10.807+0000] {logging_mixin.py:188} INFO - [2025-11-27T07:52:10.807+0000] {dagbag.py:538} INFO - Filling up the DagBag from /home/airflow/.local/lib/python3.8/site-packages/airflow/example_dags/example_task_group.py
[2025-11-27T07:52:10.813+0000] {processor.py:840} INFO - DAG(s) 'example_task_group' retrieved from /home/airflow/.local/lib/python3.8/site-packages/airflow/example_dags/example_task_group.py
[2025-11-27T07:52:10.832+0000] {logging_mixin.py:188} INFO - [2025-11-27T07:52:10.832+0000] {dag.py:3036} INFO - Sync 1 DAGs
[2025-11-27T07:52:10.847+0000] {logging_mixin.py:188} INFO - [2025-11-27T07:52:10.847+0000] {dag.py:3823} INFO - Setting next_dagrun for example_task_group to 2025-11-26 00:00:00+00:00, run_after=2025-11-27 00:00:00+00:00
[2025-11-27T07:52:10.866+0000] {processor.py:183} INFO - Processing /home/airflow/.local/lib/python3.8/site-packages/airflow/example_dags/example_task_group.py took 0.064 seconds
[2025-11-27T08:08:16.571+0000] {processor.py:161} INFO - Started process (PID=162) to work on /home/airflow/.local/lib/python3.8/site-packages/airflow/example_dags/example_task_group.py
[2025-11-27T08:08:16.574+0000] {processor.py:830} INFO - Processing file /home/airflow/.local/lib/python3.8/site-packages/airflow/example_dags/example_task_group.py for tasks to queue
[2025-11-27T08:08:16.578+0000] {logging_mixin.py:188} INFO - [2025-11-27T08:08:16.577+0000] {dagbag.py:538} INFO - Filling up the DagBag from /home/airflow/.local/lib/python3.8/site-packages/airflow/example_dags/example_task_group.py
[2025-11-27T08:08:16.588+0000] {processor.py:840} INFO - DAG(s) 'example_task_group' retrieved from /home/airflow/.local/lib/python3.8/site-packages/airflow/example_dags/example_task_group.py
[2025-11-27T08:08:16.604+0000] {logging_mixin.py:188} INFO - [2025-11-27T08:08:16.604+0000] {dag.py:3036} INFO - Sync 1 DAGs
[2025-11-27T08:08:16.628+0000] {logging_mixin.py:188} INFO - [2025-11-27T08:08:16.627+0000] {dag.py:3823} INFO - Setting next_dagrun for example_task_group to 2025-11-26 00:00:00+00:00, run_after=2025-11-27 00:00:00+00:00
[2025-11-27T08:08:16.652+0000] {processor.py:183} INFO - Processing /home/airflow/.local/lib/python3.8/site-packages/airflow/example_dags/example_task_group.py took 0.086 seconds
[2025-11-27T08:08:51.665+0000] {processor.py:161} INFO - Started process (PID=218) to work on /home/airflow/.local/lib/python3.8/site-packages/airflow/example_dags/example_task_group.py
[2025-11-27T08:08:51.666+0000] {processor.py:830} INFO - Processing file /home/airflow/.local/lib/python3.8/site-packages/airflow/example_dags/example_task_group.py for tasks to queue
[2025-11-27T08:08:51.668+0000] {logging_mixin.py:188} INFO - [2025-11-27T08:08:51.668+0000] {dagbag.py:538} INFO - Filling up the DagBag from /home/airflow/.local/lib/python3.8/site-packages/airflow/example_dags/example_task_group.py
[2025-11-27T08:08:51.674+0000] {processor.py:840} INFO - DAG(s) 'example_task_group' retrieved from /home/airflow/.local/lib/python3.8/site-packages/airflow/example_dags/example_task_group.py
[2025-11-27T08:08:51.863+0000] {logging_mixin.py:188} INFO - [2025-11-27T08:08:51.862+0000] {dag.py:3036} INFO - Sync 1 DAGs
[2025-11-27T08:08:51.877+0000] {logging_mixin.py:188} INFO - [2025-11-27T08:08:51.877+0000] {dag.py:3823} INFO - Setting next_dagrun for example_task_group to 2025-11-26 00:00:00+00:00, run_after=2025-11-27 00:00:00+00:00
[2025-11-27T08:08:51.896+0000] {processor.py:183} INFO - Processing /home/airflow/.local/lib/python3.8/site-packages/airflow/example_dags/example_task_group.py took 0.234 seconds
[2025-11-27T08:09:21.969+0000] {processor.py:161} INFO - Started process (PID=274) to work on /home/airflow/.local/lib/python3.8/site-packages/airflow/example_dags/example_task_group.py
[2025-11-27T08:09:21.970+0000] {processor.py:830} INFO - Processing file /home/airflow/.local/lib/python3.8/site-packages/airflow/example_dags/example_task_group.py for tasks to queue
[2025-11-27T08:09:21.972+0000] {logging_mixin.py:188} INFO - [2025-11-27T08:09:21.972+0000] {dagbag.py:538} INFO - Filling up the DagBag from /home/airflow/.local/lib/python3.8/site-packages/airflow/example_dags/example_task_group.py
[2025-11-27T08:09:21.977+0000] {processor.py:840} INFO - DAG(s) 'example_task_group' retrieved from /home/airflow/.local/lib/python3.8/site-packages/airflow/example_dags/example_task_group.py
[2025-11-27T08:09:21.999+0000] {logging_mixin.py:188} INFO - [2025-11-27T08:09:21.999+0000] {dag.py:3036} INFO - Sync 1 DAGs
[2025-11-27T08:09:22.020+0000] {logging_mixin.py:188} INFO - [2025-11-27T08:09:22.020+0000] {dag.py:3823} INFO - Setting next_dagrun for example_task_group to 2025-11-26 00:00:00+00:00, run_after=2025-11-27 00:00:00+00:00
[2025-11-27T08:09:22.038+0000] {processor.py:183} INFO - Processing /home/airflow/.local/lib/python3.8/site-packages/airflow/example_dags/example_task_group.py took 0.072 seconds
[2025-11-27T08:09:52.174+0000] {processor.py:161} INFO - Started process (PID=324) to work on /home/airflow/.local/lib/python3.8/site-packages/airflow/example_dags/example_task_group.py
[2025-11-27T08:09:52.175+0000] {processor.py:830} INFO - Processing file /home/airflow/.local/lib/python3.8/site-packages/airflow/example_dags/example_task_group.py for tasks to queue
[2025-11-27T08:09:52.177+0000] {logging_mixin.py:188} INFO - [2025-11-27T08:09:52.177+0000] {dagbag.py:538} INFO - Filling up the DagBag from /home/airflow/.local/lib/python3.8/site-packages/airflow/example_dags/example_task_group.py
[2025-11-27T08:09:52.184+0000] {processor.py:840} INFO - DAG(s) 'example_task_group' retrieved from /home/airflow/.local/lib/python3.8/site-packages/airflow/example_dags/example_task_group.py
[2025-11-27T08:09:52.203+0000] {logging_mixin.py:188} INFO - [2025-11-27T08:09:52.203+0000] {dag.py:3036} INFO - Sync 1 DAGs
[2025-11-27T08:09:52.221+0000] {logging_mixin.py:188} INFO - [2025-11-27T08:09:52.221+0000] {dag.py:3823} INFO - Setting next_dagrun for example_task_group to 2025-11-26 00:00:00+00:00, run_after=2025-11-27 00:00:00+00:00
[2025-11-27T08:09:52.239+0000] {processor.py:183} INFO - Processing /home/airflow/.local/lib/python3.8/site-packages/airflow/example_dags/example_task_group.py took 0.068 seconds
[2025-11-27T08:10:22.319+0000] {processor.py:161} INFO - Started process (PID=380) to work on /home/airflow/.local/lib/python3.8/site-packages/airflow/example_dags/example_task_group.py
[2025-11-27T08:10:22.320+0000] {processor.py:830} INFO - Processing file /home/airflow/.local/lib/python3.8/site-packages/airflow/example_dags/example_task_group.py for tasks to queue
[2025-11-27T08:10:22.322+0000] {logging_mixin.py:188} INFO - [2025-11-27T08:10:22.322+0000] {dagbag.py:538} INFO - Filling up the DagBag from /home/airflow/.local/lib/python3.8/site-packages/airflow/example_dags/example_task_group.py
[2025-11-27T08:10:22.329+0000] {processor.py:840} INFO - DAG(s) 'example_task_group' retrieved from /home/airflow/.local/lib/python3.8/site-packages/airflow/example_dags/example_task_group.py
[2025-11-27T08:10:22.349+0000] {logging_mixin.py:188} INFO - [2025-11-27T08:10:22.349+0000] {dag.py:3036} INFO - Sync 1 DAGs
[2025-11-27T08:10:22.366+0000] {logging_mixin.py:188} INFO - [2025-11-27T08:10:22.365+0000] {dag.py:3823} INFO - Setting next_dagrun for example_task_group to 2025-11-26 00:00:00+00:00, run_after=2025-11-27 00:00:00+00:00
[2025-11-27T08:10:22.384+0000] {processor.py:183} INFO - Processing /home/airflow/.local/lib/python3.8/site-packages/airflow/example_dags/example_task_group.py took 0.068 seconds
[2025-11-27T08:10:53.399+0000] {processor.py:161} INFO - Started process (PID=437) to work on /home/airflow/.local/lib/python3.8/site-packages/airflow/example_dags/example_task_group.py
[2025-11-27T08:10:53.400+0000] {processor.py:830} INFO - Processing file /home/airflow/.local/lib/python3.8/site-packages/airflow/example_dags/example_task_group.py for tasks to queue
[2025-11-27T08:10:53.402+0000] {logging_mixin.py:188} INFO - [2025-11-27T08:10:53.402+0000] {dagbag.py:538} INFO - Filling up the DagBag from /home/airflow/.local/lib/python3.8/site-packages/airflow/example_dags/example_task_group.py
[2025-11-27T08:10:53.408+0000] {processor.py:840} INFO - DAG(s) 'example_task_group' retrieved from /home/airflow/.local/lib/python3.8/site-packages/airflow/example_dags/example_task_group.py
[2025-11-27T08:10:53.425+0000] {logging_mixin.py:188} INFO - [2025-11-27T08:10:53.425+0000] {dag.py:3036} INFO - Sync 1 DAGs
[2025-11-27T08:10:53.440+0000] {logging_mixin.py:188} INFO - [2025-11-27T08:10:53.440+0000] {dag.py:3823} INFO - Setting next_dagrun for example_task_group to 2025-11-26 00:00:00+00:00, run_after=2025-11-27 00:00:00+00:00
[2025-11-27T08:10:53.461+0000] {processor.py:183} INFO - Processing /home/airflow/.local/lib/python3.8/site-packages/airflow/example_dags/example_task_group.py took 0.065 seconds
[2025-11-27T08:11:23.820+0000] {processor.py:161} INFO - Started process (PID=493) to work on /home/airflow/.local/lib/python3.8/site-packages/airflow/example_dags/example_task_group.py
[2025-11-27T08:11:23.821+0000] {processor.py:830} INFO - Processing file /home/airflow/.local/lib/python3.8/site-packages/airflow/example_dags/example_task_group.py for tasks to queue
[2025-11-27T08:11:23.823+0000] {logging_mixin.py:188} INFO - [2025-11-27T08:11:23.823+0000] {dagbag.py:538} INFO - Filling up the DagBag from /home/airflow/.local/lib/python3.8/site-packages/airflow/example_dags/example_task_group.py
[2025-11-27T08:11:23.830+0000] {processor.py:840} INFO - DAG(s) 'example_task_group' retrieved from /home/airflow/.local/lib/python3.8/site-packages/airflow/example_dags/example_task_group.py
[2025-11-27T08:11:23.850+0000] {logging_mixin.py:188} INFO - [2025-11-27T08:11:23.849+0000] {dag.py:3036} INFO - Sync 1 DAGs
[2025-11-27T08:11:23.867+0000] {logging_mixin.py:188} INFO - [2025-11-27T08:11:23.867+0000] {dag.py:3823} INFO - Setting next_dagrun for example_task_group to 2025-11-26 00:00:00+00:00, run_after=2025-11-27 00:00:00+00:00
[2025-11-27T08:11:23.886+0000] {processor.py:183} INFO - Processing /home/airflow/.local/lib/python3.8/site-packages/airflow/example_dags/example_task_group.py took 0.068 seconds
[2025-11-27T08:11:54.093+0000] {processor.py:161} INFO - Started process (PID=549) to work on /home/airflow/.local/lib/python3.8/site-packages/airflow/example_dags/example_task_group.py
[2025-11-27T08:11:54.094+0000] {processor.py:830} INFO - Processing file /home/airflow/.local/lib/python3.8/site-packages/airflow/example_dags/example_task_group.py for tasks to queue
[2025-11-27T08:11:54.096+0000] {logging_mixin.py:188} INFO - [2025-11-27T08:11:54.095+0000] {dagbag.py:538} INFO - Filling up the DagBag from /home/airflow/.local/lib/python3.8/site-packages/airflow/example_dags/example_task_group.py
[2025-11-27T08:11:54.101+0000] {processor.py:840} INFO - DAG(s) 'example_task_group' retrieved from /home/airflow/.local/lib/python3.8/site-packages/airflow/example_dags/example_task_group.py
[2025-11-27T08:11:54.119+0000] {logging_mixin.py:188} INFO - [2025-11-27T08:11:54.118+0000] {dag.py:3036} INFO - Sync 1 DAGs
[2025-11-27T08:11:54.134+0000] {logging_mixin.py:188} INFO - [2025-11-27T08:11:54.134+0000] {dag.py:3823} INFO - Setting next_dagrun for example_task_group to 2025-11-26 00:00:00+00:00, run_after=2025-11-27 00:00:00+00:00
[2025-11-27T08:11:54.151+0000] {processor.py:183} INFO - Processing /home/airflow/.local/lib/python3.8/site-packages/airflow/example_dags/example_task_group.py took 0.060 seconds
[2025-11-27T08:12:24.669+0000] {processor.py:161} INFO - Started process (PID=605) to work on /home/airflow/.local/lib/python3.8/site-packages/airflow/example_dags/example_task_group.py
[2025-11-27T08:12:24.670+0000] {processor.py:830} INFO - Processing file /home/airflow/.local/lib/python3.8/site-packages/airflow/example_dags/example_task_group.py for tasks to queue
[2025-11-27T08:12:24.672+0000] {logging_mixin.py:188} INFO - [2025-11-27T08:12:24.672+0000] {dagbag.py:538} INFO - Filling up the DagBag from /home/airflow/.local/lib/python3.8/site-packages/airflow/example_dags/example_task_group.py
[2025-11-27T08:12:24.678+0000] {processor.py:840} INFO - DAG(s) 'example_task_group' retrieved from /home/airflow/.local/lib/python3.8/site-packages/airflow/example_dags/example_task_group.py
[2025-11-27T08:12:24.697+0000] {logging_mixin.py:188} INFO - [2025-11-27T08:12:24.697+0000] {dag.py:3036} INFO - Sync 1 DAGs
[2025-11-27T08:12:24.713+0000] {logging_mixin.py:188} INFO - [2025-11-27T08:12:24.713+0000] {dag.py:3823} INFO - Setting next_dagrun for example_task_group to 2025-11-26 00:00:00+00:00, run_after=2025-11-27 00:00:00+00:00
[2025-11-27T08:12:24.731+0000] {processor.py:183} INFO - Processing /home/airflow/.local/lib/python3.8/site-packages/airflow/example_dags/example_task_group.py took 0.065 seconds
[2025-11-27T08:12:55.317+0000] {processor.py:161} INFO - Started process (PID=661) to work on /home/airflow/.local/lib/python3.8/site-packages/airflow/example_dags/example_task_group.py
[2025-11-27T08:12:55.318+0000] {processor.py:830} INFO - Processing file /home/airflow/.local/lib/python3.8/site-packages/airflow/example_dags/example_task_group.py for tasks to queue
[2025-11-27T08:12:55.320+0000] {logging_mixin.py:188} INFO - [2025-11-27T08:12:55.319+0000] {dagbag.py:538} INFO - Filling up the DagBag from /home/airflow/.local/lib/python3.8/site-packages/airflow/example_dags/example_task_group.py
[2025-11-27T08:12:55.326+0000] {processor.py:840} INFO - DAG(s) 'example_task_group' retrieved from /home/airflow/.local/lib/python3.8/site-packages/airflow/example_dags/example_task_group.py
[2025-11-27T08:12:55.345+0000] {logging_mixin.py:188} INFO - [2025-11-27T08:12:55.344+0000] {dag.py:3036} INFO - Sync 1 DAGs
[2025-11-27T08:12:55.363+0000] {logging_mixin.py:188} INFO - [2025-11-27T08:12:55.363+0000] {dag.py:3823} INFO - Setting next_dagrun for example_task_group to 2025-11-26 00:00:00+00:00, run_after=2025-11-27 00:00:00+00:00
[2025-11-27T08:12:55.382+0000] {processor.py:183} INFO - Processing /home/airflow/.local/lib/python3.8/site-packages/airflow/example_dags/example_task_group.py took 0.068 seconds
[2025-11-27T08:13:25.638+0000] {processor.py:161} INFO - Started process (PID=717) to work on /home/airflow/.local/lib/python3.8/site-packages/airflow/example_dags/example_task_group.py
[2025-11-27T08:13:25.639+0000] {processor.py:830} INFO - Processing file /home/airflow/.local/lib/python3.8/site-packages/airflow/example_dags/example_task_group.py for tasks to queue
[2025-11-27T08:13:25.641+0000] {logging_mixin.py:188} INFO - [2025-11-27T08:13:25.641+0000] {dagbag.py:538} INFO - Filling up the DagBag from /home/airflow/.local/lib/python3.8/site-packages/airflow/example_dags/example_task_group.py
[2025-11-27T08:13:25.647+0000] {processor.py:840} INFO - DAG(s) 'example_task_group' retrieved from /home/airflow/.local/lib/python3.8/site-packages/airflow/example_dags/example_task_group.py
[2025-11-27T08:13:25.667+0000] {logging_mixin.py:188} INFO - [2025-11-27T08:13:25.667+0000] {dag.py:3036} INFO - Sync 1 DAGs
[2025-11-27T08:13:25.682+0000] {logging_mixin.py:188} INFO - [2025-11-27T08:13:25.682+0000] {dag.py:3823} INFO - Setting next_dagrun for example_task_group to 2025-11-26 00:00:00+00:00, run_after=2025-11-27 00:00:00+00:00
[2025-11-27T08:13:25.698+0000] {processor.py:183} INFO - Processing /home/airflow/.local/lib/python3.8/site-packages/airflow/example_dags/example_task_group.py took 0.062 seconds
[2025-11-27T08:13:56.045+0000] {processor.py:161} INFO - Started process (PID=773) to work on /home/airflow/.local/lib/python3.8/site-packages/airflow/example_dags/example_task_group.py
[2025-11-27T08:13:56.047+0000] {processor.py:830} INFO - Processing file /home/airflow/.local/lib/python3.8/site-packages/airflow/example_dags/example_task_group.py for tasks to queue
[2025-11-27T08:13:56.049+0000] {logging_mixin.py:188} INFO - [2025-11-27T08:13:56.049+0000] {dagbag.py:538} INFO - Filling up the DagBag from /home/airflow/.local/lib/python3.8/site-packages/airflow/example_dags/example_task_group.py
[2025-11-27T08:13:56.058+0000] {processor.py:840} INFO - DAG(s) 'example_task_group' retrieved from /home/airflow/.local/lib/python3.8/site-packages/airflow/example_dags/example_task_group.py
[2025-11-27T08:13:56.086+0000] {logging_mixin.py:188} INFO - [2025-11-27T08:13:56.086+0000] {dag.py:3036} INFO - Sync 1 DAGs
[2025-11-27T08:13:56.102+0000] {logging_mixin.py:188} INFO - [2025-11-27T08:13:56.102+0000] {dag.py:3823} INFO - Setting next_dagrun for example_task_group to 2025-11-26 00:00:00+00:00, run_after=2025-11-27 00:00:00+00:00
[2025-11-27T08:13:56.119+0000] {processor.py:183} INFO - Processing /home/airflow/.local/lib/python3.8/site-packages/airflow/example_dags/example_task_group.py took 0.078 seconds
[2025-11-27T08:14:26.355+0000] {processor.py:161} INFO - Started process (PID=829) to work on /home/airflow/.local/lib/python3.8/site-packages/airflow/example_dags/example_task_group.py
[2025-11-27T08:14:26.357+0000] {processor.py:830} INFO - Processing file /home/airflow/.local/lib/python3.8/site-packages/airflow/example_dags/example_task_group.py for tasks to queue
[2025-11-27T08:14:26.358+0000] {logging_mixin.py:188} INFO - [2025-11-27T08:14:26.358+0000] {dagbag.py:538} INFO - Filling up the DagBag from /home/airflow/.local/lib/python3.8/site-packages/airflow/example_dags/example_task_group.py
[2025-11-27T08:14:26.364+0000] {processor.py:840} INFO - DAG(s) 'example_task_group' retrieved from /home/airflow/.local/lib/python3.8/site-packages/airflow/example_dags/example_task_group.py
[2025-11-27T08:14:26.383+0000] {logging_mixin.py:188} INFO - [2025-11-27T08:14:26.383+0000] {dag.py:3036} INFO - Sync 1 DAGs
[2025-11-27T08:14:26.400+0000] {logging_mixin.py:188} INFO - [2025-11-27T08:14:26.400+0000] {dag.py:3823} INFO - Setting next_dagrun for example_task_group to 2025-11-26 00:00:00+00:00, run_after=2025-11-27 00:00:00+00:00
[2025-11-27T08:14:26.423+0000] {processor.py:183} INFO - Processing /home/airflow/.local/lib/python3.8/site-packages/airflow/example_dags/example_task_group.py took 0.070 seconds
[2025-11-27T08:14:57.461+0000] {processor.py:161} INFO - Started process (PID=885) to work on /home/airflow/.local/lib/python3.8/site-packages/airflow/example_dags/example_task_group.py
[2025-11-27T08:14:57.462+0000] {processor.py:830} INFO - Processing file /home/airflow/.local/lib/python3.8/site-packages/airflow/example_dags/example_task_group.py for tasks to queue
[2025-11-27T08:14:57.464+0000] {logging_mixin.py:188} INFO - [2025-11-27T08:14:57.464+0000] {dagbag.py:538} INFO - Filling up the DagBag from /home/airflow/.local/lib/python3.8/site-packages/airflow/example_dags/example_task_group.py
[2025-11-27T08:14:57.469+0000] {processor.py:840} INFO - DAG(s) 'example_task_group' retrieved from /home/airflow/.local/lib/python3.8/site-packages/airflow/example_dags/example_task_group.py
[2025-11-27T08:14:57.485+0000] {logging_mixin.py:188} INFO - [2025-11-27T08:14:57.485+0000] {dag.py:3036} INFO - Sync 1 DAGs
[2025-11-27T08:14:57.501+0000] {logging_mixin.py:188} INFO - [2025-11-27T08:14:57.501+0000] {dag.py:3823} INFO - Setting next_dagrun for example_task_group to 2025-11-26 00:00:00+00:00, run_after=2025-11-27 00:00:00+00:00
[2025-11-27T08:14:57.520+0000] {processor.py:183} INFO - Processing /home/airflow/.local/lib/python3.8/site-packages/airflow/example_dags/example_task_group.py took 0.062 seconds
[2025-11-27T08:16:31.696+0000] {processor.py:161} INFO - Started process (PID=163) to work on /home/airflow/.local/lib/python3.8/site-packages/airflow/example_dags/example_task_group.py
[2025-11-27T08:16:31.698+0000] {processor.py:830} INFO - Processing file /home/airflow/.local/lib/python3.8/site-packages/airflow/example_dags/example_task_group.py for tasks to queue
[2025-11-27T08:16:31.700+0000] {logging_mixin.py:188} INFO - [2025-11-27T08:16:31.699+0000] {dagbag.py:538} INFO - Filling up the DagBag from /home/airflow/.local/lib/python3.8/site-packages/airflow/example_dags/example_task_group.py
[2025-11-27T08:16:31.707+0000] {processor.py:840} INFO - DAG(s) 'example_task_group' retrieved from /home/airflow/.local/lib/python3.8/site-packages/airflow/example_dags/example_task_group.py
[2025-11-27T08:16:31.722+0000] {logging_mixin.py:188} INFO - [2025-11-27T08:16:31.722+0000] {dag.py:3036} INFO - Sync 1 DAGs
[2025-11-27T08:16:31.744+0000] {logging_mixin.py:188} INFO - [2025-11-27T08:16:31.743+0000] {dag.py:3823} INFO - Setting next_dagrun for example_task_group to 2025-11-26 00:00:00+00:00, run_after=2025-11-27 00:00:00+00:00
[2025-11-27T08:16:31.765+0000] {processor.py:183} INFO - Processing /home/airflow/.local/lib/python3.8/site-packages/airflow/example_dags/example_task_group.py took 0.072 seconds
[2025-11-27T08:17:07.295+0000] {processor.py:161} INFO - Started process (PID=219) to work on /home/airflow/.local/lib/python3.8/site-packages/airflow/example_dags/example_task_group.py
[2025-11-27T08:17:07.296+0000] {processor.py:830} INFO - Processing file /home/airflow/.local/lib/python3.8/site-packages/airflow/example_dags/example_task_group.py for tasks to queue
[2025-11-27T08:17:07.298+0000] {logging_mixin.py:188} INFO - [2025-11-27T08:17:07.298+0000] {dagbag.py:538} INFO - Filling up the DagBag from /home/airflow/.local/lib/python3.8/site-packages/airflow/example_dags/example_task_group.py
[2025-11-27T08:17:07.305+0000] {processor.py:840} INFO - DAG(s) 'example_task_group' retrieved from /home/airflow/.local/lib/python3.8/site-packages/airflow/example_dags/example_task_group.py
[2025-11-27T08:17:07.502+0000] {logging_mixin.py:188} INFO - [2025-11-27T08:17:07.501+0000] {dag.py:3036} INFO - Sync 1 DAGs
[2025-11-27T08:17:07.515+0000] {logging_mixin.py:188} INFO - [2025-11-27T08:17:07.515+0000] {dag.py:3823} INFO - Setting next_dagrun for example_task_group to 2025-11-26 00:00:00+00:00, run_after=2025-11-27 00:00:00+00:00
[2025-11-27T08:17:07.533+0000] {processor.py:183} INFO - Processing /home/airflow/.local/lib/python3.8/site-packages/airflow/example_dags/example_task_group.py took 0.241 seconds
[2025-11-27T08:17:39.436+0000] {processor.py:161} INFO - Started process (PID=275) to work on /home/airflow/.local/lib/python3.8/site-packages/airflow/example_dags/example_task_group.py
[2025-11-27T08:17:39.438+0000] {processor.py:830} INFO - Processing file /home/airflow/.local/lib/python3.8/site-packages/airflow/example_dags/example_task_group.py for tasks to queue
[2025-11-27T08:17:39.440+0000] {logging_mixin.py:188} INFO - [2025-11-27T08:17:39.440+0000] {dagbag.py:538} INFO - Filling up the DagBag from /home/airflow/.local/lib/python3.8/site-packages/airflow/example_dags/example_task_group.py
[2025-11-27T08:17:39.447+0000] {processor.py:840} INFO - DAG(s) 'example_task_group' retrieved from /home/airflow/.local/lib/python3.8/site-packages/airflow/example_dags/example_task_group.py
[2025-11-27T08:17:39.473+0000] {logging_mixin.py:188} INFO - [2025-11-27T08:17:39.473+0000] {dag.py:3036} INFO - Sync 1 DAGs
[2025-11-27T08:17:39.491+0000] {logging_mixin.py:188} INFO - [2025-11-27T08:17:39.490+0000] {dag.py:3823} INFO - Setting next_dagrun for example_task_group to 2025-11-26 00:00:00+00:00, run_after=2025-11-27 00:00:00+00:00
[2025-11-27T08:17:39.507+0000] {processor.py:183} INFO - Processing /home/airflow/.local/lib/python3.8/site-packages/airflow/example_dags/example_task_group.py took 0.076 seconds
[2025-11-27T08:18:11.694+0000] {processor.py:161} INFO - Started process (PID=331) to work on /home/airflow/.local/lib/python3.8/site-packages/airflow/example_dags/example_task_group.py
[2025-11-27T08:18:11.695+0000] {processor.py:830} INFO - Processing file /home/airflow/.local/lib/python3.8/site-packages/airflow/example_dags/example_task_group.py for tasks to queue
[2025-11-27T08:18:11.697+0000] {logging_mixin.py:188} INFO - [2025-11-27T08:18:11.697+0000] {dagbag.py:538} INFO - Filling up the DagBag from /home/airflow/.local/lib/python3.8/site-packages/airflow/example_dags/example_task_group.py
[2025-11-27T08:18:11.703+0000] {processor.py:840} INFO - DAG(s) 'example_task_group' retrieved from /home/airflow/.local/lib/python3.8/site-packages/airflow/example_dags/example_task_group.py
[2025-11-27T08:18:11.721+0000] {logging_mixin.py:188} INFO - [2025-11-27T08:18:11.721+0000] {dag.py:3036} INFO - Sync 1 DAGs
[2025-11-27T08:18:11.737+0000] {logging_mixin.py:188} INFO - [2025-11-27T08:18:11.737+0000] {dag.py:3823} INFO - Setting next_dagrun for example_task_group to 2025-11-26 00:00:00+00:00, run_after=2025-11-27 00:00:00+00:00
[2025-11-27T08:18:12.378+0000] {processor.py:183} INFO - Processing /home/airflow/.local/lib/python3.8/site-packages/airflow/example_dags/example_task_group.py took 0.687 seconds
[2025-11-27T08:18:42.514+0000] {processor.py:161} INFO - Started process (PID=387) to work on /home/airflow/.local/lib/python3.8/site-packages/airflow/example_dags/example_task_group.py
[2025-11-27T08:18:42.516+0000] {processor.py:830} INFO - Processing file /home/airflow/.local/lib/python3.8/site-packages/airflow/example_dags/example_task_group.py for tasks to queue
[2025-11-27T08:18:42.517+0000] {logging_mixin.py:188} INFO - [2025-11-27T08:18:42.517+0000] {dagbag.py:538} INFO - Filling up the DagBag from /home/airflow/.local/lib/python3.8/site-packages/airflow/example_dags/example_task_group.py
[2025-11-27T08:18:42.523+0000] {processor.py:840} INFO - DAG(s) 'example_task_group' retrieved from /home/airflow/.local/lib/python3.8/site-packages/airflow/example_dags/example_task_group.py
[2025-11-27T08:18:42.540+0000] {logging_mixin.py:188} INFO - [2025-11-27T08:18:42.540+0000] {dag.py:3036} INFO - Sync 1 DAGs
[2025-11-27T08:18:42.555+0000] {logging_mixin.py:188} INFO - [2025-11-27T08:18:42.554+0000] {dag.py:3823} INFO - Setting next_dagrun for example_task_group to 2025-11-26 00:00:00+00:00, run_after=2025-11-27 00:00:00+00:00
[2025-11-27T08:18:42.573+0000] {processor.py:183} INFO - Processing /home/airflow/.local/lib/python3.8/site-packages/airflow/example_dags/example_task_group.py took 0.061 seconds
[2025-11-27T08:19:16.613+0000] {processor.py:161} INFO - Started process (PID=443) to work on /home/airflow/.local/lib/python3.8/site-packages/airflow/example_dags/example_task_group.py
[2025-11-27T08:19:16.615+0000] {processor.py:830} INFO - Processing file /home/airflow/.local/lib/python3.8/site-packages/airflow/example_dags/example_task_group.py for tasks to queue
[2025-11-27T08:19:16.618+0000] {logging_mixin.py:188} INFO - [2025-11-27T08:19:16.618+0000] {dagbag.py:538} INFO - Filling up the DagBag from /home/airflow/.local/lib/python3.8/site-packages/airflow/example_dags/example_task_group.py
[2025-11-27T08:19:16.626+0000] {processor.py:840} INFO - DAG(s) 'example_task_group' retrieved from /home/airflow/.local/lib/python3.8/site-packages/airflow/example_dags/example_task_group.py
[2025-11-27T08:19:16.651+0000] {logging_mixin.py:188} INFO - [2025-11-27T08:19:16.650+0000] {dag.py:3036} INFO - Sync 1 DAGs
[2025-11-27T08:19:16.670+0000] {logging_mixin.py:188} INFO - [2025-11-27T08:19:16.670+0000] {dag.py:3823} INFO - Setting next_dagrun for example_task_group to 2025-11-26 00:00:00+00:00, run_after=2025-11-27 00:00:00+00:00
[2025-11-27T08:19:16.691+0000] {processor.py:183} INFO - Processing /home/airflow/.local/lib/python3.8/site-packages/airflow/example_dags/example_task_group.py took 0.082 seconds
[2025-11-27T08:19:46.739+0000] {processor.py:161} INFO - Started process (PID=499) to work on /home/airflow/.local/lib/python3.8/site-packages/airflow/example_dags/example_task_group.py
[2025-11-27T08:19:46.740+0000] {processor.py:830} INFO - Processing file /home/airflow/.local/lib/python3.8/site-packages/airflow/example_dags/example_task_group.py for tasks to queue
[2025-11-27T08:19:46.742+0000] {logging_mixin.py:188} INFO - [2025-11-27T08:19:46.741+0000] {dagbag.py:538} INFO - Filling up the DagBag from /home/airflow/.local/lib/python3.8/site-packages/airflow/example_dags/example_task_group.py
[2025-11-27T08:19:46.748+0000] {processor.py:840} INFO - DAG(s) 'example_task_group' retrieved from /home/airflow/.local/lib/python3.8/site-packages/airflow/example_dags/example_task_group.py
[2025-11-27T08:19:46.764+0000] {logging_mixin.py:188} INFO - [2025-11-27T08:19:46.764+0000] {dag.py:3036} INFO - Sync 1 DAGs
[2025-11-27T08:19:46.782+0000] {logging_mixin.py:188} INFO - [2025-11-27T08:19:46.782+0000] {dag.py:3823} INFO - Setting next_dagrun for example_task_group to 2025-11-26 00:00:00+00:00, run_after=2025-11-27 00:00:00+00:00
[2025-11-27T08:19:46.798+0000] {processor.py:183} INFO - Processing /home/airflow/.local/lib/python3.8/site-packages/airflow/example_dags/example_task_group.py took 0.062 seconds
[2025-11-27T08:20:19.551+0000] {processor.py:161} INFO - Started process (PID=555) to work on /home/airflow/.local/lib/python3.8/site-packages/airflow/example_dags/example_task_group.py
[2025-11-27T08:20:19.554+0000] {processor.py:830} INFO - Processing file /home/airflow/.local/lib/python3.8/site-packages/airflow/example_dags/example_task_group.py for tasks to queue
[2025-11-27T08:20:19.558+0000] {logging_mixin.py:188} INFO - [2025-11-27T08:20:19.558+0000] {dagbag.py:538} INFO - Filling up the DagBag from /home/airflow/.local/lib/python3.8/site-packages/airflow/example_dags/example_task_group.py
[2025-11-27T08:20:19.563+0000] {processor.py:840} INFO - DAG(s) 'example_task_group' retrieved from /home/airflow/.local/lib/python3.8/site-packages/airflow/example_dags/example_task_group.py
[2025-11-27T08:20:19.584+0000] {logging_mixin.py:188} INFO - [2025-11-27T08:20:19.584+0000] {dag.py:3036} INFO - Sync 1 DAGs
[2025-11-27T08:20:19.602+0000] {logging_mixin.py:188} INFO - [2025-11-27T08:20:19.602+0000] {dag.py:3823} INFO - Setting next_dagrun for example_task_group to 2025-11-26 00:00:00+00:00, run_after=2025-11-27 00:00:00+00:00
[2025-11-27T08:20:19.623+0000] {processor.py:183} INFO - Processing /home/airflow/.local/lib/python3.8/site-packages/airflow/example_dags/example_task_group.py took 0.075 seconds
[2025-11-27T08:20:51.491+0000] {processor.py:161} INFO - Started process (PID=611) to work on /home/airflow/.local/lib/python3.8/site-packages/airflow/example_dags/example_task_group.py
[2025-11-27T08:20:51.492+0000] {processor.py:830} INFO - Processing file /home/airflow/.local/lib/python3.8/site-packages/airflow/example_dags/example_task_group.py for tasks to queue
[2025-11-27T08:20:51.495+0000] {logging_mixin.py:188} INFO - [2025-11-27T08:20:51.494+0000] {dagbag.py:538} INFO - Filling up the DagBag from /home/airflow/.local/lib/python3.8/site-packages/airflow/example_dags/example_task_group.py
[2025-11-27T08:20:51.501+0000] {processor.py:840} INFO - DAG(s) 'example_task_group' retrieved from /home/airflow/.local/lib/python3.8/site-packages/airflow/example_dags/example_task_group.py
[2025-11-27T08:20:51.521+0000] {logging_mixin.py:188} INFO - [2025-11-27T08:20:51.521+0000] {dag.py:3036} INFO - Sync 1 DAGs
[2025-11-27T08:20:51.539+0000] {logging_mixin.py:188} INFO - [2025-11-27T08:20:51.538+0000] {dag.py:3823} INFO - Setting next_dagrun for example_task_group to 2025-11-26 00:00:00+00:00, run_after=2025-11-27 00:00:00+00:00
[2025-11-27T08:20:51.557+0000] {processor.py:183} INFO - Processing /home/airflow/.local/lib/python3.8/site-packages/airflow/example_dags/example_task_group.py took 0.070 seconds
[2025-11-27T08:21:24.312+0000] {processor.py:161} INFO - Started process (PID=667) to work on /home/airflow/.local/lib/python3.8/site-packages/airflow/example_dags/example_task_group.py
[2025-11-27T08:21:24.313+0000] {processor.py:830} INFO - Processing file /home/airflow/.local/lib/python3.8/site-packages/airflow/example_dags/example_task_group.py for tasks to queue
[2025-11-27T08:21:24.316+0000] {logging_mixin.py:188} INFO - [2025-11-27T08:21:24.316+0000] {dagbag.py:538} INFO - Filling up the DagBag from /home/airflow/.local/lib/python3.8/site-packages/airflow/example_dags/example_task_group.py
[2025-11-27T08:21:24.322+0000] {processor.py:840} INFO - DAG(s) 'example_task_group' retrieved from /home/airflow/.local/lib/python3.8/site-packages/airflow/example_dags/example_task_group.py
[2025-11-27T08:21:24.341+0000] {logging_mixin.py:188} INFO - [2025-11-27T08:21:24.341+0000] {dag.py:3036} INFO - Sync 1 DAGs
[2025-11-27T08:21:24.359+0000] {logging_mixin.py:188} INFO - [2025-11-27T08:21:24.358+0000] {dag.py:3823} INFO - Setting next_dagrun for example_task_group to 2025-11-26 00:00:00+00:00, run_after=2025-11-27 00:00:00+00:00
[2025-11-27T08:21:24.377+0000] {processor.py:183} INFO - Processing /home/airflow/.local/lib/python3.8/site-packages/airflow/example_dags/example_task_group.py took 0.069 seconds
