[2025-11-27T07:49:58.904+0000] {processor.py:161} INFO - Started process (PID=70) to work on /home/airflow/.local/lib/python3.8/site-packages/airflow/example_dags/example_short_circuit_operator.py
[2025-11-27T07:49:58.905+0000] {processor.py:830} INFO - Processing file /home/airflow/.local/lib/python3.8/site-packages/airflow/example_dags/example_short_circuit_operator.py for tasks to queue
[2025-11-27T07:49:58.907+0000] {logging_mixin.py:188} INFO - [2025-11-27T07:49:58.907+0000] {dagbag.py:538} INFO - Filling up the DagBag from /home/airflow/.local/lib/python3.8/site-packages/airflow/example_dags/example_short_circuit_operator.py
[2025-11-27T07:49:58.919+0000] {processor.py:840} INFO - DAG(s) 'example_short_circuit_operator' retrieved from /home/airflow/.local/lib/python3.8/site-packages/airflow/example_dags/example_short_circuit_operator.py
[2025-11-27T07:49:58.934+0000] {logging_mixin.py:188} INFO - [2025-11-27T07:49:58.934+0000] {dag.py:3036} INFO - Sync 1 DAGs
[2025-11-27T07:49:58.953+0000] {logging_mixin.py:188} INFO - [2025-11-27T07:49:58.953+0000] {dag.py:3823} INFO - Setting next_dagrun for example_short_circuit_operator to 2025-11-26 00:00:00+00:00, run_after=2025-11-27 00:00:00+00:00
[2025-11-27T07:49:58.972+0000] {processor.py:183} INFO - Processing /home/airflow/.local/lib/python3.8/site-packages/airflow/example_dags/example_short_circuit_operator.py took 0.071 seconds
[2025-11-27T07:50:32.151+0000] {processor.py:161} INFO - Started process (PID=126) to work on /home/airflow/.local/lib/python3.8/site-packages/airflow/example_dags/example_short_circuit_operator.py
[2025-11-27T07:50:32.153+0000] {processor.py:830} INFO - Processing file /home/airflow/.local/lib/python3.8/site-packages/airflow/example_dags/example_short_circuit_operator.py for tasks to queue
[2025-11-27T07:50:32.154+0000] {logging_mixin.py:188} INFO - [2025-11-27T07:50:32.154+0000] {dagbag.py:538} INFO - Filling up the DagBag from /home/airflow/.local/lib/python3.8/site-packages/airflow/example_dags/example_short_circuit_operator.py
[2025-11-27T07:50:32.160+0000] {processor.py:840} INFO - DAG(s) 'example_short_circuit_operator' retrieved from /home/airflow/.local/lib/python3.8/site-packages/airflow/example_dags/example_short_circuit_operator.py
[2025-11-27T07:50:32.230+0000] {logging_mixin.py:188} INFO - [2025-11-27T07:50:32.230+0000] {dag.py:3036} INFO - Sync 1 DAGs
[2025-11-27T07:50:32.245+0000] {logging_mixin.py:188} INFO - [2025-11-27T07:50:32.244+0000] {dag.py:3823} INFO - Setting next_dagrun for example_short_circuit_operator to 2025-11-26 00:00:00+00:00, run_after=2025-11-27 00:00:00+00:00
[2025-11-27T07:50:32.264+0000] {processor.py:183} INFO - Processing /home/airflow/.local/lib/python3.8/site-packages/airflow/example_dags/example_short_circuit_operator.py took 0.115 seconds
[2025-11-27T07:51:04.149+0000] {processor.py:161} INFO - Started process (PID=182) to work on /home/airflow/.local/lib/python3.8/site-packages/airflow/example_dags/example_short_circuit_operator.py
[2025-11-27T07:51:04.151+0000] {processor.py:830} INFO - Processing file /home/airflow/.local/lib/python3.8/site-packages/airflow/example_dags/example_short_circuit_operator.py for tasks to queue
[2025-11-27T07:51:04.152+0000] {logging_mixin.py:188} INFO - [2025-11-27T07:51:04.152+0000] {dagbag.py:538} INFO - Filling up the DagBag from /home/airflow/.local/lib/python3.8/site-packages/airflow/example_dags/example_short_circuit_operator.py
[2025-11-27T07:51:04.158+0000] {processor.py:840} INFO - DAG(s) 'example_short_circuit_operator' retrieved from /home/airflow/.local/lib/python3.8/site-packages/airflow/example_dags/example_short_circuit_operator.py
[2025-11-27T07:51:04.176+0000] {logging_mixin.py:188} INFO - [2025-11-27T07:51:04.176+0000] {dag.py:3036} INFO - Sync 1 DAGs
[2025-11-27T07:51:04.190+0000] {logging_mixin.py:188} INFO - [2025-11-27T07:51:04.190+0000] {dag.py:3823} INFO - Setting next_dagrun for example_short_circuit_operator to 2025-11-26 00:00:00+00:00, run_after=2025-11-27 00:00:00+00:00
[2025-11-27T07:51:04.206+0000] {processor.py:183} INFO - Processing /home/airflow/.local/lib/python3.8/site-packages/airflow/example_dags/example_short_circuit_operator.py took 0.060 seconds
[2025-11-27T07:51:36.202+0000] {processor.py:161} INFO - Started process (PID=238) to work on /home/airflow/.local/lib/python3.8/site-packages/airflow/example_dags/example_short_circuit_operator.py
[2025-11-27T07:51:36.203+0000] {processor.py:830} INFO - Processing file /home/airflow/.local/lib/python3.8/site-packages/airflow/example_dags/example_short_circuit_operator.py for tasks to queue
[2025-11-27T07:51:36.205+0000] {logging_mixin.py:188} INFO - [2025-11-27T07:51:36.204+0000] {dagbag.py:538} INFO - Filling up the DagBag from /home/airflow/.local/lib/python3.8/site-packages/airflow/example_dags/example_short_circuit_operator.py
[2025-11-27T07:51:36.210+0000] {processor.py:840} INFO - DAG(s) 'example_short_circuit_operator' retrieved from /home/airflow/.local/lib/python3.8/site-packages/airflow/example_dags/example_short_circuit_operator.py
[2025-11-27T07:51:36.231+0000] {logging_mixin.py:188} INFO - [2025-11-27T07:51:36.231+0000] {dag.py:3036} INFO - Sync 1 DAGs
[2025-11-27T07:51:36.246+0000] {logging_mixin.py:188} INFO - [2025-11-27T07:51:36.246+0000] {dag.py:3823} INFO - Setting next_dagrun for example_short_circuit_operator to 2025-11-26 00:00:00+00:00, run_after=2025-11-27 00:00:00+00:00
[2025-11-27T07:51:36.263+0000] {processor.py:183} INFO - Processing /home/airflow/.local/lib/python3.8/site-packages/airflow/example_dags/example_short_circuit_operator.py took 0.064 seconds
[2025-11-27T07:52:09.315+0000] {processor.py:161} INFO - Started process (PID=294) to work on /home/airflow/.local/lib/python3.8/site-packages/airflow/example_dags/example_short_circuit_operator.py
[2025-11-27T07:52:09.316+0000] {processor.py:830} INFO - Processing file /home/airflow/.local/lib/python3.8/site-packages/airflow/example_dags/example_short_circuit_operator.py for tasks to queue
[2025-11-27T07:52:09.317+0000] {logging_mixin.py:188} INFO - [2025-11-27T07:52:09.317+0000] {dagbag.py:538} INFO - Filling up the DagBag from /home/airflow/.local/lib/python3.8/site-packages/airflow/example_dags/example_short_circuit_operator.py
[2025-11-27T07:52:09.323+0000] {processor.py:840} INFO - DAG(s) 'example_short_circuit_operator' retrieved from /home/airflow/.local/lib/python3.8/site-packages/airflow/example_dags/example_short_circuit_operator.py
[2025-11-27T07:52:09.345+0000] {logging_mixin.py:188} INFO - [2025-11-27T07:52:09.345+0000] {dag.py:3036} INFO - Sync 1 DAGs
[2025-11-27T07:52:09.363+0000] {logging_mixin.py:188} INFO - [2025-11-27T07:52:09.363+0000] {dag.py:3823} INFO - Setting next_dagrun for example_short_circuit_operator to 2025-11-26 00:00:00+00:00, run_after=2025-11-27 00:00:00+00:00
[2025-11-27T07:52:09.383+0000] {processor.py:183} INFO - Processing /home/airflow/.local/lib/python3.8/site-packages/airflow/example_dags/example_short_circuit_operator.py took 0.071 seconds
[2025-11-27T08:08:14.731+0000] {processor.py:161} INFO - Started process (PID=138) to work on /home/airflow/.local/lib/python3.8/site-packages/airflow/example_dags/example_short_circuit_operator.py
[2025-11-27T08:08:14.733+0000] {processor.py:830} INFO - Processing file /home/airflow/.local/lib/python3.8/site-packages/airflow/example_dags/example_short_circuit_operator.py for tasks to queue
[2025-11-27T08:08:14.735+0000] {logging_mixin.py:188} INFO - [2025-11-27T08:08:14.735+0000] {dagbag.py:538} INFO - Filling up the DagBag from /home/airflow/.local/lib/python3.8/site-packages/airflow/example_dags/example_short_circuit_operator.py
[2025-11-27T08:08:14.744+0000] {processor.py:840} INFO - DAG(s) 'example_short_circuit_operator' retrieved from /home/airflow/.local/lib/python3.8/site-packages/airflow/example_dags/example_short_circuit_operator.py
[2025-11-27T08:08:14.756+0000] {logging_mixin.py:188} INFO - [2025-11-27T08:08:14.756+0000] {dag.py:3036} INFO - Sync 1 DAGs
[2025-11-27T08:08:14.772+0000] {logging_mixin.py:188} INFO - [2025-11-27T08:08:14.772+0000] {dag.py:3823} INFO - Setting next_dagrun for example_short_circuit_operator to 2025-11-26 00:00:00+00:00, run_after=2025-11-27 00:00:00+00:00
[2025-11-27T08:08:14.789+0000] {processor.py:183} INFO - Processing /home/airflow/.local/lib/python3.8/site-packages/airflow/example_dags/example_short_circuit_operator.py took 0.061 seconds
[2025-11-27T08:08:47.717+0000] {processor.py:161} INFO - Started process (PID=194) to work on /home/airflow/.local/lib/python3.8/site-packages/airflow/example_dags/example_short_circuit_operator.py
[2025-11-27T08:08:47.719+0000] {processor.py:830} INFO - Processing file /home/airflow/.local/lib/python3.8/site-packages/airflow/example_dags/example_short_circuit_operator.py for tasks to queue
[2025-11-27T08:08:47.721+0000] {logging_mixin.py:188} INFO - [2025-11-27T08:08:47.721+0000] {dagbag.py:538} INFO - Filling up the DagBag from /home/airflow/.local/lib/python3.8/site-packages/airflow/example_dags/example_short_circuit_operator.py
[2025-11-27T08:08:47.728+0000] {processor.py:840} INFO - DAG(s) 'example_short_circuit_operator' retrieved from /home/airflow/.local/lib/python3.8/site-packages/airflow/example_dags/example_short_circuit_operator.py
[2025-11-27T08:08:47.975+0000] {logging_mixin.py:188} INFO - [2025-11-27T08:08:47.974+0000] {dag.py:3036} INFO - Sync 1 DAGs
[2025-11-27T08:08:47.992+0000] {logging_mixin.py:188} INFO - [2025-11-27T08:08:47.992+0000] {dag.py:3823} INFO - Setting next_dagrun for example_short_circuit_operator to 2025-11-26 00:00:00+00:00, run_after=2025-11-27 00:00:00+00:00
[2025-11-27T08:08:48.013+0000] {processor.py:183} INFO - Processing /home/airflow/.local/lib/python3.8/site-packages/airflow/example_dags/example_short_circuit_operator.py took 0.298 seconds
[2025-11-27T08:09:18.527+0000] {processor.py:161} INFO - Started process (PID=250) to work on /home/airflow/.local/lib/python3.8/site-packages/airflow/example_dags/example_short_circuit_operator.py
[2025-11-27T08:09:18.529+0000] {processor.py:830} INFO - Processing file /home/airflow/.local/lib/python3.8/site-packages/airflow/example_dags/example_short_circuit_operator.py for tasks to queue
[2025-11-27T08:09:18.531+0000] {logging_mixin.py:188} INFO - [2025-11-27T08:09:18.531+0000] {dagbag.py:538} INFO - Filling up the DagBag from /home/airflow/.local/lib/python3.8/site-packages/airflow/example_dags/example_short_circuit_operator.py
[2025-11-27T08:09:18.540+0000] {processor.py:840} INFO - DAG(s) 'example_short_circuit_operator' retrieved from /home/airflow/.local/lib/python3.8/site-packages/airflow/example_dags/example_short_circuit_operator.py
[2025-11-27T08:09:18.563+0000] {logging_mixin.py:188} INFO - [2025-11-27T08:09:18.563+0000] {dag.py:3036} INFO - Sync 1 DAGs
[2025-11-27T08:09:18.579+0000] {logging_mixin.py:188} INFO - [2025-11-27T08:09:18.578+0000] {dag.py:3823} INFO - Setting next_dagrun for example_short_circuit_operator to 2025-11-26 00:00:00+00:00, run_after=2025-11-27 00:00:00+00:00
[2025-11-27T08:09:18.600+0000] {processor.py:183} INFO - Processing /home/airflow/.local/lib/python3.8/site-packages/airflow/example_dags/example_short_circuit_operator.py took 0.077 seconds
[2025-11-27T08:09:48.709+0000] {processor.py:161} INFO - Started process (PID=300) to work on /home/airflow/.local/lib/python3.8/site-packages/airflow/example_dags/example_short_circuit_operator.py
[2025-11-27T08:09:48.711+0000] {processor.py:830} INFO - Processing file /home/airflow/.local/lib/python3.8/site-packages/airflow/example_dags/example_short_circuit_operator.py for tasks to queue
[2025-11-27T08:09:48.713+0000] {logging_mixin.py:188} INFO - [2025-11-27T08:09:48.712+0000] {dagbag.py:538} INFO - Filling up the DagBag from /home/airflow/.local/lib/python3.8/site-packages/airflow/example_dags/example_short_circuit_operator.py
[2025-11-27T08:09:48.721+0000] {processor.py:840} INFO - DAG(s) 'example_short_circuit_operator' retrieved from /home/airflow/.local/lib/python3.8/site-packages/airflow/example_dags/example_short_circuit_operator.py
[2025-11-27T08:09:48.742+0000] {logging_mixin.py:188} INFO - [2025-11-27T08:09:48.742+0000] {dag.py:3036} INFO - Sync 1 DAGs
[2025-11-27T08:09:48.760+0000] {logging_mixin.py:188} INFO - [2025-11-27T08:09:48.760+0000] {dag.py:3823} INFO - Setting next_dagrun for example_short_circuit_operator to 2025-11-26 00:00:00+00:00, run_after=2025-11-27 00:00:00+00:00
[2025-11-27T08:09:48.779+0000] {processor.py:183} INFO - Processing /home/airflow/.local/lib/python3.8/site-packages/airflow/example_dags/example_short_circuit_operator.py took 0.072 seconds
[2025-11-27T08:10:19.044+0000] {processor.py:161} INFO - Started process (PID=356) to work on /home/airflow/.local/lib/python3.8/site-packages/airflow/example_dags/example_short_circuit_operator.py
[2025-11-27T08:10:19.045+0000] {processor.py:830} INFO - Processing file /home/airflow/.local/lib/python3.8/site-packages/airflow/example_dags/example_short_circuit_operator.py for tasks to queue
[2025-11-27T08:10:19.047+0000] {logging_mixin.py:188} INFO - [2025-11-27T08:10:19.047+0000] {dagbag.py:538} INFO - Filling up the DagBag from /home/airflow/.local/lib/python3.8/site-packages/airflow/example_dags/example_short_circuit_operator.py
[2025-11-27T08:10:19.052+0000] {processor.py:840} INFO - DAG(s) 'example_short_circuit_operator' retrieved from /home/airflow/.local/lib/python3.8/site-packages/airflow/example_dags/example_short_circuit_operator.py
[2025-11-27T08:10:19.069+0000] {logging_mixin.py:188} INFO - [2025-11-27T08:10:19.069+0000] {dag.py:3036} INFO - Sync 1 DAGs
[2025-11-27T08:10:19.084+0000] {logging_mixin.py:188} INFO - [2025-11-27T08:10:19.084+0000] {dag.py:3823} INFO - Setting next_dagrun for example_short_circuit_operator to 2025-11-26 00:00:00+00:00, run_after=2025-11-27 00:00:00+00:00
[2025-11-27T08:10:19.101+0000] {processor.py:183} INFO - Processing /home/airflow/.local/lib/python3.8/site-packages/airflow/example_dags/example_short_circuit_operator.py took 0.060 seconds
[2025-11-27T08:10:50.030+0000] {processor.py:161} INFO - Started process (PID=413) to work on /home/airflow/.local/lib/python3.8/site-packages/airflow/example_dags/example_short_circuit_operator.py
[2025-11-27T08:10:50.031+0000] {processor.py:830} INFO - Processing file /home/airflow/.local/lib/python3.8/site-packages/airflow/example_dags/example_short_circuit_operator.py for tasks to queue
[2025-11-27T08:10:50.033+0000] {logging_mixin.py:188} INFO - [2025-11-27T08:10:50.033+0000] {dagbag.py:538} INFO - Filling up the DagBag from /home/airflow/.local/lib/python3.8/site-packages/airflow/example_dags/example_short_circuit_operator.py
[2025-11-27T08:10:50.041+0000] {processor.py:840} INFO - DAG(s) 'example_short_circuit_operator' retrieved from /home/airflow/.local/lib/python3.8/site-packages/airflow/example_dags/example_short_circuit_operator.py
[2025-11-27T08:10:50.063+0000] {logging_mixin.py:188} INFO - [2025-11-27T08:10:50.063+0000] {dag.py:3036} INFO - Sync 1 DAGs
[2025-11-27T08:10:50.081+0000] {logging_mixin.py:188} INFO - [2025-11-27T08:10:50.081+0000] {dag.py:3823} INFO - Setting next_dagrun for example_short_circuit_operator to 2025-11-26 00:00:00+00:00, run_after=2025-11-27 00:00:00+00:00
[2025-11-27T08:10:50.099+0000] {processor.py:183} INFO - Processing /home/airflow/.local/lib/python3.8/site-packages/airflow/example_dags/example_short_circuit_operator.py took 0.072 seconds
[2025-11-27T08:11:20.252+0000] {processor.py:161} INFO - Started process (PID=469) to work on /home/airflow/.local/lib/python3.8/site-packages/airflow/example_dags/example_short_circuit_operator.py
[2025-11-27T08:11:20.253+0000] {processor.py:830} INFO - Processing file /home/airflow/.local/lib/python3.8/site-packages/airflow/example_dags/example_short_circuit_operator.py for tasks to queue
[2025-11-27T08:11:20.255+0000] {logging_mixin.py:188} INFO - [2025-11-27T08:11:20.255+0000] {dagbag.py:538} INFO - Filling up the DagBag from /home/airflow/.local/lib/python3.8/site-packages/airflow/example_dags/example_short_circuit_operator.py
[2025-11-27T08:11:20.261+0000] {processor.py:840} INFO - DAG(s) 'example_short_circuit_operator' retrieved from /home/airflow/.local/lib/python3.8/site-packages/airflow/example_dags/example_short_circuit_operator.py
[2025-11-27T08:11:20.281+0000] {logging_mixin.py:188} INFO - [2025-11-27T08:11:20.281+0000] {dag.py:3036} INFO - Sync 1 DAGs
[2025-11-27T08:11:20.302+0000] {logging_mixin.py:188} INFO - [2025-11-27T08:11:20.302+0000] {dag.py:3823} INFO - Setting next_dagrun for example_short_circuit_operator to 2025-11-26 00:00:00+00:00, run_after=2025-11-27 00:00:00+00:00
[2025-11-27T08:11:20.323+0000] {processor.py:183} INFO - Processing /home/airflow/.local/lib/python3.8/site-packages/airflow/example_dags/example_short_circuit_operator.py took 0.074 seconds
[2025-11-27T08:11:50.752+0000] {processor.py:161} INFO - Started process (PID=525) to work on /home/airflow/.local/lib/python3.8/site-packages/airflow/example_dags/example_short_circuit_operator.py
[2025-11-27T08:11:50.754+0000] {processor.py:830} INFO - Processing file /home/airflow/.local/lib/python3.8/site-packages/airflow/example_dags/example_short_circuit_operator.py for tasks to queue
[2025-11-27T08:11:50.756+0000] {logging_mixin.py:188} INFO - [2025-11-27T08:11:50.755+0000] {dagbag.py:538} INFO - Filling up the DagBag from /home/airflow/.local/lib/python3.8/site-packages/airflow/example_dags/example_short_circuit_operator.py
[2025-11-27T08:11:50.762+0000] {processor.py:840} INFO - DAG(s) 'example_short_circuit_operator' retrieved from /home/airflow/.local/lib/python3.8/site-packages/airflow/example_dags/example_short_circuit_operator.py
[2025-11-27T08:11:50.783+0000] {logging_mixin.py:188} INFO - [2025-11-27T08:11:50.783+0000] {dag.py:3036} INFO - Sync 1 DAGs
[2025-11-27T08:11:50.802+0000] {logging_mixin.py:188} INFO - [2025-11-27T08:11:50.801+0000] {dag.py:3823} INFO - Setting next_dagrun for example_short_circuit_operator to 2025-11-26 00:00:00+00:00, run_after=2025-11-27 00:00:00+00:00
[2025-11-27T08:11:50.819+0000] {processor.py:183} INFO - Processing /home/airflow/.local/lib/python3.8/site-packages/airflow/example_dags/example_short_circuit_operator.py took 0.070 seconds
[2025-11-27T08:12:21.168+0000] {processor.py:161} INFO - Started process (PID=581) to work on /home/airflow/.local/lib/python3.8/site-packages/airflow/example_dags/example_short_circuit_operator.py
[2025-11-27T08:12:21.169+0000] {processor.py:830} INFO - Processing file /home/airflow/.local/lib/python3.8/site-packages/airflow/example_dags/example_short_circuit_operator.py for tasks to queue
[2025-11-27T08:12:21.172+0000] {logging_mixin.py:188} INFO - [2025-11-27T08:12:21.172+0000] {dagbag.py:538} INFO - Filling up the DagBag from /home/airflow/.local/lib/python3.8/site-packages/airflow/example_dags/example_short_circuit_operator.py
[2025-11-27T08:12:21.188+0000] {processor.py:840} INFO - DAG(s) 'example_short_circuit_operator' retrieved from /home/airflow/.local/lib/python3.8/site-packages/airflow/example_dags/example_short_circuit_operator.py
[2025-11-27T08:12:21.242+0000] {logging_mixin.py:188} INFO - [2025-11-27T08:12:21.242+0000] {dag.py:3036} INFO - Sync 1 DAGs
[2025-11-27T08:12:21.263+0000] {logging_mixin.py:188} INFO - [2025-11-27T08:12:21.263+0000] {dag.py:3823} INFO - Setting next_dagrun for example_short_circuit_operator to 2025-11-26 00:00:00+00:00, run_after=2025-11-27 00:00:00+00:00
[2025-11-27T08:12:21.283+0000] {processor.py:183} INFO - Processing /home/airflow/.local/lib/python3.8/site-packages/airflow/example_dags/example_short_circuit_operator.py took 0.124 seconds
[2025-11-27T08:12:51.788+0000] {processor.py:161} INFO - Started process (PID=637) to work on /home/airflow/.local/lib/python3.8/site-packages/airflow/example_dags/example_short_circuit_operator.py
[2025-11-27T08:12:51.790+0000] {processor.py:830} INFO - Processing file /home/airflow/.local/lib/python3.8/site-packages/airflow/example_dags/example_short_circuit_operator.py for tasks to queue
[2025-11-27T08:12:51.792+0000] {logging_mixin.py:188} INFO - [2025-11-27T08:12:51.792+0000] {dagbag.py:538} INFO - Filling up the DagBag from /home/airflow/.local/lib/python3.8/site-packages/airflow/example_dags/example_short_circuit_operator.py
[2025-11-27T08:12:51.800+0000] {processor.py:840} INFO - DAG(s) 'example_short_circuit_operator' retrieved from /home/airflow/.local/lib/python3.8/site-packages/airflow/example_dags/example_short_circuit_operator.py
[2025-11-27T08:12:51.826+0000] {logging_mixin.py:188} INFO - [2025-11-27T08:12:51.825+0000] {dag.py:3036} INFO - Sync 1 DAGs
[2025-11-27T08:12:51.850+0000] {logging_mixin.py:188} INFO - [2025-11-27T08:12:51.850+0000] {dag.py:3823} INFO - Setting next_dagrun for example_short_circuit_operator to 2025-11-26 00:00:00+00:00, run_after=2025-11-27 00:00:00+00:00
[2025-11-27T08:12:51.876+0000] {processor.py:183} INFO - Processing /home/airflow/.local/lib/python3.8/site-packages/airflow/example_dags/example_short_circuit_operator.py took 0.091 seconds
[2025-11-27T08:13:22.219+0000] {processor.py:161} INFO - Started process (PID=693) to work on /home/airflow/.local/lib/python3.8/site-packages/airflow/example_dags/example_short_circuit_operator.py
[2025-11-27T08:13:22.220+0000] {processor.py:830} INFO - Processing file /home/airflow/.local/lib/python3.8/site-packages/airflow/example_dags/example_short_circuit_operator.py for tasks to queue
[2025-11-27T08:13:22.222+0000] {logging_mixin.py:188} INFO - [2025-11-27T08:13:22.222+0000] {dagbag.py:538} INFO - Filling up the DagBag from /home/airflow/.local/lib/python3.8/site-packages/airflow/example_dags/example_short_circuit_operator.py
[2025-11-27T08:13:22.228+0000] {processor.py:840} INFO - DAG(s) 'example_short_circuit_operator' retrieved from /home/airflow/.local/lib/python3.8/site-packages/airflow/example_dags/example_short_circuit_operator.py
[2025-11-27T08:13:22.248+0000] {logging_mixin.py:188} INFO - [2025-11-27T08:13:22.248+0000] {dag.py:3036} INFO - Sync 1 DAGs
[2025-11-27T08:13:22.264+0000] {logging_mixin.py:188} INFO - [2025-11-27T08:13:22.264+0000] {dag.py:3823} INFO - Setting next_dagrun for example_short_circuit_operator to 2025-11-26 00:00:00+00:00, run_after=2025-11-27 00:00:00+00:00
[2025-11-27T08:13:22.282+0000] {processor.py:183} INFO - Processing /home/airflow/.local/lib/python3.8/site-packages/airflow/example_dags/example_short_circuit_operator.py took 0.065 seconds
[2025-11-27T08:13:52.700+0000] {processor.py:161} INFO - Started process (PID=749) to work on /home/airflow/.local/lib/python3.8/site-packages/airflow/example_dags/example_short_circuit_operator.py
[2025-11-27T08:13:52.701+0000] {processor.py:830} INFO - Processing file /home/airflow/.local/lib/python3.8/site-packages/airflow/example_dags/example_short_circuit_operator.py for tasks to queue
[2025-11-27T08:13:52.703+0000] {logging_mixin.py:188} INFO - [2025-11-27T08:13:52.703+0000] {dagbag.py:538} INFO - Filling up the DagBag from /home/airflow/.local/lib/python3.8/site-packages/airflow/example_dags/example_short_circuit_operator.py
[2025-11-27T08:13:52.709+0000] {processor.py:840} INFO - DAG(s) 'example_short_circuit_operator' retrieved from /home/airflow/.local/lib/python3.8/site-packages/airflow/example_dags/example_short_circuit_operator.py
[2025-11-27T08:13:52.730+0000] {logging_mixin.py:188} INFO - [2025-11-27T08:13:52.730+0000] {dag.py:3036} INFO - Sync 1 DAGs
[2025-11-27T08:13:52.748+0000] {logging_mixin.py:188} INFO - [2025-11-27T08:13:52.748+0000] {dag.py:3823} INFO - Setting next_dagrun for example_short_circuit_operator to 2025-11-26 00:00:00+00:00, run_after=2025-11-27 00:00:00+00:00
[2025-11-27T08:13:52.768+0000] {processor.py:183} INFO - Processing /home/airflow/.local/lib/python3.8/site-packages/airflow/example_dags/example_short_circuit_operator.py took 0.071 seconds
[2025-11-27T08:14:24.091+0000] {processor.py:161} INFO - Started process (PID=805) to work on /home/airflow/.local/lib/python3.8/site-packages/airflow/example_dags/example_short_circuit_operator.py
[2025-11-27T08:14:24.092+0000] {processor.py:830} INFO - Processing file /home/airflow/.local/lib/python3.8/site-packages/airflow/example_dags/example_short_circuit_operator.py for tasks to queue
[2025-11-27T08:14:24.094+0000] {logging_mixin.py:188} INFO - [2025-11-27T08:14:24.093+0000] {dagbag.py:538} INFO - Filling up the DagBag from /home/airflow/.local/lib/python3.8/site-packages/airflow/example_dags/example_short_circuit_operator.py
[2025-11-27T08:14:24.099+0000] {processor.py:840} INFO - DAG(s) 'example_short_circuit_operator' retrieved from /home/airflow/.local/lib/python3.8/site-packages/airflow/example_dags/example_short_circuit_operator.py
[2025-11-27T08:14:24.119+0000] {logging_mixin.py:188} INFO - [2025-11-27T08:14:24.119+0000] {dag.py:3036} INFO - Sync 1 DAGs
[2025-11-27T08:14:24.135+0000] {logging_mixin.py:188} INFO - [2025-11-27T08:14:24.134+0000] {dag.py:3823} INFO - Setting next_dagrun for example_short_circuit_operator to 2025-11-26 00:00:00+00:00, run_after=2025-11-27 00:00:00+00:00
[2025-11-27T08:14:24.152+0000] {processor.py:183} INFO - Processing /home/airflow/.local/lib/python3.8/site-packages/airflow/example_dags/example_short_circuit_operator.py took 0.064 seconds
[2025-11-27T08:14:56.367+0000] {processor.py:161} INFO - Started process (PID=861) to work on /home/airflow/.local/lib/python3.8/site-packages/airflow/example_dags/example_short_circuit_operator.py
[2025-11-27T08:14:56.368+0000] {processor.py:830} INFO - Processing file /home/airflow/.local/lib/python3.8/site-packages/airflow/example_dags/example_short_circuit_operator.py for tasks to queue
[2025-11-27T08:14:56.370+0000] {logging_mixin.py:188} INFO - [2025-11-27T08:14:56.369+0000] {dagbag.py:538} INFO - Filling up the DagBag from /home/airflow/.local/lib/python3.8/site-packages/airflow/example_dags/example_short_circuit_operator.py
[2025-11-27T08:14:56.375+0000] {processor.py:840} INFO - DAG(s) 'example_short_circuit_operator' retrieved from /home/airflow/.local/lib/python3.8/site-packages/airflow/example_dags/example_short_circuit_operator.py
[2025-11-27T08:14:56.395+0000] {logging_mixin.py:188} INFO - [2025-11-27T08:14:56.394+0000] {dag.py:3036} INFO - Sync 1 DAGs
[2025-11-27T08:14:56.409+0000] {logging_mixin.py:188} INFO - [2025-11-27T08:14:56.409+0000] {dag.py:3823} INFO - Setting next_dagrun for example_short_circuit_operator to 2025-11-26 00:00:00+00:00, run_after=2025-11-27 00:00:00+00:00
[2025-11-27T08:14:56.424+0000] {processor.py:183} INFO - Processing /home/airflow/.local/lib/python3.8/site-packages/airflow/example_dags/example_short_circuit_operator.py took 0.060 seconds
[2025-11-27T08:16:29.012+0000] {processor.py:161} INFO - Started process (PID=132) to work on /home/airflow/.local/lib/python3.8/site-packages/airflow/example_dags/example_short_circuit_operator.py
[2025-11-27T08:16:29.013+0000] {processor.py:830} INFO - Processing file /home/airflow/.local/lib/python3.8/site-packages/airflow/example_dags/example_short_circuit_operator.py for tasks to queue
[2025-11-27T08:16:29.015+0000] {logging_mixin.py:188} INFO - [2025-11-27T08:16:29.015+0000] {dagbag.py:538} INFO - Filling up the DagBag from /home/airflow/.local/lib/python3.8/site-packages/airflow/example_dags/example_short_circuit_operator.py
[2025-11-27T08:16:29.024+0000] {processor.py:840} INFO - DAG(s) 'example_short_circuit_operator' retrieved from /home/airflow/.local/lib/python3.8/site-packages/airflow/example_dags/example_short_circuit_operator.py
[2025-11-27T08:16:29.037+0000] {logging_mixin.py:188} INFO - [2025-11-27T08:16:29.036+0000] {dag.py:3036} INFO - Sync 1 DAGs
[2025-11-27T08:16:29.065+0000] {logging_mixin.py:188} INFO - [2025-11-27T08:16:29.065+0000] {dag.py:3823} INFO - Setting next_dagrun for example_short_circuit_operator to 2025-11-26 00:00:00+00:00, run_after=2025-11-27 00:00:00+00:00
[2025-11-27T08:16:29.089+0000] {processor.py:183} INFO - Processing /home/airflow/.local/lib/python3.8/site-packages/airflow/example_dags/example_short_circuit_operator.py took 0.080 seconds
[2025-11-27T08:17:01.245+0000] {processor.py:161} INFO - Started process (PID=189) to work on /home/airflow/.local/lib/python3.8/site-packages/airflow/example_dags/example_short_circuit_operator.py
[2025-11-27T08:17:01.246+0000] {processor.py:830} INFO - Processing file /home/airflow/.local/lib/python3.8/site-packages/airflow/example_dags/example_short_circuit_operator.py for tasks to queue
[2025-11-27T08:17:01.249+0000] {logging_mixin.py:188} INFO - [2025-11-27T08:17:01.249+0000] {dagbag.py:538} INFO - Filling up the DagBag from /home/airflow/.local/lib/python3.8/site-packages/airflow/example_dags/example_short_circuit_operator.py
[2025-11-27T08:17:01.256+0000] {processor.py:840} INFO - DAG(s) 'example_short_circuit_operator' retrieved from /home/airflow/.local/lib/python3.8/site-packages/airflow/example_dags/example_short_circuit_operator.py
[2025-11-27T08:17:01.484+0000] {logging_mixin.py:188} INFO - [2025-11-27T08:17:01.484+0000] {dag.py:3036} INFO - Sync 1 DAGs
[2025-11-27T08:17:01.506+0000] {logging_mixin.py:188} INFO - [2025-11-27T08:17:01.505+0000] {dag.py:3823} INFO - Setting next_dagrun for example_short_circuit_operator to 2025-11-26 00:00:00+00:00, run_after=2025-11-27 00:00:00+00:00
[2025-11-27T08:17:01.525+0000] {processor.py:183} INFO - Processing /home/airflow/.local/lib/python3.8/site-packages/airflow/example_dags/example_short_circuit_operator.py took 0.283 seconds
[2025-11-27T08:17:32.370+0000] {processor.py:161} INFO - Started process (PID=245) to work on /home/airflow/.local/lib/python3.8/site-packages/airflow/example_dags/example_short_circuit_operator.py
[2025-11-27T08:17:32.371+0000] {processor.py:830} INFO - Processing file /home/airflow/.local/lib/python3.8/site-packages/airflow/example_dags/example_short_circuit_operator.py for tasks to queue
[2025-11-27T08:17:32.373+0000] {logging_mixin.py:188} INFO - [2025-11-27T08:17:32.373+0000] {dagbag.py:538} INFO - Filling up the DagBag from /home/airflow/.local/lib/python3.8/site-packages/airflow/example_dags/example_short_circuit_operator.py
[2025-11-27T08:17:32.378+0000] {processor.py:840} INFO - DAG(s) 'example_short_circuit_operator' retrieved from /home/airflow/.local/lib/python3.8/site-packages/airflow/example_dags/example_short_circuit_operator.py
[2025-11-27T08:17:32.396+0000] {logging_mixin.py:188} INFO - [2025-11-27T08:17:32.396+0000] {dag.py:3036} INFO - Sync 1 DAGs
[2025-11-27T08:17:32.412+0000] {logging_mixin.py:188} INFO - [2025-11-27T08:17:32.412+0000] {dag.py:3823} INFO - Setting next_dagrun for example_short_circuit_operator to 2025-11-26 00:00:00+00:00, run_after=2025-11-27 00:00:00+00:00
[2025-11-27T08:17:32.430+0000] {processor.py:183} INFO - Processing /home/airflow/.local/lib/python3.8/site-packages/airflow/example_dags/example_short_circuit_operator.py took 0.063 seconds
[2025-11-27T08:18:02.998+0000] {processor.py:161} INFO - Started process (PID=301) to work on /home/airflow/.local/lib/python3.8/site-packages/airflow/example_dags/example_short_circuit_operator.py
[2025-11-27T08:18:02.999+0000] {processor.py:830} INFO - Processing file /home/airflow/.local/lib/python3.8/site-packages/airflow/example_dags/example_short_circuit_operator.py for tasks to queue
[2025-11-27T08:18:03.002+0000] {logging_mixin.py:188} INFO - [2025-11-27T08:18:03.002+0000] {dagbag.py:538} INFO - Filling up the DagBag from /home/airflow/.local/lib/python3.8/site-packages/airflow/example_dags/example_short_circuit_operator.py
[2025-11-27T08:18:03.009+0000] {processor.py:840} INFO - DAG(s) 'example_short_circuit_operator' retrieved from /home/airflow/.local/lib/python3.8/site-packages/airflow/example_dags/example_short_circuit_operator.py
[2025-11-27T08:18:03.031+0000] {logging_mixin.py:188} INFO - [2025-11-27T08:18:03.031+0000] {dag.py:3036} INFO - Sync 1 DAGs
[2025-11-27T08:18:03.051+0000] {logging_mixin.py:188} INFO - [2025-11-27T08:18:03.050+0000] {dag.py:3823} INFO - Setting next_dagrun for example_short_circuit_operator to 2025-11-26 00:00:00+00:00, run_after=2025-11-27 00:00:00+00:00
[2025-11-27T08:18:03.070+0000] {processor.py:183} INFO - Processing /home/airflow/.local/lib/python3.8/site-packages/airflow/example_dags/example_short_circuit_operator.py took 0.075 seconds
[2025-11-27T08:18:33.335+0000] {processor.py:161} INFO - Started process (PID=357) to work on /home/airflow/.local/lib/python3.8/site-packages/airflow/example_dags/example_short_circuit_operator.py
[2025-11-27T08:18:33.338+0000] {processor.py:830} INFO - Processing file /home/airflow/.local/lib/python3.8/site-packages/airflow/example_dags/example_short_circuit_operator.py for tasks to queue
[2025-11-27T08:18:33.340+0000] {logging_mixin.py:188} INFO - [2025-11-27T08:18:33.340+0000] {dagbag.py:538} INFO - Filling up the DagBag from /home/airflow/.local/lib/python3.8/site-packages/airflow/example_dags/example_short_circuit_operator.py
[2025-11-27T08:18:33.346+0000] {processor.py:840} INFO - DAG(s) 'example_short_circuit_operator' retrieved from /home/airflow/.local/lib/python3.8/site-packages/airflow/example_dags/example_short_circuit_operator.py
[2025-11-27T08:18:33.364+0000] {logging_mixin.py:188} INFO - [2025-11-27T08:18:33.364+0000] {dag.py:3036} INFO - Sync 1 DAGs
[2025-11-27T08:18:33.381+0000] {logging_mixin.py:188} INFO - [2025-11-27T08:18:33.381+0000] {dag.py:3823} INFO - Setting next_dagrun for example_short_circuit_operator to 2025-11-26 00:00:00+00:00, run_after=2025-11-27 00:00:00+00:00
[2025-11-27T08:18:33.398+0000] {processor.py:183} INFO - Processing /home/airflow/.local/lib/python3.8/site-packages/airflow/example_dags/example_short_circuit_operator.py took 0.066 seconds
[2025-11-27T08:19:04.015+0000] {processor.py:161} INFO - Started process (PID=413) to work on /home/airflow/.local/lib/python3.8/site-packages/airflow/example_dags/example_short_circuit_operator.py
[2025-11-27T08:19:04.016+0000] {processor.py:830} INFO - Processing file /home/airflow/.local/lib/python3.8/site-packages/airflow/example_dags/example_short_circuit_operator.py for tasks to queue
[2025-11-27T08:19:04.018+0000] {logging_mixin.py:188} INFO - [2025-11-27T08:19:04.018+0000] {dagbag.py:538} INFO - Filling up the DagBag from /home/airflow/.local/lib/python3.8/site-packages/airflow/example_dags/example_short_circuit_operator.py
[2025-11-27T08:19:04.024+0000] {processor.py:840} INFO - DAG(s) 'example_short_circuit_operator' retrieved from /home/airflow/.local/lib/python3.8/site-packages/airflow/example_dags/example_short_circuit_operator.py
[2025-11-27T08:19:04.042+0000] {logging_mixin.py:188} INFO - [2025-11-27T08:19:04.042+0000] {dag.py:3036} INFO - Sync 1 DAGs
[2025-11-27T08:19:04.058+0000] {logging_mixin.py:188} INFO - [2025-11-27T08:19:04.057+0000] {dag.py:3823} INFO - Setting next_dagrun for example_short_circuit_operator to 2025-11-26 00:00:00+00:00, run_after=2025-11-27 00:00:00+00:00
[2025-11-27T08:19:04.074+0000] {processor.py:183} INFO - Processing /home/airflow/.local/lib/python3.8/site-packages/airflow/example_dags/example_short_circuit_operator.py took 0.062 seconds
[2025-11-27T08:19:34.593+0000] {processor.py:161} INFO - Started process (PID=469) to work on /home/airflow/.local/lib/python3.8/site-packages/airflow/example_dags/example_short_circuit_operator.py
[2025-11-27T08:19:34.595+0000] {processor.py:830} INFO - Processing file /home/airflow/.local/lib/python3.8/site-packages/airflow/example_dags/example_short_circuit_operator.py for tasks to queue
[2025-11-27T08:19:34.598+0000] {logging_mixin.py:188} INFO - [2025-11-27T08:19:34.598+0000] {dagbag.py:538} INFO - Filling up the DagBag from /home/airflow/.local/lib/python3.8/site-packages/airflow/example_dags/example_short_circuit_operator.py
[2025-11-27T08:19:34.605+0000] {processor.py:840} INFO - DAG(s) 'example_short_circuit_operator' retrieved from /home/airflow/.local/lib/python3.8/site-packages/airflow/example_dags/example_short_circuit_operator.py
[2025-11-27T08:19:34.630+0000] {logging_mixin.py:188} INFO - [2025-11-27T08:19:34.629+0000] {dag.py:3036} INFO - Sync 1 DAGs
[2025-11-27T08:19:34.654+0000] {logging_mixin.py:188} INFO - [2025-11-27T08:19:34.654+0000] {dag.py:3823} INFO - Setting next_dagrun for example_short_circuit_operator to 2025-11-26 00:00:00+00:00, run_after=2025-11-27 00:00:00+00:00
[2025-11-27T08:19:34.684+0000] {processor.py:183} INFO - Processing /home/airflow/.local/lib/python3.8/site-packages/airflow/example_dags/example_short_circuit_operator.py took 0.093 seconds
[2025-11-27T08:20:04.944+0000] {processor.py:161} INFO - Started process (PID=525) to work on /home/airflow/.local/lib/python3.8/site-packages/airflow/example_dags/example_short_circuit_operator.py
[2025-11-27T08:20:04.946+0000] {processor.py:830} INFO - Processing file /home/airflow/.local/lib/python3.8/site-packages/airflow/example_dags/example_short_circuit_operator.py for tasks to queue
[2025-11-27T08:20:04.948+0000] {logging_mixin.py:188} INFO - [2025-11-27T08:20:04.948+0000] {dagbag.py:538} INFO - Filling up the DagBag from /home/airflow/.local/lib/python3.8/site-packages/airflow/example_dags/example_short_circuit_operator.py
[2025-11-27T08:20:04.956+0000] {processor.py:840} INFO - DAG(s) 'example_short_circuit_operator' retrieved from /home/airflow/.local/lib/python3.8/site-packages/airflow/example_dags/example_short_circuit_operator.py
[2025-11-27T08:20:04.975+0000] {logging_mixin.py:188} INFO - [2025-11-27T08:20:04.975+0000] {dag.py:3036} INFO - Sync 1 DAGs
[2025-11-27T08:20:04.992+0000] {logging_mixin.py:188} INFO - [2025-11-27T08:20:04.991+0000] {dag.py:3823} INFO - Setting next_dagrun for example_short_circuit_operator to 2025-11-26 00:00:00+00:00, run_after=2025-11-27 00:00:00+00:00
[2025-11-27T08:20:05.009+0000] {processor.py:183} INFO - Processing /home/airflow/.local/lib/python3.8/site-packages/airflow/example_dags/example_short_circuit_operator.py took 0.068 seconds
[2025-11-27T08:20:35.082+0000] {processor.py:161} INFO - Started process (PID=581) to work on /home/airflow/.local/lib/python3.8/site-packages/airflow/example_dags/example_short_circuit_operator.py
[2025-11-27T08:20:35.082+0000] {processor.py:830} INFO - Processing file /home/airflow/.local/lib/python3.8/site-packages/airflow/example_dags/example_short_circuit_operator.py for tasks to queue
[2025-11-27T08:20:35.084+0000] {logging_mixin.py:188} INFO - [2025-11-27T08:20:35.084+0000] {dagbag.py:538} INFO - Filling up the DagBag from /home/airflow/.local/lib/python3.8/site-packages/airflow/example_dags/example_short_circuit_operator.py
[2025-11-27T08:20:35.090+0000] {processor.py:840} INFO - DAG(s) 'example_short_circuit_operator' retrieved from /home/airflow/.local/lib/python3.8/site-packages/airflow/example_dags/example_short_circuit_operator.py
[2025-11-27T08:20:35.107+0000] {logging_mixin.py:188} INFO - [2025-11-27T08:20:35.107+0000] {dag.py:3036} INFO - Sync 1 DAGs
[2025-11-27T08:20:35.123+0000] {logging_mixin.py:188} INFO - [2025-11-27T08:20:35.123+0000] {dag.py:3823} INFO - Setting next_dagrun for example_short_circuit_operator to 2025-11-26 00:00:00+00:00, run_after=2025-11-27 00:00:00+00:00
[2025-11-27T08:20:35.141+0000] {processor.py:183} INFO - Processing /home/airflow/.local/lib/python3.8/site-packages/airflow/example_dags/example_short_circuit_operator.py took 0.062 seconds
[2025-11-27T08:21:06.314+0000] {processor.py:161} INFO - Started process (PID=637) to work on /home/airflow/.local/lib/python3.8/site-packages/airflow/example_dags/example_short_circuit_operator.py
[2025-11-27T08:21:06.316+0000] {processor.py:830} INFO - Processing file /home/airflow/.local/lib/python3.8/site-packages/airflow/example_dags/example_short_circuit_operator.py for tasks to queue
[2025-11-27T08:21:06.318+0000] {logging_mixin.py:188} INFO - [2025-11-27T08:21:06.318+0000] {dagbag.py:538} INFO - Filling up the DagBag from /home/airflow/.local/lib/python3.8/site-packages/airflow/example_dags/example_short_circuit_operator.py
[2025-11-27T08:21:06.325+0000] {processor.py:840} INFO - DAG(s) 'example_short_circuit_operator' retrieved from /home/airflow/.local/lib/python3.8/site-packages/airflow/example_dags/example_short_circuit_operator.py
[2025-11-27T08:21:06.349+0000] {logging_mixin.py:188} INFO - [2025-11-27T08:21:06.348+0000] {dag.py:3036} INFO - Sync 1 DAGs
[2025-11-27T08:21:06.369+0000] {logging_mixin.py:188} INFO - [2025-11-27T08:21:06.369+0000] {dag.py:3823} INFO - Setting next_dagrun for example_short_circuit_operator to 2025-11-26 00:00:00+00:00, run_after=2025-11-27 00:00:00+00:00
[2025-11-27T08:21:06.388+0000] {processor.py:183} INFO - Processing /home/airflow/.local/lib/python3.8/site-packages/airflow/example_dags/example_short_circuit_operator.py took 0.077 seconds
