[2025-11-27T07:49:58.515+0000] {processor.py:161} INFO - Started process (PID=64) to work on /home/airflow/.local/lib/python3.8/site-packages/airflow/example_dags/example_nested_branch_dag.py
[2025-11-27T07:49:58.516+0000] {processor.py:830} INFO - Processing file /home/airflow/.local/lib/python3.8/site-packages/airflow/example_dags/example_nested_branch_dag.py for tasks to queue
[2025-11-27T07:49:58.518+0000] {logging_mixin.py:188} INFO - [2025-11-27T07:49:58.518+0000] {dagbag.py:538} INFO - Filling up the DagBag from /home/airflow/.local/lib/python3.8/site-packages/airflow/example_dags/example_nested_branch_dag.py
[2025-11-27T07:49:58.532+0000] {processor.py:840} INFO - DAG(s) 'example_nested_branch_dag' retrieved from /home/airflow/.local/lib/python3.8/site-packages/airflow/example_dags/example_nested_branch_dag.py
[2025-11-27T07:49:58.547+0000] {logging_mixin.py:188} INFO - [2025-11-27T07:49:58.547+0000] {dag.py:3036} INFO - Sync 1 DAGs
[2025-11-27T07:49:58.579+0000] {logging_mixin.py:188} INFO - [2025-11-27T07:49:58.578+0000] {dag.py:3823} INFO - Setting next_dagrun for example_nested_branch_dag to 2025-11-26 00:00:00+00:00, run_after=2025-11-27 00:00:00+00:00
[2025-11-27T07:49:58.609+0000] {processor.py:183} INFO - Processing /home/airflow/.local/lib/python3.8/site-packages/airflow/example_dags/example_nested_branch_dag.py took 0.097 seconds
[2025-11-27T07:50:31.676+0000] {processor.py:161} INFO - Started process (PID=120) to work on /home/airflow/.local/lib/python3.8/site-packages/airflow/example_dags/example_nested_branch_dag.py
[2025-11-27T07:50:31.677+0000] {processor.py:830} INFO - Processing file /home/airflow/.local/lib/python3.8/site-packages/airflow/example_dags/example_nested_branch_dag.py for tasks to queue
[2025-11-27T07:50:31.679+0000] {logging_mixin.py:188} INFO - [2025-11-27T07:50:31.679+0000] {dagbag.py:538} INFO - Filling up the DagBag from /home/airflow/.local/lib/python3.8/site-packages/airflow/example_dags/example_nested_branch_dag.py
[2025-11-27T07:50:31.686+0000] {processor.py:840} INFO - DAG(s) 'example_nested_branch_dag' retrieved from /home/airflow/.local/lib/python3.8/site-packages/airflow/example_dags/example_nested_branch_dag.py
[2025-11-27T07:50:31.757+0000] {logging_mixin.py:188} INFO - [2025-11-27T07:50:31.757+0000] {dag.py:3036} INFO - Sync 1 DAGs
[2025-11-27T07:50:31.771+0000] {logging_mixin.py:188} INFO - [2025-11-27T07:50:31.771+0000] {dag.py:3823} INFO - Setting next_dagrun for example_nested_branch_dag to 2025-11-26 00:00:00+00:00, run_after=2025-11-27 00:00:00+00:00
[2025-11-27T07:50:31.795+0000] {processor.py:183} INFO - Processing /home/airflow/.local/lib/python3.8/site-packages/airflow/example_dags/example_nested_branch_dag.py took 0.121 seconds
[2025-11-27T07:51:03.648+0000] {processor.py:161} INFO - Started process (PID=176) to work on /home/airflow/.local/lib/python3.8/site-packages/airflow/example_dags/example_nested_branch_dag.py
[2025-11-27T07:51:03.650+0000] {processor.py:830} INFO - Processing file /home/airflow/.local/lib/python3.8/site-packages/airflow/example_dags/example_nested_branch_dag.py for tasks to queue
[2025-11-27T07:51:03.651+0000] {logging_mixin.py:188} INFO - [2025-11-27T07:51:03.651+0000] {dagbag.py:538} INFO - Filling up the DagBag from /home/airflow/.local/lib/python3.8/site-packages/airflow/example_dags/example_nested_branch_dag.py
[2025-11-27T07:51:03.658+0000] {processor.py:840} INFO - DAG(s) 'example_nested_branch_dag' retrieved from /home/airflow/.local/lib/python3.8/site-packages/airflow/example_dags/example_nested_branch_dag.py
[2025-11-27T07:51:03.676+0000] {logging_mixin.py:188} INFO - [2025-11-27T07:51:03.676+0000] {dag.py:3036} INFO - Sync 1 DAGs
[2025-11-27T07:51:03.694+0000] {logging_mixin.py:188} INFO - [2025-11-27T07:51:03.694+0000] {dag.py:3823} INFO - Setting next_dagrun for example_nested_branch_dag to 2025-11-26 00:00:00+00:00, run_after=2025-11-27 00:00:00+00:00
[2025-11-27T07:51:03.715+0000] {processor.py:183} INFO - Processing /home/airflow/.local/lib/python3.8/site-packages/airflow/example_dags/example_nested_branch_dag.py took 0.069 seconds
[2025-11-27T07:51:35.822+0000] {processor.py:161} INFO - Started process (PID=232) to work on /home/airflow/.local/lib/python3.8/site-packages/airflow/example_dags/example_nested_branch_dag.py
[2025-11-27T07:51:35.824+0000] {processor.py:830} INFO - Processing file /home/airflow/.local/lib/python3.8/site-packages/airflow/example_dags/example_nested_branch_dag.py for tasks to queue
[2025-11-27T07:51:35.827+0000] {logging_mixin.py:188} INFO - [2025-11-27T07:51:35.826+0000] {dagbag.py:538} INFO - Filling up the DagBag from /home/airflow/.local/lib/python3.8/site-packages/airflow/example_dags/example_nested_branch_dag.py
[2025-11-27T07:51:35.835+0000] {processor.py:840} INFO - DAG(s) 'example_nested_branch_dag' retrieved from /home/airflow/.local/lib/python3.8/site-packages/airflow/example_dags/example_nested_branch_dag.py
[2025-11-27T07:51:35.855+0000] {logging_mixin.py:188} INFO - [2025-11-27T07:51:35.855+0000] {dag.py:3036} INFO - Sync 1 DAGs
[2025-11-27T07:51:35.873+0000] {logging_mixin.py:188} INFO - [2025-11-27T07:51:35.873+0000] {dag.py:3823} INFO - Setting next_dagrun for example_nested_branch_dag to 2025-11-26 00:00:00+00:00, run_after=2025-11-27 00:00:00+00:00
[2025-11-27T07:51:35.893+0000] {processor.py:183} INFO - Processing /home/airflow/.local/lib/python3.8/site-packages/airflow/example_dags/example_nested_branch_dag.py took 0.074 seconds
[2025-11-27T07:52:08.926+0000] {processor.py:161} INFO - Started process (PID=288) to work on /home/airflow/.local/lib/python3.8/site-packages/airflow/example_dags/example_nested_branch_dag.py
[2025-11-27T07:52:08.928+0000] {processor.py:830} INFO - Processing file /home/airflow/.local/lib/python3.8/site-packages/airflow/example_dags/example_nested_branch_dag.py for tasks to queue
[2025-11-27T07:52:08.931+0000] {logging_mixin.py:188} INFO - [2025-11-27T07:52:08.930+0000] {dagbag.py:538} INFO - Filling up the DagBag from /home/airflow/.local/lib/python3.8/site-packages/airflow/example_dags/example_nested_branch_dag.py
[2025-11-27T07:52:08.941+0000] {processor.py:840} INFO - DAG(s) 'example_nested_branch_dag' retrieved from /home/airflow/.local/lib/python3.8/site-packages/airflow/example_dags/example_nested_branch_dag.py
[2025-11-27T07:52:08.966+0000] {logging_mixin.py:188} INFO - [2025-11-27T07:52:08.966+0000] {dag.py:3036} INFO - Sync 1 DAGs
[2025-11-27T07:52:08.988+0000] {logging_mixin.py:188} INFO - [2025-11-27T07:52:08.988+0000] {dag.py:3823} INFO - Setting next_dagrun for example_nested_branch_dag to 2025-11-26 00:00:00+00:00, run_after=2025-11-27 00:00:00+00:00
[2025-11-27T07:52:09.009+0000] {processor.py:183} INFO - Processing /home/airflow/.local/lib/python3.8/site-packages/airflow/example_dags/example_nested_branch_dag.py took 0.087 seconds
[2025-11-27T08:08:14.391+0000] {processor.py:161} INFO - Started process (PID=126) to work on /home/airflow/.local/lib/python3.8/site-packages/airflow/example_dags/example_nested_branch_dag.py
[2025-11-27T08:08:14.392+0000] {processor.py:830} INFO - Processing file /home/airflow/.local/lib/python3.8/site-packages/airflow/example_dags/example_nested_branch_dag.py for tasks to queue
[2025-11-27T08:08:14.394+0000] {logging_mixin.py:188} INFO - [2025-11-27T08:08:14.394+0000] {dagbag.py:538} INFO - Filling up the DagBag from /home/airflow/.local/lib/python3.8/site-packages/airflow/example_dags/example_nested_branch_dag.py
[2025-11-27T08:08:14.406+0000] {processor.py:840} INFO - DAG(s) 'example_nested_branch_dag' retrieved from /home/airflow/.local/lib/python3.8/site-packages/airflow/example_dags/example_nested_branch_dag.py
[2025-11-27T08:08:14.420+0000] {logging_mixin.py:188} INFO - [2025-11-27T08:08:14.420+0000] {dag.py:3036} INFO - Sync 1 DAGs
[2025-11-27T08:08:14.442+0000] {logging_mixin.py:188} INFO - [2025-11-27T08:08:14.442+0000] {dag.py:3823} INFO - Setting next_dagrun for example_nested_branch_dag to 2025-11-26 00:00:00+00:00, run_after=2025-11-27 00:00:00+00:00
[2025-11-27T08:08:14.462+0000] {processor.py:183} INFO - Processing /home/airflow/.local/lib/python3.8/site-packages/airflow/example_dags/example_nested_branch_dag.py took 0.073 seconds
[2025-11-27T08:08:46.303+0000] {processor.py:161} INFO - Started process (PID=188) to work on /home/airflow/.local/lib/python3.8/site-packages/airflow/example_dags/example_nested_branch_dag.py
[2025-11-27T08:08:46.304+0000] {processor.py:830} INFO - Processing file /home/airflow/.local/lib/python3.8/site-packages/airflow/example_dags/example_nested_branch_dag.py for tasks to queue
[2025-11-27T08:08:46.307+0000] {logging_mixin.py:188} INFO - [2025-11-27T08:08:46.307+0000] {dagbag.py:538} INFO - Filling up the DagBag from /home/airflow/.local/lib/python3.8/site-packages/airflow/example_dags/example_nested_branch_dag.py
[2025-11-27T08:08:46.320+0000] {processor.py:840} INFO - DAG(s) 'example_nested_branch_dag' retrieved from /home/airflow/.local/lib/python3.8/site-packages/airflow/example_dags/example_nested_branch_dag.py
[2025-11-27T08:08:46.586+0000] {logging_mixin.py:188} INFO - [2025-11-27T08:08:46.585+0000] {dag.py:3036} INFO - Sync 1 DAGs
[2025-11-27T08:08:46.605+0000] {logging_mixin.py:188} INFO - [2025-11-27T08:08:46.604+0000] {dag.py:3823} INFO - Setting next_dagrun for example_nested_branch_dag to 2025-11-26 00:00:00+00:00, run_after=2025-11-27 00:00:00+00:00
[2025-11-27T08:08:46.631+0000] {processor.py:183} INFO - Processing /home/airflow/.local/lib/python3.8/site-packages/airflow/example_dags/example_nested_branch_dag.py took 0.331 seconds
[2025-11-27T08:09:16.898+0000] {processor.py:161} INFO - Started process (PID=238) to work on /home/airflow/.local/lib/python3.8/site-packages/airflow/example_dags/example_nested_branch_dag.py
[2025-11-27T08:09:16.899+0000] {processor.py:830} INFO - Processing file /home/airflow/.local/lib/python3.8/site-packages/airflow/example_dags/example_nested_branch_dag.py for tasks to queue
[2025-11-27T08:09:16.902+0000] {logging_mixin.py:188} INFO - [2025-11-27T08:09:16.902+0000] {dagbag.py:538} INFO - Filling up the DagBag from /home/airflow/.local/lib/python3.8/site-packages/airflow/example_dags/example_nested_branch_dag.py
[2025-11-27T08:09:16.917+0000] {processor.py:840} INFO - DAG(s) 'example_nested_branch_dag' retrieved from /home/airflow/.local/lib/python3.8/site-packages/airflow/example_dags/example_nested_branch_dag.py
[2025-11-27T08:09:16.949+0000] {logging_mixin.py:188} INFO - [2025-11-27T08:09:16.949+0000] {dag.py:3036} INFO - Sync 1 DAGs
[2025-11-27T08:09:16.971+0000] {logging_mixin.py:188} INFO - [2025-11-27T08:09:16.971+0000] {dag.py:3823} INFO - Setting next_dagrun for example_nested_branch_dag to 2025-11-26 00:00:00+00:00, run_after=2025-11-27 00:00:00+00:00
[2025-11-27T08:09:17.222+0000] {processor.py:183} INFO - Processing /home/airflow/.local/lib/python3.8/site-packages/airflow/example_dags/example_nested_branch_dag.py took 0.327 seconds
[2025-11-27T08:09:47.301+0000] {processor.py:161} INFO - Started process (PID=294) to work on /home/airflow/.local/lib/python3.8/site-packages/airflow/example_dags/example_nested_branch_dag.py
[2025-11-27T08:09:47.302+0000] {processor.py:830} INFO - Processing file /home/airflow/.local/lib/python3.8/site-packages/airflow/example_dags/example_nested_branch_dag.py for tasks to queue
[2025-11-27T08:09:47.304+0000] {logging_mixin.py:188} INFO - [2025-11-27T08:09:47.304+0000] {dagbag.py:538} INFO - Filling up the DagBag from /home/airflow/.local/lib/python3.8/site-packages/airflow/example_dags/example_nested_branch_dag.py
[2025-11-27T08:09:47.312+0000] {processor.py:840} INFO - DAG(s) 'example_nested_branch_dag' retrieved from /home/airflow/.local/lib/python3.8/site-packages/airflow/example_dags/example_nested_branch_dag.py
[2025-11-27T08:09:47.332+0000] {logging_mixin.py:188} INFO - [2025-11-27T08:09:47.331+0000] {dag.py:3036} INFO - Sync 1 DAGs
[2025-11-27T08:09:47.347+0000] {logging_mixin.py:188} INFO - [2025-11-27T08:09:47.346+0000] {dag.py:3823} INFO - Setting next_dagrun for example_nested_branch_dag to 2025-11-26 00:00:00+00:00, run_after=2025-11-27 00:00:00+00:00
[2025-11-27T08:09:47.362+0000] {processor.py:183} INFO - Processing /home/airflow/.local/lib/python3.8/site-packages/airflow/example_dags/example_nested_branch_dag.py took 0.065 seconds
[2025-11-27T08:10:17.693+0000] {processor.py:161} INFO - Started process (PID=350) to work on /home/airflow/.local/lib/python3.8/site-packages/airflow/example_dags/example_nested_branch_dag.py
[2025-11-27T08:10:17.694+0000] {processor.py:830} INFO - Processing file /home/airflow/.local/lib/python3.8/site-packages/airflow/example_dags/example_nested_branch_dag.py for tasks to queue
[2025-11-27T08:10:17.695+0000] {logging_mixin.py:188} INFO - [2025-11-27T08:10:17.695+0000] {dagbag.py:538} INFO - Filling up the DagBag from /home/airflow/.local/lib/python3.8/site-packages/airflow/example_dags/example_nested_branch_dag.py
[2025-11-27T08:10:17.702+0000] {processor.py:840} INFO - DAG(s) 'example_nested_branch_dag' retrieved from /home/airflow/.local/lib/python3.8/site-packages/airflow/example_dags/example_nested_branch_dag.py
[2025-11-27T08:10:17.720+0000] {logging_mixin.py:188} INFO - [2025-11-27T08:10:17.720+0000] {dag.py:3036} INFO - Sync 1 DAGs
[2025-11-27T08:10:17.759+0000] {logging_mixin.py:188} INFO - [2025-11-27T08:10:17.758+0000] {dag.py:3823} INFO - Setting next_dagrun for example_nested_branch_dag to 2025-11-26 00:00:00+00:00, run_after=2025-11-27 00:00:00+00:00
[2025-11-27T08:10:17.784+0000] {processor.py:183} INFO - Processing /home/airflow/.local/lib/python3.8/site-packages/airflow/example_dags/example_nested_branch_dag.py took 0.094 seconds
[2025-11-27T08:10:48.627+0000] {processor.py:161} INFO - Started process (PID=407) to work on /home/airflow/.local/lib/python3.8/site-packages/airflow/example_dags/example_nested_branch_dag.py
[2025-11-27T08:10:48.628+0000] {processor.py:830} INFO - Processing file /home/airflow/.local/lib/python3.8/site-packages/airflow/example_dags/example_nested_branch_dag.py for tasks to queue
[2025-11-27T08:10:48.630+0000] {logging_mixin.py:188} INFO - [2025-11-27T08:10:48.630+0000] {dagbag.py:538} INFO - Filling up the DagBag from /home/airflow/.local/lib/python3.8/site-packages/airflow/example_dags/example_nested_branch_dag.py
[2025-11-27T08:10:48.640+0000] {processor.py:840} INFO - DAG(s) 'example_nested_branch_dag' retrieved from /home/airflow/.local/lib/python3.8/site-packages/airflow/example_dags/example_nested_branch_dag.py
[2025-11-27T08:10:48.660+0000] {logging_mixin.py:188} INFO - [2025-11-27T08:10:48.660+0000] {dag.py:3036} INFO - Sync 1 DAGs
[2025-11-27T08:10:48.679+0000] {logging_mixin.py:188} INFO - [2025-11-27T08:10:48.679+0000] {dag.py:3823} INFO - Setting next_dagrun for example_nested_branch_dag to 2025-11-26 00:00:00+00:00, run_after=2025-11-27 00:00:00+00:00
[2025-11-27T08:10:48.703+0000] {processor.py:183} INFO - Processing /home/airflow/.local/lib/python3.8/site-packages/airflow/example_dags/example_nested_branch_dag.py took 0.078 seconds
[2025-11-27T08:11:18.821+0000] {processor.py:161} INFO - Started process (PID=463) to work on /home/airflow/.local/lib/python3.8/site-packages/airflow/example_dags/example_nested_branch_dag.py
[2025-11-27T08:11:18.822+0000] {processor.py:830} INFO - Processing file /home/airflow/.local/lib/python3.8/site-packages/airflow/example_dags/example_nested_branch_dag.py for tasks to queue
[2025-11-27T08:11:18.824+0000] {logging_mixin.py:188} INFO - [2025-11-27T08:11:18.824+0000] {dagbag.py:538} INFO - Filling up the DagBag from /home/airflow/.local/lib/python3.8/site-packages/airflow/example_dags/example_nested_branch_dag.py
[2025-11-27T08:11:18.837+0000] {processor.py:840} INFO - DAG(s) 'example_nested_branch_dag' retrieved from /home/airflow/.local/lib/python3.8/site-packages/airflow/example_dags/example_nested_branch_dag.py
[2025-11-27T08:11:18.858+0000] {logging_mixin.py:188} INFO - [2025-11-27T08:11:18.858+0000] {dag.py:3036} INFO - Sync 1 DAGs
[2025-11-27T08:11:18.878+0000] {logging_mixin.py:188} INFO - [2025-11-27T08:11:18.878+0000] {dag.py:3823} INFO - Setting next_dagrun for example_nested_branch_dag to 2025-11-26 00:00:00+00:00, run_after=2025-11-27 00:00:00+00:00
[2025-11-27T08:11:18.901+0000] {processor.py:183} INFO - Processing /home/airflow/.local/lib/python3.8/site-packages/airflow/example_dags/example_nested_branch_dag.py took 0.083 seconds
[2025-11-27T08:11:49.419+0000] {processor.py:161} INFO - Started process (PID=519) to work on /home/airflow/.local/lib/python3.8/site-packages/airflow/example_dags/example_nested_branch_dag.py
[2025-11-27T08:11:49.420+0000] {processor.py:830} INFO - Processing file /home/airflow/.local/lib/python3.8/site-packages/airflow/example_dags/example_nested_branch_dag.py for tasks to queue
[2025-11-27T08:11:49.422+0000] {logging_mixin.py:188} INFO - [2025-11-27T08:11:49.422+0000] {dagbag.py:538} INFO - Filling up the DagBag from /home/airflow/.local/lib/python3.8/site-packages/airflow/example_dags/example_nested_branch_dag.py
[2025-11-27T08:11:49.431+0000] {processor.py:840} INFO - DAG(s) 'example_nested_branch_dag' retrieved from /home/airflow/.local/lib/python3.8/site-packages/airflow/example_dags/example_nested_branch_dag.py
[2025-11-27T08:11:49.448+0000] {logging_mixin.py:188} INFO - [2025-11-27T08:11:49.448+0000] {dag.py:3036} INFO - Sync 1 DAGs
[2025-11-27T08:11:49.465+0000] {logging_mixin.py:188} INFO - [2025-11-27T08:11:49.465+0000] {dag.py:3823} INFO - Setting next_dagrun for example_nested_branch_dag to 2025-11-26 00:00:00+00:00, run_after=2025-11-27 00:00:00+00:00
[2025-11-27T08:11:49.483+0000] {processor.py:183} INFO - Processing /home/airflow/.local/lib/python3.8/site-packages/airflow/example_dags/example_nested_branch_dag.py took 0.066 seconds
[2025-11-27T08:12:19.793+0000] {processor.py:161} INFO - Started process (PID=575) to work on /home/airflow/.local/lib/python3.8/site-packages/airflow/example_dags/example_nested_branch_dag.py
[2025-11-27T08:12:19.794+0000] {processor.py:830} INFO - Processing file /home/airflow/.local/lib/python3.8/site-packages/airflow/example_dags/example_nested_branch_dag.py for tasks to queue
[2025-11-27T08:12:19.797+0000] {logging_mixin.py:188} INFO - [2025-11-27T08:12:19.797+0000] {dagbag.py:538} INFO - Filling up the DagBag from /home/airflow/.local/lib/python3.8/site-packages/airflow/example_dags/example_nested_branch_dag.py
[2025-11-27T08:12:19.806+0000] {processor.py:840} INFO - DAG(s) 'example_nested_branch_dag' retrieved from /home/airflow/.local/lib/python3.8/site-packages/airflow/example_dags/example_nested_branch_dag.py
[2025-11-27T08:12:19.827+0000] {logging_mixin.py:188} INFO - [2025-11-27T08:12:19.826+0000] {dag.py:3036} INFO - Sync 1 DAGs
[2025-11-27T08:12:19.844+0000] {logging_mixin.py:188} INFO - [2025-11-27T08:12:19.844+0000] {dag.py:3823} INFO - Setting next_dagrun for example_nested_branch_dag to 2025-11-26 00:00:00+00:00, run_after=2025-11-27 00:00:00+00:00
[2025-11-27T08:12:19.863+0000] {processor.py:183} INFO - Processing /home/airflow/.local/lib/python3.8/site-packages/airflow/example_dags/example_nested_branch_dag.py took 0.073 seconds
[2025-11-27T08:12:50.438+0000] {processor.py:161} INFO - Started process (PID=631) to work on /home/airflow/.local/lib/python3.8/site-packages/airflow/example_dags/example_nested_branch_dag.py
[2025-11-27T08:12:50.439+0000] {processor.py:830} INFO - Processing file /home/airflow/.local/lib/python3.8/site-packages/airflow/example_dags/example_nested_branch_dag.py for tasks to queue
[2025-11-27T08:12:50.441+0000] {logging_mixin.py:188} INFO - [2025-11-27T08:12:50.441+0000] {dagbag.py:538} INFO - Filling up the DagBag from /home/airflow/.local/lib/python3.8/site-packages/airflow/example_dags/example_nested_branch_dag.py
[2025-11-27T08:12:50.449+0000] {processor.py:840} INFO - DAG(s) 'example_nested_branch_dag' retrieved from /home/airflow/.local/lib/python3.8/site-packages/airflow/example_dags/example_nested_branch_dag.py
[2025-11-27T08:12:50.469+0000] {logging_mixin.py:188} INFO - [2025-11-27T08:12:50.469+0000] {dag.py:3036} INFO - Sync 1 DAGs
[2025-11-27T08:12:50.488+0000] {logging_mixin.py:188} INFO - [2025-11-27T08:12:50.488+0000] {dag.py:3823} INFO - Setting next_dagrun for example_nested_branch_dag to 2025-11-26 00:00:00+00:00, run_after=2025-11-27 00:00:00+00:00
[2025-11-27T08:12:50.506+0000] {processor.py:183} INFO - Processing /home/airflow/.local/lib/python3.8/site-packages/airflow/example_dags/example_nested_branch_dag.py took 0.071 seconds
[2025-11-27T08:13:20.919+0000] {processor.py:161} INFO - Started process (PID=687) to work on /home/airflow/.local/lib/python3.8/site-packages/airflow/example_dags/example_nested_branch_dag.py
[2025-11-27T08:13:20.920+0000] {processor.py:830} INFO - Processing file /home/airflow/.local/lib/python3.8/site-packages/airflow/example_dags/example_nested_branch_dag.py for tasks to queue
[2025-11-27T08:13:20.922+0000] {logging_mixin.py:188} INFO - [2025-11-27T08:13:20.922+0000] {dagbag.py:538} INFO - Filling up the DagBag from /home/airflow/.local/lib/python3.8/site-packages/airflow/example_dags/example_nested_branch_dag.py
[2025-11-27T08:13:20.930+0000] {processor.py:840} INFO - DAG(s) 'example_nested_branch_dag' retrieved from /home/airflow/.local/lib/python3.8/site-packages/airflow/example_dags/example_nested_branch_dag.py
[2025-11-27T08:13:20.948+0000] {logging_mixin.py:188} INFO - [2025-11-27T08:13:20.948+0000] {dag.py:3036} INFO - Sync 1 DAGs
[2025-11-27T08:13:20.966+0000] {logging_mixin.py:188} INFO - [2025-11-27T08:13:20.965+0000] {dag.py:3823} INFO - Setting next_dagrun for example_nested_branch_dag to 2025-11-26 00:00:00+00:00, run_after=2025-11-27 00:00:00+00:00
[2025-11-27T08:13:20.984+0000] {processor.py:183} INFO - Processing /home/airflow/.local/lib/python3.8/site-packages/airflow/example_dags/example_nested_branch_dag.py took 0.067 seconds
[2025-11-27T08:13:51.351+0000] {processor.py:161} INFO - Started process (PID=743) to work on /home/airflow/.local/lib/python3.8/site-packages/airflow/example_dags/example_nested_branch_dag.py
[2025-11-27T08:13:51.352+0000] {processor.py:830} INFO - Processing file /home/airflow/.local/lib/python3.8/site-packages/airflow/example_dags/example_nested_branch_dag.py for tasks to queue
[2025-11-27T08:13:51.354+0000] {logging_mixin.py:188} INFO - [2025-11-27T08:13:51.354+0000] {dagbag.py:538} INFO - Filling up the DagBag from /home/airflow/.local/lib/python3.8/site-packages/airflow/example_dags/example_nested_branch_dag.py
[2025-11-27T08:13:51.362+0000] {processor.py:840} INFO - DAG(s) 'example_nested_branch_dag' retrieved from /home/airflow/.local/lib/python3.8/site-packages/airflow/example_dags/example_nested_branch_dag.py
[2025-11-27T08:13:51.381+0000] {logging_mixin.py:188} INFO - [2025-11-27T08:13:51.381+0000] {dag.py:3036} INFO - Sync 1 DAGs
[2025-11-27T08:13:51.397+0000] {logging_mixin.py:188} INFO - [2025-11-27T08:13:51.397+0000] {dag.py:3823} INFO - Setting next_dagrun for example_nested_branch_dag to 2025-11-26 00:00:00+00:00, run_after=2025-11-27 00:00:00+00:00
[2025-11-27T08:13:51.415+0000] {processor.py:183} INFO - Processing /home/airflow/.local/lib/python3.8/site-packages/airflow/example_dags/example_nested_branch_dag.py took 0.067 seconds
[2025-11-27T08:14:23.643+0000] {processor.py:161} INFO - Started process (PID=799) to work on /home/airflow/.local/lib/python3.8/site-packages/airflow/example_dags/example_nested_branch_dag.py
[2025-11-27T08:14:23.644+0000] {processor.py:830} INFO - Processing file /home/airflow/.local/lib/python3.8/site-packages/airflow/example_dags/example_nested_branch_dag.py for tasks to queue
[2025-11-27T08:14:23.646+0000] {logging_mixin.py:188} INFO - [2025-11-27T08:14:23.646+0000] {dagbag.py:538} INFO - Filling up the DagBag from /home/airflow/.local/lib/python3.8/site-packages/airflow/example_dags/example_nested_branch_dag.py
[2025-11-27T08:14:23.656+0000] {processor.py:840} INFO - DAG(s) 'example_nested_branch_dag' retrieved from /home/airflow/.local/lib/python3.8/site-packages/airflow/example_dags/example_nested_branch_dag.py
[2025-11-27T08:14:23.683+0000] {logging_mixin.py:188} INFO - [2025-11-27T08:14:23.682+0000] {dag.py:3036} INFO - Sync 1 DAGs
[2025-11-27T08:14:23.703+0000] {logging_mixin.py:188} INFO - [2025-11-27T08:14:23.703+0000] {dag.py:3823} INFO - Setting next_dagrun for example_nested_branch_dag to 2025-11-26 00:00:00+00:00, run_after=2025-11-27 00:00:00+00:00
[2025-11-27T08:14:23.727+0000] {processor.py:183} INFO - Processing /home/airflow/.local/lib/python3.8/site-packages/airflow/example_dags/example_nested_branch_dag.py took 0.089 seconds
[2025-11-27T08:14:55.966+0000] {processor.py:161} INFO - Started process (PID=855) to work on /home/airflow/.local/lib/python3.8/site-packages/airflow/example_dags/example_nested_branch_dag.py
[2025-11-27T08:14:55.967+0000] {processor.py:830} INFO - Processing file /home/airflow/.local/lib/python3.8/site-packages/airflow/example_dags/example_nested_branch_dag.py for tasks to queue
[2025-11-27T08:14:55.969+0000] {logging_mixin.py:188} INFO - [2025-11-27T08:14:55.968+0000] {dagbag.py:538} INFO - Filling up the DagBag from /home/airflow/.local/lib/python3.8/site-packages/airflow/example_dags/example_nested_branch_dag.py
[2025-11-27T08:14:55.976+0000] {processor.py:840} INFO - DAG(s) 'example_nested_branch_dag' retrieved from /home/airflow/.local/lib/python3.8/site-packages/airflow/example_dags/example_nested_branch_dag.py
[2025-11-27T08:14:55.992+0000] {logging_mixin.py:188} INFO - [2025-11-27T08:14:55.992+0000] {dag.py:3036} INFO - Sync 1 DAGs
[2025-11-27T08:14:56.005+0000] {logging_mixin.py:188} INFO - [2025-11-27T08:14:56.005+0000] {dag.py:3823} INFO - Setting next_dagrun for example_nested_branch_dag to 2025-11-26 00:00:00+00:00, run_after=2025-11-27 00:00:00+00:00
[2025-11-27T08:14:56.024+0000] {processor.py:183} INFO - Processing /home/airflow/.local/lib/python3.8/site-packages/airflow/example_dags/example_nested_branch_dag.py took 0.061 seconds
[2025-11-27T08:16:28.688+0000] {processor.py:161} INFO - Started process (PID=126) to work on /home/airflow/.local/lib/python3.8/site-packages/airflow/example_dags/example_nested_branch_dag.py
[2025-11-27T08:16:28.689+0000] {processor.py:830} INFO - Processing file /home/airflow/.local/lib/python3.8/site-packages/airflow/example_dags/example_nested_branch_dag.py for tasks to queue
[2025-11-27T08:16:28.691+0000] {logging_mixin.py:188} INFO - [2025-11-27T08:16:28.691+0000] {dagbag.py:538} INFO - Filling up the DagBag from /home/airflow/.local/lib/python3.8/site-packages/airflow/example_dags/example_nested_branch_dag.py
[2025-11-27T08:16:28.701+0000] {processor.py:840} INFO - DAG(s) 'example_nested_branch_dag' retrieved from /home/airflow/.local/lib/python3.8/site-packages/airflow/example_dags/example_nested_branch_dag.py
[2025-11-27T08:16:28.714+0000] {logging_mixin.py:188} INFO - [2025-11-27T08:16:28.714+0000] {dag.py:3036} INFO - Sync 1 DAGs
[2025-11-27T08:16:28.729+0000] {logging_mixin.py:188} INFO - [2025-11-27T08:16:28.729+0000] {dag.py:3823} INFO - Setting next_dagrun for example_nested_branch_dag to 2025-11-26 00:00:00+00:00, run_after=2025-11-27 00:00:00+00:00
[2025-11-27T08:16:28.752+0000] {processor.py:183} INFO - Processing /home/airflow/.local/lib/python3.8/site-packages/airflow/example_dags/example_nested_branch_dag.py took 0.066 seconds
[2025-11-27T08:17:00.089+0000] {processor.py:161} INFO - Started process (PID=183) to work on /home/airflow/.local/lib/python3.8/site-packages/airflow/example_dags/example_nested_branch_dag.py
[2025-11-27T08:17:00.090+0000] {processor.py:830} INFO - Processing file /home/airflow/.local/lib/python3.8/site-packages/airflow/example_dags/example_nested_branch_dag.py for tasks to queue
[2025-11-27T08:17:00.092+0000] {logging_mixin.py:188} INFO - [2025-11-27T08:17:00.092+0000] {dagbag.py:538} INFO - Filling up the DagBag from /home/airflow/.local/lib/python3.8/site-packages/airflow/example_dags/example_nested_branch_dag.py
[2025-11-27T08:17:00.107+0000] {processor.py:840} INFO - DAG(s) 'example_nested_branch_dag' retrieved from /home/airflow/.local/lib/python3.8/site-packages/airflow/example_dags/example_nested_branch_dag.py
[2025-11-27T08:17:00.371+0000] {logging_mixin.py:188} INFO - [2025-11-27T08:17:00.371+0000] {dag.py:3036} INFO - Sync 1 DAGs
[2025-11-27T08:17:00.394+0000] {logging_mixin.py:188} INFO - [2025-11-27T08:17:00.393+0000] {dag.py:3823} INFO - Setting next_dagrun for example_nested_branch_dag to 2025-11-26 00:00:00+00:00, run_after=2025-11-27 00:00:00+00:00
[2025-11-27T08:17:00.417+0000] {processor.py:183} INFO - Processing /home/airflow/.local/lib/python3.8/site-packages/airflow/example_dags/example_nested_branch_dag.py took 0.332 seconds
[2025-11-27T08:17:30.907+0000] {processor.py:161} INFO - Started process (PID=239) to work on /home/airflow/.local/lib/python3.8/site-packages/airflow/example_dags/example_nested_branch_dag.py
[2025-11-27T08:17:30.908+0000] {processor.py:830} INFO - Processing file /home/airflow/.local/lib/python3.8/site-packages/airflow/example_dags/example_nested_branch_dag.py for tasks to queue
[2025-11-27T08:17:30.910+0000] {logging_mixin.py:188} INFO - [2025-11-27T08:17:30.910+0000] {dagbag.py:538} INFO - Filling up the DagBag from /home/airflow/.local/lib/python3.8/site-packages/airflow/example_dags/example_nested_branch_dag.py
[2025-11-27T08:17:30.919+0000] {processor.py:840} INFO - DAG(s) 'example_nested_branch_dag' retrieved from /home/airflow/.local/lib/python3.8/site-packages/airflow/example_dags/example_nested_branch_dag.py
[2025-11-27T08:17:30.940+0000] {logging_mixin.py:188} INFO - [2025-11-27T08:17:30.940+0000] {dag.py:3036} INFO - Sync 1 DAGs
[2025-11-27T08:17:30.957+0000] {logging_mixin.py:188} INFO - [2025-11-27T08:17:30.957+0000] {dag.py:3823} INFO - Setting next_dagrun for example_nested_branch_dag to 2025-11-26 00:00:00+00:00, run_after=2025-11-27 00:00:00+00:00
[2025-11-27T08:17:30.976+0000] {processor.py:183} INFO - Processing /home/airflow/.local/lib/python3.8/site-packages/airflow/example_dags/example_nested_branch_dag.py took 0.072 seconds
[2025-11-27T08:18:01.601+0000] {processor.py:161} INFO - Started process (PID=295) to work on /home/airflow/.local/lib/python3.8/site-packages/airflow/example_dags/example_nested_branch_dag.py
[2025-11-27T08:18:01.602+0000] {processor.py:830} INFO - Processing file /home/airflow/.local/lib/python3.8/site-packages/airflow/example_dags/example_nested_branch_dag.py for tasks to queue
[2025-11-27T08:18:01.605+0000] {logging_mixin.py:188} INFO - [2025-11-27T08:18:01.604+0000] {dagbag.py:538} INFO - Filling up the DagBag from /home/airflow/.local/lib/python3.8/site-packages/airflow/example_dags/example_nested_branch_dag.py
[2025-11-27T08:18:01.614+0000] {processor.py:840} INFO - DAG(s) 'example_nested_branch_dag' retrieved from /home/airflow/.local/lib/python3.8/site-packages/airflow/example_dags/example_nested_branch_dag.py
[2025-11-27T08:18:01.635+0000] {logging_mixin.py:188} INFO - [2025-11-27T08:18:01.634+0000] {dag.py:3036} INFO - Sync 1 DAGs
[2025-11-27T08:18:01.656+0000] {logging_mixin.py:188} INFO - [2025-11-27T08:18:01.655+0000] {dag.py:3823} INFO - Setting next_dagrun for example_nested_branch_dag to 2025-11-26 00:00:00+00:00, run_after=2025-11-27 00:00:00+00:00
[2025-11-27T08:18:01.677+0000] {processor.py:183} INFO - Processing /home/airflow/.local/lib/python3.8/site-packages/airflow/example_dags/example_nested_branch_dag.py took 0.083 seconds
[2025-11-27T08:18:32.501+0000] {processor.py:161} INFO - Started process (PID=351) to work on /home/airflow/.local/lib/python3.8/site-packages/airflow/example_dags/example_nested_branch_dag.py
[2025-11-27T08:18:32.503+0000] {processor.py:830} INFO - Processing file /home/airflow/.local/lib/python3.8/site-packages/airflow/example_dags/example_nested_branch_dag.py for tasks to queue
[2025-11-27T08:18:32.505+0000] {logging_mixin.py:188} INFO - [2025-11-27T08:18:32.504+0000] {dagbag.py:538} INFO - Filling up the DagBag from /home/airflow/.local/lib/python3.8/site-packages/airflow/example_dags/example_nested_branch_dag.py
[2025-11-27T08:18:32.514+0000] {processor.py:840} INFO - DAG(s) 'example_nested_branch_dag' retrieved from /home/airflow/.local/lib/python3.8/site-packages/airflow/example_dags/example_nested_branch_dag.py
[2025-11-27T08:18:32.538+0000] {logging_mixin.py:188} INFO - [2025-11-27T08:18:32.537+0000] {dag.py:3036} INFO - Sync 1 DAGs
[2025-11-27T08:18:32.557+0000] {logging_mixin.py:188} INFO - [2025-11-27T08:18:32.557+0000] {dag.py:3823} INFO - Setting next_dagrun for example_nested_branch_dag to 2025-11-26 00:00:00+00:00, run_after=2025-11-27 00:00:00+00:00
[2025-11-27T08:18:32.982+0000] {processor.py:183} INFO - Processing /home/airflow/.local/lib/python3.8/site-packages/airflow/example_dags/example_nested_branch_dag.py took 0.484 seconds
[2025-11-27T08:19:03.651+0000] {processor.py:161} INFO - Started process (PID=407) to work on /home/airflow/.local/lib/python3.8/site-packages/airflow/example_dags/example_nested_branch_dag.py
[2025-11-27T08:19:03.652+0000] {processor.py:830} INFO - Processing file /home/airflow/.local/lib/python3.8/site-packages/airflow/example_dags/example_nested_branch_dag.py for tasks to queue
[2025-11-27T08:19:03.654+0000] {logging_mixin.py:188} INFO - [2025-11-27T08:19:03.653+0000] {dagbag.py:538} INFO - Filling up the DagBag from /home/airflow/.local/lib/python3.8/site-packages/airflow/example_dags/example_nested_branch_dag.py
[2025-11-27T08:19:03.663+0000] {processor.py:840} INFO - DAG(s) 'example_nested_branch_dag' retrieved from /home/airflow/.local/lib/python3.8/site-packages/airflow/example_dags/example_nested_branch_dag.py
[2025-11-27T08:19:03.684+0000] {logging_mixin.py:188} INFO - [2025-11-27T08:19:03.684+0000] {dag.py:3036} INFO - Sync 1 DAGs
[2025-11-27T08:19:03.700+0000] {logging_mixin.py:188} INFO - [2025-11-27T08:19:03.700+0000] {dag.py:3823} INFO - Setting next_dagrun for example_nested_branch_dag to 2025-11-26 00:00:00+00:00, run_after=2025-11-27 00:00:00+00:00
[2025-11-27T08:19:03.719+0000] {processor.py:183} INFO - Processing /home/airflow/.local/lib/python3.8/site-packages/airflow/example_dags/example_nested_branch_dag.py took 0.070 seconds
[2025-11-27T08:19:34.169+0000] {processor.py:161} INFO - Started process (PID=463) to work on /home/airflow/.local/lib/python3.8/site-packages/airflow/example_dags/example_nested_branch_dag.py
[2025-11-27T08:19:34.171+0000] {processor.py:830} INFO - Processing file /home/airflow/.local/lib/python3.8/site-packages/airflow/example_dags/example_nested_branch_dag.py for tasks to queue
[2025-11-27T08:19:34.173+0000] {logging_mixin.py:188} INFO - [2025-11-27T08:19:34.173+0000] {dagbag.py:538} INFO - Filling up the DagBag from /home/airflow/.local/lib/python3.8/site-packages/airflow/example_dags/example_nested_branch_dag.py
[2025-11-27T08:19:34.181+0000] {processor.py:840} INFO - DAG(s) 'example_nested_branch_dag' retrieved from /home/airflow/.local/lib/python3.8/site-packages/airflow/example_dags/example_nested_branch_dag.py
[2025-11-27T08:19:34.201+0000] {logging_mixin.py:188} INFO - [2025-11-27T08:19:34.201+0000] {dag.py:3036} INFO - Sync 1 DAGs
[2025-11-27T08:19:34.221+0000] {logging_mixin.py:188} INFO - [2025-11-27T08:19:34.220+0000] {dag.py:3823} INFO - Setting next_dagrun for example_nested_branch_dag to 2025-11-26 00:00:00+00:00, run_after=2025-11-27 00:00:00+00:00
[2025-11-27T08:19:34.241+0000] {processor.py:183} INFO - Processing /home/airflow/.local/lib/python3.8/site-packages/airflow/example_dags/example_nested_branch_dag.py took 0.074 seconds
[2025-11-27T08:20:04.317+0000] {processor.py:161} INFO - Started process (PID=518) to work on /home/airflow/.local/lib/python3.8/site-packages/airflow/example_dags/example_nested_branch_dag.py
[2025-11-27T08:20:04.318+0000] {processor.py:830} INFO - Processing file /home/airflow/.local/lib/python3.8/site-packages/airflow/example_dags/example_nested_branch_dag.py for tasks to queue
[2025-11-27T08:20:04.320+0000] {logging_mixin.py:188} INFO - [2025-11-27T08:20:04.320+0000] {dagbag.py:538} INFO - Filling up the DagBag from /home/airflow/.local/lib/python3.8/site-packages/airflow/example_dags/example_nested_branch_dag.py
[2025-11-27T08:20:04.328+0000] {processor.py:840} INFO - DAG(s) 'example_nested_branch_dag' retrieved from /home/airflow/.local/lib/python3.8/site-packages/airflow/example_dags/example_nested_branch_dag.py
[2025-11-27T08:20:04.345+0000] {logging_mixin.py:188} INFO - [2025-11-27T08:20:04.345+0000] {dag.py:3036} INFO - Sync 1 DAGs
[2025-11-27T08:20:04.363+0000] {logging_mixin.py:188} INFO - [2025-11-27T08:20:04.362+0000] {dag.py:3823} INFO - Setting next_dagrun for example_nested_branch_dag to 2025-11-26 00:00:00+00:00, run_after=2025-11-27 00:00:00+00:00
[2025-11-27T08:20:04.379+0000] {processor.py:183} INFO - Processing /home/airflow/.local/lib/python3.8/site-packages/airflow/example_dags/example_nested_branch_dag.py took 0.065 seconds
[2025-11-27T08:20:34.524+0000] {processor.py:161} INFO - Started process (PID=574) to work on /home/airflow/.local/lib/python3.8/site-packages/airflow/example_dags/example_nested_branch_dag.py
[2025-11-27T08:20:34.525+0000] {processor.py:830} INFO - Processing file /home/airflow/.local/lib/python3.8/site-packages/airflow/example_dags/example_nested_branch_dag.py for tasks to queue
[2025-11-27T08:20:34.528+0000] {logging_mixin.py:188} INFO - [2025-11-27T08:20:34.527+0000] {dagbag.py:538} INFO - Filling up the DagBag from /home/airflow/.local/lib/python3.8/site-packages/airflow/example_dags/example_nested_branch_dag.py
[2025-11-27T08:20:34.535+0000] {processor.py:840} INFO - DAG(s) 'example_nested_branch_dag' retrieved from /home/airflow/.local/lib/python3.8/site-packages/airflow/example_dags/example_nested_branch_dag.py
[2025-11-27T08:20:34.552+0000] {logging_mixin.py:188} INFO - [2025-11-27T08:20:34.552+0000] {dag.py:3036} INFO - Sync 1 DAGs
[2025-11-27T08:20:34.566+0000] {logging_mixin.py:188} INFO - [2025-11-27T08:20:34.566+0000] {dag.py:3823} INFO - Setting next_dagrun for example_nested_branch_dag to 2025-11-26 00:00:00+00:00, run_after=2025-11-27 00:00:00+00:00
[2025-11-27T08:20:34.583+0000] {processor.py:183} INFO - Processing /home/airflow/.local/lib/python3.8/site-packages/airflow/example_dags/example_nested_branch_dag.py took 0.061 seconds
[2025-11-27T08:21:05.524+0000] {processor.py:161} INFO - Started process (PID=631) to work on /home/airflow/.local/lib/python3.8/site-packages/airflow/example_dags/example_nested_branch_dag.py
[2025-11-27T08:21:05.525+0000] {processor.py:830} INFO - Processing file /home/airflow/.local/lib/python3.8/site-packages/airflow/example_dags/example_nested_branch_dag.py for tasks to queue
[2025-11-27T08:21:05.527+0000] {logging_mixin.py:188} INFO - [2025-11-27T08:21:05.527+0000] {dagbag.py:538} INFO - Filling up the DagBag from /home/airflow/.local/lib/python3.8/site-packages/airflow/example_dags/example_nested_branch_dag.py
[2025-11-27T08:21:05.535+0000] {processor.py:840} INFO - DAG(s) 'example_nested_branch_dag' retrieved from /home/airflow/.local/lib/python3.8/site-packages/airflow/example_dags/example_nested_branch_dag.py
[2025-11-27T08:21:05.554+0000] {logging_mixin.py:188} INFO - [2025-11-27T08:21:05.554+0000] {dag.py:3036} INFO - Sync 1 DAGs
[2025-11-27T08:21:05.571+0000] {logging_mixin.py:188} INFO - [2025-11-27T08:21:05.571+0000] {dag.py:3823} INFO - Setting next_dagrun for example_nested_branch_dag to 2025-11-26 00:00:00+00:00, run_after=2025-11-27 00:00:00+00:00
[2025-11-27T08:21:05.588+0000] {processor.py:183} INFO - Processing /home/airflow/.local/lib/python3.8/site-packages/airflow/example_dags/example_nested_branch_dag.py took 0.067 seconds
