[2025-11-27T07:50:00.297+0000] {processor.py:161} INFO - Started process (PID=99) to work on /home/airflow/.local/lib/python3.8/site-packages/airflow/example_dags/example_xcomargs.py
[2025-11-27T07:50:00.299+0000] {processor.py:830} INFO - Processing file /home/airflow/.local/lib/python3.8/site-packages/airflow/example_dags/example_xcomargs.py for tasks to queue
[2025-11-27T07:50:00.302+0000] {logging_mixin.py:188} INFO - [2025-11-27T07:50:00.302+0000] {dagbag.py:538} INFO - Filling up the DagBag from /home/airflow/.local/lib/python3.8/site-packages/airflow/example_dags/example_xcomargs.py
[2025-11-27T07:50:00.313+0000] {processor.py:840} INFO - DAG(s) 'example_xcom_args', 'example_xcom_args_with_operators' retrieved from /home/airflow/.local/lib/python3.8/site-packages/airflow/example_dags/example_xcomargs.py
[2025-11-27T07:50:00.335+0000] {logging_mixin.py:188} INFO - [2025-11-27T07:50:00.335+0000] {dag.py:3036} INFO - Sync 2 DAGs
[2025-11-27T07:50:00.348+0000] {logging_mixin.py:188} INFO - [2025-11-27T07:50:00.348+0000] {dag.py:3823} INFO - Setting next_dagrun for example_xcom_args to None, run_after=None
[2025-11-27T07:50:00.352+0000] {logging_mixin.py:188} INFO - [2025-11-27T07:50:00.352+0000] {dag.py:3823} INFO - Setting next_dagrun for example_xcom_args_with_operators to None, run_after=None
[2025-11-27T07:50:00.700+0000] {processor.py:183} INFO - Processing /home/airflow/.local/lib/python3.8/site-packages/airflow/example_dags/example_xcomargs.py took 0.405 seconds
[2025-11-27T07:50:34.450+0000] {processor.py:161} INFO - Started process (PID=155) to work on /home/airflow/.local/lib/python3.8/site-packages/airflow/example_dags/example_xcomargs.py
[2025-11-27T07:50:34.451+0000] {processor.py:830} INFO - Processing file /home/airflow/.local/lib/python3.8/site-packages/airflow/example_dags/example_xcomargs.py for tasks to queue
[2025-11-27T07:50:34.453+0000] {logging_mixin.py:188} INFO - [2025-11-27T07:50:34.453+0000] {dagbag.py:538} INFO - Filling up the DagBag from /home/airflow/.local/lib/python3.8/site-packages/airflow/example_dags/example_xcomargs.py
[2025-11-27T07:50:34.459+0000] {processor.py:840} INFO - DAG(s) 'example_xcom_args_with_operators', 'example_xcom_args' retrieved from /home/airflow/.local/lib/python3.8/site-packages/airflow/example_dags/example_xcomargs.py
[2025-11-27T07:50:34.551+0000] {logging_mixin.py:188} INFO - [2025-11-27T07:50:34.551+0000] {dag.py:3036} INFO - Sync 2 DAGs
[2025-11-27T07:50:34.562+0000] {logging_mixin.py:188} INFO - [2025-11-27T07:50:34.562+0000] {dag.py:3823} INFO - Setting next_dagrun for example_xcom_args to None, run_after=None
[2025-11-27T07:50:34.565+0000] {logging_mixin.py:188} INFO - [2025-11-27T07:50:34.565+0000] {dag.py:3823} INFO - Setting next_dagrun for example_xcom_args_with_operators to None, run_after=None
[2025-11-27T07:50:34.583+0000] {processor.py:183} INFO - Processing /home/airflow/.local/lib/python3.8/site-packages/airflow/example_dags/example_xcomargs.py took 0.136 seconds
[2025-11-27T07:51:05.312+0000] {processor.py:161} INFO - Started process (PID=211) to work on /home/airflow/.local/lib/python3.8/site-packages/airflow/example_dags/example_xcomargs.py
[2025-11-27T07:51:05.315+0000] {processor.py:830} INFO - Processing file /home/airflow/.local/lib/python3.8/site-packages/airflow/example_dags/example_xcomargs.py for tasks to queue
[2025-11-27T07:51:05.318+0000] {logging_mixin.py:188} INFO - [2025-11-27T07:51:05.318+0000] {dagbag.py:538} INFO - Filling up the DagBag from /home/airflow/.local/lib/python3.8/site-packages/airflow/example_dags/example_xcomargs.py
[2025-11-27T07:51:05.325+0000] {processor.py:840} INFO - DAG(s) 'example_xcom_args_with_operators', 'example_xcom_args' retrieved from /home/airflow/.local/lib/python3.8/site-packages/airflow/example_dags/example_xcomargs.py
[2025-11-27T07:51:05.342+0000] {logging_mixin.py:188} INFO - [2025-11-27T07:51:05.342+0000] {dag.py:3036} INFO - Sync 2 DAGs
[2025-11-27T07:51:05.350+0000] {logging_mixin.py:188} INFO - [2025-11-27T07:51:05.350+0000] {dag.py:3823} INFO - Setting next_dagrun for example_xcom_args to None, run_after=None
[2025-11-27T07:51:05.352+0000] {logging_mixin.py:188} INFO - [2025-11-27T07:51:05.352+0000] {dag.py:3823} INFO - Setting next_dagrun for example_xcom_args_with_operators to None, run_after=None
[2025-11-27T07:51:05.367+0000] {processor.py:183} INFO - Processing /home/airflow/.local/lib/python3.8/site-packages/airflow/example_dags/example_xcomargs.py took 0.057 seconds
[2025-11-27T07:51:37.237+0000] {processor.py:161} INFO - Started process (PID=261) to work on /home/airflow/.local/lib/python3.8/site-packages/airflow/example_dags/example_xcomargs.py
[2025-11-27T07:51:37.238+0000] {processor.py:830} INFO - Processing file /home/airflow/.local/lib/python3.8/site-packages/airflow/example_dags/example_xcomargs.py for tasks to queue
[2025-11-27T07:51:37.240+0000] {logging_mixin.py:188} INFO - [2025-11-27T07:51:37.240+0000] {dagbag.py:538} INFO - Filling up the DagBag from /home/airflow/.local/lib/python3.8/site-packages/airflow/example_dags/example_xcomargs.py
[2025-11-27T07:51:37.247+0000] {processor.py:840} INFO - DAG(s) 'example_xcom_args', 'example_xcom_args_with_operators' retrieved from /home/airflow/.local/lib/python3.8/site-packages/airflow/example_dags/example_xcomargs.py
[2025-11-27T07:51:37.269+0000] {logging_mixin.py:188} INFO - [2025-11-27T07:51:37.269+0000] {dag.py:3036} INFO - Sync 2 DAGs
[2025-11-27T07:51:37.279+0000] {logging_mixin.py:188} INFO - [2025-11-27T07:51:37.279+0000] {dag.py:3823} INFO - Setting next_dagrun for example_xcom_args to None, run_after=None
[2025-11-27T07:51:37.282+0000] {logging_mixin.py:188} INFO - [2025-11-27T07:51:37.282+0000] {dag.py:3823} INFO - Setting next_dagrun for example_xcom_args_with_operators to None, run_after=None
[2025-11-27T07:51:37.299+0000] {processor.py:183} INFO - Processing /home/airflow/.local/lib/python3.8/site-packages/airflow/example_dags/example_xcomargs.py took 0.065 seconds
[2025-11-27T07:52:10.698+0000] {processor.py:161} INFO - Started process (PID=323) to work on /home/airflow/.local/lib/python3.8/site-packages/airflow/example_dags/example_xcomargs.py
[2025-11-27T07:52:10.699+0000] {processor.py:830} INFO - Processing file /home/airflow/.local/lib/python3.8/site-packages/airflow/example_dags/example_xcomargs.py for tasks to queue
[2025-11-27T07:52:10.701+0000] {logging_mixin.py:188} INFO - [2025-11-27T07:52:10.701+0000] {dagbag.py:538} INFO - Filling up the DagBag from /home/airflow/.local/lib/python3.8/site-packages/airflow/example_dags/example_xcomargs.py
[2025-11-27T07:52:10.707+0000] {processor.py:840} INFO - DAG(s) 'example_xcom_args', 'example_xcom_args_with_operators' retrieved from /home/airflow/.local/lib/python3.8/site-packages/airflow/example_dags/example_xcomargs.py
[2025-11-27T07:52:10.726+0000] {logging_mixin.py:188} INFO - [2025-11-27T07:52:10.726+0000] {dag.py:3036} INFO - Sync 2 DAGs
[2025-11-27T07:52:10.738+0000] {logging_mixin.py:188} INFO - [2025-11-27T07:52:10.738+0000] {dag.py:3823} INFO - Setting next_dagrun for example_xcom_args to None, run_after=None
[2025-11-27T07:52:10.741+0000] {logging_mixin.py:188} INFO - [2025-11-27T07:52:10.741+0000] {dag.py:3823} INFO - Setting next_dagrun for example_xcom_args_with_operators to None, run_after=None
[2025-11-27T07:52:10.758+0000] {processor.py:183} INFO - Processing /home/airflow/.local/lib/python3.8/site-packages/airflow/example_dags/example_xcomargs.py took 0.063 seconds
[2025-11-27T08:08:16.563+0000] {processor.py:161} INFO - Started process (PID=161) to work on /home/airflow/.local/lib/python3.8/site-packages/airflow/example_dags/example_xcomargs.py
[2025-11-27T08:08:16.565+0000] {processor.py:830} INFO - Processing file /home/airflow/.local/lib/python3.8/site-packages/airflow/example_dags/example_xcomargs.py for tasks to queue
[2025-11-27T08:08:16.568+0000] {logging_mixin.py:188} INFO - [2025-11-27T08:08:16.568+0000] {dagbag.py:538} INFO - Filling up the DagBag from /home/airflow/.local/lib/python3.8/site-packages/airflow/example_dags/example_xcomargs.py
[2025-11-27T08:08:16.582+0000] {processor.py:840} INFO - DAG(s) 'example_xcom_args', 'example_xcom_args_with_operators' retrieved from /home/airflow/.local/lib/python3.8/site-packages/airflow/example_dags/example_xcomargs.py
[2025-11-27T08:08:16.599+0000] {logging_mixin.py:188} INFO - [2025-11-27T08:08:16.599+0000] {dag.py:3036} INFO - Sync 2 DAGs
[2025-11-27T08:08:16.617+0000] {logging_mixin.py:188} INFO - [2025-11-27T08:08:16.616+0000] {dag.py:3823} INFO - Setting next_dagrun for example_xcom_args to None, run_after=None
[2025-11-27T08:08:16.622+0000] {logging_mixin.py:188} INFO - [2025-11-27T08:08:16.621+0000] {dag.py:3823} INFO - Setting next_dagrun for example_xcom_args_with_operators to None, run_after=None
[2025-11-27T08:08:16.647+0000] {processor.py:183} INFO - Processing /home/airflow/.local/lib/python3.8/site-packages/airflow/example_dags/example_xcomargs.py took 0.086 seconds
[2025-11-27T08:08:51.327+0000] {processor.py:161} INFO - Started process (PID=217) to work on /home/airflow/.local/lib/python3.8/site-packages/airflow/example_dags/example_xcomargs.py
[2025-11-27T08:08:51.330+0000] {processor.py:830} INFO - Processing file /home/airflow/.local/lib/python3.8/site-packages/airflow/example_dags/example_xcomargs.py for tasks to queue
[2025-11-27T08:08:51.332+0000] {logging_mixin.py:188} INFO - [2025-11-27T08:08:51.331+0000] {dagbag.py:538} INFO - Filling up the DagBag from /home/airflow/.local/lib/python3.8/site-packages/airflow/example_dags/example_xcomargs.py
[2025-11-27T08:08:51.338+0000] {processor.py:840} INFO - DAG(s) 'example_xcom_args', 'example_xcom_args_with_operators' retrieved from /home/airflow/.local/lib/python3.8/site-packages/airflow/example_dags/example_xcomargs.py
[2025-11-27T08:08:51.601+0000] {logging_mixin.py:188} INFO - [2025-11-27T08:08:51.600+0000] {dag.py:3036} INFO - Sync 2 DAGs
[2025-11-27T08:08:51.608+0000] {logging_mixin.py:188} INFO - [2025-11-27T08:08:51.608+0000] {dag.py:3823} INFO - Setting next_dagrun for example_xcom_args to None, run_after=None
[2025-11-27T08:08:51.611+0000] {logging_mixin.py:188} INFO - [2025-11-27T08:08:51.611+0000] {dag.py:3823} INFO - Setting next_dagrun for example_xcom_args_with_operators to None, run_after=None
[2025-11-27T08:08:51.632+0000] {processor.py:183} INFO - Processing /home/airflow/.local/lib/python3.8/site-packages/airflow/example_dags/example_xcomargs.py took 0.308 seconds
[2025-11-27T08:09:21.878+0000] {processor.py:161} INFO - Started process (PID=273) to work on /home/airflow/.local/lib/python3.8/site-packages/airflow/example_dags/example_xcomargs.py
[2025-11-27T08:09:21.879+0000] {processor.py:830} INFO - Processing file /home/airflow/.local/lib/python3.8/site-packages/airflow/example_dags/example_xcomargs.py for tasks to queue
[2025-11-27T08:09:21.881+0000] {logging_mixin.py:188} INFO - [2025-11-27T08:09:21.881+0000] {dagbag.py:538} INFO - Filling up the DagBag from /home/airflow/.local/lib/python3.8/site-packages/airflow/example_dags/example_xcomargs.py
[2025-11-27T08:09:21.887+0000] {processor.py:840} INFO - DAG(s) 'example_xcom_args', 'example_xcom_args_with_operators' retrieved from /home/airflow/.local/lib/python3.8/site-packages/airflow/example_dags/example_xcomargs.py
[2025-11-27T08:09:21.904+0000] {logging_mixin.py:188} INFO - [2025-11-27T08:09:21.904+0000] {dag.py:3036} INFO - Sync 2 DAGs
[2025-11-27T08:09:21.914+0000] {logging_mixin.py:188} INFO - [2025-11-27T08:09:21.914+0000] {dag.py:3823} INFO - Setting next_dagrun for example_xcom_args to None, run_after=None
[2025-11-27T08:09:21.917+0000] {logging_mixin.py:188} INFO - [2025-11-27T08:09:21.917+0000] {dag.py:3823} INFO - Setting next_dagrun for example_xcom_args_with_operators to None, run_after=None
[2025-11-27T08:09:21.931+0000] {processor.py:183} INFO - Processing /home/airflow/.local/lib/python3.8/site-packages/airflow/example_dags/example_xcomargs.py took 0.056 seconds
[2025-11-27T08:09:52.111+0000] {processor.py:161} INFO - Started process (PID=323) to work on /home/airflow/.local/lib/python3.8/site-packages/airflow/example_dags/example_xcomargs.py
[2025-11-27T08:09:52.112+0000] {processor.py:830} INFO - Processing file /home/airflow/.local/lib/python3.8/site-packages/airflow/example_dags/example_xcomargs.py for tasks to queue
[2025-11-27T08:09:52.114+0000] {logging_mixin.py:188} INFO - [2025-11-27T08:09:52.114+0000] {dagbag.py:538} INFO - Filling up the DagBag from /home/airflow/.local/lib/python3.8/site-packages/airflow/example_dags/example_xcomargs.py
[2025-11-27T08:09:52.123+0000] {processor.py:840} INFO - DAG(s) 'example_xcom_args_with_operators', 'example_xcom_args' retrieved from /home/airflow/.local/lib/python3.8/site-packages/airflow/example_dags/example_xcomargs.py
[2025-11-27T08:09:52.144+0000] {logging_mixin.py:188} INFO - [2025-11-27T08:09:52.144+0000] {dag.py:3036} INFO - Sync 2 DAGs
[2025-11-27T08:09:52.156+0000] {logging_mixin.py:188} INFO - [2025-11-27T08:09:52.156+0000] {dag.py:3823} INFO - Setting next_dagrun for example_xcom_args to None, run_after=None
[2025-11-27T08:09:52.159+0000] {logging_mixin.py:188} INFO - [2025-11-27T08:09:52.159+0000] {dag.py:3823} INFO - Setting next_dagrun for example_xcom_args_with_operators to None, run_after=None
[2025-11-27T08:09:52.178+0000] {processor.py:183} INFO - Processing /home/airflow/.local/lib/python3.8/site-packages/airflow/example_dags/example_xcomargs.py took 0.070 seconds
[2025-11-27T08:10:22.245+0000] {processor.py:161} INFO - Started process (PID=379) to work on /home/airflow/.local/lib/python3.8/site-packages/airflow/example_dags/example_xcomargs.py
[2025-11-27T08:10:22.246+0000] {processor.py:830} INFO - Processing file /home/airflow/.local/lib/python3.8/site-packages/airflow/example_dags/example_xcomargs.py for tasks to queue
[2025-11-27T08:10:22.248+0000] {logging_mixin.py:188} INFO - [2025-11-27T08:10:22.248+0000] {dagbag.py:538} INFO - Filling up the DagBag from /home/airflow/.local/lib/python3.8/site-packages/airflow/example_dags/example_xcomargs.py
[2025-11-27T08:10:22.256+0000] {processor.py:840} INFO - DAG(s) 'example_xcom_args', 'example_xcom_args_with_operators' retrieved from /home/airflow/.local/lib/python3.8/site-packages/airflow/example_dags/example_xcomargs.py
[2025-11-27T08:10:22.278+0000] {logging_mixin.py:188} INFO - [2025-11-27T08:10:22.278+0000] {dag.py:3036} INFO - Sync 2 DAGs
[2025-11-27T08:10:22.289+0000] {logging_mixin.py:188} INFO - [2025-11-27T08:10:22.289+0000] {dag.py:3823} INFO - Setting next_dagrun for example_xcom_args to None, run_after=None
[2025-11-27T08:10:22.292+0000] {logging_mixin.py:188} INFO - [2025-11-27T08:10:22.292+0000] {dag.py:3823} INFO - Setting next_dagrun for example_xcom_args_with_operators to None, run_after=None
[2025-11-27T08:10:22.309+0000] {processor.py:183} INFO - Processing /home/airflow/.local/lib/python3.8/site-packages/airflow/example_dags/example_xcomargs.py took 0.067 seconds
[2025-11-27T08:10:53.296+0000] {processor.py:161} INFO - Started process (PID=436) to work on /home/airflow/.local/lib/python3.8/site-packages/airflow/example_dags/example_xcomargs.py
[2025-11-27T08:10:53.298+0000] {processor.py:830} INFO - Processing file /home/airflow/.local/lib/python3.8/site-packages/airflow/example_dags/example_xcomargs.py for tasks to queue
[2025-11-27T08:10:53.299+0000] {logging_mixin.py:188} INFO - [2025-11-27T08:10:53.299+0000] {dagbag.py:538} INFO - Filling up the DagBag from /home/airflow/.local/lib/python3.8/site-packages/airflow/example_dags/example_xcomargs.py
[2025-11-27T08:10:53.306+0000] {processor.py:840} INFO - DAG(s) 'example_xcom_args', 'example_xcom_args_with_operators' retrieved from /home/airflow/.local/lib/python3.8/site-packages/airflow/example_dags/example_xcomargs.py
[2025-11-27T08:10:53.326+0000] {logging_mixin.py:188} INFO - [2025-11-27T08:10:53.325+0000] {dag.py:3036} INFO - Sync 2 DAGs
[2025-11-27T08:10:53.336+0000] {logging_mixin.py:188} INFO - [2025-11-27T08:10:53.335+0000] {dag.py:3823} INFO - Setting next_dagrun for example_xcom_args to None, run_after=None
[2025-11-27T08:10:53.339+0000] {logging_mixin.py:188} INFO - [2025-11-27T08:10:53.339+0000] {dag.py:3823} INFO - Setting next_dagrun for example_xcom_args_with_operators to None, run_after=None
[2025-11-27T08:10:53.355+0000] {processor.py:183} INFO - Processing /home/airflow/.local/lib/python3.8/site-packages/airflow/example_dags/example_xcomargs.py took 0.061 seconds
[2025-11-27T08:11:23.729+0000] {processor.py:161} INFO - Started process (PID=492) to work on /home/airflow/.local/lib/python3.8/site-packages/airflow/example_dags/example_xcomargs.py
[2025-11-27T08:11:23.733+0000] {processor.py:830} INFO - Processing file /home/airflow/.local/lib/python3.8/site-packages/airflow/example_dags/example_xcomargs.py for tasks to queue
[2025-11-27T08:11:23.735+0000] {logging_mixin.py:188} INFO - [2025-11-27T08:11:23.735+0000] {dagbag.py:538} INFO - Filling up the DagBag from /home/airflow/.local/lib/python3.8/site-packages/airflow/example_dags/example_xcomargs.py
[2025-11-27T08:11:23.740+0000] {processor.py:840} INFO - DAG(s) 'example_xcom_args', 'example_xcom_args_with_operators' retrieved from /home/airflow/.local/lib/python3.8/site-packages/airflow/example_dags/example_xcomargs.py
[2025-11-27T08:11:23.757+0000] {logging_mixin.py:188} INFO - [2025-11-27T08:11:23.757+0000] {dag.py:3036} INFO - Sync 2 DAGs
[2025-11-27T08:11:23.765+0000] {logging_mixin.py:188} INFO - [2025-11-27T08:11:23.765+0000] {dag.py:3823} INFO - Setting next_dagrun for example_xcom_args to None, run_after=None
[2025-11-27T08:11:23.768+0000] {logging_mixin.py:188} INFO - [2025-11-27T08:11:23.768+0000] {dag.py:3823} INFO - Setting next_dagrun for example_xcom_args_with_operators to None, run_after=None
[2025-11-27T08:11:23.783+0000] {processor.py:183} INFO - Processing /home/airflow/.local/lib/python3.8/site-packages/airflow/example_dags/example_xcomargs.py took 0.056 seconds
[2025-11-27T08:11:54.016+0000] {processor.py:161} INFO - Started process (PID=548) to work on /home/airflow/.local/lib/python3.8/site-packages/airflow/example_dags/example_xcomargs.py
[2025-11-27T08:11:54.017+0000] {processor.py:830} INFO - Processing file /home/airflow/.local/lib/python3.8/site-packages/airflow/example_dags/example_xcomargs.py for tasks to queue
[2025-11-27T08:11:54.019+0000] {logging_mixin.py:188} INFO - [2025-11-27T08:11:54.019+0000] {dagbag.py:538} INFO - Filling up the DagBag from /home/airflow/.local/lib/python3.8/site-packages/airflow/example_dags/example_xcomargs.py
[2025-11-27T08:11:54.026+0000] {processor.py:840} INFO - DAG(s) 'example_xcom_args_with_operators', 'example_xcom_args' retrieved from /home/airflow/.local/lib/python3.8/site-packages/airflow/example_dags/example_xcomargs.py
[2025-11-27T08:11:54.046+0000] {logging_mixin.py:188} INFO - [2025-11-27T08:11:54.046+0000] {dag.py:3036} INFO - Sync 2 DAGs
[2025-11-27T08:11:54.057+0000] {logging_mixin.py:188} INFO - [2025-11-27T08:11:54.057+0000] {dag.py:3823} INFO - Setting next_dagrun for example_xcom_args to None, run_after=None
[2025-11-27T08:11:54.060+0000] {logging_mixin.py:188} INFO - [2025-11-27T08:11:54.060+0000] {dag.py:3823} INFO - Setting next_dagrun for example_xcom_args_with_operators to None, run_after=None
[2025-11-27T08:11:54.076+0000] {processor.py:183} INFO - Processing /home/airflow/.local/lib/python3.8/site-packages/airflow/example_dags/example_xcomargs.py took 0.063 seconds
[2025-11-27T08:12:24.563+0000] {processor.py:161} INFO - Started process (PID=604) to work on /home/airflow/.local/lib/python3.8/site-packages/airflow/example_dags/example_xcomargs.py
[2025-11-27T08:12:24.564+0000] {processor.py:830} INFO - Processing file /home/airflow/.local/lib/python3.8/site-packages/airflow/example_dags/example_xcomargs.py for tasks to queue
[2025-11-27T08:12:24.566+0000] {logging_mixin.py:188} INFO - [2025-11-27T08:12:24.566+0000] {dagbag.py:538} INFO - Filling up the DagBag from /home/airflow/.local/lib/python3.8/site-packages/airflow/example_dags/example_xcomargs.py
[2025-11-27T08:12:24.573+0000] {processor.py:840} INFO - DAG(s) 'example_xcom_args_with_operators', 'example_xcom_args' retrieved from /home/airflow/.local/lib/python3.8/site-packages/airflow/example_dags/example_xcomargs.py
[2025-11-27T08:12:24.593+0000] {logging_mixin.py:188} INFO - [2025-11-27T08:12:24.593+0000] {dag.py:3036} INFO - Sync 2 DAGs
[2025-11-27T08:12:24.604+0000] {logging_mixin.py:188} INFO - [2025-11-27T08:12:24.604+0000] {dag.py:3823} INFO - Setting next_dagrun for example_xcom_args to None, run_after=None
[2025-11-27T08:12:24.607+0000] {logging_mixin.py:188} INFO - [2025-11-27T08:12:24.607+0000] {dag.py:3823} INFO - Setting next_dagrun for example_xcom_args_with_operators to None, run_after=None
[2025-11-27T08:12:24.624+0000] {processor.py:183} INFO - Processing /home/airflow/.local/lib/python3.8/site-packages/airflow/example_dags/example_xcomargs.py took 0.063 seconds
[2025-11-27T08:12:55.212+0000] {processor.py:161} INFO - Started process (PID=660) to work on /home/airflow/.local/lib/python3.8/site-packages/airflow/example_dags/example_xcomargs.py
[2025-11-27T08:12:55.213+0000] {processor.py:830} INFO - Processing file /home/airflow/.local/lib/python3.8/site-packages/airflow/example_dags/example_xcomargs.py for tasks to queue
[2025-11-27T08:12:55.215+0000] {logging_mixin.py:188} INFO - [2025-11-27T08:12:55.214+0000] {dagbag.py:538} INFO - Filling up the DagBag from /home/airflow/.local/lib/python3.8/site-packages/airflow/example_dags/example_xcomargs.py
[2025-11-27T08:12:55.221+0000] {processor.py:840} INFO - DAG(s) 'example_xcom_args', 'example_xcom_args_with_operators' retrieved from /home/airflow/.local/lib/python3.8/site-packages/airflow/example_dags/example_xcomargs.py
[2025-11-27T08:12:55.244+0000] {logging_mixin.py:188} INFO - [2025-11-27T08:12:55.243+0000] {dag.py:3036} INFO - Sync 2 DAGs
[2025-11-27T08:12:55.256+0000] {logging_mixin.py:188} INFO - [2025-11-27T08:12:55.256+0000] {dag.py:3823} INFO - Setting next_dagrun for example_xcom_args to None, run_after=None
[2025-11-27T08:12:55.261+0000] {logging_mixin.py:188} INFO - [2025-11-27T08:12:55.260+0000] {dag.py:3823} INFO - Setting next_dagrun for example_xcom_args_with_operators to None, run_after=None
[2025-11-27T08:12:55.282+0000] {processor.py:183} INFO - Processing /home/airflow/.local/lib/python3.8/site-packages/airflow/example_dags/example_xcomargs.py took 0.073 seconds
[2025-11-27T08:13:25.537+0000] {processor.py:161} INFO - Started process (PID=716) to work on /home/airflow/.local/lib/python3.8/site-packages/airflow/example_dags/example_xcomargs.py
[2025-11-27T08:13:25.538+0000] {processor.py:830} INFO - Processing file /home/airflow/.local/lib/python3.8/site-packages/airflow/example_dags/example_xcomargs.py for tasks to queue
[2025-11-27T08:13:25.540+0000] {logging_mixin.py:188} INFO - [2025-11-27T08:13:25.540+0000] {dagbag.py:538} INFO - Filling up the DagBag from /home/airflow/.local/lib/python3.8/site-packages/airflow/example_dags/example_xcomargs.py
[2025-11-27T08:13:25.547+0000] {processor.py:840} INFO - DAG(s) 'example_xcom_args', 'example_xcom_args_with_operators' retrieved from /home/airflow/.local/lib/python3.8/site-packages/airflow/example_dags/example_xcomargs.py
[2025-11-27T08:13:25.566+0000] {logging_mixin.py:188} INFO - [2025-11-27T08:13:25.566+0000] {dag.py:3036} INFO - Sync 2 DAGs
[2025-11-27T08:13:25.576+0000] {logging_mixin.py:188} INFO - [2025-11-27T08:13:25.576+0000] {dag.py:3823} INFO - Setting next_dagrun for example_xcom_args to None, run_after=None
[2025-11-27T08:13:25.579+0000] {logging_mixin.py:188} INFO - [2025-11-27T08:13:25.579+0000] {dag.py:3823} INFO - Setting next_dagrun for example_xcom_args_with_operators to None, run_after=None
[2025-11-27T08:13:25.598+0000] {processor.py:183} INFO - Processing /home/airflow/.local/lib/python3.8/site-packages/airflow/example_dags/example_xcomargs.py took 0.063 seconds
[2025-11-27T08:13:55.947+0000] {processor.py:161} INFO - Started process (PID=772) to work on /home/airflow/.local/lib/python3.8/site-packages/airflow/example_dags/example_xcomargs.py
[2025-11-27T08:13:55.948+0000] {processor.py:830} INFO - Processing file /home/airflow/.local/lib/python3.8/site-packages/airflow/example_dags/example_xcomargs.py for tasks to queue
[2025-11-27T08:13:55.949+0000] {logging_mixin.py:188} INFO - [2025-11-27T08:13:55.949+0000] {dagbag.py:538} INFO - Filling up the DagBag from /home/airflow/.local/lib/python3.8/site-packages/airflow/example_dags/example_xcomargs.py
[2025-11-27T08:13:55.957+0000] {processor.py:840} INFO - DAG(s) 'example_xcom_args_with_operators', 'example_xcom_args' retrieved from /home/airflow/.local/lib/python3.8/site-packages/airflow/example_dags/example_xcomargs.py
[2025-11-27T08:13:55.977+0000] {logging_mixin.py:188} INFO - [2025-11-27T08:13:55.977+0000] {dag.py:3036} INFO - Sync 2 DAGs
[2025-11-27T08:13:55.986+0000] {logging_mixin.py:188} INFO - [2025-11-27T08:13:55.986+0000] {dag.py:3823} INFO - Setting next_dagrun for example_xcom_args to None, run_after=None
[2025-11-27T08:13:55.989+0000] {logging_mixin.py:188} INFO - [2025-11-27T08:13:55.989+0000] {dag.py:3823} INFO - Setting next_dagrun for example_xcom_args_with_operators to None, run_after=None
[2025-11-27T08:13:56.005+0000] {processor.py:183} INFO - Processing /home/airflow/.local/lib/python3.8/site-packages/airflow/example_dags/example_xcomargs.py took 0.062 seconds
[2025-11-27T08:14:26.355+0000] {processor.py:161} INFO - Started process (PID=828) to work on /home/airflow/.local/lib/python3.8/site-packages/airflow/example_dags/example_xcomargs.py
[2025-11-27T08:14:26.357+0000] {processor.py:830} INFO - Processing file /home/airflow/.local/lib/python3.8/site-packages/airflow/example_dags/example_xcomargs.py for tasks to queue
[2025-11-27T08:14:26.358+0000] {logging_mixin.py:188} INFO - [2025-11-27T08:14:26.358+0000] {dagbag.py:538} INFO - Filling up the DagBag from /home/airflow/.local/lib/python3.8/site-packages/airflow/example_dags/example_xcomargs.py
[2025-11-27T08:14:26.364+0000] {processor.py:840} INFO - DAG(s) 'example_xcom_args_with_operators', 'example_xcom_args' retrieved from /home/airflow/.local/lib/python3.8/site-packages/airflow/example_dags/example_xcomargs.py
[2025-11-27T08:14:26.384+0000] {logging_mixin.py:188} INFO - [2025-11-27T08:14:26.383+0000] {dag.py:3036} INFO - Sync 2 DAGs
[2025-11-27T08:14:26.394+0000] {logging_mixin.py:188} INFO - [2025-11-27T08:14:26.394+0000] {dag.py:3823} INFO - Setting next_dagrun for example_xcom_args to None, run_after=None
[2025-11-27T08:14:26.397+0000] {logging_mixin.py:188} INFO - [2025-11-27T08:14:26.397+0000] {dag.py:3823} INFO - Setting next_dagrun for example_xcom_args_with_operators to None, run_after=None
[2025-11-27T08:14:26.418+0000] {processor.py:183} INFO - Processing /home/airflow/.local/lib/python3.8/site-packages/airflow/example_dags/example_xcomargs.py took 0.065 seconds
[2025-11-27T08:14:57.418+0000] {processor.py:161} INFO - Started process (PID=884) to work on /home/airflow/.local/lib/python3.8/site-packages/airflow/example_dags/example_xcomargs.py
[2025-11-27T08:14:57.419+0000] {processor.py:830} INFO - Processing file /home/airflow/.local/lib/python3.8/site-packages/airflow/example_dags/example_xcomargs.py for tasks to queue
[2025-11-27T08:14:57.421+0000] {logging_mixin.py:188} INFO - [2025-11-27T08:14:57.420+0000] {dagbag.py:538} INFO - Filling up the DagBag from /home/airflow/.local/lib/python3.8/site-packages/airflow/example_dags/example_xcomargs.py
[2025-11-27T08:14:57.427+0000] {processor.py:840} INFO - DAG(s) 'example_xcom_args', 'example_xcom_args_with_operators' retrieved from /home/airflow/.local/lib/python3.8/site-packages/airflow/example_dags/example_xcomargs.py
[2025-11-27T08:14:57.445+0000] {logging_mixin.py:188} INFO - [2025-11-27T08:14:57.445+0000] {dag.py:3036} INFO - Sync 2 DAGs
[2025-11-27T08:14:57.454+0000] {logging_mixin.py:188} INFO - [2025-11-27T08:14:57.454+0000] {dag.py:3823} INFO - Setting next_dagrun for example_xcom_args to None, run_after=None
[2025-11-27T08:14:57.457+0000] {logging_mixin.py:188} INFO - [2025-11-27T08:14:57.457+0000] {dag.py:3823} INFO - Setting next_dagrun for example_xcom_args_with_operators to None, run_after=None
[2025-11-27T08:14:57.475+0000] {processor.py:183} INFO - Processing /home/airflow/.local/lib/python3.8/site-packages/airflow/example_dags/example_xcomargs.py took 0.060 seconds
[2025-11-27T08:16:31.684+0000] {processor.py:161} INFO - Started process (PID=162) to work on /home/airflow/.local/lib/python3.8/site-packages/airflow/example_dags/example_xcomargs.py
[2025-11-27T08:16:31.685+0000] {processor.py:830} INFO - Processing file /home/airflow/.local/lib/python3.8/site-packages/airflow/example_dags/example_xcomargs.py for tasks to queue
[2025-11-27T08:16:31.689+0000] {logging_mixin.py:188} INFO - [2025-11-27T08:16:31.689+0000] {dagbag.py:538} INFO - Filling up the DagBag from /home/airflow/.local/lib/python3.8/site-packages/airflow/example_dags/example_xcomargs.py
[2025-11-27T08:16:31.698+0000] {processor.py:840} INFO - DAG(s) 'example_xcom_args', 'example_xcom_args_with_operators' retrieved from /home/airflow/.local/lib/python3.8/site-packages/airflow/example_dags/example_xcomargs.py
[2025-11-27T08:16:31.714+0000] {logging_mixin.py:188} INFO - [2025-11-27T08:16:31.714+0000] {dag.py:3036} INFO - Sync 2 DAGs
[2025-11-27T08:16:31.726+0000] {logging_mixin.py:188} INFO - [2025-11-27T08:16:31.726+0000] {dag.py:3823} INFO - Setting next_dagrun for example_xcom_args to None, run_after=None
[2025-11-27T08:16:31.729+0000] {logging_mixin.py:188} INFO - [2025-11-27T08:16:31.729+0000] {dag.py:3823} INFO - Setting next_dagrun for example_xcom_args_with_operators to None, run_after=None
[2025-11-27T08:16:31.750+0000] {processor.py:183} INFO - Processing /home/airflow/.local/lib/python3.8/site-packages/airflow/example_dags/example_xcomargs.py took 0.069 seconds
[2025-11-27T08:17:07.266+0000] {processor.py:161} INFO - Started process (PID=218) to work on /home/airflow/.local/lib/python3.8/site-packages/airflow/example_dags/example_xcomargs.py
[2025-11-27T08:17:07.268+0000] {processor.py:830} INFO - Processing file /home/airflow/.local/lib/python3.8/site-packages/airflow/example_dags/example_xcomargs.py for tasks to queue
[2025-11-27T08:17:07.270+0000] {logging_mixin.py:188} INFO - [2025-11-27T08:17:07.269+0000] {dagbag.py:538} INFO - Filling up the DagBag from /home/airflow/.local/lib/python3.8/site-packages/airflow/example_dags/example_xcomargs.py
[2025-11-27T08:17:07.276+0000] {processor.py:840} INFO - DAG(s) 'example_xcom_args_with_operators', 'example_xcom_args' retrieved from /home/airflow/.local/lib/python3.8/site-packages/airflow/example_dags/example_xcomargs.py
[2025-11-27T08:17:07.469+0000] {logging_mixin.py:188} INFO - [2025-11-27T08:17:07.469+0000] {dag.py:3036} INFO - Sync 2 DAGs
[2025-11-27T08:17:07.476+0000] {logging_mixin.py:188} INFO - [2025-11-27T08:17:07.476+0000] {dag.py:3823} INFO - Setting next_dagrun for example_xcom_args to None, run_after=None
[2025-11-27T08:17:07.479+0000] {logging_mixin.py:188} INFO - [2025-11-27T08:17:07.479+0000] {dag.py:3823} INFO - Setting next_dagrun for example_xcom_args_with_operators to None, run_after=None
[2025-11-27T08:17:07.495+0000] {processor.py:183} INFO - Processing /home/airflow/.local/lib/python3.8/site-packages/airflow/example_dags/example_xcomargs.py took 0.231 seconds
[2025-11-27T08:17:39.339+0000] {processor.py:161} INFO - Started process (PID=274) to work on /home/airflow/.local/lib/python3.8/site-packages/airflow/example_dags/example_xcomargs.py
[2025-11-27T08:17:39.341+0000] {processor.py:830} INFO - Processing file /home/airflow/.local/lib/python3.8/site-packages/airflow/example_dags/example_xcomargs.py for tasks to queue
[2025-11-27T08:17:39.343+0000] {logging_mixin.py:188} INFO - [2025-11-27T08:17:39.343+0000] {dagbag.py:538} INFO - Filling up the DagBag from /home/airflow/.local/lib/python3.8/site-packages/airflow/example_dags/example_xcomargs.py
[2025-11-27T08:17:39.349+0000] {processor.py:840} INFO - DAG(s) 'example_xcom_args_with_operators', 'example_xcom_args' retrieved from /home/airflow/.local/lib/python3.8/site-packages/airflow/example_dags/example_xcomargs.py
[2025-11-27T08:17:39.369+0000] {logging_mixin.py:188} INFO - [2025-11-27T08:17:39.368+0000] {dag.py:3036} INFO - Sync 2 DAGs
[2025-11-27T08:17:39.379+0000] {logging_mixin.py:188} INFO - [2025-11-27T08:17:39.378+0000] {dag.py:3823} INFO - Setting next_dagrun for example_xcom_args to None, run_after=None
[2025-11-27T08:17:39.382+0000] {logging_mixin.py:188} INFO - [2025-11-27T08:17:39.381+0000] {dag.py:3823} INFO - Setting next_dagrun for example_xcom_args_with_operators to None, run_after=None
[2025-11-27T08:17:39.396+0000] {processor.py:183} INFO - Processing /home/airflow/.local/lib/python3.8/site-packages/airflow/example_dags/example_xcomargs.py took 0.059 seconds
[2025-11-27T08:18:11.665+0000] {processor.py:161} INFO - Started process (PID=330) to work on /home/airflow/.local/lib/python3.8/site-packages/airflow/example_dags/example_xcomargs.py
[2025-11-27T08:18:11.666+0000] {processor.py:830} INFO - Processing file /home/airflow/.local/lib/python3.8/site-packages/airflow/example_dags/example_xcomargs.py for tasks to queue
[2025-11-27T08:18:11.668+0000] {logging_mixin.py:188} INFO - [2025-11-27T08:18:11.668+0000] {dagbag.py:538} INFO - Filling up the DagBag from /home/airflow/.local/lib/python3.8/site-packages/airflow/example_dags/example_xcomargs.py
[2025-11-27T08:18:11.675+0000] {processor.py:840} INFO - DAG(s) 'example_xcom_args_with_operators', 'example_xcom_args' retrieved from /home/airflow/.local/lib/python3.8/site-packages/airflow/example_dags/example_xcomargs.py
[2025-11-27T08:18:11.695+0000] {logging_mixin.py:188} INFO - [2025-11-27T08:18:11.694+0000] {dag.py:3036} INFO - Sync 2 DAGs
[2025-11-27T08:18:11.703+0000] {logging_mixin.py:188} INFO - [2025-11-27T08:18:11.703+0000] {dag.py:3823} INFO - Setting next_dagrun for example_xcom_args to None, run_after=None
[2025-11-27T08:18:11.707+0000] {logging_mixin.py:188} INFO - [2025-11-27T08:18:11.706+0000] {dag.py:3823} INFO - Setting next_dagrun for example_xcom_args_with_operators to None, run_after=None
[2025-11-27T08:18:12.372+0000] {processor.py:183} INFO - Processing /home/airflow/.local/lib/python3.8/site-packages/airflow/example_dags/example_xcomargs.py took 0.710 seconds
[2025-11-27T08:18:42.464+0000] {processor.py:161} INFO - Started process (PID=386) to work on /home/airflow/.local/lib/python3.8/site-packages/airflow/example_dags/example_xcomargs.py
[2025-11-27T08:18:42.465+0000] {processor.py:830} INFO - Processing file /home/airflow/.local/lib/python3.8/site-packages/airflow/example_dags/example_xcomargs.py for tasks to queue
[2025-11-27T08:18:42.467+0000] {logging_mixin.py:188} INFO - [2025-11-27T08:18:42.467+0000] {dagbag.py:538} INFO - Filling up the DagBag from /home/airflow/.local/lib/python3.8/site-packages/airflow/example_dags/example_xcomargs.py
[2025-11-27T08:18:42.474+0000] {processor.py:840} INFO - DAG(s) 'example_xcom_args', 'example_xcom_args_with_operators' retrieved from /home/airflow/.local/lib/python3.8/site-packages/airflow/example_dags/example_xcomargs.py
[2025-11-27T08:18:42.495+0000] {logging_mixin.py:188} INFO - [2025-11-27T08:18:42.494+0000] {dag.py:3036} INFO - Sync 2 DAGs
[2025-11-27T08:18:42.504+0000] {logging_mixin.py:188} INFO - [2025-11-27T08:18:42.504+0000] {dag.py:3823} INFO - Setting next_dagrun for example_xcom_args to None, run_after=None
[2025-11-27T08:18:42.507+0000] {logging_mixin.py:188} INFO - [2025-11-27T08:18:42.507+0000] {dag.py:3823} INFO - Setting next_dagrun for example_xcom_args_with_operators to None, run_after=None
[2025-11-27T08:18:42.522+0000] {processor.py:183} INFO - Processing /home/airflow/.local/lib/python3.8/site-packages/airflow/example_dags/example_xcomargs.py took 0.061 seconds
[2025-11-27T08:19:16.493+0000] {processor.py:161} INFO - Started process (PID=442) to work on /home/airflow/.local/lib/python3.8/site-packages/airflow/example_dags/example_xcomargs.py
[2025-11-27T08:19:16.494+0000] {processor.py:830} INFO - Processing file /home/airflow/.local/lib/python3.8/site-packages/airflow/example_dags/example_xcomargs.py for tasks to queue
[2025-11-27T08:19:16.496+0000] {logging_mixin.py:188} INFO - [2025-11-27T08:19:16.496+0000] {dagbag.py:538} INFO - Filling up the DagBag from /home/airflow/.local/lib/python3.8/site-packages/airflow/example_dags/example_xcomargs.py
[2025-11-27T08:19:16.502+0000] {processor.py:840} INFO - DAG(s) 'example_xcom_args_with_operators', 'example_xcom_args' retrieved from /home/airflow/.local/lib/python3.8/site-packages/airflow/example_dags/example_xcomargs.py
[2025-11-27T08:19:16.523+0000] {logging_mixin.py:188} INFO - [2025-11-27T08:19:16.523+0000] {dag.py:3036} INFO - Sync 2 DAGs
[2025-11-27T08:19:16.534+0000] {logging_mixin.py:188} INFO - [2025-11-27T08:19:16.534+0000] {dag.py:3823} INFO - Setting next_dagrun for example_xcom_args to None, run_after=None
[2025-11-27T08:19:16.539+0000] {logging_mixin.py:188} INFO - [2025-11-27T08:19:16.539+0000] {dag.py:3823} INFO - Setting next_dagrun for example_xcom_args_with_operators to None, run_after=None
[2025-11-27T08:19:16.562+0000] {processor.py:183} INFO - Processing /home/airflow/.local/lib/python3.8/site-packages/airflow/example_dags/example_xcomargs.py took 0.072 seconds
[2025-11-27T08:19:46.686+0000] {processor.py:161} INFO - Started process (PID=498) to work on /home/airflow/.local/lib/python3.8/site-packages/airflow/example_dags/example_xcomargs.py
[2025-11-27T08:19:46.687+0000] {processor.py:830} INFO - Processing file /home/airflow/.local/lib/python3.8/site-packages/airflow/example_dags/example_xcomargs.py for tasks to queue
[2025-11-27T08:19:46.689+0000] {logging_mixin.py:188} INFO - [2025-11-27T08:19:46.688+0000] {dagbag.py:538} INFO - Filling up the DagBag from /home/airflow/.local/lib/python3.8/site-packages/airflow/example_dags/example_xcomargs.py
[2025-11-27T08:19:46.694+0000] {processor.py:840} INFO - DAG(s) 'example_xcom_args_with_operators', 'example_xcom_args' retrieved from /home/airflow/.local/lib/python3.8/site-packages/airflow/example_dags/example_xcomargs.py
[2025-11-27T08:19:46.715+0000] {logging_mixin.py:188} INFO - [2025-11-27T08:19:46.715+0000] {dag.py:3036} INFO - Sync 2 DAGs
[2025-11-27T08:19:46.724+0000] {logging_mixin.py:188} INFO - [2025-11-27T08:19:46.723+0000] {dag.py:3823} INFO - Setting next_dagrun for example_xcom_args to None, run_after=None
[2025-11-27T08:19:46.726+0000] {logging_mixin.py:188} INFO - [2025-11-27T08:19:46.726+0000] {dag.py:3823} INFO - Setting next_dagrun for example_xcom_args_with_operators to None, run_after=None
[2025-11-27T08:19:46.742+0000] {processor.py:183} INFO - Processing /home/airflow/.local/lib/python3.8/site-packages/airflow/example_dags/example_xcomargs.py took 0.058 seconds
[2025-11-27T08:20:19.515+0000] {processor.py:161} INFO - Started process (PID=554) to work on /home/airflow/.local/lib/python3.8/site-packages/airflow/example_dags/example_xcomargs.py
[2025-11-27T08:20:19.517+0000] {processor.py:830} INFO - Processing file /home/airflow/.local/lib/python3.8/site-packages/airflow/example_dags/example_xcomargs.py for tasks to queue
[2025-11-27T08:20:19.519+0000] {logging_mixin.py:188} INFO - [2025-11-27T08:20:19.518+0000] {dagbag.py:538} INFO - Filling up the DagBag from /home/airflow/.local/lib/python3.8/site-packages/airflow/example_dags/example_xcomargs.py
[2025-11-27T08:20:19.526+0000] {processor.py:840} INFO - DAG(s) 'example_xcom_args', 'example_xcom_args_with_operators' retrieved from /home/airflow/.local/lib/python3.8/site-packages/airflow/example_dags/example_xcomargs.py
[2025-11-27T08:20:19.546+0000] {logging_mixin.py:188} INFO - [2025-11-27T08:20:19.545+0000] {dag.py:3036} INFO - Sync 2 DAGs
[2025-11-27T08:20:19.556+0000] {logging_mixin.py:188} INFO - [2025-11-27T08:20:19.555+0000] {dag.py:3823} INFO - Setting next_dagrun for example_xcom_args to None, run_after=None
[2025-11-27T08:20:19.558+0000] {logging_mixin.py:188} INFO - [2025-11-27T08:20:19.558+0000] {dag.py:3823} INFO - Setting next_dagrun for example_xcom_args_with_operators to None, run_after=None
[2025-11-27T08:20:19.573+0000] {processor.py:183} INFO - Processing /home/airflow/.local/lib/python3.8/site-packages/airflow/example_dags/example_xcomargs.py took 0.061 seconds
[2025-11-27T08:20:51.473+0000] {processor.py:161} INFO - Started process (PID=610) to work on /home/airflow/.local/lib/python3.8/site-packages/airflow/example_dags/example_xcomargs.py
[2025-11-27T08:20:51.475+0000] {processor.py:830} INFO - Processing file /home/airflow/.local/lib/python3.8/site-packages/airflow/example_dags/example_xcomargs.py for tasks to queue
[2025-11-27T08:20:51.477+0000] {logging_mixin.py:188} INFO - [2025-11-27T08:20:51.477+0000] {dagbag.py:538} INFO - Filling up the DagBag from /home/airflow/.local/lib/python3.8/site-packages/airflow/example_dags/example_xcomargs.py
[2025-11-27T08:20:51.485+0000] {processor.py:840} INFO - DAG(s) 'example_xcom_args', 'example_xcom_args_with_operators' retrieved from /home/airflow/.local/lib/python3.8/site-packages/airflow/example_dags/example_xcomargs.py
[2025-11-27T08:20:51.510+0000] {logging_mixin.py:188} INFO - [2025-11-27T08:20:51.510+0000] {dag.py:3036} INFO - Sync 2 DAGs
[2025-11-27T08:20:51.521+0000] {logging_mixin.py:188} INFO - [2025-11-27T08:20:51.521+0000] {dag.py:3823} INFO - Setting next_dagrun for example_xcom_args to None, run_after=None
[2025-11-27T08:20:51.525+0000] {logging_mixin.py:188} INFO - [2025-11-27T08:20:51.525+0000] {dag.py:3823} INFO - Setting next_dagrun for example_xcom_args_with_operators to None, run_after=None
[2025-11-27T08:20:51.543+0000] {processor.py:183} INFO - Processing /home/airflow/.local/lib/python3.8/site-packages/airflow/example_dags/example_xcomargs.py took 0.073 seconds
[2025-11-27T08:21:24.240+0000] {processor.py:161} INFO - Started process (PID=666) to work on /home/airflow/.local/lib/python3.8/site-packages/airflow/example_dags/example_xcomargs.py
[2025-11-27T08:21:24.241+0000] {processor.py:830} INFO - Processing file /home/airflow/.local/lib/python3.8/site-packages/airflow/example_dags/example_xcomargs.py for tasks to queue
[2025-11-27T08:21:24.243+0000] {logging_mixin.py:188} INFO - [2025-11-27T08:21:24.243+0000] {dagbag.py:538} INFO - Filling up the DagBag from /home/airflow/.local/lib/python3.8/site-packages/airflow/example_dags/example_xcomargs.py
[2025-11-27T08:21:24.250+0000] {processor.py:840} INFO - DAG(s) 'example_xcom_args_with_operators', 'example_xcom_args' retrieved from /home/airflow/.local/lib/python3.8/site-packages/airflow/example_dags/example_xcomargs.py
[2025-11-27T08:21:24.274+0000] {logging_mixin.py:188} INFO - [2025-11-27T08:21:24.273+0000] {dag.py:3036} INFO - Sync 2 DAGs
[2025-11-27T08:21:24.286+0000] {logging_mixin.py:188} INFO - [2025-11-27T08:21:24.286+0000] {dag.py:3823} INFO - Setting next_dagrun for example_xcom_args to None, run_after=None
[2025-11-27T08:21:24.290+0000] {logging_mixin.py:188} INFO - [2025-11-27T08:21:24.289+0000] {dag.py:3823} INFO - Setting next_dagrun for example_xcom_args_with_operators to None, run_after=None
[2025-11-27T08:21:24.309+0000] {processor.py:183} INFO - Processing /home/airflow/.local/lib/python3.8/site-packages/airflow/example_dags/example_xcomargs.py took 0.072 seconds
