[2025-11-27T07:49:59.772+0000] {processor.py:161} INFO - Started process (PID=91) to work on /home/airflow/.local/lib/python3.8/site-packages/airflow/example_dags/example_setup_teardown.py
[2025-11-27T07:49:59.773+0000] {processor.py:830} INFO - Processing file /home/airflow/.local/lib/python3.8/site-packages/airflow/example_dags/example_setup_teardown.py for tasks to queue
[2025-11-27T07:49:59.776+0000] {logging_mixin.py:188} INFO - [2025-11-27T07:49:59.775+0000] {dagbag.py:538} INFO - Filling up the DagBag from /home/airflow/.local/lib/python3.8/site-packages/airflow/example_dags/example_setup_teardown.py
[2025-11-27T07:49:59.783+0000] {processor.py:840} INFO - DAG(s) 'example_setup_teardown' retrieved from /home/airflow/.local/lib/python3.8/site-packages/airflow/example_dags/example_setup_teardown.py
[2025-11-27T07:49:59.797+0000] {logging_mixin.py:188} INFO - [2025-11-27T07:49:59.797+0000] {dag.py:3036} INFO - Sync 1 DAGs
[2025-11-27T07:49:59.817+0000] {logging_mixin.py:188} INFO - [2025-11-27T07:49:59.817+0000] {dag.py:3823} INFO - Setting next_dagrun for example_setup_teardown to 2025-11-26 00:00:00+00:00, run_after=2025-11-27 00:00:00+00:00
[2025-11-27T07:49:59.837+0000] {processor.py:183} INFO - Processing /home/airflow/.local/lib/python3.8/site-packages/airflow/example_dags/example_setup_teardown.py took 0.069 seconds
[2025-11-27T07:50:33.217+0000] {processor.py:161} INFO - Started process (PID=147) to work on /home/airflow/.local/lib/python3.8/site-packages/airflow/example_dags/example_setup_teardown.py
[2025-11-27T07:50:33.219+0000] {processor.py:830} INFO - Processing file /home/airflow/.local/lib/python3.8/site-packages/airflow/example_dags/example_setup_teardown.py for tasks to queue
[2025-11-27T07:50:33.221+0000] {logging_mixin.py:188} INFO - [2025-11-27T07:50:33.220+0000] {dagbag.py:538} INFO - Filling up the DagBag from /home/airflow/.local/lib/python3.8/site-packages/airflow/example_dags/example_setup_teardown.py
[2025-11-27T07:50:33.227+0000] {processor.py:840} INFO - DAG(s) 'example_setup_teardown' retrieved from /home/airflow/.local/lib/python3.8/site-packages/airflow/example_dags/example_setup_teardown.py
[2025-11-27T07:50:33.310+0000] {logging_mixin.py:188} INFO - [2025-11-27T07:50:33.310+0000] {dag.py:3036} INFO - Sync 1 DAGs
[2025-11-27T07:50:33.326+0000] {logging_mixin.py:188} INFO - [2025-11-27T07:50:33.326+0000] {dag.py:3823} INFO - Setting next_dagrun for example_setup_teardown to 2025-11-26 00:00:00+00:00, run_after=2025-11-27 00:00:00+00:00
[2025-11-27T07:50:33.344+0000] {processor.py:183} INFO - Processing /home/airflow/.local/lib/python3.8/site-packages/airflow/example_dags/example_setup_teardown.py took 0.130 seconds
[2025-11-27T07:51:04.987+0000] {processor.py:161} INFO - Started process (PID=197) to work on /home/airflow/.local/lib/python3.8/site-packages/airflow/example_dags/example_setup_teardown.py
[2025-11-27T07:51:04.988+0000] {processor.py:830} INFO - Processing file /home/airflow/.local/lib/python3.8/site-packages/airflow/example_dags/example_setup_teardown.py for tasks to queue
[2025-11-27T07:51:04.990+0000] {logging_mixin.py:188} INFO - [2025-11-27T07:51:04.990+0000] {dagbag.py:538} INFO - Filling up the DagBag from /home/airflow/.local/lib/python3.8/site-packages/airflow/example_dags/example_setup_teardown.py
[2025-11-27T07:51:04.996+0000] {processor.py:840} INFO - DAG(s) 'example_setup_teardown' retrieved from /home/airflow/.local/lib/python3.8/site-packages/airflow/example_dags/example_setup_teardown.py
[2025-11-27T07:51:05.013+0000] {logging_mixin.py:188} INFO - [2025-11-27T07:51:05.013+0000] {dag.py:3036} INFO - Sync 1 DAGs
[2025-11-27T07:51:05.027+0000] {logging_mixin.py:188} INFO - [2025-11-27T07:51:05.027+0000] {dag.py:3823} INFO - Setting next_dagrun for example_setup_teardown to 2025-11-26 00:00:00+00:00, run_after=2025-11-27 00:00:00+00:00
[2025-11-27T07:51:05.042+0000] {processor.py:183} INFO - Processing /home/airflow/.local/lib/python3.8/site-packages/airflow/example_dags/example_setup_teardown.py took 0.057 seconds
[2025-11-27T07:51:36.860+0000] {processor.py:161} INFO - Started process (PID=253) to work on /home/airflow/.local/lib/python3.8/site-packages/airflow/example_dags/example_setup_teardown.py
[2025-11-27T07:51:36.861+0000] {processor.py:830} INFO - Processing file /home/airflow/.local/lib/python3.8/site-packages/airflow/example_dags/example_setup_teardown.py for tasks to queue
[2025-11-27T07:51:36.863+0000] {logging_mixin.py:188} INFO - [2025-11-27T07:51:36.863+0000] {dagbag.py:538} INFO - Filling up the DagBag from /home/airflow/.local/lib/python3.8/site-packages/airflow/example_dags/example_setup_teardown.py
[2025-11-27T07:51:36.869+0000] {processor.py:840} INFO - DAG(s) 'example_setup_teardown' retrieved from /home/airflow/.local/lib/python3.8/site-packages/airflow/example_dags/example_setup_teardown.py
[2025-11-27T07:51:36.890+0000] {logging_mixin.py:188} INFO - [2025-11-27T07:51:36.890+0000] {dag.py:3036} INFO - Sync 1 DAGs
[2025-11-27T07:51:36.907+0000] {logging_mixin.py:188} INFO - [2025-11-27T07:51:36.906+0000] {dag.py:3823} INFO - Setting next_dagrun for example_setup_teardown to 2025-11-26 00:00:00+00:00, run_after=2025-11-27 00:00:00+00:00
[2025-11-27T07:51:36.924+0000] {processor.py:183} INFO - Processing /home/airflow/.local/lib/python3.8/site-packages/airflow/example_dags/example_setup_teardown.py took 0.067 seconds
[2025-11-27T07:52:10.202+0000] {processor.py:161} INFO - Started process (PID=309) to work on /home/airflow/.local/lib/python3.8/site-packages/airflow/example_dags/example_setup_teardown.py
[2025-11-27T07:52:10.204+0000] {processor.py:830} INFO - Processing file /home/airflow/.local/lib/python3.8/site-packages/airflow/example_dags/example_setup_teardown.py for tasks to queue
[2025-11-27T07:52:10.205+0000] {logging_mixin.py:188} INFO - [2025-11-27T07:52:10.205+0000] {dagbag.py:538} INFO - Filling up the DagBag from /home/airflow/.local/lib/python3.8/site-packages/airflow/example_dags/example_setup_teardown.py
[2025-11-27T07:52:10.212+0000] {processor.py:840} INFO - DAG(s) 'example_setup_teardown' retrieved from /home/airflow/.local/lib/python3.8/site-packages/airflow/example_dags/example_setup_teardown.py
[2025-11-27T07:52:10.232+0000] {logging_mixin.py:188} INFO - [2025-11-27T07:52:10.232+0000] {dag.py:3036} INFO - Sync 1 DAGs
[2025-11-27T07:52:10.248+0000] {logging_mixin.py:188} INFO - [2025-11-27T07:52:10.248+0000] {dag.py:3823} INFO - Setting next_dagrun for example_setup_teardown to 2025-11-26 00:00:00+00:00, run_after=2025-11-27 00:00:00+00:00
[2025-11-27T07:52:10.267+0000] {processor.py:183} INFO - Processing /home/airflow/.local/lib/python3.8/site-packages/airflow/example_dags/example_setup_teardown.py took 0.068 seconds
[2025-11-27T08:08:15.644+0000] {processor.py:161} INFO - Started process (PID=153) to work on /home/airflow/.local/lib/python3.8/site-packages/airflow/example_dags/example_setup_teardown.py
[2025-11-27T08:08:15.646+0000] {processor.py:830} INFO - Processing file /home/airflow/.local/lib/python3.8/site-packages/airflow/example_dags/example_setup_teardown.py for tasks to queue
[2025-11-27T08:08:15.648+0000] {logging_mixin.py:188} INFO - [2025-11-27T08:08:15.648+0000] {dagbag.py:538} INFO - Filling up the DagBag from /home/airflow/.local/lib/python3.8/site-packages/airflow/example_dags/example_setup_teardown.py
[2025-11-27T08:08:15.656+0000] {processor.py:840} INFO - DAG(s) 'example_setup_teardown' retrieved from /home/airflow/.local/lib/python3.8/site-packages/airflow/example_dags/example_setup_teardown.py
[2025-11-27T08:08:15.673+0000] {logging_mixin.py:188} INFO - [2025-11-27T08:08:15.672+0000] {dag.py:3036} INFO - Sync 1 DAGs
[2025-11-27T08:08:15.696+0000] {logging_mixin.py:188} INFO - [2025-11-27T08:08:15.696+0000] {dag.py:3823} INFO - Setting next_dagrun for example_setup_teardown to 2025-11-26 00:00:00+00:00, run_after=2025-11-27 00:00:00+00:00
[2025-11-27T08:08:15.725+0000] {processor.py:183} INFO - Processing /home/airflow/.local/lib/python3.8/site-packages/airflow/example_dags/example_setup_teardown.py took 0.084 seconds
[2025-11-27T08:08:49.916+0000] {processor.py:161} INFO - Started process (PID=209) to work on /home/airflow/.local/lib/python3.8/site-packages/airflow/example_dags/example_setup_teardown.py
[2025-11-27T08:08:49.918+0000] {processor.py:830} INFO - Processing file /home/airflow/.local/lib/python3.8/site-packages/airflow/example_dags/example_setup_teardown.py for tasks to queue
[2025-11-27T08:08:49.921+0000] {logging_mixin.py:188} INFO - [2025-11-27T08:08:49.921+0000] {dagbag.py:538} INFO - Filling up the DagBag from /home/airflow/.local/lib/python3.8/site-packages/airflow/example_dags/example_setup_teardown.py
[2025-11-27T08:08:49.927+0000] {processor.py:840} INFO - DAG(s) 'example_setup_teardown' retrieved from /home/airflow/.local/lib/python3.8/site-packages/airflow/example_dags/example_setup_teardown.py
[2025-11-27T08:08:50.144+0000] {logging_mixin.py:188} INFO - [2025-11-27T08:08:50.144+0000] {dag.py:3036} INFO - Sync 1 DAGs
[2025-11-27T08:08:50.163+0000] {logging_mixin.py:188} INFO - [2025-11-27T08:08:50.163+0000] {dag.py:3823} INFO - Setting next_dagrun for example_setup_teardown to 2025-11-26 00:00:00+00:00, run_after=2025-11-27 00:00:00+00:00
[2025-11-27T08:08:50.190+0000] {processor.py:183} INFO - Processing /home/airflow/.local/lib/python3.8/site-packages/airflow/example_dags/example_setup_teardown.py took 0.280 seconds
[2025-11-27T08:09:20.374+0000] {processor.py:161} INFO - Started process (PID=265) to work on /home/airflow/.local/lib/python3.8/site-packages/airflow/example_dags/example_setup_teardown.py
[2025-11-27T08:09:20.376+0000] {processor.py:830} INFO - Processing file /home/airflow/.local/lib/python3.8/site-packages/airflow/example_dags/example_setup_teardown.py for tasks to queue
[2025-11-27T08:09:20.377+0000] {logging_mixin.py:188} INFO - [2025-11-27T08:09:20.377+0000] {dagbag.py:538} INFO - Filling up the DagBag from /home/airflow/.local/lib/python3.8/site-packages/airflow/example_dags/example_setup_teardown.py
[2025-11-27T08:09:20.385+0000] {processor.py:840} INFO - DAG(s) 'example_setup_teardown' retrieved from /home/airflow/.local/lib/python3.8/site-packages/airflow/example_dags/example_setup_teardown.py
[2025-11-27T08:09:20.406+0000] {logging_mixin.py:188} INFO - [2025-11-27T08:09:20.406+0000] {dag.py:3036} INFO - Sync 1 DAGs
[2025-11-27T08:09:20.425+0000] {logging_mixin.py:188} INFO - [2025-11-27T08:09:20.425+0000] {dag.py:3823} INFO - Setting next_dagrun for example_setup_teardown to 2025-11-26 00:00:00+00:00, run_after=2025-11-27 00:00:00+00:00
[2025-11-27T08:09:20.442+0000] {processor.py:183} INFO - Processing /home/airflow/.local/lib/python3.8/site-packages/airflow/example_dags/example_setup_teardown.py took 0.070 seconds
[2025-11-27T08:09:50.726+0000] {processor.py:161} INFO - Started process (PID=315) to work on /home/airflow/.local/lib/python3.8/site-packages/airflow/example_dags/example_setup_teardown.py
[2025-11-27T08:09:50.728+0000] {processor.py:830} INFO - Processing file /home/airflow/.local/lib/python3.8/site-packages/airflow/example_dags/example_setup_teardown.py for tasks to queue
[2025-11-27T08:09:50.730+0000] {logging_mixin.py:188} INFO - [2025-11-27T08:09:50.730+0000] {dagbag.py:538} INFO - Filling up the DagBag from /home/airflow/.local/lib/python3.8/site-packages/airflow/example_dags/example_setup_teardown.py
[2025-11-27T08:09:50.736+0000] {processor.py:840} INFO - DAG(s) 'example_setup_teardown' retrieved from /home/airflow/.local/lib/python3.8/site-packages/airflow/example_dags/example_setup_teardown.py
[2025-11-27T08:09:50.756+0000] {logging_mixin.py:188} INFO - [2025-11-27T08:09:50.756+0000] {dag.py:3036} INFO - Sync 1 DAGs
[2025-11-27T08:09:50.774+0000] {logging_mixin.py:188} INFO - [2025-11-27T08:09:50.774+0000] {dag.py:3823} INFO - Setting next_dagrun for example_setup_teardown to 2025-11-26 00:00:00+00:00, run_after=2025-11-27 00:00:00+00:00
[2025-11-27T08:09:50.792+0000] {processor.py:183} INFO - Processing /home/airflow/.local/lib/python3.8/site-packages/airflow/example_dags/example_setup_teardown.py took 0.069 seconds
[2025-11-27T08:10:20.929+0000] {processor.py:161} INFO - Started process (PID=371) to work on /home/airflow/.local/lib/python3.8/site-packages/airflow/example_dags/example_setup_teardown.py
[2025-11-27T08:10:20.930+0000] {processor.py:830} INFO - Processing file /home/airflow/.local/lib/python3.8/site-packages/airflow/example_dags/example_setup_teardown.py for tasks to queue
[2025-11-27T08:10:20.932+0000] {logging_mixin.py:188} INFO - [2025-11-27T08:10:20.932+0000] {dagbag.py:538} INFO - Filling up the DagBag from /home/airflow/.local/lib/python3.8/site-packages/airflow/example_dags/example_setup_teardown.py
[2025-11-27T08:10:20.938+0000] {processor.py:840} INFO - DAG(s) 'example_setup_teardown' retrieved from /home/airflow/.local/lib/python3.8/site-packages/airflow/example_dags/example_setup_teardown.py
[2025-11-27T08:10:20.955+0000] {logging_mixin.py:188} INFO - [2025-11-27T08:10:20.954+0000] {dag.py:3036} INFO - Sync 1 DAGs
[2025-11-27T08:10:20.971+0000] {logging_mixin.py:188} INFO - [2025-11-27T08:10:20.970+0000] {dag.py:3823} INFO - Setting next_dagrun for example_setup_teardown to 2025-11-26 00:00:00+00:00, run_after=2025-11-27 00:00:00+00:00
[2025-11-27T08:10:20.989+0000] {processor.py:183} INFO - Processing /home/airflow/.local/lib/python3.8/site-packages/airflow/example_dags/example_setup_teardown.py took 0.063 seconds
[2025-11-27T08:10:51.866+0000] {processor.py:161} INFO - Started process (PID=428) to work on /home/airflow/.local/lib/python3.8/site-packages/airflow/example_dags/example_setup_teardown.py
[2025-11-27T08:10:51.867+0000] {processor.py:830} INFO - Processing file /home/airflow/.local/lib/python3.8/site-packages/airflow/example_dags/example_setup_teardown.py for tasks to queue
[2025-11-27T08:10:51.869+0000] {logging_mixin.py:188} INFO - [2025-11-27T08:10:51.869+0000] {dagbag.py:538} INFO - Filling up the DagBag from /home/airflow/.local/lib/python3.8/site-packages/airflow/example_dags/example_setup_teardown.py
[2025-11-27T08:10:51.875+0000] {processor.py:840} INFO - DAG(s) 'example_setup_teardown' retrieved from /home/airflow/.local/lib/python3.8/site-packages/airflow/example_dags/example_setup_teardown.py
[2025-11-27T08:10:51.894+0000] {logging_mixin.py:188} INFO - [2025-11-27T08:10:51.894+0000] {dag.py:3036} INFO - Sync 1 DAGs
[2025-11-27T08:10:51.911+0000] {logging_mixin.py:188} INFO - [2025-11-27T08:10:51.910+0000] {dag.py:3823} INFO - Setting next_dagrun for example_setup_teardown to 2025-11-26 00:00:00+00:00, run_after=2025-11-27 00:00:00+00:00
[2025-11-27T08:10:51.929+0000] {processor.py:183} INFO - Processing /home/airflow/.local/lib/python3.8/site-packages/airflow/example_dags/example_setup_teardown.py took 0.067 seconds
[2025-11-27T08:11:22.029+0000] {processor.py:161} INFO - Started process (PID=484) to work on /home/airflow/.local/lib/python3.8/site-packages/airflow/example_dags/example_setup_teardown.py
[2025-11-27T08:11:22.030+0000] {processor.py:830} INFO - Processing file /home/airflow/.local/lib/python3.8/site-packages/airflow/example_dags/example_setup_teardown.py for tasks to queue
[2025-11-27T08:11:22.032+0000] {logging_mixin.py:188} INFO - [2025-11-27T08:11:22.031+0000] {dagbag.py:538} INFO - Filling up the DagBag from /home/airflow/.local/lib/python3.8/site-packages/airflow/example_dags/example_setup_teardown.py
[2025-11-27T08:11:22.038+0000] {processor.py:840} INFO - DAG(s) 'example_setup_teardown' retrieved from /home/airflow/.local/lib/python3.8/site-packages/airflow/example_dags/example_setup_teardown.py
[2025-11-27T08:11:22.059+0000] {logging_mixin.py:188} INFO - [2025-11-27T08:11:22.059+0000] {dag.py:3036} INFO - Sync 1 DAGs
[2025-11-27T08:11:22.077+0000] {logging_mixin.py:188} INFO - [2025-11-27T08:11:22.077+0000] {dag.py:3823} INFO - Setting next_dagrun for example_setup_teardown to 2025-11-26 00:00:00+00:00, run_after=2025-11-27 00:00:00+00:00
[2025-11-27T08:11:22.095+0000] {processor.py:183} INFO - Processing /home/airflow/.local/lib/python3.8/site-packages/airflow/example_dags/example_setup_teardown.py took 0.070 seconds
[2025-11-27T08:11:52.721+0000] {processor.py:161} INFO - Started process (PID=540) to work on /home/airflow/.local/lib/python3.8/site-packages/airflow/example_dags/example_setup_teardown.py
[2025-11-27T08:11:52.723+0000] {processor.py:830} INFO - Processing file /home/airflow/.local/lib/python3.8/site-packages/airflow/example_dags/example_setup_teardown.py for tasks to queue
[2025-11-27T08:11:52.725+0000] {logging_mixin.py:188} INFO - [2025-11-27T08:11:52.725+0000] {dagbag.py:538} INFO - Filling up the DagBag from /home/airflow/.local/lib/python3.8/site-packages/airflow/example_dags/example_setup_teardown.py
[2025-11-27T08:11:52.732+0000] {processor.py:840} INFO - DAG(s) 'example_setup_teardown' retrieved from /home/airflow/.local/lib/python3.8/site-packages/airflow/example_dags/example_setup_teardown.py
[2025-11-27T08:11:52.754+0000] {logging_mixin.py:188} INFO - [2025-11-27T08:11:52.754+0000] {dag.py:3036} INFO - Sync 1 DAGs
[2025-11-27T08:11:52.771+0000] {logging_mixin.py:188} INFO - [2025-11-27T08:11:52.770+0000] {dag.py:3823} INFO - Setting next_dagrun for example_setup_teardown to 2025-11-26 00:00:00+00:00, run_after=2025-11-27 00:00:00+00:00
[2025-11-27T08:11:52.790+0000] {processor.py:183} INFO - Processing /home/airflow/.local/lib/python3.8/site-packages/airflow/example_dags/example_setup_teardown.py took 0.073 seconds
[2025-11-27T08:12:23.134+0000] {processor.py:161} INFO - Started process (PID=596) to work on /home/airflow/.local/lib/python3.8/site-packages/airflow/example_dags/example_setup_teardown.py
[2025-11-27T08:12:23.136+0000] {processor.py:830} INFO - Processing file /home/airflow/.local/lib/python3.8/site-packages/airflow/example_dags/example_setup_teardown.py for tasks to queue
[2025-11-27T08:12:23.138+0000] {logging_mixin.py:188} INFO - [2025-11-27T08:12:23.137+0000] {dagbag.py:538} INFO - Filling up the DagBag from /home/airflow/.local/lib/python3.8/site-packages/airflow/example_dags/example_setup_teardown.py
[2025-11-27T08:12:23.144+0000] {processor.py:840} INFO - DAG(s) 'example_setup_teardown' retrieved from /home/airflow/.local/lib/python3.8/site-packages/airflow/example_dags/example_setup_teardown.py
[2025-11-27T08:12:23.172+0000] {logging_mixin.py:188} INFO - [2025-11-27T08:12:23.172+0000] {dag.py:3036} INFO - Sync 1 DAGs
[2025-11-27T08:12:23.195+0000] {logging_mixin.py:188} INFO - [2025-11-27T08:12:23.195+0000] {dag.py:3823} INFO - Setting next_dagrun for example_setup_teardown to 2025-11-26 00:00:00+00:00, run_after=2025-11-27 00:00:00+00:00
[2025-11-27T08:12:23.218+0000] {processor.py:183} INFO - Processing /home/airflow/.local/lib/python3.8/site-packages/airflow/example_dags/example_setup_teardown.py took 0.087 seconds
[2025-11-27T08:12:53.778+0000] {processor.py:161} INFO - Started process (PID=652) to work on /home/airflow/.local/lib/python3.8/site-packages/airflow/example_dags/example_setup_teardown.py
[2025-11-27T08:12:53.780+0000] {processor.py:830} INFO - Processing file /home/airflow/.local/lib/python3.8/site-packages/airflow/example_dags/example_setup_teardown.py for tasks to queue
[2025-11-27T08:12:53.783+0000] {logging_mixin.py:188} INFO - [2025-11-27T08:12:53.783+0000] {dagbag.py:538} INFO - Filling up the DagBag from /home/airflow/.local/lib/python3.8/site-packages/airflow/example_dags/example_setup_teardown.py
[2025-11-27T08:12:53.790+0000] {processor.py:840} INFO - DAG(s) 'example_setup_teardown' retrieved from /home/airflow/.local/lib/python3.8/site-packages/airflow/example_dags/example_setup_teardown.py
[2025-11-27T08:12:53.812+0000] {logging_mixin.py:188} INFO - [2025-11-27T08:12:53.812+0000] {dag.py:3036} INFO - Sync 1 DAGs
[2025-11-27T08:12:53.830+0000] {logging_mixin.py:188} INFO - [2025-11-27T08:12:53.830+0000] {dag.py:3823} INFO - Setting next_dagrun for example_setup_teardown to 2025-11-26 00:00:00+00:00, run_after=2025-11-27 00:00:00+00:00
[2025-11-27T08:12:53.850+0000] {processor.py:183} INFO - Processing /home/airflow/.local/lib/python3.8/site-packages/airflow/example_dags/example_setup_teardown.py took 0.077 seconds
[2025-11-27T08:13:24.107+0000] {processor.py:161} INFO - Started process (PID=708) to work on /home/airflow/.local/lib/python3.8/site-packages/airflow/example_dags/example_setup_teardown.py
[2025-11-27T08:13:24.109+0000] {processor.py:830} INFO - Processing file /home/airflow/.local/lib/python3.8/site-packages/airflow/example_dags/example_setup_teardown.py for tasks to queue
[2025-11-27T08:13:24.111+0000] {logging_mixin.py:188} INFO - [2025-11-27T08:13:24.110+0000] {dagbag.py:538} INFO - Filling up the DagBag from /home/airflow/.local/lib/python3.8/site-packages/airflow/example_dags/example_setup_teardown.py
[2025-11-27T08:13:24.116+0000] {processor.py:840} INFO - DAG(s) 'example_setup_teardown' retrieved from /home/airflow/.local/lib/python3.8/site-packages/airflow/example_dags/example_setup_teardown.py
[2025-11-27T08:13:24.133+0000] {logging_mixin.py:188} INFO - [2025-11-27T08:13:24.133+0000] {dag.py:3036} INFO - Sync 1 DAGs
[2025-11-27T08:13:24.148+0000] {logging_mixin.py:188} INFO - [2025-11-27T08:13:24.148+0000] {dag.py:3823} INFO - Setting next_dagrun for example_setup_teardown to 2025-11-26 00:00:00+00:00, run_after=2025-11-27 00:00:00+00:00
[2025-11-27T08:13:24.168+0000] {processor.py:183} INFO - Processing /home/airflow/.local/lib/python3.8/site-packages/airflow/example_dags/example_setup_teardown.py took 0.063 seconds
[2025-11-27T08:13:54.526+0000] {processor.py:161} INFO - Started process (PID=764) to work on /home/airflow/.local/lib/python3.8/site-packages/airflow/example_dags/example_setup_teardown.py
[2025-11-27T08:13:54.527+0000] {processor.py:830} INFO - Processing file /home/airflow/.local/lib/python3.8/site-packages/airflow/example_dags/example_setup_teardown.py for tasks to queue
[2025-11-27T08:13:54.529+0000] {logging_mixin.py:188} INFO - [2025-11-27T08:13:54.529+0000] {dagbag.py:538} INFO - Filling up the DagBag from /home/airflow/.local/lib/python3.8/site-packages/airflow/example_dags/example_setup_teardown.py
[2025-11-27T08:13:54.535+0000] {processor.py:840} INFO - DAG(s) 'example_setup_teardown' retrieved from /home/airflow/.local/lib/python3.8/site-packages/airflow/example_dags/example_setup_teardown.py
[2025-11-27T08:13:54.552+0000] {logging_mixin.py:188} INFO - [2025-11-27T08:13:54.551+0000] {dag.py:3036} INFO - Sync 1 DAGs
[2025-11-27T08:13:54.567+0000] {logging_mixin.py:188} INFO - [2025-11-27T08:13:54.567+0000] {dag.py:3823} INFO - Setting next_dagrun for example_setup_teardown to 2025-11-26 00:00:00+00:00, run_after=2025-11-27 00:00:00+00:00
[2025-11-27T08:13:54.584+0000] {processor.py:183} INFO - Processing /home/airflow/.local/lib/python3.8/site-packages/airflow/example_dags/example_setup_teardown.py took 0.061 seconds
[2025-11-27T08:14:24.716+0000] {processor.py:161} INFO - Started process (PID=819) to work on /home/airflow/.local/lib/python3.8/site-packages/airflow/example_dags/example_setup_teardown.py
[2025-11-27T08:14:24.717+0000] {processor.py:830} INFO - Processing file /home/airflow/.local/lib/python3.8/site-packages/airflow/example_dags/example_setup_teardown.py for tasks to queue
[2025-11-27T08:14:24.719+0000] {logging_mixin.py:188} INFO - [2025-11-27T08:14:24.719+0000] {dagbag.py:538} INFO - Filling up the DagBag from /home/airflow/.local/lib/python3.8/site-packages/airflow/example_dags/example_setup_teardown.py
[2025-11-27T08:14:24.724+0000] {processor.py:840} INFO - DAG(s) 'example_setup_teardown' retrieved from /home/airflow/.local/lib/python3.8/site-packages/airflow/example_dags/example_setup_teardown.py
[2025-11-27T08:14:24.741+0000] {logging_mixin.py:188} INFO - [2025-11-27T08:14:24.740+0000] {dag.py:3036} INFO - Sync 1 DAGs
[2025-11-27T08:14:24.755+0000] {logging_mixin.py:188} INFO - [2025-11-27T08:14:24.755+0000] {dag.py:3823} INFO - Setting next_dagrun for example_setup_teardown to 2025-11-26 00:00:00+00:00, run_after=2025-11-27 00:00:00+00:00
[2025-11-27T08:14:24.772+0000] {processor.py:183} INFO - Processing /home/airflow/.local/lib/python3.8/site-packages/airflow/example_dags/example_setup_teardown.py took 0.059 seconds
[2025-11-27T08:14:57.061+0000] {processor.py:161} INFO - Started process (PID=876) to work on /home/airflow/.local/lib/python3.8/site-packages/airflow/example_dags/example_setup_teardown.py
[2025-11-27T08:14:57.062+0000] {processor.py:830} INFO - Processing file /home/airflow/.local/lib/python3.8/site-packages/airflow/example_dags/example_setup_teardown.py for tasks to queue
[2025-11-27T08:14:57.063+0000] {logging_mixin.py:188} INFO - [2025-11-27T08:14:57.063+0000] {dagbag.py:538} INFO - Filling up the DagBag from /home/airflow/.local/lib/python3.8/site-packages/airflow/example_dags/example_setup_teardown.py
[2025-11-27T08:14:57.069+0000] {processor.py:840} INFO - DAG(s) 'example_setup_teardown' retrieved from /home/airflow/.local/lib/python3.8/site-packages/airflow/example_dags/example_setup_teardown.py
[2025-11-27T08:14:57.087+0000] {logging_mixin.py:188} INFO - [2025-11-27T08:14:57.087+0000] {dag.py:3036} INFO - Sync 1 DAGs
[2025-11-27T08:14:57.105+0000] {logging_mixin.py:188} INFO - [2025-11-27T08:14:57.105+0000] {dag.py:3823} INFO - Setting next_dagrun for example_setup_teardown to 2025-11-26 00:00:00+00:00, run_after=2025-11-27 00:00:00+00:00
[2025-11-27T08:14:57.124+0000] {processor.py:183} INFO - Processing /home/airflow/.local/lib/python3.8/site-packages/airflow/example_dags/example_setup_teardown.py took 0.066 seconds
[2025-11-27T08:16:30.016+0000] {processor.py:161} INFO - Started process (PID=154) to work on /home/airflow/.local/lib/python3.8/site-packages/airflow/example_dags/example_setup_teardown.py
[2025-11-27T08:16:30.017+0000] {processor.py:830} INFO - Processing file /home/airflow/.local/lib/python3.8/site-packages/airflow/example_dags/example_setup_teardown.py for tasks to queue
[2025-11-27T08:16:30.021+0000] {logging_mixin.py:188} INFO - [2025-11-27T08:16:30.020+0000] {dagbag.py:538} INFO - Filling up the DagBag from /home/airflow/.local/lib/python3.8/site-packages/airflow/example_dags/example_setup_teardown.py
[2025-11-27T08:16:30.029+0000] {processor.py:840} INFO - DAG(s) 'example_setup_teardown' retrieved from /home/airflow/.local/lib/python3.8/site-packages/airflow/example_dags/example_setup_teardown.py
[2025-11-27T08:16:30.046+0000] {logging_mixin.py:188} INFO - [2025-11-27T08:16:30.046+0000] {dag.py:3036} INFO - Sync 1 DAGs
[2025-11-27T08:16:30.073+0000] {logging_mixin.py:188} INFO - [2025-11-27T08:16:30.073+0000] {dag.py:3823} INFO - Setting next_dagrun for example_setup_teardown to 2025-11-26 00:00:00+00:00, run_after=2025-11-27 00:00:00+00:00
[2025-11-27T08:16:30.100+0000] {processor.py:183} INFO - Processing /home/airflow/.local/lib/python3.8/site-packages/airflow/example_dags/example_setup_teardown.py took 0.088 seconds
[2025-11-27T08:17:06.241+0000] {processor.py:161} INFO - Started process (PID=210) to work on /home/airflow/.local/lib/python3.8/site-packages/airflow/example_dags/example_setup_teardown.py
[2025-11-27T08:17:06.242+0000] {processor.py:830} INFO - Processing file /home/airflow/.local/lib/python3.8/site-packages/airflow/example_dags/example_setup_teardown.py for tasks to queue
[2025-11-27T08:17:06.244+0000] {logging_mixin.py:188} INFO - [2025-11-27T08:17:06.244+0000] {dagbag.py:538} INFO - Filling up the DagBag from /home/airflow/.local/lib/python3.8/site-packages/airflow/example_dags/example_setup_teardown.py
[2025-11-27T08:17:06.250+0000] {processor.py:840} INFO - DAG(s) 'example_setup_teardown' retrieved from /home/airflow/.local/lib/python3.8/site-packages/airflow/example_dags/example_setup_teardown.py
[2025-11-27T08:17:06.446+0000] {logging_mixin.py:188} INFO - [2025-11-27T08:17:06.446+0000] {dag.py:3036} INFO - Sync 1 DAGs
[2025-11-27T08:17:06.465+0000] {logging_mixin.py:188} INFO - [2025-11-27T08:17:06.465+0000] {dag.py:3823} INFO - Setting next_dagrun for example_setup_teardown to 2025-11-26 00:00:00+00:00, run_after=2025-11-27 00:00:00+00:00
[2025-11-27T08:17:06.487+0000] {processor.py:183} INFO - Processing /home/airflow/.local/lib/python3.8/site-packages/airflow/example_dags/example_setup_teardown.py took 0.250 seconds
[2025-11-27T08:17:38.774+0000] {processor.py:161} INFO - Started process (PID=266) to work on /home/airflow/.local/lib/python3.8/site-packages/airflow/example_dags/example_setup_teardown.py
[2025-11-27T08:17:38.776+0000] {processor.py:830} INFO - Processing file /home/airflow/.local/lib/python3.8/site-packages/airflow/example_dags/example_setup_teardown.py for tasks to queue
[2025-11-27T08:17:38.778+0000] {logging_mixin.py:188} INFO - [2025-11-27T08:17:38.778+0000] {dagbag.py:538} INFO - Filling up the DagBag from /home/airflow/.local/lib/python3.8/site-packages/airflow/example_dags/example_setup_teardown.py
[2025-11-27T08:17:38.785+0000] {processor.py:840} INFO - DAG(s) 'example_setup_teardown' retrieved from /home/airflow/.local/lib/python3.8/site-packages/airflow/example_dags/example_setup_teardown.py
[2025-11-27T08:17:38.804+0000] {logging_mixin.py:188} INFO - [2025-11-27T08:17:38.803+0000] {dag.py:3036} INFO - Sync 1 DAGs
[2025-11-27T08:17:38.819+0000] {logging_mixin.py:188} INFO - [2025-11-27T08:17:38.819+0000] {dag.py:3823} INFO - Setting next_dagrun for example_setup_teardown to 2025-11-26 00:00:00+00:00, run_after=2025-11-27 00:00:00+00:00
[2025-11-27T08:17:38.835+0000] {processor.py:183} INFO - Processing /home/airflow/.local/lib/python3.8/site-packages/airflow/example_dags/example_setup_teardown.py took 0.064 seconds
[2025-11-27T08:18:11.283+0000] {processor.py:161} INFO - Started process (PID=322) to work on /home/airflow/.local/lib/python3.8/site-packages/airflow/example_dags/example_setup_teardown.py
[2025-11-27T08:18:11.284+0000] {processor.py:830} INFO - Processing file /home/airflow/.local/lib/python3.8/site-packages/airflow/example_dags/example_setup_teardown.py for tasks to queue
[2025-11-27T08:18:11.286+0000] {logging_mixin.py:188} INFO - [2025-11-27T08:18:11.286+0000] {dagbag.py:538} INFO - Filling up the DagBag from /home/airflow/.local/lib/python3.8/site-packages/airflow/example_dags/example_setup_teardown.py
[2025-11-27T08:18:11.290+0000] {processor.py:840} INFO - DAG(s) 'example_setup_teardown' retrieved from /home/airflow/.local/lib/python3.8/site-packages/airflow/example_dags/example_setup_teardown.py
[2025-11-27T08:18:11.305+0000] {logging_mixin.py:188} INFO - [2025-11-27T08:18:11.305+0000] {dag.py:3036} INFO - Sync 1 DAGs
[2025-11-27T08:18:11.319+0000] {logging_mixin.py:188} INFO - [2025-11-27T08:18:11.319+0000] {dag.py:3823} INFO - Setting next_dagrun for example_setup_teardown to 2025-11-26 00:00:00+00:00, run_after=2025-11-27 00:00:00+00:00
[2025-11-27T08:18:11.337+0000] {processor.py:183} INFO - Processing /home/airflow/.local/lib/python3.8/site-packages/airflow/example_dags/example_setup_teardown.py took 0.056 seconds
[2025-11-27T08:18:42.028+0000] {processor.py:161} INFO - Started process (PID=378) to work on /home/airflow/.local/lib/python3.8/site-packages/airflow/example_dags/example_setup_teardown.py
[2025-11-27T08:18:42.029+0000] {processor.py:830} INFO - Processing file /home/airflow/.local/lib/python3.8/site-packages/airflow/example_dags/example_setup_teardown.py for tasks to queue
[2025-11-27T08:18:42.032+0000] {logging_mixin.py:188} INFO - [2025-11-27T08:18:42.031+0000] {dagbag.py:538} INFO - Filling up the DagBag from /home/airflow/.local/lib/python3.8/site-packages/airflow/example_dags/example_setup_teardown.py
[2025-11-27T08:18:42.037+0000] {processor.py:840} INFO - DAG(s) 'example_setup_teardown' retrieved from /home/airflow/.local/lib/python3.8/site-packages/airflow/example_dags/example_setup_teardown.py
[2025-11-27T08:18:42.055+0000] {logging_mixin.py:188} INFO - [2025-11-27T08:18:42.055+0000] {dag.py:3036} INFO - Sync 1 DAGs
[2025-11-27T08:18:42.071+0000] {logging_mixin.py:188} INFO - [2025-11-27T08:18:42.070+0000] {dag.py:3823} INFO - Setting next_dagrun for example_setup_teardown to 2025-11-26 00:00:00+00:00, run_after=2025-11-27 00:00:00+00:00
[2025-11-27T08:18:42.090+0000] {processor.py:183} INFO - Processing /home/airflow/.local/lib/python3.8/site-packages/airflow/example_dags/example_setup_teardown.py took 0.065 seconds
[2025-11-27T08:19:15.930+0000] {processor.py:161} INFO - Started process (PID=434) to work on /home/airflow/.local/lib/python3.8/site-packages/airflow/example_dags/example_setup_teardown.py
[2025-11-27T08:19:15.932+0000] {processor.py:830} INFO - Processing file /home/airflow/.local/lib/python3.8/site-packages/airflow/example_dags/example_setup_teardown.py for tasks to queue
[2025-11-27T08:19:15.935+0000] {logging_mixin.py:188} INFO - [2025-11-27T08:19:15.934+0000] {dagbag.py:538} INFO - Filling up the DagBag from /home/airflow/.local/lib/python3.8/site-packages/airflow/example_dags/example_setup_teardown.py
[2025-11-27T08:19:15.941+0000] {processor.py:840} INFO - DAG(s) 'example_setup_teardown' retrieved from /home/airflow/.local/lib/python3.8/site-packages/airflow/example_dags/example_setup_teardown.py
[2025-11-27T08:19:15.956+0000] {logging_mixin.py:188} INFO - [2025-11-27T08:19:15.955+0000] {dag.py:3036} INFO - Sync 1 DAGs
[2025-11-27T08:19:15.970+0000] {logging_mixin.py:188} INFO - [2025-11-27T08:19:15.969+0000] {dag.py:3823} INFO - Setting next_dagrun for example_setup_teardown to 2025-11-26 00:00:00+00:00, run_after=2025-11-27 00:00:00+00:00
[2025-11-27T08:19:15.984+0000] {processor.py:183} INFO - Processing /home/airflow/.local/lib/python3.8/site-packages/airflow/example_dags/example_setup_teardown.py took 0.057 seconds
[2025-11-27T08:19:46.293+0000] {processor.py:161} INFO - Started process (PID=490) to work on /home/airflow/.local/lib/python3.8/site-packages/airflow/example_dags/example_setup_teardown.py
[2025-11-27T08:19:46.293+0000] {processor.py:830} INFO - Processing file /home/airflow/.local/lib/python3.8/site-packages/airflow/example_dags/example_setup_teardown.py for tasks to queue
[2025-11-27T08:19:46.295+0000] {logging_mixin.py:188} INFO - [2025-11-27T08:19:46.295+0000] {dagbag.py:538} INFO - Filling up the DagBag from /home/airflow/.local/lib/python3.8/site-packages/airflow/example_dags/example_setup_teardown.py
[2025-11-27T08:19:46.300+0000] {processor.py:840} INFO - DAG(s) 'example_setup_teardown' retrieved from /home/airflow/.local/lib/python3.8/site-packages/airflow/example_dags/example_setup_teardown.py
[2025-11-27T08:19:46.316+0000] {logging_mixin.py:188} INFO - [2025-11-27T08:19:46.316+0000] {dag.py:3036} INFO - Sync 1 DAGs
[2025-11-27T08:19:46.331+0000] {logging_mixin.py:188} INFO - [2025-11-27T08:19:46.331+0000] {dag.py:3823} INFO - Setting next_dagrun for example_setup_teardown to 2025-11-26 00:00:00+00:00, run_after=2025-11-27 00:00:00+00:00
[2025-11-27T08:19:46.347+0000] {processor.py:183} INFO - Processing /home/airflow/.local/lib/python3.8/site-packages/airflow/example_dags/example_setup_teardown.py took 0.057 seconds
[2025-11-27T08:20:19.095+0000] {processor.py:161} INFO - Started process (PID=546) to work on /home/airflow/.local/lib/python3.8/site-packages/airflow/example_dags/example_setup_teardown.py
[2025-11-27T08:20:19.097+0000] {processor.py:830} INFO - Processing file /home/airflow/.local/lib/python3.8/site-packages/airflow/example_dags/example_setup_teardown.py for tasks to queue
[2025-11-27T08:20:19.099+0000] {logging_mixin.py:188} INFO - [2025-11-27T08:20:19.098+0000] {dagbag.py:538} INFO - Filling up the DagBag from /home/airflow/.local/lib/python3.8/site-packages/airflow/example_dags/example_setup_teardown.py
[2025-11-27T08:20:19.105+0000] {processor.py:840} INFO - DAG(s) 'example_setup_teardown' retrieved from /home/airflow/.local/lib/python3.8/site-packages/airflow/example_dags/example_setup_teardown.py
[2025-11-27T08:20:19.129+0000] {logging_mixin.py:188} INFO - [2025-11-27T08:20:19.128+0000] {dag.py:3036} INFO - Sync 1 DAGs
[2025-11-27T08:20:19.148+0000] {logging_mixin.py:188} INFO - [2025-11-27T08:20:19.148+0000] {dag.py:3823} INFO - Setting next_dagrun for example_setup_teardown to 2025-11-26 00:00:00+00:00, run_after=2025-11-27 00:00:00+00:00
[2025-11-27T08:20:19.171+0000] {processor.py:183} INFO - Processing /home/airflow/.local/lib/python3.8/site-packages/airflow/example_dags/example_setup_teardown.py took 0.078 seconds
[2025-11-27T08:20:49.328+0000] {processor.py:161} INFO - Started process (PID=602) to work on /home/airflow/.local/lib/python3.8/site-packages/airflow/example_dags/example_setup_teardown.py
[2025-11-27T08:20:49.329+0000] {processor.py:830} INFO - Processing file /home/airflow/.local/lib/python3.8/site-packages/airflow/example_dags/example_setup_teardown.py for tasks to queue
[2025-11-27T08:20:49.331+0000] {logging_mixin.py:188} INFO - [2025-11-27T08:20:49.331+0000] {dagbag.py:538} INFO - Filling up the DagBag from /home/airflow/.local/lib/python3.8/site-packages/airflow/example_dags/example_setup_teardown.py
[2025-11-27T08:20:49.337+0000] {processor.py:840} INFO - DAG(s) 'example_setup_teardown' retrieved from /home/airflow/.local/lib/python3.8/site-packages/airflow/example_dags/example_setup_teardown.py
[2025-11-27T08:20:49.355+0000] {logging_mixin.py:188} INFO - [2025-11-27T08:20:49.354+0000] {dag.py:3036} INFO - Sync 1 DAGs
[2025-11-27T08:20:49.370+0000] {logging_mixin.py:188} INFO - [2025-11-27T08:20:49.370+0000] {dag.py:3823} INFO - Setting next_dagrun for example_setup_teardown to 2025-11-26 00:00:00+00:00, run_after=2025-11-27 00:00:00+00:00
[2025-11-27T08:20:49.387+0000] {processor.py:183} INFO - Processing /home/airflow/.local/lib/python3.8/site-packages/airflow/example_dags/example_setup_teardown.py took 0.062 seconds
[2025-11-27T08:21:20.421+0000] {processor.py:161} INFO - Started process (PID=658) to work on /home/airflow/.local/lib/python3.8/site-packages/airflow/example_dags/example_setup_teardown.py
[2025-11-27T08:21:20.423+0000] {processor.py:830} INFO - Processing file /home/airflow/.local/lib/python3.8/site-packages/airflow/example_dags/example_setup_teardown.py for tasks to queue
[2025-11-27T08:21:20.424+0000] {logging_mixin.py:188} INFO - [2025-11-27T08:21:20.424+0000] {dagbag.py:538} INFO - Filling up the DagBag from /home/airflow/.local/lib/python3.8/site-packages/airflow/example_dags/example_setup_teardown.py
[2025-11-27T08:21:20.429+0000] {processor.py:840} INFO - DAG(s) 'example_setup_teardown' retrieved from /home/airflow/.local/lib/python3.8/site-packages/airflow/example_dags/example_setup_teardown.py
[2025-11-27T08:21:20.443+0000] {logging_mixin.py:188} INFO - [2025-11-27T08:21:20.443+0000] {dag.py:3036} INFO - Sync 1 DAGs
[2025-11-27T08:21:20.460+0000] {logging_mixin.py:188} INFO - [2025-11-27T08:21:20.460+0000] {dag.py:3823} INFO - Setting next_dagrun for example_setup_teardown to 2025-11-26 00:00:00+00:00, run_after=2025-11-27 00:00:00+00:00
[2025-11-27T08:21:20.477+0000] {processor.py:183} INFO - Processing /home/airflow/.local/lib/python3.8/site-packages/airflow/example_dags/example_setup_teardown.py took 0.058 seconds
