[2025-11-27T07:49:59.103+0000] {processor.py:161} INFO - Started process (PID=74) to work on /home/airflow/.local/lib/python3.8/site-packages/airflow/example_dags/example_subdag_operator.py
[2025-11-27T07:49:59.104+0000] {processor.py:830} INFO - Processing file /home/airflow/.local/lib/python3.8/site-packages/airflow/example_dags/example_subdag_operator.py for tasks to queue
[2025-11-27T07:49:59.106+0000] {logging_mixin.py:188} INFO - [2025-11-27T07:49:59.106+0000] {dagbag.py:538} INFO - Filling up the DagBag from /home/airflow/.local/lib/python3.8/site-packages/airflow/example_dags/example_subdag_operator.py
[2025-11-27T07:49:59.134+0000] {processor.py:840} INFO - DAG(s) 'example_subdag_operator.section-1', 'example_subdag_operator.section-2', 'example_subdag_operator' retrieved from /home/airflow/.local/lib/python3.8/site-packages/airflow/example_dags/example_subdag_operator.py
[2025-11-27T07:49:59.137+0000] {logging_mixin.py:188} INFO - [2025-11-27T07:49:59.137+0000] {dag.py:3036} INFO - Sync 3 DAGs
[2025-11-27T07:49:59.153+0000] {logging_mixin.py:188} INFO - [2025-11-27T07:49:59.153+0000] {dag.py:3823} INFO - Setting next_dagrun for example_subdag_operator to 2022-01-01 00:00:00+00:00, run_after=2022-01-01 00:00:00+00:00
[2025-11-27T07:49:59.156+0000] {logging_mixin.py:188} INFO - [2025-11-27T07:49:59.156+0000] {dag.py:3823} INFO - Setting next_dagrun for example_subdag_operator.section-1 to None, run_after=None
[2025-11-27T07:49:59.157+0000] {logging_mixin.py:188} INFO - [2025-11-27T07:49:59.157+0000] {dag.py:3823} INFO - Setting next_dagrun for example_subdag_operator.section-2 to None, run_after=None
[2025-11-27T07:49:59.164+0000] {logging_mixin.py:188} INFO - [2025-11-27T07:49:59.163+0000] {dag.py:3036} INFO - Sync 2 DAGs
[2025-11-27T07:49:59.168+0000] {logging_mixin.py:188} INFO - [2025-11-27T07:49:59.168+0000] {dag.py:3823} INFO - Setting next_dagrun for example_subdag_operator.section-1 to None, run_after=None
[2025-11-27T07:49:59.169+0000] {logging_mixin.py:188} INFO - [2025-11-27T07:49:59.169+0000] {dag.py:3823} INFO - Setting next_dagrun for example_subdag_operator.section-2 to None, run_after=None
[2025-11-27T07:49:59.185+0000] {processor.py:183} INFO - Processing /home/airflow/.local/lib/python3.8/site-packages/airflow/example_dags/example_subdag_operator.py took 0.085 seconds
[2025-11-27T07:50:32.444+0000] {processor.py:161} INFO - Started process (PID=136) to work on /home/airflow/.local/lib/python3.8/site-packages/airflow/example_dags/example_subdag_operator.py
[2025-11-27T07:50:32.445+0000] {processor.py:830} INFO - Processing file /home/airflow/.local/lib/python3.8/site-packages/airflow/example_dags/example_subdag_operator.py for tasks to queue
[2025-11-27T07:50:32.448+0000] {logging_mixin.py:188} INFO - [2025-11-27T07:50:32.447+0000] {dagbag.py:538} INFO - Filling up the DagBag from /home/airflow/.local/lib/python3.8/site-packages/airflow/example_dags/example_subdag_operator.py
[2025-11-27T07:50:32.469+0000] {processor.py:840} INFO - DAG(s) 'example_subdag_operator.section-1', 'example_subdag_operator.section-2', 'example_subdag_operator' retrieved from /home/airflow/.local/lib/python3.8/site-packages/airflow/example_dags/example_subdag_operator.py
[2025-11-27T07:50:32.533+0000] {logging_mixin.py:188} INFO - [2025-11-27T07:50:32.533+0000] {dag.py:3036} INFO - Sync 3 DAGs
[2025-11-27T07:50:32.549+0000] {logging_mixin.py:188} INFO - [2025-11-27T07:50:32.549+0000] {dag.py:3823} INFO - Setting next_dagrun for example_subdag_operator to 2022-01-01 00:00:00+00:00, run_after=2022-01-01 00:00:00+00:00
[2025-11-27T07:50:32.552+0000] {logging_mixin.py:188} INFO - [2025-11-27T07:50:32.552+0000] {dag.py:3823} INFO - Setting next_dagrun for example_subdag_operator.section-1 to None, run_after=None
[2025-11-27T07:50:32.553+0000] {logging_mixin.py:188} INFO - [2025-11-27T07:50:32.553+0000] {dag.py:3823} INFO - Setting next_dagrun for example_subdag_operator.section-2 to None, run_after=None
[2025-11-27T07:50:32.562+0000] {logging_mixin.py:188} INFO - [2025-11-27T07:50:32.562+0000] {dag.py:3036} INFO - Sync 2 DAGs
[2025-11-27T07:50:32.566+0000] {logging_mixin.py:188} INFO - [2025-11-27T07:50:32.566+0000] {dag.py:3823} INFO - Setting next_dagrun for example_subdag_operator.section-1 to None, run_after=None
[2025-11-27T07:50:32.567+0000] {logging_mixin.py:188} INFO - [2025-11-27T07:50:32.567+0000] {dag.py:3823} INFO - Setting next_dagrun for example_subdag_operator.section-2 to None, run_after=None
[2025-11-27T07:50:32.580+0000] {processor.py:183} INFO - Processing /home/airflow/.local/lib/python3.8/site-packages/airflow/example_dags/example_subdag_operator.py took 0.139 seconds
[2025-11-27T07:51:04.329+0000] {processor.py:161} INFO - Started process (PID=186) to work on /home/airflow/.local/lib/python3.8/site-packages/airflow/example_dags/example_subdag_operator.py
[2025-11-27T07:51:04.330+0000] {processor.py:830} INFO - Processing file /home/airflow/.local/lib/python3.8/site-packages/airflow/example_dags/example_subdag_operator.py for tasks to queue
[2025-11-27T07:51:04.332+0000] {logging_mixin.py:188} INFO - [2025-11-27T07:51:04.331+0000] {dagbag.py:538} INFO - Filling up the DagBag from /home/airflow/.local/lib/python3.8/site-packages/airflow/example_dags/example_subdag_operator.py
[2025-11-27T07:51:04.353+0000] {processor.py:840} INFO - DAG(s) 'example_subdag_operator.section-1', 'example_subdag_operator.section-2', 'example_subdag_operator' retrieved from /home/airflow/.local/lib/python3.8/site-packages/airflow/example_dags/example_subdag_operator.py
[2025-11-27T07:51:04.364+0000] {logging_mixin.py:188} INFO - [2025-11-27T07:51:04.364+0000] {dag.py:3036} INFO - Sync 3 DAGs
[2025-11-27T07:51:04.380+0000] {logging_mixin.py:188} INFO - [2025-11-27T07:51:04.380+0000] {dag.py:3823} INFO - Setting next_dagrun for example_subdag_operator to 2022-01-01 00:00:00+00:00, run_after=2022-01-01 00:00:00+00:00
[2025-11-27T07:51:04.383+0000] {logging_mixin.py:188} INFO - [2025-11-27T07:51:04.383+0000] {dag.py:3823} INFO - Setting next_dagrun for example_subdag_operator.section-1 to None, run_after=None
[2025-11-27T07:51:04.385+0000] {logging_mixin.py:188} INFO - [2025-11-27T07:51:04.385+0000] {dag.py:3823} INFO - Setting next_dagrun for example_subdag_operator.section-2 to None, run_after=None
[2025-11-27T07:51:04.390+0000] {logging_mixin.py:188} INFO - [2025-11-27T07:51:04.390+0000] {dag.py:3036} INFO - Sync 2 DAGs
[2025-11-27T07:51:04.394+0000] {logging_mixin.py:188} INFO - [2025-11-27T07:51:04.394+0000] {dag.py:3823} INFO - Setting next_dagrun for example_subdag_operator.section-1 to None, run_after=None
[2025-11-27T07:51:04.395+0000] {logging_mixin.py:188} INFO - [2025-11-27T07:51:04.395+0000] {dag.py:3823} INFO - Setting next_dagrun for example_subdag_operator.section-2 to None, run_after=None
[2025-11-27T07:51:04.406+0000] {processor.py:183} INFO - Processing /home/airflow/.local/lib/python3.8/site-packages/airflow/example_dags/example_subdag_operator.py took 0.080 seconds
[2025-11-27T07:51:36.381+0000] {processor.py:161} INFO - Started process (PID=242) to work on /home/airflow/.local/lib/python3.8/site-packages/airflow/example_dags/example_subdag_operator.py
[2025-11-27T07:51:36.382+0000] {processor.py:830} INFO - Processing file /home/airflow/.local/lib/python3.8/site-packages/airflow/example_dags/example_subdag_operator.py for tasks to queue
[2025-11-27T07:51:36.384+0000] {logging_mixin.py:188} INFO - [2025-11-27T07:51:36.384+0000] {dagbag.py:538} INFO - Filling up the DagBag from /home/airflow/.local/lib/python3.8/site-packages/airflow/example_dags/example_subdag_operator.py
[2025-11-27T07:51:36.406+0000] {processor.py:840} INFO - DAG(s) 'example_subdag_operator.section-1', 'example_subdag_operator.section-2', 'example_subdag_operator' retrieved from /home/airflow/.local/lib/python3.8/site-packages/airflow/example_dags/example_subdag_operator.py
[2025-11-27T07:51:36.418+0000] {logging_mixin.py:188} INFO - [2025-11-27T07:51:36.418+0000] {dag.py:3036} INFO - Sync 3 DAGs
[2025-11-27T07:51:36.435+0000] {logging_mixin.py:188} INFO - [2025-11-27T07:51:36.435+0000] {dag.py:3823} INFO - Setting next_dagrun for example_subdag_operator to 2022-01-01 00:00:00+00:00, run_after=2022-01-01 00:00:00+00:00
[2025-11-27T07:51:36.438+0000] {logging_mixin.py:188} INFO - [2025-11-27T07:51:36.437+0000] {dag.py:3823} INFO - Setting next_dagrun for example_subdag_operator.section-1 to None, run_after=None
[2025-11-27T07:51:36.439+0000] {logging_mixin.py:188} INFO - [2025-11-27T07:51:36.439+0000] {dag.py:3823} INFO - Setting next_dagrun for example_subdag_operator.section-2 to None, run_after=None
[2025-11-27T07:51:36.444+0000] {logging_mixin.py:188} INFO - [2025-11-27T07:51:36.444+0000] {dag.py:3036} INFO - Sync 2 DAGs
[2025-11-27T07:51:36.449+0000] {logging_mixin.py:188} INFO - [2025-11-27T07:51:36.449+0000] {dag.py:3823} INFO - Setting next_dagrun for example_subdag_operator.section-1 to None, run_after=None
[2025-11-27T07:51:36.450+0000] {logging_mixin.py:188} INFO - [2025-11-27T07:51:36.450+0000] {dag.py:3823} INFO - Setting next_dagrun for example_subdag_operator.section-2 to None, run_after=None
[2025-11-27T07:51:36.464+0000] {processor.py:183} INFO - Processing /home/airflow/.local/lib/python3.8/site-packages/airflow/example_dags/example_subdag_operator.py took 0.086 seconds
[2025-11-27T07:52:09.504+0000] {processor.py:161} INFO - Started process (PID=298) to work on /home/airflow/.local/lib/python3.8/site-packages/airflow/example_dags/example_subdag_operator.py
[2025-11-27T07:52:09.506+0000] {processor.py:830} INFO - Processing file /home/airflow/.local/lib/python3.8/site-packages/airflow/example_dags/example_subdag_operator.py for tasks to queue
[2025-11-27T07:52:09.508+0000] {logging_mixin.py:188} INFO - [2025-11-27T07:52:09.508+0000] {dagbag.py:538} INFO - Filling up the DagBag from /home/airflow/.local/lib/python3.8/site-packages/airflow/example_dags/example_subdag_operator.py
[2025-11-27T07:52:09.531+0000] {processor.py:840} INFO - DAG(s) 'example_subdag_operator.section-1', 'example_subdag_operator.section-2', 'example_subdag_operator' retrieved from /home/airflow/.local/lib/python3.8/site-packages/airflow/example_dags/example_subdag_operator.py
[2025-11-27T07:52:09.545+0000] {logging_mixin.py:188} INFO - [2025-11-27T07:52:09.545+0000] {dag.py:3036} INFO - Sync 3 DAGs
[2025-11-27T07:52:09.571+0000] {logging_mixin.py:188} INFO - [2025-11-27T07:52:09.571+0000] {dag.py:3823} INFO - Setting next_dagrun for example_subdag_operator to 2022-01-01 00:00:00+00:00, run_after=2022-01-01 00:00:00+00:00
[2025-11-27T07:52:09.577+0000] {logging_mixin.py:188} INFO - [2025-11-27T07:52:09.576+0000] {dag.py:3823} INFO - Setting next_dagrun for example_subdag_operator.section-1 to None, run_after=None
[2025-11-27T07:52:09.579+0000] {logging_mixin.py:188} INFO - [2025-11-27T07:52:09.579+0000] {dag.py:3823} INFO - Setting next_dagrun for example_subdag_operator.section-2 to None, run_after=None
[2025-11-27T07:52:09.586+0000] {logging_mixin.py:188} INFO - [2025-11-27T07:52:09.586+0000] {dag.py:3036} INFO - Sync 2 DAGs
[2025-11-27T07:52:09.591+0000] {logging_mixin.py:188} INFO - [2025-11-27T07:52:09.591+0000] {dag.py:3823} INFO - Setting next_dagrun for example_subdag_operator.section-1 to None, run_after=None
[2025-11-27T07:52:09.592+0000] {logging_mixin.py:188} INFO - [2025-11-27T07:52:09.592+0000] {dag.py:3823} INFO - Setting next_dagrun for example_subdag_operator.section-2 to None, run_after=None
[2025-11-27T07:52:09.605+0000] {processor.py:183} INFO - Processing /home/airflow/.local/lib/python3.8/site-packages/airflow/example_dags/example_subdag_operator.py took 0.103 seconds
[2025-11-27T08:08:14.902+0000] {processor.py:161} INFO - Started process (PID=142) to work on /home/airflow/.local/lib/python3.8/site-packages/airflow/example_dags/example_subdag_operator.py
[2025-11-27T08:08:14.904+0000] {processor.py:830} INFO - Processing file /home/airflow/.local/lib/python3.8/site-packages/airflow/example_dags/example_subdag_operator.py for tasks to queue
[2025-11-27T08:08:14.906+0000] {logging_mixin.py:188} INFO - [2025-11-27T08:08:14.906+0000] {dagbag.py:538} INFO - Filling up the DagBag from /home/airflow/.local/lib/python3.8/site-packages/airflow/example_dags/example_subdag_operator.py
[2025-11-27T08:08:14.927+0000] {processor.py:840} INFO - DAG(s) 'example_subdag_operator.section-1', 'example_subdag_operator.section-2', 'example_subdag_operator' retrieved from /home/airflow/.local/lib/python3.8/site-packages/airflow/example_dags/example_subdag_operator.py
[2025-11-27T08:08:14.930+0000] {logging_mixin.py:188} INFO - [2025-11-27T08:08:14.930+0000] {dag.py:3036} INFO - Sync 3 DAGs
[2025-11-27T08:08:14.946+0000] {logging_mixin.py:188} INFO - [2025-11-27T08:08:14.946+0000] {dag.py:3823} INFO - Setting next_dagrun for example_subdag_operator to 2022-01-01 00:00:00+00:00, run_after=2022-01-01 00:00:00+00:00
[2025-11-27T08:08:14.950+0000] {logging_mixin.py:188} INFO - [2025-11-27T08:08:14.950+0000] {dag.py:3823} INFO - Setting next_dagrun for example_subdag_operator.section-1 to None, run_after=None
[2025-11-27T08:08:14.951+0000] {logging_mixin.py:188} INFO - [2025-11-27T08:08:14.951+0000] {dag.py:3823} INFO - Setting next_dagrun for example_subdag_operator.section-2 to None, run_after=None
[2025-11-27T08:08:14.958+0000] {logging_mixin.py:188} INFO - [2025-11-27T08:08:14.958+0000] {dag.py:3036} INFO - Sync 2 DAGs
[2025-11-27T08:08:14.962+0000] {logging_mixin.py:188} INFO - [2025-11-27T08:08:14.962+0000] {dag.py:3823} INFO - Setting next_dagrun for example_subdag_operator.section-1 to None, run_after=None
[2025-11-27T08:08:14.963+0000] {logging_mixin.py:188} INFO - [2025-11-27T08:08:14.963+0000] {dag.py:3823} INFO - Setting next_dagrun for example_subdag_operator.section-2 to None, run_after=None
[2025-11-27T08:08:14.979+0000] {processor.py:183} INFO - Processing /home/airflow/.local/lib/python3.8/site-packages/airflow/example_dags/example_subdag_operator.py took 0.080 seconds
[2025-11-27T08:08:48.322+0000] {processor.py:161} INFO - Started process (PID=198) to work on /home/airflow/.local/lib/python3.8/site-packages/airflow/example_dags/example_subdag_operator.py
[2025-11-27T08:08:48.325+0000] {processor.py:830} INFO - Processing file /home/airflow/.local/lib/python3.8/site-packages/airflow/example_dags/example_subdag_operator.py for tasks to queue
[2025-11-27T08:08:48.327+0000] {logging_mixin.py:188} INFO - [2025-11-27T08:08:48.327+0000] {dagbag.py:538} INFO - Filling up the DagBag from /home/airflow/.local/lib/python3.8/site-packages/airflow/example_dags/example_subdag_operator.py
[2025-11-27T08:08:48.346+0000] {processor.py:840} INFO - DAG(s) 'example_subdag_operator.section-1', 'example_subdag_operator.section-2', 'example_subdag_operator' retrieved from /home/airflow/.local/lib/python3.8/site-packages/airflow/example_dags/example_subdag_operator.py
[2025-11-27T08:08:48.513+0000] {logging_mixin.py:188} INFO - [2025-11-27T08:08:48.512+0000] {dag.py:3036} INFO - Sync 3 DAGs
[2025-11-27T08:08:48.525+0000] {logging_mixin.py:188} INFO - [2025-11-27T08:08:48.525+0000] {dag.py:3823} INFO - Setting next_dagrun for example_subdag_operator to 2022-01-01 00:00:00+00:00, run_after=2022-01-01 00:00:00+00:00
[2025-11-27T08:08:48.527+0000] {logging_mixin.py:188} INFO - [2025-11-27T08:08:48.527+0000] {dag.py:3823} INFO - Setting next_dagrun for example_subdag_operator.section-1 to None, run_after=None
[2025-11-27T08:08:48.529+0000] {logging_mixin.py:188} INFO - [2025-11-27T08:08:48.529+0000] {dag.py:3823} INFO - Setting next_dagrun for example_subdag_operator.section-2 to None, run_after=None
[2025-11-27T08:08:48.536+0000] {logging_mixin.py:188} INFO - [2025-11-27T08:08:48.536+0000] {dag.py:3036} INFO - Sync 2 DAGs
[2025-11-27T08:08:48.539+0000] {logging_mixin.py:188} INFO - [2025-11-27T08:08:48.539+0000] {dag.py:3823} INFO - Setting next_dagrun for example_subdag_operator.section-1 to None, run_after=None
[2025-11-27T08:08:48.540+0000] {logging_mixin.py:188} INFO - [2025-11-27T08:08:48.540+0000] {dag.py:3823} INFO - Setting next_dagrun for example_subdag_operator.section-2 to None, run_after=None
[2025-11-27T08:08:48.574+0000] {processor.py:183} INFO - Processing /home/airflow/.local/lib/python3.8/site-packages/airflow/example_dags/example_subdag_operator.py took 0.254 seconds
[2025-11-27T08:09:18.840+0000] {processor.py:161} INFO - Started process (PID=254) to work on /home/airflow/.local/lib/python3.8/site-packages/airflow/example_dags/example_subdag_operator.py
[2025-11-27T08:09:18.841+0000] {processor.py:830} INFO - Processing file /home/airflow/.local/lib/python3.8/site-packages/airflow/example_dags/example_subdag_operator.py for tasks to queue
[2025-11-27T08:09:18.843+0000] {logging_mixin.py:188} INFO - [2025-11-27T08:09:18.843+0000] {dagbag.py:538} INFO - Filling up the DagBag from /home/airflow/.local/lib/python3.8/site-packages/airflow/example_dags/example_subdag_operator.py
[2025-11-27T08:09:18.864+0000] {processor.py:840} INFO - DAG(s) 'example_subdag_operator.section-1', 'example_subdag_operator.section-2', 'example_subdag_operator' retrieved from /home/airflow/.local/lib/python3.8/site-packages/airflow/example_dags/example_subdag_operator.py
[2025-11-27T08:09:18.874+0000] {logging_mixin.py:188} INFO - [2025-11-27T08:09:18.874+0000] {dag.py:3036} INFO - Sync 3 DAGs
[2025-11-27T08:09:18.894+0000] {logging_mixin.py:188} INFO - [2025-11-27T08:09:18.893+0000] {dag.py:3823} INFO - Setting next_dagrun for example_subdag_operator to 2022-01-01 00:00:00+00:00, run_after=2022-01-01 00:00:00+00:00
[2025-11-27T08:09:18.898+0000] {logging_mixin.py:188} INFO - [2025-11-27T08:09:18.897+0000] {dag.py:3823} INFO - Setting next_dagrun for example_subdag_operator.section-1 to None, run_after=None
[2025-11-27T08:09:18.899+0000] {logging_mixin.py:188} INFO - [2025-11-27T08:09:18.899+0000] {dag.py:3823} INFO - Setting next_dagrun for example_subdag_operator.section-2 to None, run_after=None
[2025-11-27T08:09:18.905+0000] {logging_mixin.py:188} INFO - [2025-11-27T08:09:18.905+0000] {dag.py:3036} INFO - Sync 2 DAGs
[2025-11-27T08:09:18.910+0000] {logging_mixin.py:188} INFO - [2025-11-27T08:09:18.910+0000] {dag.py:3823} INFO - Setting next_dagrun for example_subdag_operator.section-1 to None, run_after=None
[2025-11-27T08:09:18.911+0000] {logging_mixin.py:188} INFO - [2025-11-27T08:09:18.911+0000] {dag.py:3823} INFO - Setting next_dagrun for example_subdag_operator.section-2 to None, run_after=None
[2025-11-27T08:09:18.924+0000] {processor.py:183} INFO - Processing /home/airflow/.local/lib/python3.8/site-packages/airflow/example_dags/example_subdag_operator.py took 0.087 seconds
[2025-11-27T08:09:48.987+0000] {processor.py:161} INFO - Started process (PID=304) to work on /home/airflow/.local/lib/python3.8/site-packages/airflow/example_dags/example_subdag_operator.py
[2025-11-27T08:09:48.988+0000] {processor.py:830} INFO - Processing file /home/airflow/.local/lib/python3.8/site-packages/airflow/example_dags/example_subdag_operator.py for tasks to queue
[2025-11-27T08:09:48.990+0000] {logging_mixin.py:188} INFO - [2025-11-27T08:09:48.989+0000] {dagbag.py:538} INFO - Filling up the DagBag from /home/airflow/.local/lib/python3.8/site-packages/airflow/example_dags/example_subdag_operator.py
[2025-11-27T08:09:49.014+0000] {processor.py:840} INFO - DAG(s) 'example_subdag_operator.section-1', 'example_subdag_operator.section-2', 'example_subdag_operator' retrieved from /home/airflow/.local/lib/python3.8/site-packages/airflow/example_dags/example_subdag_operator.py
[2025-11-27T08:09:49.027+0000] {logging_mixin.py:188} INFO - [2025-11-27T08:09:49.027+0000] {dag.py:3036} INFO - Sync 3 DAGs
[2025-11-27T08:09:49.047+0000] {logging_mixin.py:188} INFO - [2025-11-27T08:09:49.046+0000] {dag.py:3823} INFO - Setting next_dagrun for example_subdag_operator to 2022-01-01 00:00:00+00:00, run_after=2022-01-01 00:00:00+00:00
[2025-11-27T08:09:49.050+0000] {logging_mixin.py:188} INFO - [2025-11-27T08:09:49.050+0000] {dag.py:3823} INFO - Setting next_dagrun for example_subdag_operator.section-1 to None, run_after=None
[2025-11-27T08:09:49.051+0000] {logging_mixin.py:188} INFO - [2025-11-27T08:09:49.051+0000] {dag.py:3823} INFO - Setting next_dagrun for example_subdag_operator.section-2 to None, run_after=None
[2025-11-27T08:09:49.058+0000] {logging_mixin.py:188} INFO - [2025-11-27T08:09:49.057+0000] {dag.py:3036} INFO - Sync 2 DAGs
[2025-11-27T08:09:49.063+0000] {logging_mixin.py:188} INFO - [2025-11-27T08:09:49.063+0000] {dag.py:3823} INFO - Setting next_dagrun for example_subdag_operator.section-1 to None, run_after=None
[2025-11-27T08:09:49.064+0000] {logging_mixin.py:188} INFO - [2025-11-27T08:09:49.064+0000] {dag.py:3823} INFO - Setting next_dagrun for example_subdag_operator.section-2 to None, run_after=None
[2025-11-27T08:09:49.078+0000] {processor.py:183} INFO - Processing /home/airflow/.local/lib/python3.8/site-packages/airflow/example_dags/example_subdag_operator.py took 0.094 seconds
[2025-11-27T08:10:19.224+0000] {processor.py:161} INFO - Started process (PID=360) to work on /home/airflow/.local/lib/python3.8/site-packages/airflow/example_dags/example_subdag_operator.py
[2025-11-27T08:10:19.225+0000] {processor.py:830} INFO - Processing file /home/airflow/.local/lib/python3.8/site-packages/airflow/example_dags/example_subdag_operator.py for tasks to queue
[2025-11-27T08:10:19.227+0000] {logging_mixin.py:188} INFO - [2025-11-27T08:10:19.227+0000] {dagbag.py:538} INFO - Filling up the DagBag from /home/airflow/.local/lib/python3.8/site-packages/airflow/example_dags/example_subdag_operator.py
[2025-11-27T08:10:19.248+0000] {processor.py:840} INFO - DAG(s) 'example_subdag_operator.section-1', 'example_subdag_operator.section-2', 'example_subdag_operator' retrieved from /home/airflow/.local/lib/python3.8/site-packages/airflow/example_dags/example_subdag_operator.py
[2025-11-27T08:10:19.259+0000] {logging_mixin.py:188} INFO - [2025-11-27T08:10:19.259+0000] {dag.py:3036} INFO - Sync 3 DAGs
[2025-11-27T08:10:19.275+0000] {logging_mixin.py:188} INFO - [2025-11-27T08:10:19.275+0000] {dag.py:3823} INFO - Setting next_dagrun for example_subdag_operator to 2022-01-01 00:00:00+00:00, run_after=2022-01-01 00:00:00+00:00
[2025-11-27T08:10:19.278+0000] {logging_mixin.py:188} INFO - [2025-11-27T08:10:19.278+0000] {dag.py:3823} INFO - Setting next_dagrun for example_subdag_operator.section-1 to None, run_after=None
[2025-11-27T08:10:19.279+0000] {logging_mixin.py:188} INFO - [2025-11-27T08:10:19.279+0000] {dag.py:3823} INFO - Setting next_dagrun for example_subdag_operator.section-2 to None, run_after=None
[2025-11-27T08:10:19.285+0000] {logging_mixin.py:188} INFO - [2025-11-27T08:10:19.284+0000] {dag.py:3036} INFO - Sync 2 DAGs
[2025-11-27T08:10:19.288+0000] {logging_mixin.py:188} INFO - [2025-11-27T08:10:19.288+0000] {dag.py:3823} INFO - Setting next_dagrun for example_subdag_operator.section-1 to None, run_after=None
[2025-11-27T08:10:19.289+0000] {logging_mixin.py:188} INFO - [2025-11-27T08:10:19.289+0000] {dag.py:3823} INFO - Setting next_dagrun for example_subdag_operator.section-2 to None, run_after=None
[2025-11-27T08:10:19.300+0000] {processor.py:183} INFO - Processing /home/airflow/.local/lib/python3.8/site-packages/airflow/example_dags/example_subdag_operator.py took 0.078 seconds
[2025-11-27T08:10:50.221+0000] {processor.py:161} INFO - Started process (PID=417) to work on /home/airflow/.local/lib/python3.8/site-packages/airflow/example_dags/example_subdag_operator.py
[2025-11-27T08:10:50.223+0000] {processor.py:830} INFO - Processing file /home/airflow/.local/lib/python3.8/site-packages/airflow/example_dags/example_subdag_operator.py for tasks to queue
[2025-11-27T08:10:50.226+0000] {logging_mixin.py:188} INFO - [2025-11-27T08:10:50.225+0000] {dagbag.py:538} INFO - Filling up the DagBag from /home/airflow/.local/lib/python3.8/site-packages/airflow/example_dags/example_subdag_operator.py
[2025-11-27T08:10:50.251+0000] {processor.py:840} INFO - DAG(s) 'example_subdag_operator.section-1', 'example_subdag_operator.section-2', 'example_subdag_operator' retrieved from /home/airflow/.local/lib/python3.8/site-packages/airflow/example_dags/example_subdag_operator.py
[2025-11-27T08:10:50.267+0000] {logging_mixin.py:188} INFO - [2025-11-27T08:10:50.267+0000] {dag.py:3036} INFO - Sync 3 DAGs
[2025-11-27T08:10:50.287+0000] {logging_mixin.py:188} INFO - [2025-11-27T08:10:50.286+0000] {dag.py:3823} INFO - Setting next_dagrun for example_subdag_operator to 2022-01-01 00:00:00+00:00, run_after=2022-01-01 00:00:00+00:00
[2025-11-27T08:10:50.291+0000] {logging_mixin.py:188} INFO - [2025-11-27T08:10:50.290+0000] {dag.py:3823} INFO - Setting next_dagrun for example_subdag_operator.section-1 to None, run_after=None
[2025-11-27T08:10:50.292+0000] {logging_mixin.py:188} INFO - [2025-11-27T08:10:50.292+0000] {dag.py:3823} INFO - Setting next_dagrun for example_subdag_operator.section-2 to None, run_after=None
[2025-11-27T08:10:50.299+0000] {logging_mixin.py:188} INFO - [2025-11-27T08:10:50.299+0000] {dag.py:3036} INFO - Sync 2 DAGs
[2025-11-27T08:10:50.304+0000] {logging_mixin.py:188} INFO - [2025-11-27T08:10:50.304+0000] {dag.py:3823} INFO - Setting next_dagrun for example_subdag_operator.section-1 to None, run_after=None
[2025-11-27T08:10:50.305+0000] {logging_mixin.py:188} INFO - [2025-11-27T08:10:50.305+0000] {dag.py:3823} INFO - Setting next_dagrun for example_subdag_operator.section-2 to None, run_after=None
[2025-11-27T08:10:50.318+0000] {processor.py:183} INFO - Processing /home/airflow/.local/lib/python3.8/site-packages/airflow/example_dags/example_subdag_operator.py took 0.099 seconds
[2025-11-27T08:11:20.544+0000] {processor.py:161} INFO - Started process (PID=473) to work on /home/airflow/.local/lib/python3.8/site-packages/airflow/example_dags/example_subdag_operator.py
[2025-11-27T08:11:20.546+0000] {processor.py:830} INFO - Processing file /home/airflow/.local/lib/python3.8/site-packages/airflow/example_dags/example_subdag_operator.py for tasks to queue
[2025-11-27T08:11:20.548+0000] {logging_mixin.py:188} INFO - [2025-11-27T08:11:20.548+0000] {dagbag.py:538} INFO - Filling up the DagBag from /home/airflow/.local/lib/python3.8/site-packages/airflow/example_dags/example_subdag_operator.py
[2025-11-27T08:11:20.568+0000] {processor.py:840} INFO - DAG(s) 'example_subdag_operator.section-1', 'example_subdag_operator.section-2', 'example_subdag_operator' retrieved from /home/airflow/.local/lib/python3.8/site-packages/airflow/example_dags/example_subdag_operator.py
[2025-11-27T08:11:20.579+0000] {logging_mixin.py:188} INFO - [2025-11-27T08:11:20.578+0000] {dag.py:3036} INFO - Sync 3 DAGs
[2025-11-27T08:11:20.593+0000] {logging_mixin.py:188} INFO - [2025-11-27T08:11:20.593+0000] {dag.py:3823} INFO - Setting next_dagrun for example_subdag_operator to 2022-01-01 00:00:00+00:00, run_after=2022-01-01 00:00:00+00:00
[2025-11-27T08:11:20.596+0000] {logging_mixin.py:188} INFO - [2025-11-27T08:11:20.596+0000] {dag.py:3823} INFO - Setting next_dagrun for example_subdag_operator.section-1 to None, run_after=None
[2025-11-27T08:11:20.598+0000] {logging_mixin.py:188} INFO - [2025-11-27T08:11:20.598+0000] {dag.py:3823} INFO - Setting next_dagrun for example_subdag_operator.section-2 to None, run_after=None
[2025-11-27T08:11:20.603+0000] {logging_mixin.py:188} INFO - [2025-11-27T08:11:20.603+0000] {dag.py:3036} INFO - Sync 2 DAGs
[2025-11-27T08:11:20.607+0000] {logging_mixin.py:188} INFO - [2025-11-27T08:11:20.607+0000] {dag.py:3823} INFO - Setting next_dagrun for example_subdag_operator.section-1 to None, run_after=None
[2025-11-27T08:11:20.608+0000] {logging_mixin.py:188} INFO - [2025-11-27T08:11:20.608+0000] {dag.py:3823} INFO - Setting next_dagrun for example_subdag_operator.section-2 to None, run_after=None
[2025-11-27T08:11:20.619+0000] {processor.py:183} INFO - Processing /home/airflow/.local/lib/python3.8/site-packages/airflow/example_dags/example_subdag_operator.py took 0.078 seconds
[2025-11-27T08:11:50.941+0000] {processor.py:161} INFO - Started process (PID=529) to work on /home/airflow/.local/lib/python3.8/site-packages/airflow/example_dags/example_subdag_operator.py
[2025-11-27T08:11:50.942+0000] {processor.py:830} INFO - Processing file /home/airflow/.local/lib/python3.8/site-packages/airflow/example_dags/example_subdag_operator.py for tasks to queue
[2025-11-27T08:11:50.944+0000] {logging_mixin.py:188} INFO - [2025-11-27T08:11:50.943+0000] {dagbag.py:538} INFO - Filling up the DagBag from /home/airflow/.local/lib/python3.8/site-packages/airflow/example_dags/example_subdag_operator.py
[2025-11-27T08:11:50.966+0000] {processor.py:840} INFO - DAG(s) 'example_subdag_operator.section-1', 'example_subdag_operator.section-2', 'example_subdag_operator' retrieved from /home/airflow/.local/lib/python3.8/site-packages/airflow/example_dags/example_subdag_operator.py
[2025-11-27T08:11:50.977+0000] {logging_mixin.py:188} INFO - [2025-11-27T08:11:50.977+0000] {dag.py:3036} INFO - Sync 3 DAGs
[2025-11-27T08:11:50.992+0000] {logging_mixin.py:188} INFO - [2025-11-27T08:11:50.992+0000] {dag.py:3823} INFO - Setting next_dagrun for example_subdag_operator to 2022-01-01 00:00:00+00:00, run_after=2022-01-01 00:00:00+00:00
[2025-11-27T08:11:50.995+0000] {logging_mixin.py:188} INFO - [2025-11-27T08:11:50.995+0000] {dag.py:3823} INFO - Setting next_dagrun for example_subdag_operator.section-1 to None, run_after=None
[2025-11-27T08:11:50.996+0000] {logging_mixin.py:188} INFO - [2025-11-27T08:11:50.996+0000] {dag.py:3823} INFO - Setting next_dagrun for example_subdag_operator.section-2 to None, run_after=None
[2025-11-27T08:11:51.001+0000] {logging_mixin.py:188} INFO - [2025-11-27T08:11:51.001+0000] {dag.py:3036} INFO - Sync 2 DAGs
[2025-11-27T08:11:51.005+0000] {logging_mixin.py:188} INFO - [2025-11-27T08:11:51.005+0000] {dag.py:3823} INFO - Setting next_dagrun for example_subdag_operator.section-1 to None, run_after=None
[2025-11-27T08:11:51.006+0000] {logging_mixin.py:188} INFO - [2025-11-27T08:11:51.006+0000] {dag.py:3823} INFO - Setting next_dagrun for example_subdag_operator.section-2 to None, run_after=None
[2025-11-27T08:11:51.018+0000] {processor.py:183} INFO - Processing /home/airflow/.local/lib/python3.8/site-packages/airflow/example_dags/example_subdag_operator.py took 0.079 seconds
[2025-11-27T08:12:21.404+0000] {processor.py:161} INFO - Started process (PID=585) to work on /home/airflow/.local/lib/python3.8/site-packages/airflow/example_dags/example_subdag_operator.py
[2025-11-27T08:12:21.406+0000] {processor.py:830} INFO - Processing file /home/airflow/.local/lib/python3.8/site-packages/airflow/example_dags/example_subdag_operator.py for tasks to queue
[2025-11-27T08:12:21.407+0000] {logging_mixin.py:188} INFO - [2025-11-27T08:12:21.407+0000] {dagbag.py:538} INFO - Filling up the DagBag from /home/airflow/.local/lib/python3.8/site-packages/airflow/example_dags/example_subdag_operator.py
[2025-11-27T08:12:21.438+0000] {processor.py:840} INFO - DAG(s) 'example_subdag_operator.section-1', 'example_subdag_operator.section-2', 'example_subdag_operator' retrieved from /home/airflow/.local/lib/python3.8/site-packages/airflow/example_dags/example_subdag_operator.py
[2025-11-27T08:12:21.454+0000] {logging_mixin.py:188} INFO - [2025-11-27T08:12:21.454+0000] {dag.py:3036} INFO - Sync 3 DAGs
[2025-11-27T08:12:21.474+0000] {logging_mixin.py:188} INFO - [2025-11-27T08:12:21.473+0000] {dag.py:3823} INFO - Setting next_dagrun for example_subdag_operator to 2022-01-01 00:00:00+00:00, run_after=2022-01-01 00:00:00+00:00
[2025-11-27T08:12:21.478+0000] {logging_mixin.py:188} INFO - [2025-11-27T08:12:21.478+0000] {dag.py:3823} INFO - Setting next_dagrun for example_subdag_operator.section-1 to None, run_after=None
[2025-11-27T08:12:21.480+0000] {logging_mixin.py:188} INFO - [2025-11-27T08:12:21.480+0000] {dag.py:3823} INFO - Setting next_dagrun for example_subdag_operator.section-2 to None, run_after=None
[2025-11-27T08:12:21.485+0000] {logging_mixin.py:188} INFO - [2025-11-27T08:12:21.485+0000] {dag.py:3036} INFO - Sync 2 DAGs
[2025-11-27T08:12:21.489+0000] {logging_mixin.py:188} INFO - [2025-11-27T08:12:21.489+0000] {dag.py:3823} INFO - Setting next_dagrun for example_subdag_operator.section-1 to None, run_after=None
[2025-11-27T08:12:21.490+0000] {logging_mixin.py:188} INFO - [2025-11-27T08:12:21.490+0000] {dag.py:3823} INFO - Setting next_dagrun for example_subdag_operator.section-2 to None, run_after=None
[2025-11-27T08:12:21.505+0000] {processor.py:183} INFO - Processing /home/airflow/.local/lib/python3.8/site-packages/airflow/example_dags/example_subdag_operator.py took 0.103 seconds
[2025-11-27T08:12:52.017+0000] {processor.py:161} INFO - Started process (PID=641) to work on /home/airflow/.local/lib/python3.8/site-packages/airflow/example_dags/example_subdag_operator.py
[2025-11-27T08:12:52.019+0000] {processor.py:830} INFO - Processing file /home/airflow/.local/lib/python3.8/site-packages/airflow/example_dags/example_subdag_operator.py for tasks to queue
[2025-11-27T08:12:52.021+0000] {logging_mixin.py:188} INFO - [2025-11-27T08:12:52.020+0000] {dagbag.py:538} INFO - Filling up the DagBag from /home/airflow/.local/lib/python3.8/site-packages/airflow/example_dags/example_subdag_operator.py
[2025-11-27T08:12:52.045+0000] {processor.py:840} INFO - DAG(s) 'example_subdag_operator.section-1', 'example_subdag_operator.section-2', 'example_subdag_operator' retrieved from /home/airflow/.local/lib/python3.8/site-packages/airflow/example_dags/example_subdag_operator.py
[2025-11-27T08:12:52.057+0000] {logging_mixin.py:188} INFO - [2025-11-27T08:12:52.057+0000] {dag.py:3036} INFO - Sync 3 DAGs
[2025-11-27T08:12:52.073+0000] {logging_mixin.py:188} INFO - [2025-11-27T08:12:52.073+0000] {dag.py:3823} INFO - Setting next_dagrun for example_subdag_operator to 2022-01-01 00:00:00+00:00, run_after=2022-01-01 00:00:00+00:00
[2025-11-27T08:12:52.076+0000] {logging_mixin.py:188} INFO - [2025-11-27T08:12:52.076+0000] {dag.py:3823} INFO - Setting next_dagrun for example_subdag_operator.section-1 to None, run_after=None
[2025-11-27T08:12:52.077+0000] {logging_mixin.py:188} INFO - [2025-11-27T08:12:52.077+0000] {dag.py:3823} INFO - Setting next_dagrun for example_subdag_operator.section-2 to None, run_after=None
[2025-11-27T08:12:52.083+0000] {logging_mixin.py:188} INFO - [2025-11-27T08:12:52.083+0000] {dag.py:3036} INFO - Sync 2 DAGs
[2025-11-27T08:12:52.087+0000] {logging_mixin.py:188} INFO - [2025-11-27T08:12:52.087+0000] {dag.py:3823} INFO - Setting next_dagrun for example_subdag_operator.section-1 to None, run_after=None
[2025-11-27T08:12:52.088+0000] {logging_mixin.py:188} INFO - [2025-11-27T08:12:52.088+0000] {dag.py:3823} INFO - Setting next_dagrun for example_subdag_operator.section-2 to None, run_after=None
[2025-11-27T08:12:52.102+0000] {processor.py:183} INFO - Processing /home/airflow/.local/lib/python3.8/site-packages/airflow/example_dags/example_subdag_operator.py took 0.088 seconds
[2025-11-27T08:13:22.391+0000] {processor.py:161} INFO - Started process (PID=697) to work on /home/airflow/.local/lib/python3.8/site-packages/airflow/example_dags/example_subdag_operator.py
[2025-11-27T08:13:22.393+0000] {processor.py:830} INFO - Processing file /home/airflow/.local/lib/python3.8/site-packages/airflow/example_dags/example_subdag_operator.py for tasks to queue
[2025-11-27T08:13:22.395+0000] {logging_mixin.py:188} INFO - [2025-11-27T08:13:22.394+0000] {dagbag.py:538} INFO - Filling up the DagBag from /home/airflow/.local/lib/python3.8/site-packages/airflow/example_dags/example_subdag_operator.py
[2025-11-27T08:13:22.415+0000] {processor.py:840} INFO - DAG(s) 'example_subdag_operator.section-1', 'example_subdag_operator.section-2', 'example_subdag_operator' retrieved from /home/airflow/.local/lib/python3.8/site-packages/airflow/example_dags/example_subdag_operator.py
[2025-11-27T08:13:22.427+0000] {logging_mixin.py:188} INFO - [2025-11-27T08:13:22.426+0000] {dag.py:3036} INFO - Sync 3 DAGs
[2025-11-27T08:13:22.442+0000] {logging_mixin.py:188} INFO - [2025-11-27T08:13:22.442+0000] {dag.py:3823} INFO - Setting next_dagrun for example_subdag_operator to 2022-01-01 00:00:00+00:00, run_after=2022-01-01 00:00:00+00:00
[2025-11-27T08:13:22.445+0000] {logging_mixin.py:188} INFO - [2025-11-27T08:13:22.445+0000] {dag.py:3823} INFO - Setting next_dagrun for example_subdag_operator.section-1 to None, run_after=None
[2025-11-27T08:13:22.447+0000] {logging_mixin.py:188} INFO - [2025-11-27T08:13:22.447+0000] {dag.py:3823} INFO - Setting next_dagrun for example_subdag_operator.section-2 to None, run_after=None
[2025-11-27T08:13:22.452+0000] {logging_mixin.py:188} INFO - [2025-11-27T08:13:22.452+0000] {dag.py:3036} INFO - Sync 2 DAGs
[2025-11-27T08:13:22.456+0000] {logging_mixin.py:188} INFO - [2025-11-27T08:13:22.456+0000] {dag.py:3823} INFO - Setting next_dagrun for example_subdag_operator.section-1 to None, run_after=None
[2025-11-27T08:13:22.458+0000] {logging_mixin.py:188} INFO - [2025-11-27T08:13:22.457+0000] {dag.py:3823} INFO - Setting next_dagrun for example_subdag_operator.section-2 to None, run_after=None
[2025-11-27T08:13:22.469+0000] {processor.py:183} INFO - Processing /home/airflow/.local/lib/python3.8/site-packages/airflow/example_dags/example_subdag_operator.py took 0.080 seconds
[2025-11-27T08:13:52.890+0000] {processor.py:161} INFO - Started process (PID=753) to work on /home/airflow/.local/lib/python3.8/site-packages/airflow/example_dags/example_subdag_operator.py
[2025-11-27T08:13:52.891+0000] {processor.py:830} INFO - Processing file /home/airflow/.local/lib/python3.8/site-packages/airflow/example_dags/example_subdag_operator.py for tasks to queue
[2025-11-27T08:13:52.893+0000] {logging_mixin.py:188} INFO - [2025-11-27T08:13:52.893+0000] {dagbag.py:538} INFO - Filling up the DagBag from /home/airflow/.local/lib/python3.8/site-packages/airflow/example_dags/example_subdag_operator.py
[2025-11-27T08:13:52.913+0000] {processor.py:840} INFO - DAG(s) 'example_subdag_operator.section-1', 'example_subdag_operator.section-2', 'example_subdag_operator' retrieved from /home/airflow/.local/lib/python3.8/site-packages/airflow/example_dags/example_subdag_operator.py
[2025-11-27T08:13:52.925+0000] {logging_mixin.py:188} INFO - [2025-11-27T08:13:52.925+0000] {dag.py:3036} INFO - Sync 3 DAGs
[2025-11-27T08:13:52.940+0000] {logging_mixin.py:188} INFO - [2025-11-27T08:13:52.940+0000] {dag.py:3823} INFO - Setting next_dagrun for example_subdag_operator to 2022-01-01 00:00:00+00:00, run_after=2022-01-01 00:00:00+00:00
[2025-11-27T08:13:52.943+0000] {logging_mixin.py:188} INFO - [2025-11-27T08:13:52.943+0000] {dag.py:3823} INFO - Setting next_dagrun for example_subdag_operator.section-1 to None, run_after=None
[2025-11-27T08:13:52.944+0000] {logging_mixin.py:188} INFO - [2025-11-27T08:13:52.944+0000] {dag.py:3823} INFO - Setting next_dagrun for example_subdag_operator.section-2 to None, run_after=None
[2025-11-27T08:13:52.950+0000] {logging_mixin.py:188} INFO - [2025-11-27T08:13:52.950+0000] {dag.py:3036} INFO - Sync 2 DAGs
[2025-11-27T08:13:52.955+0000] {logging_mixin.py:188} INFO - [2025-11-27T08:13:52.955+0000] {dag.py:3823} INFO - Setting next_dagrun for example_subdag_operator.section-1 to None, run_after=None
[2025-11-27T08:13:52.956+0000] {logging_mixin.py:188} INFO - [2025-11-27T08:13:52.956+0000] {dag.py:3823} INFO - Setting next_dagrun for example_subdag_operator.section-2 to None, run_after=None
[2025-11-27T08:13:52.969+0000] {processor.py:183} INFO - Processing /home/airflow/.local/lib/python3.8/site-packages/airflow/example_dags/example_subdag_operator.py took 0.082 seconds
[2025-11-27T08:14:24.275+0000] {processor.py:161} INFO - Started process (PID=809) to work on /home/airflow/.local/lib/python3.8/site-packages/airflow/example_dags/example_subdag_operator.py
[2025-11-27T08:14:24.276+0000] {processor.py:830} INFO - Processing file /home/airflow/.local/lib/python3.8/site-packages/airflow/example_dags/example_subdag_operator.py for tasks to queue
[2025-11-27T08:14:24.278+0000] {logging_mixin.py:188} INFO - [2025-11-27T08:14:24.278+0000] {dagbag.py:538} INFO - Filling up the DagBag from /home/airflow/.local/lib/python3.8/site-packages/airflow/example_dags/example_subdag_operator.py
[2025-11-27T08:14:24.297+0000] {processor.py:840} INFO - DAG(s) 'example_subdag_operator.section-1', 'example_subdag_operator.section-2', 'example_subdag_operator' retrieved from /home/airflow/.local/lib/python3.8/site-packages/airflow/example_dags/example_subdag_operator.py
[2025-11-27T08:14:24.308+0000] {logging_mixin.py:188} INFO - [2025-11-27T08:14:24.308+0000] {dag.py:3036} INFO - Sync 3 DAGs
[2025-11-27T08:14:24.324+0000] {logging_mixin.py:188} INFO - [2025-11-27T08:14:24.324+0000] {dag.py:3823} INFO - Setting next_dagrun for example_subdag_operator to 2022-01-01 00:00:00+00:00, run_after=2022-01-01 00:00:00+00:00
[2025-11-27T08:14:24.326+0000] {logging_mixin.py:188} INFO - [2025-11-27T08:14:24.326+0000] {dag.py:3823} INFO - Setting next_dagrun for example_subdag_operator.section-1 to None, run_after=None
[2025-11-27T08:14:24.328+0000] {logging_mixin.py:188} INFO - [2025-11-27T08:14:24.328+0000] {dag.py:3823} INFO - Setting next_dagrun for example_subdag_operator.section-2 to None, run_after=None
[2025-11-27T08:14:24.333+0000] {logging_mixin.py:188} INFO - [2025-11-27T08:14:24.333+0000] {dag.py:3036} INFO - Sync 2 DAGs
[2025-11-27T08:14:24.337+0000] {logging_mixin.py:188} INFO - [2025-11-27T08:14:24.337+0000] {dag.py:3823} INFO - Setting next_dagrun for example_subdag_operator.section-1 to None, run_after=None
[2025-11-27T08:14:24.338+0000] {logging_mixin.py:188} INFO - [2025-11-27T08:14:24.338+0000] {dag.py:3823} INFO - Setting next_dagrun for example_subdag_operator.section-2 to None, run_after=None
[2025-11-27T08:14:24.350+0000] {processor.py:183} INFO - Processing /home/airflow/.local/lib/python3.8/site-packages/airflow/example_dags/example_subdag_operator.py took 0.078 seconds
[2025-11-27T08:14:56.557+0000] {processor.py:161} INFO - Started process (PID=865) to work on /home/airflow/.local/lib/python3.8/site-packages/airflow/example_dags/example_subdag_operator.py
[2025-11-27T08:14:56.558+0000] {processor.py:830} INFO - Processing file /home/airflow/.local/lib/python3.8/site-packages/airflow/example_dags/example_subdag_operator.py for tasks to queue
[2025-11-27T08:14:56.560+0000] {logging_mixin.py:188} INFO - [2025-11-27T08:14:56.560+0000] {dagbag.py:538} INFO - Filling up the DagBag from /home/airflow/.local/lib/python3.8/site-packages/airflow/example_dags/example_subdag_operator.py
[2025-11-27T08:14:56.579+0000] {processor.py:840} INFO - DAG(s) 'example_subdag_operator.section-1', 'example_subdag_operator.section-2', 'example_subdag_operator' retrieved from /home/airflow/.local/lib/python3.8/site-packages/airflow/example_dags/example_subdag_operator.py
[2025-11-27T08:14:56.590+0000] {logging_mixin.py:188} INFO - [2025-11-27T08:14:56.589+0000] {dag.py:3036} INFO - Sync 3 DAGs
[2025-11-27T08:14:56.603+0000] {logging_mixin.py:188} INFO - [2025-11-27T08:14:56.603+0000] {dag.py:3823} INFO - Setting next_dagrun for example_subdag_operator to 2022-01-01 00:00:00+00:00, run_after=2022-01-01 00:00:00+00:00
[2025-11-27T08:14:56.606+0000] {logging_mixin.py:188} INFO - [2025-11-27T08:14:56.606+0000] {dag.py:3823} INFO - Setting next_dagrun for example_subdag_operator.section-1 to None, run_after=None
[2025-11-27T08:14:56.607+0000] {logging_mixin.py:188} INFO - [2025-11-27T08:14:56.607+0000] {dag.py:3823} INFO - Setting next_dagrun for example_subdag_operator.section-2 to None, run_after=None
[2025-11-27T08:14:56.612+0000] {logging_mixin.py:188} INFO - [2025-11-27T08:14:56.612+0000] {dag.py:3036} INFO - Sync 2 DAGs
[2025-11-27T08:14:56.616+0000] {logging_mixin.py:188} INFO - [2025-11-27T08:14:56.616+0000] {dag.py:3823} INFO - Setting next_dagrun for example_subdag_operator.section-1 to None, run_after=None
[2025-11-27T08:14:56.617+0000] {logging_mixin.py:188} INFO - [2025-11-27T08:14:56.617+0000] {dag.py:3823} INFO - Setting next_dagrun for example_subdag_operator.section-2 to None, run_after=None
[2025-11-27T08:14:56.629+0000] {processor.py:183} INFO - Processing /home/airflow/.local/lib/python3.8/site-packages/airflow/example_dags/example_subdag_operator.py took 0.074 seconds
[2025-11-27T08:16:29.215+0000] {processor.py:161} INFO - Started process (PID=143) to work on /home/airflow/.local/lib/python3.8/site-packages/airflow/example_dags/example_subdag_operator.py
[2025-11-27T08:16:29.216+0000] {processor.py:830} INFO - Processing file /home/airflow/.local/lib/python3.8/site-packages/airflow/example_dags/example_subdag_operator.py for tasks to queue
[2025-11-27T08:16:29.219+0000] {logging_mixin.py:188} INFO - [2025-11-27T08:16:29.218+0000] {dagbag.py:538} INFO - Filling up the DagBag from /home/airflow/.local/lib/python3.8/site-packages/airflow/example_dags/example_subdag_operator.py
[2025-11-27T08:16:29.242+0000] {processor.py:840} INFO - DAG(s) 'example_subdag_operator.section-1', 'example_subdag_operator.section-2', 'example_subdag_operator' retrieved from /home/airflow/.local/lib/python3.8/site-packages/airflow/example_dags/example_subdag_operator.py
[2025-11-27T08:16:29.245+0000] {logging_mixin.py:188} INFO - [2025-11-27T08:16:29.245+0000] {dag.py:3036} INFO - Sync 3 DAGs
[2025-11-27T08:16:29.260+0000] {logging_mixin.py:188} INFO - [2025-11-27T08:16:29.260+0000] {dag.py:3823} INFO - Setting next_dagrun for example_subdag_operator to 2022-01-01 00:00:00+00:00, run_after=2022-01-01 00:00:00+00:00
[2025-11-27T08:16:29.263+0000] {logging_mixin.py:188} INFO - [2025-11-27T08:16:29.262+0000] {dag.py:3823} INFO - Setting next_dagrun for example_subdag_operator.section-1 to None, run_after=None
[2025-11-27T08:16:29.264+0000] {logging_mixin.py:188} INFO - [2025-11-27T08:16:29.264+0000] {dag.py:3823} INFO - Setting next_dagrun for example_subdag_operator.section-2 to None, run_after=None
[2025-11-27T08:16:29.269+0000] {logging_mixin.py:188} INFO - [2025-11-27T08:16:29.269+0000] {dag.py:3036} INFO - Sync 2 DAGs
[2025-11-27T08:16:29.272+0000] {logging_mixin.py:188} INFO - [2025-11-27T08:16:29.272+0000] {dag.py:3823} INFO - Setting next_dagrun for example_subdag_operator.section-1 to None, run_after=None
[2025-11-27T08:16:29.273+0000] {logging_mixin.py:188} INFO - [2025-11-27T08:16:29.273+0000] {dag.py:3823} INFO - Setting next_dagrun for example_subdag_operator.section-2 to None, run_after=None
[2025-11-27T08:16:29.286+0000] {processor.py:183} INFO - Processing /home/airflow/.local/lib/python3.8/site-packages/airflow/example_dags/example_subdag_operator.py took 0.073 seconds
[2025-11-27T08:17:02.102+0000] {processor.py:161} INFO - Started process (PID=199) to work on /home/airflow/.local/lib/python3.8/site-packages/airflow/example_dags/example_subdag_operator.py
[2025-11-27T08:17:02.104+0000] {processor.py:830} INFO - Processing file /home/airflow/.local/lib/python3.8/site-packages/airflow/example_dags/example_subdag_operator.py for tasks to queue
[2025-11-27T08:17:02.106+0000] {logging_mixin.py:188} INFO - [2025-11-27T08:17:02.106+0000] {dagbag.py:538} INFO - Filling up the DagBag from /home/airflow/.local/lib/python3.8/site-packages/airflow/example_dags/example_subdag_operator.py
[2025-11-27T08:17:02.130+0000] {processor.py:840} INFO - DAG(s) 'example_subdag_operator.section-1', 'example_subdag_operator.section-2', 'example_subdag_operator' retrieved from /home/airflow/.local/lib/python3.8/site-packages/airflow/example_dags/example_subdag_operator.py
[2025-11-27T08:17:02.295+0000] {logging_mixin.py:188} INFO - [2025-11-27T08:17:02.295+0000] {dag.py:3036} INFO - Sync 3 DAGs
[2025-11-27T08:17:02.312+0000] {logging_mixin.py:188} INFO - [2025-11-27T08:17:02.312+0000] {dag.py:3823} INFO - Setting next_dagrun for example_subdag_operator to 2022-01-01 00:00:00+00:00, run_after=2022-01-01 00:00:00+00:00
[2025-11-27T08:17:02.315+0000] {logging_mixin.py:188} INFO - [2025-11-27T08:17:02.315+0000] {dag.py:3823} INFO - Setting next_dagrun for example_subdag_operator.section-1 to None, run_after=None
[2025-11-27T08:17:02.316+0000] {logging_mixin.py:188} INFO - [2025-11-27T08:17:02.316+0000] {dag.py:3823} INFO - Setting next_dagrun for example_subdag_operator.section-2 to None, run_after=None
[2025-11-27T08:17:02.325+0000] {logging_mixin.py:188} INFO - [2025-11-27T08:17:02.325+0000] {dag.py:3036} INFO - Sync 2 DAGs
[2025-11-27T08:17:02.333+0000] {logging_mixin.py:188} INFO - [2025-11-27T08:17:02.332+0000] {dag.py:3823} INFO - Setting next_dagrun for example_subdag_operator.section-1 to None, run_after=None
[2025-11-27T08:17:02.333+0000] {logging_mixin.py:188} INFO - [2025-11-27T08:17:02.333+0000] {dag.py:3823} INFO - Setting next_dagrun for example_subdag_operator.section-2 to None, run_after=None
[2025-11-27T08:17:02.350+0000] {processor.py:183} INFO - Processing /home/airflow/.local/lib/python3.8/site-packages/airflow/example_dags/example_subdag_operator.py took 0.251 seconds
[2025-11-27T08:17:32.674+0000] {processor.py:161} INFO - Started process (PID=249) to work on /home/airflow/.local/lib/python3.8/site-packages/airflow/example_dags/example_subdag_operator.py
[2025-11-27T08:17:32.675+0000] {processor.py:830} INFO - Processing file /home/airflow/.local/lib/python3.8/site-packages/airflow/example_dags/example_subdag_operator.py for tasks to queue
[2025-11-27T08:17:32.677+0000] {logging_mixin.py:188} INFO - [2025-11-27T08:17:32.677+0000] {dagbag.py:538} INFO - Filling up the DagBag from /home/airflow/.local/lib/python3.8/site-packages/airflow/example_dags/example_subdag_operator.py
[2025-11-27T08:17:32.701+0000] {processor.py:840} INFO - DAG(s) 'example_subdag_operator.section-1', 'example_subdag_operator.section-2', 'example_subdag_operator' retrieved from /home/airflow/.local/lib/python3.8/site-packages/airflow/example_dags/example_subdag_operator.py
[2025-11-27T08:17:32.712+0000] {logging_mixin.py:188} INFO - [2025-11-27T08:17:32.712+0000] {dag.py:3036} INFO - Sync 3 DAGs
[2025-11-27T08:17:32.728+0000] {logging_mixin.py:188} INFO - [2025-11-27T08:17:32.728+0000] {dag.py:3823} INFO - Setting next_dagrun for example_subdag_operator to 2022-01-01 00:00:00+00:00, run_after=2022-01-01 00:00:00+00:00
[2025-11-27T08:17:32.732+0000] {logging_mixin.py:188} INFO - [2025-11-27T08:17:32.732+0000] {dag.py:3823} INFO - Setting next_dagrun for example_subdag_operator.section-1 to None, run_after=None
[2025-11-27T08:17:32.734+0000] {logging_mixin.py:188} INFO - [2025-11-27T08:17:32.734+0000] {dag.py:3823} INFO - Setting next_dagrun for example_subdag_operator.section-2 to None, run_after=None
[2025-11-27T08:17:32.740+0000] {logging_mixin.py:188} INFO - [2025-11-27T08:17:32.740+0000] {dag.py:3036} INFO - Sync 2 DAGs
[2025-11-27T08:17:32.745+0000] {logging_mixin.py:188} INFO - [2025-11-27T08:17:32.744+0000] {dag.py:3823} INFO - Setting next_dagrun for example_subdag_operator.section-1 to None, run_after=None
[2025-11-27T08:17:32.745+0000] {logging_mixin.py:188} INFO - [2025-11-27T08:17:32.745+0000] {dag.py:3823} INFO - Setting next_dagrun for example_subdag_operator.section-2 to None, run_after=None
[2025-11-27T08:17:32.758+0000] {processor.py:183} INFO - Processing /home/airflow/.local/lib/python3.8/site-packages/airflow/example_dags/example_subdag_operator.py took 0.087 seconds
[2025-11-27T08:18:03.179+0000] {processor.py:161} INFO - Started process (PID=305) to work on /home/airflow/.local/lib/python3.8/site-packages/airflow/example_dags/example_subdag_operator.py
[2025-11-27T08:18:03.180+0000] {processor.py:830} INFO - Processing file /home/airflow/.local/lib/python3.8/site-packages/airflow/example_dags/example_subdag_operator.py for tasks to queue
[2025-11-27T08:18:03.182+0000] {logging_mixin.py:188} INFO - [2025-11-27T08:18:03.182+0000] {dagbag.py:538} INFO - Filling up the DagBag from /home/airflow/.local/lib/python3.8/site-packages/airflow/example_dags/example_subdag_operator.py
[2025-11-27T08:18:03.201+0000] {processor.py:840} INFO - DAG(s) 'example_subdag_operator.section-1', 'example_subdag_operator.section-2', 'example_subdag_operator' retrieved from /home/airflow/.local/lib/python3.8/site-packages/airflow/example_dags/example_subdag_operator.py
[2025-11-27T08:18:03.214+0000] {logging_mixin.py:188} INFO - [2025-11-27T08:18:03.214+0000] {dag.py:3036} INFO - Sync 3 DAGs
[2025-11-27T08:18:03.229+0000] {logging_mixin.py:188} INFO - [2025-11-27T08:18:03.229+0000] {dag.py:3823} INFO - Setting next_dagrun for example_subdag_operator to 2022-01-01 00:00:00+00:00, run_after=2022-01-01 00:00:00+00:00
[2025-11-27T08:18:03.232+0000] {logging_mixin.py:188} INFO - [2025-11-27T08:18:03.232+0000] {dag.py:3823} INFO - Setting next_dagrun for example_subdag_operator.section-1 to None, run_after=None
[2025-11-27T08:18:03.233+0000] {logging_mixin.py:188} INFO - [2025-11-27T08:18:03.233+0000] {dag.py:3823} INFO - Setting next_dagrun for example_subdag_operator.section-2 to None, run_after=None
[2025-11-27T08:18:03.239+0000] {logging_mixin.py:188} INFO - [2025-11-27T08:18:03.239+0000] {dag.py:3036} INFO - Sync 2 DAGs
[2025-11-27T08:18:03.244+0000] {logging_mixin.py:188} INFO - [2025-11-27T08:18:03.244+0000] {dag.py:3823} INFO - Setting next_dagrun for example_subdag_operator.section-1 to None, run_after=None
[2025-11-27T08:18:03.245+0000] {logging_mixin.py:188} INFO - [2025-11-27T08:18:03.245+0000] {dag.py:3823} INFO - Setting next_dagrun for example_subdag_operator.section-2 to None, run_after=None
[2025-11-27T08:18:03.258+0000] {processor.py:183} INFO - Processing /home/airflow/.local/lib/python3.8/site-packages/airflow/example_dags/example_subdag_operator.py took 0.082 seconds
[2025-11-27T08:18:33.638+0000] {processor.py:161} INFO - Started process (PID=361) to work on /home/airflow/.local/lib/python3.8/site-packages/airflow/example_dags/example_subdag_operator.py
[2025-11-27T08:18:33.639+0000] {processor.py:830} INFO - Processing file /home/airflow/.local/lib/python3.8/site-packages/airflow/example_dags/example_subdag_operator.py for tasks to queue
[2025-11-27T08:18:33.641+0000] {logging_mixin.py:188} INFO - [2025-11-27T08:18:33.640+0000] {dagbag.py:538} INFO - Filling up the DagBag from /home/airflow/.local/lib/python3.8/site-packages/airflow/example_dags/example_subdag_operator.py
[2025-11-27T08:18:33.662+0000] {processor.py:840} INFO - DAG(s) 'example_subdag_operator.section-1', 'example_subdag_operator.section-2', 'example_subdag_operator' retrieved from /home/airflow/.local/lib/python3.8/site-packages/airflow/example_dags/example_subdag_operator.py
[2025-11-27T08:18:33.673+0000] {logging_mixin.py:188} INFO - [2025-11-27T08:18:33.673+0000] {dag.py:3036} INFO - Sync 3 DAGs
[2025-11-27T08:18:33.688+0000] {logging_mixin.py:188} INFO - [2025-11-27T08:18:33.688+0000] {dag.py:3823} INFO - Setting next_dagrun for example_subdag_operator to 2022-01-01 00:00:00+00:00, run_after=2022-01-01 00:00:00+00:00
[2025-11-27T08:18:33.692+0000] {logging_mixin.py:188} INFO - [2025-11-27T08:18:33.691+0000] {dag.py:3823} INFO - Setting next_dagrun for example_subdag_operator.section-1 to None, run_after=None
[2025-11-27T08:18:33.694+0000] {logging_mixin.py:188} INFO - [2025-11-27T08:18:33.693+0000] {dag.py:3823} INFO - Setting next_dagrun for example_subdag_operator.section-2 to None, run_after=None
[2025-11-27T08:18:33.699+0000] {logging_mixin.py:188} INFO - [2025-11-27T08:18:33.699+0000] {dag.py:3036} INFO - Sync 2 DAGs
[2025-11-27T08:18:33.703+0000] {logging_mixin.py:188} INFO - [2025-11-27T08:18:33.703+0000] {dag.py:3823} INFO - Setting next_dagrun for example_subdag_operator.section-1 to None, run_after=None
[2025-11-27T08:18:33.704+0000] {logging_mixin.py:188} INFO - [2025-11-27T08:18:33.704+0000] {dag.py:3823} INFO - Setting next_dagrun for example_subdag_operator.section-2 to None, run_after=None
[2025-11-27T08:18:33.718+0000] {processor.py:183} INFO - Processing /home/airflow/.local/lib/python3.8/site-packages/airflow/example_dags/example_subdag_operator.py took 0.083 seconds
[2025-11-27T08:19:04.189+0000] {processor.py:161} INFO - Started process (PID=417) to work on /home/airflow/.local/lib/python3.8/site-packages/airflow/example_dags/example_subdag_operator.py
[2025-11-27T08:19:04.190+0000] {processor.py:830} INFO - Processing file /home/airflow/.local/lib/python3.8/site-packages/airflow/example_dags/example_subdag_operator.py for tasks to queue
[2025-11-27T08:19:04.192+0000] {logging_mixin.py:188} INFO - [2025-11-27T08:19:04.192+0000] {dagbag.py:538} INFO - Filling up the DagBag from /home/airflow/.local/lib/python3.8/site-packages/airflow/example_dags/example_subdag_operator.py
[2025-11-27T08:19:04.212+0000] {processor.py:840} INFO - DAG(s) 'example_subdag_operator.section-1', 'example_subdag_operator.section-2', 'example_subdag_operator' retrieved from /home/airflow/.local/lib/python3.8/site-packages/airflow/example_dags/example_subdag_operator.py
[2025-11-27T08:19:04.224+0000] {logging_mixin.py:188} INFO - [2025-11-27T08:19:04.224+0000] {dag.py:3036} INFO - Sync 3 DAGs
[2025-11-27T08:19:04.240+0000] {logging_mixin.py:188} INFO - [2025-11-27T08:19:04.240+0000] {dag.py:3823} INFO - Setting next_dagrun for example_subdag_operator to 2022-01-01 00:00:00+00:00, run_after=2022-01-01 00:00:00+00:00
[2025-11-27T08:19:04.243+0000] {logging_mixin.py:188} INFO - [2025-11-27T08:19:04.242+0000] {dag.py:3823} INFO - Setting next_dagrun for example_subdag_operator.section-1 to None, run_after=None
[2025-11-27T08:19:04.244+0000] {logging_mixin.py:188} INFO - [2025-11-27T08:19:04.244+0000] {dag.py:3823} INFO - Setting next_dagrun for example_subdag_operator.section-2 to None, run_after=None
[2025-11-27T08:19:04.249+0000] {logging_mixin.py:188} INFO - [2025-11-27T08:19:04.249+0000] {dag.py:3036} INFO - Sync 2 DAGs
[2025-11-27T08:19:04.253+0000] {logging_mixin.py:188} INFO - [2025-11-27T08:19:04.253+0000] {dag.py:3823} INFO - Setting next_dagrun for example_subdag_operator.section-1 to None, run_after=None
[2025-11-27T08:19:04.254+0000] {logging_mixin.py:188} INFO - [2025-11-27T08:19:04.254+0000] {dag.py:3823} INFO - Setting next_dagrun for example_subdag_operator.section-2 to None, run_after=None
[2025-11-27T08:19:04.268+0000] {processor.py:183} INFO - Processing /home/airflow/.local/lib/python3.8/site-packages/airflow/example_dags/example_subdag_operator.py took 0.081 seconds
[2025-11-27T08:19:34.846+0000] {processor.py:161} INFO - Started process (PID=473) to work on /home/airflow/.local/lib/python3.8/site-packages/airflow/example_dags/example_subdag_operator.py
[2025-11-27T08:19:34.847+0000] {processor.py:830} INFO - Processing file /home/airflow/.local/lib/python3.8/site-packages/airflow/example_dags/example_subdag_operator.py for tasks to queue
[2025-11-27T08:19:34.849+0000] {logging_mixin.py:188} INFO - [2025-11-27T08:19:34.849+0000] {dagbag.py:538} INFO - Filling up the DagBag from /home/airflow/.local/lib/python3.8/site-packages/airflow/example_dags/example_subdag_operator.py
[2025-11-27T08:19:34.872+0000] {processor.py:840} INFO - DAG(s) 'example_subdag_operator.section-1', 'example_subdag_operator.section-2', 'example_subdag_operator' retrieved from /home/airflow/.local/lib/python3.8/site-packages/airflow/example_dags/example_subdag_operator.py
[2025-11-27T08:19:34.884+0000] {logging_mixin.py:188} INFO - [2025-11-27T08:19:34.884+0000] {dag.py:3036} INFO - Sync 3 DAGs
[2025-11-27T08:19:34.901+0000] {logging_mixin.py:188} INFO - [2025-11-27T08:19:34.900+0000] {dag.py:3823} INFO - Setting next_dagrun for example_subdag_operator to 2022-01-01 00:00:00+00:00, run_after=2022-01-01 00:00:00+00:00
[2025-11-27T08:19:34.904+0000] {logging_mixin.py:188} INFO - [2025-11-27T08:19:34.904+0000] {dag.py:3823} INFO - Setting next_dagrun for example_subdag_operator.section-1 to None, run_after=None
[2025-11-27T08:19:34.906+0000] {logging_mixin.py:188} INFO - [2025-11-27T08:19:34.906+0000] {dag.py:3823} INFO - Setting next_dagrun for example_subdag_operator.section-2 to None, run_after=None
[2025-11-27T08:19:34.912+0000] {logging_mixin.py:188} INFO - [2025-11-27T08:19:34.911+0000] {dag.py:3036} INFO - Sync 2 DAGs
[2025-11-27T08:19:34.916+0000] {logging_mixin.py:188} INFO - [2025-11-27T08:19:34.916+0000] {dag.py:3823} INFO - Setting next_dagrun for example_subdag_operator.section-1 to None, run_after=None
[2025-11-27T08:19:34.917+0000] {logging_mixin.py:188} INFO - [2025-11-27T08:19:34.917+0000] {dag.py:3823} INFO - Setting next_dagrun for example_subdag_operator.section-2 to None, run_after=None
[2025-11-27T08:19:34.931+0000] {processor.py:183} INFO - Processing /home/airflow/.local/lib/python3.8/site-packages/airflow/example_dags/example_subdag_operator.py took 0.088 seconds
[2025-11-27T08:20:05.251+0000] {processor.py:161} INFO - Started process (PID=529) to work on /home/airflow/.local/lib/python3.8/site-packages/airflow/example_dags/example_subdag_operator.py
[2025-11-27T08:20:05.252+0000] {processor.py:830} INFO - Processing file /home/airflow/.local/lib/python3.8/site-packages/airflow/example_dags/example_subdag_operator.py for tasks to queue
[2025-11-27T08:20:05.255+0000] {logging_mixin.py:188} INFO - [2025-11-27T08:20:05.254+0000] {dagbag.py:538} INFO - Filling up the DagBag from /home/airflow/.local/lib/python3.8/site-packages/airflow/example_dags/example_subdag_operator.py
[2025-11-27T08:20:05.274+0000] {processor.py:840} INFO - DAG(s) 'example_subdag_operator.section-1', 'example_subdag_operator.section-2', 'example_subdag_operator' retrieved from /home/airflow/.local/lib/python3.8/site-packages/airflow/example_dags/example_subdag_operator.py
[2025-11-27T08:20:05.285+0000] {logging_mixin.py:188} INFO - [2025-11-27T08:20:05.285+0000] {dag.py:3036} INFO - Sync 3 DAGs
[2025-11-27T08:20:05.302+0000] {logging_mixin.py:188} INFO - [2025-11-27T08:20:05.301+0000] {dag.py:3823} INFO - Setting next_dagrun for example_subdag_operator to 2022-01-01 00:00:00+00:00, run_after=2022-01-01 00:00:00+00:00
[2025-11-27T08:20:05.304+0000] {logging_mixin.py:188} INFO - [2025-11-27T08:20:05.304+0000] {dag.py:3823} INFO - Setting next_dagrun for example_subdag_operator.section-1 to None, run_after=None
[2025-11-27T08:20:05.306+0000] {logging_mixin.py:188} INFO - [2025-11-27T08:20:05.306+0000] {dag.py:3823} INFO - Setting next_dagrun for example_subdag_operator.section-2 to None, run_after=None
[2025-11-27T08:20:05.310+0000] {logging_mixin.py:188} INFO - [2025-11-27T08:20:05.310+0000] {dag.py:3036} INFO - Sync 2 DAGs
[2025-11-27T08:20:05.315+0000] {logging_mixin.py:188} INFO - [2025-11-27T08:20:05.315+0000] {dag.py:3823} INFO - Setting next_dagrun for example_subdag_operator.section-1 to None, run_after=None
[2025-11-27T08:20:05.316+0000] {logging_mixin.py:188} INFO - [2025-11-27T08:20:05.316+0000] {dag.py:3823} INFO - Setting next_dagrun for example_subdag_operator.section-2 to None, run_after=None
[2025-11-27T08:20:05.326+0000] {processor.py:183} INFO - Processing /home/airflow/.local/lib/python3.8/site-packages/airflow/example_dags/example_subdag_operator.py took 0.078 seconds
[2025-11-27T08:20:35.364+0000] {processor.py:161} INFO - Started process (PID=585) to work on /home/airflow/.local/lib/python3.8/site-packages/airflow/example_dags/example_subdag_operator.py
[2025-11-27T08:20:35.365+0000] {processor.py:830} INFO - Processing file /home/airflow/.local/lib/python3.8/site-packages/airflow/example_dags/example_subdag_operator.py for tasks to queue
[2025-11-27T08:20:35.367+0000] {logging_mixin.py:188} INFO - [2025-11-27T08:20:35.367+0000] {dagbag.py:538} INFO - Filling up the DagBag from /home/airflow/.local/lib/python3.8/site-packages/airflow/example_dags/example_subdag_operator.py
[2025-11-27T08:20:35.388+0000] {processor.py:840} INFO - DAG(s) 'example_subdag_operator.section-1', 'example_subdag_operator.section-2', 'example_subdag_operator' retrieved from /home/airflow/.local/lib/python3.8/site-packages/airflow/example_dags/example_subdag_operator.py
[2025-11-27T08:20:35.401+0000] {logging_mixin.py:188} INFO - [2025-11-27T08:20:35.401+0000] {dag.py:3036} INFO - Sync 3 DAGs
[2025-11-27T08:20:35.418+0000] {logging_mixin.py:188} INFO - [2025-11-27T08:20:35.418+0000] {dag.py:3823} INFO - Setting next_dagrun for example_subdag_operator to 2022-01-01 00:00:00+00:00, run_after=2022-01-01 00:00:00+00:00
[2025-11-27T08:20:35.421+0000] {logging_mixin.py:188} INFO - [2025-11-27T08:20:35.420+0000] {dag.py:3823} INFO - Setting next_dagrun for example_subdag_operator.section-1 to None, run_after=None
[2025-11-27T08:20:35.422+0000] {logging_mixin.py:188} INFO - [2025-11-27T08:20:35.422+0000] {dag.py:3823} INFO - Setting next_dagrun for example_subdag_operator.section-2 to None, run_after=None
[2025-11-27T08:20:35.427+0000] {logging_mixin.py:188} INFO - [2025-11-27T08:20:35.427+0000] {dag.py:3036} INFO - Sync 2 DAGs
[2025-11-27T08:20:35.432+0000] {logging_mixin.py:188} INFO - [2025-11-27T08:20:35.432+0000] {dag.py:3823} INFO - Setting next_dagrun for example_subdag_operator.section-1 to None, run_after=None
[2025-11-27T08:20:35.432+0000] {logging_mixin.py:188} INFO - [2025-11-27T08:20:35.432+0000] {dag.py:3823} INFO - Setting next_dagrun for example_subdag_operator.section-2 to None, run_after=None
[2025-11-27T08:20:35.446+0000] {processor.py:183} INFO - Processing /home/airflow/.local/lib/python3.8/site-packages/airflow/example_dags/example_subdag_operator.py took 0.085 seconds
[2025-11-27T08:21:06.623+0000] {processor.py:161} INFO - Started process (PID=641) to work on /home/airflow/.local/lib/python3.8/site-packages/airflow/example_dags/example_subdag_operator.py
[2025-11-27T08:21:06.625+0000] {processor.py:830} INFO - Processing file /home/airflow/.local/lib/python3.8/site-packages/airflow/example_dags/example_subdag_operator.py for tasks to queue
[2025-11-27T08:21:06.627+0000] {logging_mixin.py:188} INFO - [2025-11-27T08:21:06.626+0000] {dagbag.py:538} INFO - Filling up the DagBag from /home/airflow/.local/lib/python3.8/site-packages/airflow/example_dags/example_subdag_operator.py
[2025-11-27T08:21:06.650+0000] {processor.py:840} INFO - DAG(s) 'example_subdag_operator.section-1', 'example_subdag_operator.section-2', 'example_subdag_operator' retrieved from /home/airflow/.local/lib/python3.8/site-packages/airflow/example_dags/example_subdag_operator.py
[2025-11-27T08:21:06.668+0000] {logging_mixin.py:188} INFO - [2025-11-27T08:21:06.668+0000] {dag.py:3036} INFO - Sync 3 DAGs
[2025-11-27T08:21:06.692+0000] {logging_mixin.py:188} INFO - [2025-11-27T08:21:06.692+0000] {dag.py:3823} INFO - Setting next_dagrun for example_subdag_operator to 2022-01-01 00:00:00+00:00, run_after=2022-01-01 00:00:00+00:00
[2025-11-27T08:21:06.696+0000] {logging_mixin.py:188} INFO - [2025-11-27T08:21:06.695+0000] {dag.py:3823} INFO - Setting next_dagrun for example_subdag_operator.section-1 to None, run_after=None
[2025-11-27T08:21:06.697+0000] {logging_mixin.py:188} INFO - [2025-11-27T08:21:06.697+0000] {dag.py:3823} INFO - Setting next_dagrun for example_subdag_operator.section-2 to None, run_after=None
[2025-11-27T08:21:06.705+0000] {logging_mixin.py:188} INFO - [2025-11-27T08:21:06.705+0000] {dag.py:3036} INFO - Sync 2 DAGs
[2025-11-27T08:21:06.709+0000] {logging_mixin.py:188} INFO - [2025-11-27T08:21:06.709+0000] {dag.py:3823} INFO - Setting next_dagrun for example_subdag_operator.section-1 to None, run_after=None
[2025-11-27T08:21:06.710+0000] {logging_mixin.py:188} INFO - [2025-11-27T08:21:06.710+0000] {dag.py:3823} INFO - Setting next_dagrun for example_subdag_operator.section-2 to None, run_after=None
[2025-11-27T08:21:06.723+0000] {processor.py:183} INFO - Processing /home/airflow/.local/lib/python3.8/site-packages/airflow/example_dags/example_subdag_operator.py took 0.102 seconds
