[2025-11-27T07:49:58.161+0000] {processor.py:161} INFO - Started process (PID=57) to work on /home/airflow/.local/lib/python3.8/site-packages/airflow/example_dags/example_external_task_marker_dag.py
[2025-11-27T07:49:58.162+0000] {processor.py:830} INFO - Processing file /home/airflow/.local/lib/python3.8/site-packages/airflow/example_dags/example_external_task_marker_dag.py for tasks to queue
[2025-11-27T07:49:58.164+0000] {logging_mixin.py:188} INFO - [2025-11-27T07:49:58.164+0000] {dagbag.py:538} INFO - Filling up the DagBag from /home/airflow/.local/lib/python3.8/site-packages/airflow/example_dags/example_external_task_marker_dag.py
[2025-11-27T07:49:58.180+0000] {processor.py:840} INFO - DAG(s) 'example_external_task_marker_child', 'example_external_task_marker_parent' retrieved from /home/airflow/.local/lib/python3.8/site-packages/airflow/example_dags/example_external_task_marker_dag.py
[2025-11-27T07:49:58.204+0000] {logging_mixin.py:188} INFO - [2025-11-27T07:49:58.204+0000] {dag.py:3036} INFO - Sync 2 DAGs
[2025-11-27T07:49:58.216+0000] {logging_mixin.py:188} INFO - [2025-11-27T07:49:58.215+0000] {dag.py:3823} INFO - Setting next_dagrun for example_external_task_marker_child to None, run_after=None
[2025-11-27T07:49:58.219+0000] {logging_mixin.py:188} INFO - [2025-11-27T07:49:58.219+0000] {dag.py:3823} INFO - Setting next_dagrun for example_external_task_marker_parent to None, run_after=None
[2025-11-27T07:49:58.237+0000] {processor.py:183} INFO - Processing /home/airflow/.local/lib/python3.8/site-packages/airflow/example_dags/example_external_task_marker_dag.py took 0.078 seconds
[2025-11-27T07:50:30.955+0000] {processor.py:161} INFO - Started process (PID=113) to work on /home/airflow/.local/lib/python3.8/site-packages/airflow/example_dags/example_external_task_marker_dag.py
[2025-11-27T07:50:30.956+0000] {processor.py:830} INFO - Processing file /home/airflow/.local/lib/python3.8/site-packages/airflow/example_dags/example_external_task_marker_dag.py for tasks to queue
[2025-11-27T07:50:30.959+0000] {logging_mixin.py:188} INFO - [2025-11-27T07:50:30.959+0000] {dagbag.py:538} INFO - Filling up the DagBag from /home/airflow/.local/lib/python3.8/site-packages/airflow/example_dags/example_external_task_marker_dag.py
[2025-11-27T07:50:30.965+0000] {processor.py:840} INFO - DAG(s) 'example_external_task_marker_parent', 'example_external_task_marker_child' retrieved from /home/airflow/.local/lib/python3.8/site-packages/airflow/example_dags/example_external_task_marker_dag.py
[2025-11-27T07:50:31.137+0000] {logging_mixin.py:188} INFO - [2025-11-27T07:50:31.137+0000] {dag.py:3036} INFO - Sync 2 DAGs
[2025-11-27T07:50:31.144+0000] {logging_mixin.py:188} INFO - [2025-11-27T07:50:31.144+0000] {dag.py:3823} INFO - Setting next_dagrun for example_external_task_marker_child to None, run_after=None
[2025-11-27T07:50:31.147+0000] {logging_mixin.py:188} INFO - [2025-11-27T07:50:31.147+0000] {dag.py:3823} INFO - Setting next_dagrun for example_external_task_marker_parent to None, run_after=None
[2025-11-27T07:50:31.165+0000] {processor.py:183} INFO - Processing /home/airflow/.local/lib/python3.8/site-packages/airflow/example_dags/example_external_task_marker_dag.py took 0.214 seconds
[2025-11-27T07:51:01.550+0000] {processor.py:161} INFO - Started process (PID=169) to work on /home/airflow/.local/lib/python3.8/site-packages/airflow/example_dags/example_external_task_marker_dag.py
[2025-11-27T07:51:01.552+0000] {processor.py:830} INFO - Processing file /home/airflow/.local/lib/python3.8/site-packages/airflow/example_dags/example_external_task_marker_dag.py for tasks to queue
[2025-11-27T07:51:01.555+0000] {logging_mixin.py:188} INFO - [2025-11-27T07:51:01.554+0000] {dagbag.py:538} INFO - Filling up the DagBag from /home/airflow/.local/lib/python3.8/site-packages/airflow/example_dags/example_external_task_marker_dag.py
[2025-11-27T07:51:01.561+0000] {processor.py:840} INFO - DAG(s) 'example_external_task_marker_parent', 'example_external_task_marker_child' retrieved from /home/airflow/.local/lib/python3.8/site-packages/airflow/example_dags/example_external_task_marker_dag.py
[2025-11-27T07:51:01.581+0000] {logging_mixin.py:188} INFO - [2025-11-27T07:51:01.580+0000] {dag.py:3036} INFO - Sync 2 DAGs
[2025-11-27T07:51:01.590+0000] {logging_mixin.py:188} INFO - [2025-11-27T07:51:01.589+0000] {dag.py:3823} INFO - Setting next_dagrun for example_external_task_marker_child to None, run_after=None
[2025-11-27T07:51:01.593+0000] {logging_mixin.py:188} INFO - [2025-11-27T07:51:01.593+0000] {dag.py:3823} INFO - Setting next_dagrun for example_external_task_marker_parent to None, run_after=None
[2025-11-27T07:51:03.189+0000] {processor.py:183} INFO - Processing /home/airflow/.local/lib/python3.8/site-packages/airflow/example_dags/example_external_task_marker_dag.py took 0.062 seconds
[2025-11-27T07:51:33.892+0000] {processor.py:161} INFO - Started process (PID=225) to work on /home/airflow/.local/lib/python3.8/site-packages/airflow/example_dags/example_external_task_marker_dag.py
[2025-11-27T07:51:33.894+0000] {processor.py:830} INFO - Processing file /home/airflow/.local/lib/python3.8/site-packages/airflow/example_dags/example_external_task_marker_dag.py for tasks to queue
[2025-11-27T07:51:33.896+0000] {logging_mixin.py:188} INFO - [2025-11-27T07:51:33.896+0000] {dagbag.py:538} INFO - Filling up the DagBag from /home/airflow/.local/lib/python3.8/site-packages/airflow/example_dags/example_external_task_marker_dag.py
[2025-11-27T07:51:33.902+0000] {processor.py:840} INFO - DAG(s) 'example_external_task_marker_child', 'example_external_task_marker_parent' retrieved from /home/airflow/.local/lib/python3.8/site-packages/airflow/example_dags/example_external_task_marker_dag.py
[2025-11-27T07:51:33.924+0000] {logging_mixin.py:188} INFO - [2025-11-27T07:51:33.923+0000] {dag.py:3036} INFO - Sync 2 DAGs
[2025-11-27T07:51:33.934+0000] {logging_mixin.py:188} INFO - [2025-11-27T07:51:33.933+0000] {dag.py:3823} INFO - Setting next_dagrun for example_external_task_marker_child to None, run_after=None
[2025-11-27T07:51:33.939+0000] {logging_mixin.py:188} INFO - [2025-11-27T07:51:33.939+0000] {dag.py:3823} INFO - Setting next_dagrun for example_external_task_marker_parent to None, run_after=None
[2025-11-27T07:51:33.965+0000] {processor.py:183} INFO - Processing /home/airflow/.local/lib/python3.8/site-packages/airflow/example_dags/example_external_task_marker_dag.py took 0.077 seconds
[2025-11-27T07:52:04.025+0000] {processor.py:161} INFO - Started process (PID=281) to work on /home/airflow/.local/lib/python3.8/site-packages/airflow/example_dags/example_external_task_marker_dag.py
[2025-11-27T07:52:04.027+0000] {processor.py:830} INFO - Processing file /home/airflow/.local/lib/python3.8/site-packages/airflow/example_dags/example_external_task_marker_dag.py for tasks to queue
[2025-11-27T07:52:04.029+0000] {logging_mixin.py:188} INFO - [2025-11-27T07:52:04.029+0000] {dagbag.py:538} INFO - Filling up the DagBag from /home/airflow/.local/lib/python3.8/site-packages/airflow/example_dags/example_external_task_marker_dag.py
[2025-11-27T07:52:04.034+0000] {processor.py:840} INFO - DAG(s) 'example_external_task_marker_parent', 'example_external_task_marker_child' retrieved from /home/airflow/.local/lib/python3.8/site-packages/airflow/example_dags/example_external_task_marker_dag.py
[2025-11-27T07:52:04.063+0000] {logging_mixin.py:188} INFO - [2025-11-27T07:52:04.063+0000] {dag.py:3036} INFO - Sync 2 DAGs
[2025-11-27T07:52:04.075+0000] {logging_mixin.py:188} INFO - [2025-11-27T07:52:04.075+0000] {dag.py:3823} INFO - Setting next_dagrun for example_external_task_marker_child to None, run_after=None
[2025-11-27T07:52:04.078+0000] {logging_mixin.py:188} INFO - [2025-11-27T07:52:04.078+0000] {dag.py:3823} INFO - Setting next_dagrun for example_external_task_marker_parent to None, run_after=None
[2025-11-27T07:52:04.095+0000] {processor.py:183} INFO - Processing /home/airflow/.local/lib/python3.8/site-packages/airflow/example_dags/example_external_task_marker_dag.py took 0.073 seconds
[2025-11-27T07:52:34.679+0000] {processor.py:161} INFO - Started process (PID=337) to work on /home/airflow/.local/lib/python3.8/site-packages/airflow/example_dags/example_external_task_marker_dag.py
[2025-11-27T07:52:34.682+0000] {processor.py:830} INFO - Processing file /home/airflow/.local/lib/python3.8/site-packages/airflow/example_dags/example_external_task_marker_dag.py for tasks to queue
[2025-11-27T07:52:34.683+0000] {logging_mixin.py:188} INFO - [2025-11-27T07:52:34.683+0000] {dagbag.py:538} INFO - Filling up the DagBag from /home/airflow/.local/lib/python3.8/site-packages/airflow/example_dags/example_external_task_marker_dag.py
[2025-11-27T07:52:34.688+0000] {processor.py:840} INFO - DAG(s) 'example_external_task_marker_child', 'example_external_task_marker_parent' retrieved from /home/airflow/.local/lib/python3.8/site-packages/airflow/example_dags/example_external_task_marker_dag.py
[2025-11-27T07:52:34.709+0000] {logging_mixin.py:188} INFO - [2025-11-27T07:52:34.709+0000] {dag.py:3036} INFO - Sync 2 DAGs
[2025-11-27T07:52:34.723+0000] {logging_mixin.py:188} INFO - [2025-11-27T07:52:34.723+0000] {dag.py:3823} INFO - Setting next_dagrun for example_external_task_marker_child to None, run_after=None
[2025-11-27T07:52:34.728+0000] {logging_mixin.py:188} INFO - [2025-11-27T07:52:34.728+0000] {dag.py:3823} INFO - Setting next_dagrun for example_external_task_marker_parent to None, run_after=None
[2025-11-27T07:52:34.746+0000] {processor.py:183} INFO - Processing /home/airflow/.local/lib/python3.8/site-packages/airflow/example_dags/example_external_task_marker_dag.py took 0.070 seconds
[2025-11-27T08:08:14.071+0000] {processor.py:161} INFO - Started process (PID=119) to work on /home/airflow/.local/lib/python3.8/site-packages/airflow/example_dags/example_external_task_marker_dag.py
[2025-11-27T08:08:14.072+0000] {processor.py:830} INFO - Processing file /home/airflow/.local/lib/python3.8/site-packages/airflow/example_dags/example_external_task_marker_dag.py for tasks to queue
[2025-11-27T08:08:14.073+0000] {logging_mixin.py:188} INFO - [2025-11-27T08:08:14.073+0000] {dagbag.py:538} INFO - Filling up the DagBag from /home/airflow/.local/lib/python3.8/site-packages/airflow/example_dags/example_external_task_marker_dag.py
[2025-11-27T08:08:14.084+0000] {processor.py:840} INFO - DAG(s) 'example_external_task_marker_parent', 'example_external_task_marker_child' retrieved from /home/airflow/.local/lib/python3.8/site-packages/airflow/example_dags/example_external_task_marker_dag.py
[2025-11-27T08:08:14.107+0000] {logging_mixin.py:188} INFO - [2025-11-27T08:08:14.107+0000] {dag.py:3036} INFO - Sync 2 DAGs
[2025-11-27T08:08:14.117+0000] {logging_mixin.py:188} INFO - [2025-11-27T08:08:14.116+0000] {dag.py:3823} INFO - Setting next_dagrun for example_external_task_marker_child to None, run_after=None
[2025-11-27T08:08:14.119+0000] {logging_mixin.py:188} INFO - [2025-11-27T08:08:14.119+0000] {dag.py:3823} INFO - Setting next_dagrun for example_external_task_marker_parent to None, run_after=None
[2025-11-27T08:08:14.136+0000] {processor.py:183} INFO - Processing /home/airflow/.local/lib/python3.8/site-packages/airflow/example_dags/example_external_task_marker_dag.py took 0.067 seconds
[2025-11-27T08:08:44.339+0000] {processor.py:161} INFO - Started process (PID=175) to work on /home/airflow/.local/lib/python3.8/site-packages/airflow/example_dags/example_external_task_marker_dag.py
[2025-11-27T08:08:44.340+0000] {processor.py:830} INFO - Processing file /home/airflow/.local/lib/python3.8/site-packages/airflow/example_dags/example_external_task_marker_dag.py for tasks to queue
[2025-11-27T08:08:44.342+0000] {logging_mixin.py:188} INFO - [2025-11-27T08:08:44.342+0000] {dagbag.py:538} INFO - Filling up the DagBag from /home/airflow/.local/lib/python3.8/site-packages/airflow/example_dags/example_external_task_marker_dag.py
[2025-11-27T08:08:44.349+0000] {processor.py:840} INFO - DAG(s) 'example_external_task_marker_parent', 'example_external_task_marker_child' retrieved from /home/airflow/.local/lib/python3.8/site-packages/airflow/example_dags/example_external_task_marker_dag.py
[2025-11-27T08:08:44.712+0000] {logging_mixin.py:188} INFO - [2025-11-27T08:08:44.711+0000] {dag.py:3036} INFO - Sync 2 DAGs
[2025-11-27T08:08:44.728+0000] {logging_mixin.py:188} INFO - [2025-11-27T08:08:44.727+0000] {dag.py:3823} INFO - Setting next_dagrun for example_external_task_marker_child to None, run_after=None
[2025-11-27T08:08:44.733+0000] {logging_mixin.py:188} INFO - [2025-11-27T08:08:44.732+0000] {dag.py:3823} INFO - Setting next_dagrun for example_external_task_marker_parent to None, run_after=None
[2025-11-27T08:08:44.765+0000] {processor.py:183} INFO - Processing /home/airflow/.local/lib/python3.8/site-packages/airflow/example_dags/example_external_task_marker_dag.py took 0.428 seconds
[2025-11-27T08:09:15.455+0000] {processor.py:161} INFO - Started process (PID=231) to work on /home/airflow/.local/lib/python3.8/site-packages/airflow/example_dags/example_external_task_marker_dag.py
[2025-11-27T08:09:15.456+0000] {processor.py:830} INFO - Processing file /home/airflow/.local/lib/python3.8/site-packages/airflow/example_dags/example_external_task_marker_dag.py for tasks to queue
[2025-11-27T08:09:15.459+0000] {logging_mixin.py:188} INFO - [2025-11-27T08:09:15.458+0000] {dagbag.py:538} INFO - Filling up the DagBag from /home/airflow/.local/lib/python3.8/site-packages/airflow/example_dags/example_external_task_marker_dag.py
[2025-11-27T08:09:15.465+0000] {processor.py:840} INFO - DAG(s) 'example_external_task_marker_child', 'example_external_task_marker_parent' retrieved from /home/airflow/.local/lib/python3.8/site-packages/airflow/example_dags/example_external_task_marker_dag.py
[2025-11-27T08:09:15.492+0000] {logging_mixin.py:188} INFO - [2025-11-27T08:09:15.492+0000] {dag.py:3036} INFO - Sync 2 DAGs
[2025-11-27T08:09:15.503+0000] {logging_mixin.py:188} INFO - [2025-11-27T08:09:15.503+0000] {dag.py:3823} INFO - Setting next_dagrun for example_external_task_marker_child to None, run_after=None
[2025-11-27T08:09:15.508+0000] {logging_mixin.py:188} INFO - [2025-11-27T08:09:15.508+0000] {dag.py:3823} INFO - Setting next_dagrun for example_external_task_marker_parent to None, run_after=None
[2025-11-27T08:09:15.530+0000] {processor.py:183} INFO - Processing /home/airflow/.local/lib/python3.8/site-packages/airflow/example_dags/example_external_task_marker_dag.py took 0.078 seconds
[2025-11-27T08:09:45.882+0000] {processor.py:161} INFO - Started process (PID=287) to work on /home/airflow/.local/lib/python3.8/site-packages/airflow/example_dags/example_external_task_marker_dag.py
[2025-11-27T08:09:45.883+0000] {processor.py:830} INFO - Processing file /home/airflow/.local/lib/python3.8/site-packages/airflow/example_dags/example_external_task_marker_dag.py for tasks to queue
[2025-11-27T08:09:45.886+0000] {logging_mixin.py:188} INFO - [2025-11-27T08:09:45.886+0000] {dagbag.py:538} INFO - Filling up the DagBag from /home/airflow/.local/lib/python3.8/site-packages/airflow/example_dags/example_external_task_marker_dag.py
[2025-11-27T08:09:45.893+0000] {processor.py:840} INFO - DAG(s) 'example_external_task_marker_child', 'example_external_task_marker_parent' retrieved from /home/airflow/.local/lib/python3.8/site-packages/airflow/example_dags/example_external_task_marker_dag.py
[2025-11-27T08:09:45.911+0000] {logging_mixin.py:188} INFO - [2025-11-27T08:09:45.911+0000] {dag.py:3036} INFO - Sync 2 DAGs
[2025-11-27T08:09:45.920+0000] {logging_mixin.py:188} INFO - [2025-11-27T08:09:45.920+0000] {dag.py:3823} INFO - Setting next_dagrun for example_external_task_marker_child to None, run_after=None
[2025-11-27T08:09:45.924+0000] {logging_mixin.py:188} INFO - [2025-11-27T08:09:45.924+0000] {dag.py:3823} INFO - Setting next_dagrun for example_external_task_marker_parent to None, run_after=None
[2025-11-27T08:09:45.941+0000] {processor.py:183} INFO - Processing /home/airflow/.local/lib/python3.8/site-packages/airflow/example_dags/example_external_task_marker_dag.py took 0.062 seconds
[2025-11-27T08:10:16.032+0000] {processor.py:161} INFO - Started process (PID=343) to work on /home/airflow/.local/lib/python3.8/site-packages/airflow/example_dags/example_external_task_marker_dag.py
[2025-11-27T08:10:16.033+0000] {processor.py:830} INFO - Processing file /home/airflow/.local/lib/python3.8/site-packages/airflow/example_dags/example_external_task_marker_dag.py for tasks to queue
[2025-11-27T08:10:16.036+0000] {logging_mixin.py:188} INFO - [2025-11-27T08:10:16.035+0000] {dagbag.py:538} INFO - Filling up the DagBag from /home/airflow/.local/lib/python3.8/site-packages/airflow/example_dags/example_external_task_marker_dag.py
[2025-11-27T08:10:16.044+0000] {processor.py:840} INFO - DAG(s) 'example_external_task_marker_parent', 'example_external_task_marker_child' retrieved from /home/airflow/.local/lib/python3.8/site-packages/airflow/example_dags/example_external_task_marker_dag.py
[2025-11-27T08:10:16.072+0000] {logging_mixin.py:188} INFO - [2025-11-27T08:10:16.072+0000] {dag.py:3036} INFO - Sync 2 DAGs
[2025-11-27T08:10:16.086+0000] {logging_mixin.py:188} INFO - [2025-11-27T08:10:16.086+0000] {dag.py:3823} INFO - Setting next_dagrun for example_external_task_marker_child to None, run_after=None
[2025-11-27T08:10:16.089+0000] {logging_mixin.py:188} INFO - [2025-11-27T08:10:16.089+0000] {dag.py:3823} INFO - Setting next_dagrun for example_external_task_marker_parent to None, run_after=None
[2025-11-27T08:10:16.446+0000] {processor.py:183} INFO - Processing /home/airflow/.local/lib/python3.8/site-packages/airflow/example_dags/example_external_task_marker_dag.py took 0.420 seconds
[2025-11-27T08:10:47.304+0000] {processor.py:161} INFO - Started process (PID=400) to work on /home/airflow/.local/lib/python3.8/site-packages/airflow/example_dags/example_external_task_marker_dag.py
[2025-11-27T08:10:47.305+0000] {processor.py:830} INFO - Processing file /home/airflow/.local/lib/python3.8/site-packages/airflow/example_dags/example_external_task_marker_dag.py for tasks to queue
[2025-11-27T08:10:47.307+0000] {logging_mixin.py:188} INFO - [2025-11-27T08:10:47.307+0000] {dagbag.py:538} INFO - Filling up the DagBag from /home/airflow/.local/lib/python3.8/site-packages/airflow/example_dags/example_external_task_marker_dag.py
[2025-11-27T08:10:47.311+0000] {processor.py:840} INFO - DAG(s) 'example_external_task_marker_child', 'example_external_task_marker_parent' retrieved from /home/airflow/.local/lib/python3.8/site-packages/airflow/example_dags/example_external_task_marker_dag.py
[2025-11-27T08:10:47.331+0000] {logging_mixin.py:188} INFO - [2025-11-27T08:10:47.331+0000] {dag.py:3036} INFO - Sync 2 DAGs
[2025-11-27T08:10:47.340+0000] {logging_mixin.py:188} INFO - [2025-11-27T08:10:47.340+0000] {dag.py:3823} INFO - Setting next_dagrun for example_external_task_marker_child to None, run_after=None
[2025-11-27T08:10:47.343+0000] {logging_mixin.py:188} INFO - [2025-11-27T08:10:47.343+0000] {dag.py:3823} INFO - Setting next_dagrun for example_external_task_marker_parent to None, run_after=None
[2025-11-27T08:10:47.364+0000] {processor.py:183} INFO - Processing /home/airflow/.local/lib/python3.8/site-packages/airflow/example_dags/example_external_task_marker_dag.py took 0.063 seconds
[2025-11-27T08:11:18.225+0000] {processor.py:161} INFO - Started process (PID=456) to work on /home/airflow/.local/lib/python3.8/site-packages/airflow/example_dags/example_external_task_marker_dag.py
[2025-11-27T08:11:18.226+0000] {processor.py:830} INFO - Processing file /home/airflow/.local/lib/python3.8/site-packages/airflow/example_dags/example_external_task_marker_dag.py for tasks to queue
[2025-11-27T08:11:18.228+0000] {logging_mixin.py:188} INFO - [2025-11-27T08:11:18.228+0000] {dagbag.py:538} INFO - Filling up the DagBag from /home/airflow/.local/lib/python3.8/site-packages/airflow/example_dags/example_external_task_marker_dag.py
[2025-11-27T08:11:18.234+0000] {processor.py:840} INFO - DAG(s) 'example_external_task_marker_child', 'example_external_task_marker_parent' retrieved from /home/airflow/.local/lib/python3.8/site-packages/airflow/example_dags/example_external_task_marker_dag.py
[2025-11-27T08:11:18.255+0000] {logging_mixin.py:188} INFO - [2025-11-27T08:11:18.255+0000] {dag.py:3036} INFO - Sync 2 DAGs
[2025-11-27T08:11:18.266+0000] {logging_mixin.py:188} INFO - [2025-11-27T08:11:18.265+0000] {dag.py:3823} INFO - Setting next_dagrun for example_external_task_marker_child to None, run_after=None
[2025-11-27T08:11:18.270+0000] {logging_mixin.py:188} INFO - [2025-11-27T08:11:18.269+0000] {dag.py:3823} INFO - Setting next_dagrun for example_external_task_marker_parent to None, run_after=None
[2025-11-27T08:11:18.410+0000] {processor.py:183} INFO - Processing /home/airflow/.local/lib/python3.8/site-packages/airflow/example_dags/example_external_task_marker_dag.py took 0.189 seconds
[2025-11-27T08:11:49.004+0000] {processor.py:161} INFO - Started process (PID=512) to work on /home/airflow/.local/lib/python3.8/site-packages/airflow/example_dags/example_external_task_marker_dag.py
[2025-11-27T08:11:49.005+0000] {processor.py:830} INFO - Processing file /home/airflow/.local/lib/python3.8/site-packages/airflow/example_dags/example_external_task_marker_dag.py for tasks to queue
[2025-11-27T08:11:49.006+0000] {logging_mixin.py:188} INFO - [2025-11-27T08:11:49.006+0000] {dagbag.py:538} INFO - Filling up the DagBag from /home/airflow/.local/lib/python3.8/site-packages/airflow/example_dags/example_external_task_marker_dag.py
[2025-11-27T08:11:49.012+0000] {processor.py:840} INFO - DAG(s) 'example_external_task_marker_child', 'example_external_task_marker_parent' retrieved from /home/airflow/.local/lib/python3.8/site-packages/airflow/example_dags/example_external_task_marker_dag.py
[2025-11-27T08:11:49.034+0000] {logging_mixin.py:188} INFO - [2025-11-27T08:11:49.034+0000] {dag.py:3036} INFO - Sync 2 DAGs
[2025-11-27T08:11:49.044+0000] {logging_mixin.py:188} INFO - [2025-11-27T08:11:49.044+0000] {dag.py:3823} INFO - Setting next_dagrun for example_external_task_marker_child to None, run_after=None
[2025-11-27T08:11:49.047+0000] {logging_mixin.py:188} INFO - [2025-11-27T08:11:49.047+0000] {dag.py:3823} INFO - Setting next_dagrun for example_external_task_marker_parent to None, run_after=None
[2025-11-27T08:11:49.064+0000] {processor.py:183} INFO - Processing /home/airflow/.local/lib/python3.8/site-packages/airflow/example_dags/example_external_task_marker_dag.py took 0.063 seconds
[2025-11-27T08:12:19.215+0000] {processor.py:161} INFO - Started process (PID=568) to work on /home/airflow/.local/lib/python3.8/site-packages/airflow/example_dags/example_external_task_marker_dag.py
[2025-11-27T08:12:19.217+0000] {processor.py:830} INFO - Processing file /home/airflow/.local/lib/python3.8/site-packages/airflow/example_dags/example_external_task_marker_dag.py for tasks to queue
[2025-11-27T08:12:19.219+0000] {logging_mixin.py:188} INFO - [2025-11-27T08:12:19.219+0000] {dagbag.py:538} INFO - Filling up the DagBag from /home/airflow/.local/lib/python3.8/site-packages/airflow/example_dags/example_external_task_marker_dag.py
[2025-11-27T08:12:19.229+0000] {processor.py:840} INFO - DAG(s) 'example_external_task_marker_parent', 'example_external_task_marker_child' retrieved from /home/airflow/.local/lib/python3.8/site-packages/airflow/example_dags/example_external_task_marker_dag.py
[2025-11-27T08:12:19.258+0000] {logging_mixin.py:188} INFO - [2025-11-27T08:12:19.258+0000] {dag.py:3036} INFO - Sync 2 DAGs
[2025-11-27T08:12:19.272+0000] {logging_mixin.py:188} INFO - [2025-11-27T08:12:19.271+0000] {dag.py:3823} INFO - Setting next_dagrun for example_external_task_marker_child to None, run_after=None
[2025-11-27T08:12:19.275+0000] {logging_mixin.py:188} INFO - [2025-11-27T08:12:19.275+0000] {dag.py:3823} INFO - Setting next_dagrun for example_external_task_marker_parent to None, run_after=None
[2025-11-27T08:12:19.294+0000] {processor.py:183} INFO - Processing /home/airflow/.local/lib/python3.8/site-packages/airflow/example_dags/example_external_task_marker_dag.py took 0.082 seconds
[2025-11-27T08:12:49.847+0000] {processor.py:161} INFO - Started process (PID=624) to work on /home/airflow/.local/lib/python3.8/site-packages/airflow/example_dags/example_external_task_marker_dag.py
[2025-11-27T08:12:49.848+0000] {processor.py:830} INFO - Processing file /home/airflow/.local/lib/python3.8/site-packages/airflow/example_dags/example_external_task_marker_dag.py for tasks to queue
[2025-11-27T08:12:49.850+0000] {logging_mixin.py:188} INFO - [2025-11-27T08:12:49.850+0000] {dagbag.py:538} INFO - Filling up the DagBag from /home/airflow/.local/lib/python3.8/site-packages/airflow/example_dags/example_external_task_marker_dag.py
[2025-11-27T08:12:49.856+0000] {processor.py:840} INFO - DAG(s) 'example_external_task_marker_child', 'example_external_task_marker_parent' retrieved from /home/airflow/.local/lib/python3.8/site-packages/airflow/example_dags/example_external_task_marker_dag.py
[2025-11-27T08:12:49.878+0000] {logging_mixin.py:188} INFO - [2025-11-27T08:12:49.877+0000] {dag.py:3036} INFO - Sync 2 DAGs
[2025-11-27T08:12:49.888+0000] {logging_mixin.py:188} INFO - [2025-11-27T08:12:49.888+0000] {dag.py:3823} INFO - Setting next_dagrun for example_external_task_marker_child to None, run_after=None
[2025-11-27T08:12:49.892+0000] {logging_mixin.py:188} INFO - [2025-11-27T08:12:49.892+0000] {dag.py:3823} INFO - Setting next_dagrun for example_external_task_marker_parent to None, run_after=None
[2025-11-27T08:12:49.915+0000] {processor.py:183} INFO - Processing /home/airflow/.local/lib/python3.8/site-packages/airflow/example_dags/example_external_task_marker_dag.py took 0.070 seconds
[2025-11-27T08:13:20.528+0000] {processor.py:161} INFO - Started process (PID=680) to work on /home/airflow/.local/lib/python3.8/site-packages/airflow/example_dags/example_external_task_marker_dag.py
[2025-11-27T08:13:20.529+0000] {processor.py:830} INFO - Processing file /home/airflow/.local/lib/python3.8/site-packages/airflow/example_dags/example_external_task_marker_dag.py for tasks to queue
[2025-11-27T08:13:20.531+0000] {logging_mixin.py:188} INFO - [2025-11-27T08:13:20.530+0000] {dagbag.py:538} INFO - Filling up the DagBag from /home/airflow/.local/lib/python3.8/site-packages/airflow/example_dags/example_external_task_marker_dag.py
[2025-11-27T08:13:20.536+0000] {processor.py:840} INFO - DAG(s) 'example_external_task_marker_parent', 'example_external_task_marker_child' retrieved from /home/airflow/.local/lib/python3.8/site-packages/airflow/example_dags/example_external_task_marker_dag.py
[2025-11-27T08:13:20.556+0000] {logging_mixin.py:188} INFO - [2025-11-27T08:13:20.556+0000] {dag.py:3036} INFO - Sync 2 DAGs
[2025-11-27T08:13:20.565+0000] {logging_mixin.py:188} INFO - [2025-11-27T08:13:20.565+0000] {dag.py:3823} INFO - Setting next_dagrun for example_external_task_marker_child to None, run_after=None
[2025-11-27T08:13:20.569+0000] {logging_mixin.py:188} INFO - [2025-11-27T08:13:20.569+0000] {dag.py:3823} INFO - Setting next_dagrun for example_external_task_marker_parent to None, run_after=None
[2025-11-27T08:13:20.585+0000] {processor.py:183} INFO - Processing /home/airflow/.local/lib/python3.8/site-packages/airflow/example_dags/example_external_task_marker_dag.py took 0.059 seconds
[2025-11-27T08:13:50.825+0000] {processor.py:161} INFO - Started process (PID=736) to work on /home/airflow/.local/lib/python3.8/site-packages/airflow/example_dags/example_external_task_marker_dag.py
[2025-11-27T08:13:50.827+0000] {processor.py:830} INFO - Processing file /home/airflow/.local/lib/python3.8/site-packages/airflow/example_dags/example_external_task_marker_dag.py for tasks to queue
[2025-11-27T08:13:50.829+0000] {logging_mixin.py:188} INFO - [2025-11-27T08:13:50.829+0000] {dagbag.py:538} INFO - Filling up the DagBag from /home/airflow/.local/lib/python3.8/site-packages/airflow/example_dags/example_external_task_marker_dag.py
[2025-11-27T08:13:50.834+0000] {processor.py:840} INFO - DAG(s) 'example_external_task_marker_child', 'example_external_task_marker_parent' retrieved from /home/airflow/.local/lib/python3.8/site-packages/airflow/example_dags/example_external_task_marker_dag.py
[2025-11-27T08:13:50.854+0000] {logging_mixin.py:188} INFO - [2025-11-27T08:13:50.854+0000] {dag.py:3036} INFO - Sync 2 DAGs
[2025-11-27T08:13:50.864+0000] {logging_mixin.py:188} INFO - [2025-11-27T08:13:50.864+0000] {dag.py:3823} INFO - Setting next_dagrun for example_external_task_marker_child to None, run_after=None
[2025-11-27T08:13:50.868+0000] {logging_mixin.py:188} INFO - [2025-11-27T08:13:50.868+0000] {dag.py:3823} INFO - Setting next_dagrun for example_external_task_marker_parent to None, run_after=None
[2025-11-27T08:13:50.885+0000] {processor.py:183} INFO - Processing /home/airflow/.local/lib/python3.8/site-packages/airflow/example_dags/example_external_task_marker_dag.py took 0.063 seconds
[2025-11-27T08:14:23.215+0000] {processor.py:161} INFO - Started process (PID=792) to work on /home/airflow/.local/lib/python3.8/site-packages/airflow/example_dags/example_external_task_marker_dag.py
[2025-11-27T08:14:23.217+0000] {processor.py:830} INFO - Processing file /home/airflow/.local/lib/python3.8/site-packages/airflow/example_dags/example_external_task_marker_dag.py for tasks to queue
[2025-11-27T08:14:23.219+0000] {logging_mixin.py:188} INFO - [2025-11-27T08:14:23.219+0000] {dagbag.py:538} INFO - Filling up the DagBag from /home/airflow/.local/lib/python3.8/site-packages/airflow/example_dags/example_external_task_marker_dag.py
[2025-11-27T08:14:23.224+0000] {processor.py:840} INFO - DAG(s) 'example_external_task_marker_child', 'example_external_task_marker_parent' retrieved from /home/airflow/.local/lib/python3.8/site-packages/airflow/example_dags/example_external_task_marker_dag.py
[2025-11-27T08:14:23.247+0000] {logging_mixin.py:188} INFO - [2025-11-27T08:14:23.247+0000] {dag.py:3036} INFO - Sync 2 DAGs
[2025-11-27T08:14:23.256+0000] {logging_mixin.py:188} INFO - [2025-11-27T08:14:23.256+0000] {dag.py:3823} INFO - Setting next_dagrun for example_external_task_marker_child to None, run_after=None
[2025-11-27T08:14:23.259+0000] {logging_mixin.py:188} INFO - [2025-11-27T08:14:23.259+0000] {dag.py:3823} INFO - Setting next_dagrun for example_external_task_marker_parent to None, run_after=None
[2025-11-27T08:14:23.279+0000] {processor.py:183} INFO - Processing /home/airflow/.local/lib/python3.8/site-packages/airflow/example_dags/example_external_task_marker_dag.py took 0.067 seconds
[2025-11-27T08:14:53.948+0000] {processor.py:161} INFO - Started process (PID=848) to work on /home/airflow/.local/lib/python3.8/site-packages/airflow/example_dags/example_external_task_marker_dag.py
[2025-11-27T08:14:53.949+0000] {processor.py:830} INFO - Processing file /home/airflow/.local/lib/python3.8/site-packages/airflow/example_dags/example_external_task_marker_dag.py for tasks to queue
[2025-11-27T08:14:53.951+0000] {logging_mixin.py:188} INFO - [2025-11-27T08:14:53.950+0000] {dagbag.py:538} INFO - Filling up the DagBag from /home/airflow/.local/lib/python3.8/site-packages/airflow/example_dags/example_external_task_marker_dag.py
[2025-11-27T08:14:53.955+0000] {processor.py:840} INFO - DAG(s) 'example_external_task_marker_child', 'example_external_task_marker_parent' retrieved from /home/airflow/.local/lib/python3.8/site-packages/airflow/example_dags/example_external_task_marker_dag.py
[2025-11-27T08:14:55.580+0000] {logging_mixin.py:188} INFO - [2025-11-27T08:14:55.580+0000] {dag.py:3036} INFO - Sync 2 DAGs
[2025-11-27T08:14:55.592+0000] {logging_mixin.py:188} INFO - [2025-11-27T08:14:55.592+0000] {dag.py:3823} INFO - Setting next_dagrun for example_external_task_marker_child to None, run_after=None
[2025-11-27T08:14:55.596+0000] {logging_mixin.py:188} INFO - [2025-11-27T08:14:55.596+0000] {dag.py:3823} INFO - Setting next_dagrun for example_external_task_marker_parent to None, run_after=None
[2025-11-27T08:14:55.612+0000] {processor.py:183} INFO - Processing /home/airflow/.local/lib/python3.8/site-packages/airflow/example_dags/example_external_task_marker_dag.py took 0.059 seconds
[2025-11-27T08:16:28.352+0000] {processor.py:161} INFO - Started process (PID=119) to work on /home/airflow/.local/lib/python3.8/site-packages/airflow/example_dags/example_external_task_marker_dag.py
[2025-11-27T08:16:28.353+0000] {processor.py:830} INFO - Processing file /home/airflow/.local/lib/python3.8/site-packages/airflow/example_dags/example_external_task_marker_dag.py for tasks to queue
[2025-11-27T08:16:28.355+0000] {logging_mixin.py:188} INFO - [2025-11-27T08:16:28.354+0000] {dagbag.py:538} INFO - Filling up the DagBag from /home/airflow/.local/lib/python3.8/site-packages/airflow/example_dags/example_external_task_marker_dag.py
[2025-11-27T08:16:28.367+0000] {processor.py:840} INFO - DAG(s) 'example_external_task_marker_parent', 'example_external_task_marker_child' retrieved from /home/airflow/.local/lib/python3.8/site-packages/airflow/example_dags/example_external_task_marker_dag.py
[2025-11-27T08:16:28.388+0000] {logging_mixin.py:188} INFO - [2025-11-27T08:16:28.388+0000] {dag.py:3036} INFO - Sync 2 DAGs
[2025-11-27T08:16:28.400+0000] {logging_mixin.py:188} INFO - [2025-11-27T08:16:28.399+0000] {dag.py:3823} INFO - Setting next_dagrun for example_external_task_marker_child to None, run_after=None
[2025-11-27T08:16:28.403+0000] {logging_mixin.py:188} INFO - [2025-11-27T08:16:28.402+0000] {dag.py:3823} INFO - Setting next_dagrun for example_external_task_marker_parent to None, run_after=None
[2025-11-27T08:16:28.422+0000] {processor.py:183} INFO - Processing /home/airflow/.local/lib/python3.8/site-packages/airflow/example_dags/example_external_task_marker_dag.py took 0.072 seconds
[2025-11-27T08:16:58.817+0000] {processor.py:161} INFO - Started process (PID=176) to work on /home/airflow/.local/lib/python3.8/site-packages/airflow/example_dags/example_external_task_marker_dag.py
[2025-11-27T08:16:58.818+0000] {processor.py:830} INFO - Processing file /home/airflow/.local/lib/python3.8/site-packages/airflow/example_dags/example_external_task_marker_dag.py for tasks to queue
[2025-11-27T08:16:58.819+0000] {logging_mixin.py:188} INFO - [2025-11-27T08:16:58.819+0000] {dagbag.py:538} INFO - Filling up the DagBag from /home/airflow/.local/lib/python3.8/site-packages/airflow/example_dags/example_external_task_marker_dag.py
[2025-11-27T08:16:58.825+0000] {processor.py:840} INFO - DAG(s) 'example_external_task_marker_child', 'example_external_task_marker_parent' retrieved from /home/airflow/.local/lib/python3.8/site-packages/airflow/example_dags/example_external_task_marker_dag.py
[2025-11-27T08:16:59.102+0000] {logging_mixin.py:188} INFO - [2025-11-27T08:16:59.102+0000] {dag.py:3036} INFO - Sync 2 DAGs
[2025-11-27T08:16:59.111+0000] {logging_mixin.py:188} INFO - [2025-11-27T08:16:59.110+0000] {dag.py:3823} INFO - Setting next_dagrun for example_external_task_marker_child to None, run_after=None
[2025-11-27T08:16:59.113+0000] {logging_mixin.py:188} INFO - [2025-11-27T08:16:59.113+0000] {dag.py:3823} INFO - Setting next_dagrun for example_external_task_marker_parent to None, run_after=None
[2025-11-27T08:16:59.132+0000] {processor.py:183} INFO - Processing /home/airflow/.local/lib/python3.8/site-packages/airflow/example_dags/example_external_task_marker_dag.py took 0.317 seconds
[2025-11-27T08:17:29.686+0000] {processor.py:161} INFO - Started process (PID=232) to work on /home/airflow/.local/lib/python3.8/site-packages/airflow/example_dags/example_external_task_marker_dag.py
[2025-11-27T08:17:29.687+0000] {processor.py:830} INFO - Processing file /home/airflow/.local/lib/python3.8/site-packages/airflow/example_dags/example_external_task_marker_dag.py for tasks to queue
[2025-11-27T08:17:29.689+0000] {logging_mixin.py:188} INFO - [2025-11-27T08:17:29.689+0000] {dagbag.py:538} INFO - Filling up the DagBag from /home/airflow/.local/lib/python3.8/site-packages/airflow/example_dags/example_external_task_marker_dag.py
[2025-11-27T08:17:29.882+0000] {processor.py:840} INFO - DAG(s) 'example_external_task_marker_child', 'example_external_task_marker_parent' retrieved from /home/airflow/.local/lib/python3.8/site-packages/airflow/example_dags/example_external_task_marker_dag.py
[2025-11-27T08:17:29.902+0000] {logging_mixin.py:188} INFO - [2025-11-27T08:17:29.902+0000] {dag.py:3036} INFO - Sync 2 DAGs
[2025-11-27T08:17:29.915+0000] {logging_mixin.py:188} INFO - [2025-11-27T08:17:29.914+0000] {dag.py:3823} INFO - Setting next_dagrun for example_external_task_marker_child to None, run_after=None
[2025-11-27T08:17:29.918+0000] {logging_mixin.py:188} INFO - [2025-11-27T08:17:29.918+0000] {dag.py:3823} INFO - Setting next_dagrun for example_external_task_marker_parent to None, run_after=None
[2025-11-27T08:17:29.937+0000] {processor.py:183} INFO - Processing /home/airflow/.local/lib/python3.8/site-packages/airflow/example_dags/example_external_task_marker_dag.py took 0.254 seconds
[2025-11-27T08:18:00.123+0000] {processor.py:161} INFO - Started process (PID=288) to work on /home/airflow/.local/lib/python3.8/site-packages/airflow/example_dags/example_external_task_marker_dag.py
[2025-11-27T08:18:00.125+0000] {processor.py:830} INFO - Processing file /home/airflow/.local/lib/python3.8/site-packages/airflow/example_dags/example_external_task_marker_dag.py for tasks to queue
[2025-11-27T08:18:00.127+0000] {logging_mixin.py:188} INFO - [2025-11-27T08:18:00.126+0000] {dagbag.py:538} INFO - Filling up the DagBag from /home/airflow/.local/lib/python3.8/site-packages/airflow/example_dags/example_external_task_marker_dag.py
[2025-11-27T08:18:00.136+0000] {processor.py:840} INFO - DAG(s) 'example_external_task_marker_child', 'example_external_task_marker_parent' retrieved from /home/airflow/.local/lib/python3.8/site-packages/airflow/example_dags/example_external_task_marker_dag.py
[2025-11-27T08:18:00.162+0000] {logging_mixin.py:188} INFO - [2025-11-27T08:18:00.162+0000] {dag.py:3036} INFO - Sync 2 DAGs
[2025-11-27T08:18:00.173+0000] {logging_mixin.py:188} INFO - [2025-11-27T08:18:00.173+0000] {dag.py:3823} INFO - Setting next_dagrun for example_external_task_marker_child to None, run_after=None
[2025-11-27T08:18:00.177+0000] {logging_mixin.py:188} INFO - [2025-11-27T08:18:00.176+0000] {dag.py:3823} INFO - Setting next_dagrun for example_external_task_marker_parent to None, run_after=None
[2025-11-27T08:18:00.222+0000] {processor.py:183} INFO - Processing /home/airflow/.local/lib/python3.8/site-packages/airflow/example_dags/example_external_task_marker_dag.py took 0.102 seconds
[2025-11-27T08:18:31.082+0000] {processor.py:161} INFO - Started process (PID=344) to work on /home/airflow/.local/lib/python3.8/site-packages/airflow/example_dags/example_external_task_marker_dag.py
[2025-11-27T08:18:31.083+0000] {processor.py:830} INFO - Processing file /home/airflow/.local/lib/python3.8/site-packages/airflow/example_dags/example_external_task_marker_dag.py for tasks to queue
[2025-11-27T08:18:31.085+0000] {logging_mixin.py:188} INFO - [2025-11-27T08:18:31.085+0000] {dagbag.py:538} INFO - Filling up the DagBag from /home/airflow/.local/lib/python3.8/site-packages/airflow/example_dags/example_external_task_marker_dag.py
[2025-11-27T08:18:31.090+0000] {processor.py:840} INFO - DAG(s) 'example_external_task_marker_parent', 'example_external_task_marker_child' retrieved from /home/airflow/.local/lib/python3.8/site-packages/airflow/example_dags/example_external_task_marker_dag.py
[2025-11-27T08:18:31.109+0000] {logging_mixin.py:188} INFO - [2025-11-27T08:18:31.109+0000] {dag.py:3036} INFO - Sync 2 DAGs
[2025-11-27T08:18:31.118+0000] {logging_mixin.py:188} INFO - [2025-11-27T08:18:31.117+0000] {dag.py:3823} INFO - Setting next_dagrun for example_external_task_marker_child to None, run_after=None
[2025-11-27T08:18:31.120+0000] {logging_mixin.py:188} INFO - [2025-11-27T08:18:31.120+0000] {dag.py:3823} INFO - Setting next_dagrun for example_external_task_marker_parent to None, run_after=None
[2025-11-27T08:18:31.135+0000] {processor.py:183} INFO - Processing /home/airflow/.local/lib/python3.8/site-packages/airflow/example_dags/example_external_task_marker_dag.py took 0.056 seconds
[2025-11-27T08:19:01.353+0000] {processor.py:161} INFO - Started process (PID=400) to work on /home/airflow/.local/lib/python3.8/site-packages/airflow/example_dags/example_external_task_marker_dag.py
[2025-11-27T08:19:01.354+0000] {processor.py:830} INFO - Processing file /home/airflow/.local/lib/python3.8/site-packages/airflow/example_dags/example_external_task_marker_dag.py for tasks to queue
[2025-11-27T08:19:01.357+0000] {logging_mixin.py:188} INFO - [2025-11-27T08:19:01.357+0000] {dagbag.py:538} INFO - Filling up the DagBag from /home/airflow/.local/lib/python3.8/site-packages/airflow/example_dags/example_external_task_marker_dag.py
[2025-11-27T08:19:01.364+0000] {processor.py:840} INFO - DAG(s) 'example_external_task_marker_parent', 'example_external_task_marker_child' retrieved from /home/airflow/.local/lib/python3.8/site-packages/airflow/example_dags/example_external_task_marker_dag.py
[2025-11-27T08:19:01.387+0000] {logging_mixin.py:188} INFO - [2025-11-27T08:19:01.387+0000] {dag.py:3036} INFO - Sync 2 DAGs
[2025-11-27T08:19:01.398+0000] {logging_mixin.py:188} INFO - [2025-11-27T08:19:01.397+0000] {dag.py:3823} INFO - Setting next_dagrun for example_external_task_marker_child to None, run_after=None
[2025-11-27T08:19:01.401+0000] {logging_mixin.py:188} INFO - [2025-11-27T08:19:01.401+0000] {dag.py:3823} INFO - Setting next_dagrun for example_external_task_marker_parent to None, run_after=None
[2025-11-27T08:19:01.419+0000] {processor.py:183} INFO - Processing /home/airflow/.local/lib/python3.8/site-packages/airflow/example_dags/example_external_task_marker_dag.py took 0.070 seconds
[2025-11-27T08:19:31.535+0000] {processor.py:161} INFO - Started process (PID=456) to work on /home/airflow/.local/lib/python3.8/site-packages/airflow/example_dags/example_external_task_marker_dag.py
[2025-11-27T08:19:31.536+0000] {processor.py:830} INFO - Processing file /home/airflow/.local/lib/python3.8/site-packages/airflow/example_dags/example_external_task_marker_dag.py for tasks to queue
[2025-11-27T08:19:31.538+0000] {logging_mixin.py:188} INFO - [2025-11-27T08:19:31.538+0000] {dagbag.py:538} INFO - Filling up the DagBag from /home/airflow/.local/lib/python3.8/site-packages/airflow/example_dags/example_external_task_marker_dag.py
[2025-11-27T08:19:31.542+0000] {processor.py:840} INFO - DAG(s) 'example_external_task_marker_child', 'example_external_task_marker_parent' retrieved from /home/airflow/.local/lib/python3.8/site-packages/airflow/example_dags/example_external_task_marker_dag.py
[2025-11-27T08:19:31.565+0000] {logging_mixin.py:188} INFO - [2025-11-27T08:19:31.565+0000] {dag.py:3036} INFO - Sync 2 DAGs
[2025-11-27T08:19:31.577+0000] {logging_mixin.py:188} INFO - [2025-11-27T08:19:31.576+0000] {dag.py:3823} INFO - Setting next_dagrun for example_external_task_marker_child to None, run_after=None
[2025-11-27T08:19:31.582+0000] {logging_mixin.py:188} INFO - [2025-11-27T08:19:31.582+0000] {dag.py:3823} INFO - Setting next_dagrun for example_external_task_marker_parent to None, run_after=None
[2025-11-27T08:19:31.867+0000] {processor.py:183} INFO - Processing /home/airflow/.local/lib/python3.8/site-packages/airflow/example_dags/example_external_task_marker_dag.py took 0.334 seconds
[2025-11-27T08:20:02.739+0000] {processor.py:161} INFO - Started process (PID=512) to work on /home/airflow/.local/lib/python3.8/site-packages/airflow/example_dags/example_external_task_marker_dag.py
[2025-11-27T08:20:02.741+0000] {processor.py:830} INFO - Processing file /home/airflow/.local/lib/python3.8/site-packages/airflow/example_dags/example_external_task_marker_dag.py for tasks to queue
[2025-11-27T08:20:02.744+0000] {logging_mixin.py:188} INFO - [2025-11-27T08:20:02.743+0000] {dagbag.py:538} INFO - Filling up the DagBag from /home/airflow/.local/lib/python3.8/site-packages/airflow/example_dags/example_external_task_marker_dag.py
[2025-11-27T08:20:02.750+0000] {processor.py:840} INFO - DAG(s) 'example_external_task_marker_parent', 'example_external_task_marker_child' retrieved from /home/airflow/.local/lib/python3.8/site-packages/airflow/example_dags/example_external_task_marker_dag.py
[2025-11-27T08:20:02.773+0000] {logging_mixin.py:188} INFO - [2025-11-27T08:20:02.773+0000] {dag.py:3036} INFO - Sync 2 DAGs
[2025-11-27T08:20:02.780+0000] {logging_mixin.py:188} INFO - [2025-11-27T08:20:02.780+0000] {dag.py:3823} INFO - Setting next_dagrun for example_external_task_marker_child to None, run_after=None
[2025-11-27T08:20:02.783+0000] {logging_mixin.py:188} INFO - [2025-11-27T08:20:02.783+0000] {dag.py:3823} INFO - Setting next_dagrun for example_external_task_marker_parent to None, run_after=None
[2025-11-27T08:20:02.970+0000] {processor.py:183} INFO - Processing /home/airflow/.local/lib/python3.8/site-packages/airflow/example_dags/example_external_task_marker_dag.py took 0.233 seconds
[2025-11-27T08:20:33.227+0000] {processor.py:161} INFO - Started process (PID=568) to work on /home/airflow/.local/lib/python3.8/site-packages/airflow/example_dags/example_external_task_marker_dag.py
[2025-11-27T08:20:33.229+0000] {processor.py:830} INFO - Processing file /home/airflow/.local/lib/python3.8/site-packages/airflow/example_dags/example_external_task_marker_dag.py for tasks to queue
[2025-11-27T08:20:33.231+0000] {logging_mixin.py:188} INFO - [2025-11-27T08:20:33.231+0000] {dagbag.py:538} INFO - Filling up the DagBag from /home/airflow/.local/lib/python3.8/site-packages/airflow/example_dags/example_external_task_marker_dag.py
[2025-11-27T08:20:33.237+0000] {processor.py:840} INFO - DAG(s) 'example_external_task_marker_child', 'example_external_task_marker_parent' retrieved from /home/airflow/.local/lib/python3.8/site-packages/airflow/example_dags/example_external_task_marker_dag.py
[2025-11-27T08:20:33.261+0000] {logging_mixin.py:188} INFO - [2025-11-27T08:20:33.260+0000] {dag.py:3036} INFO - Sync 2 DAGs
[2025-11-27T08:20:33.271+0000] {logging_mixin.py:188} INFO - [2025-11-27T08:20:33.271+0000] {dag.py:3823} INFO - Setting next_dagrun for example_external_task_marker_child to None, run_after=None
[2025-11-27T08:20:33.276+0000] {logging_mixin.py:188} INFO - [2025-11-27T08:20:33.276+0000] {dag.py:3823} INFO - Setting next_dagrun for example_external_task_marker_parent to None, run_after=None
[2025-11-27T08:20:33.294+0000] {processor.py:183} INFO - Processing /home/airflow/.local/lib/python3.8/site-packages/airflow/example_dags/example_external_task_marker_dag.py took 0.070 seconds
[2025-11-27T08:21:04.166+0000] {processor.py:161} INFO - Started process (PID=624) to work on /home/airflow/.local/lib/python3.8/site-packages/airflow/example_dags/example_external_task_marker_dag.py
[2025-11-27T08:21:04.167+0000] {processor.py:830} INFO - Processing file /home/airflow/.local/lib/python3.8/site-packages/airflow/example_dags/example_external_task_marker_dag.py for tasks to queue
[2025-11-27T08:21:04.169+0000] {logging_mixin.py:188} INFO - [2025-11-27T08:21:04.169+0000] {dagbag.py:538} INFO - Filling up the DagBag from /home/airflow/.local/lib/python3.8/site-packages/airflow/example_dags/example_external_task_marker_dag.py
[2025-11-27T08:21:04.176+0000] {processor.py:840} INFO - DAG(s) 'example_external_task_marker_parent', 'example_external_task_marker_child' retrieved from /home/airflow/.local/lib/python3.8/site-packages/airflow/example_dags/example_external_task_marker_dag.py
[2025-11-27T08:21:04.199+0000] {logging_mixin.py:188} INFO - [2025-11-27T08:21:04.198+0000] {dag.py:3036} INFO - Sync 2 DAGs
[2025-11-27T08:21:04.210+0000] {logging_mixin.py:188} INFO - [2025-11-27T08:21:04.210+0000] {dag.py:3823} INFO - Setting next_dagrun for example_external_task_marker_child to None, run_after=None
[2025-11-27T08:21:04.214+0000] {logging_mixin.py:188} INFO - [2025-11-27T08:21:04.213+0000] {dag.py:3823} INFO - Setting next_dagrun for example_external_task_marker_parent to None, run_after=None
[2025-11-27T08:21:04.232+0000] {processor.py:183} INFO - Processing /home/airflow/.local/lib/python3.8/site-packages/airflow/example_dags/example_external_task_marker_dag.py took 0.069 seconds
