[2025-11-27T07:49:58.268+0000] {processor.py:161} INFO - Started process (PID=59) to work on /home/airflow/.local/lib/python3.8/site-packages/airflow/example_dags/example_branch_datetime_operator.py
[2025-11-27T07:49:58.269+0000] {processor.py:830} INFO - Processing file /home/airflow/.local/lib/python3.8/site-packages/airflow/example_dags/example_branch_datetime_operator.py for tasks to queue
[2025-11-27T07:49:58.271+0000] {logging_mixin.py:188} INFO - [2025-11-27T07:49:58.271+0000] {dagbag.py:538} INFO - Filling up the DagBag from /home/airflow/.local/lib/python3.8/site-packages/airflow/example_dags/example_branch_datetime_operator.py
[2025-11-27T07:49:58.284+0000] {processor.py:840} INFO - DAG(s) 'example_branch_datetime_operator_2', 'example_branch_datetime_operator', 'example_branch_datetime_operator_3' retrieved from /home/airflow/.local/lib/python3.8/site-packages/airflow/example_dags/example_branch_datetime_operator.py
[2025-11-27T07:49:58.299+0000] {logging_mixin.py:188} INFO - [2025-11-27T07:49:58.299+0000] {dag.py:3036} INFO - Sync 3 DAGs
[2025-11-27T07:49:58.324+0000] {logging_mixin.py:188} INFO - [2025-11-27T07:49:58.323+0000] {dag.py:3823} INFO - Setting next_dagrun for example_branch_datetime_operator to 2025-11-26 00:00:00+00:00, run_after=2025-11-27 00:00:00+00:00
[2025-11-27T07:49:58.328+0000] {logging_mixin.py:188} INFO - [2025-11-27T07:49:58.328+0000] {dag.py:3823} INFO - Setting next_dagrun for example_branch_datetime_operator_2 to 2025-11-26 00:00:00+00:00, run_after=2025-11-27 00:00:00+00:00
[2025-11-27T07:49:58.330+0000] {logging_mixin.py:188} INFO - [2025-11-27T07:49:58.330+0000] {dag.py:3823} INFO - Setting next_dagrun for example_branch_datetime_operator_3 to 2025-11-26 00:00:00+00:00, run_after=2025-11-27 00:00:00+00:00
[2025-11-27T07:49:58.350+0000] {processor.py:183} INFO - Processing /home/airflow/.local/lib/python3.8/site-packages/airflow/example_dags/example_branch_datetime_operator.py took 0.085 seconds
[2025-11-27T07:50:31.198+0000] {processor.py:161} INFO - Started process (PID=115) to work on /home/airflow/.local/lib/python3.8/site-packages/airflow/example_dags/example_branch_datetime_operator.py
[2025-11-27T07:50:31.200+0000] {processor.py:830} INFO - Processing file /home/airflow/.local/lib/python3.8/site-packages/airflow/example_dags/example_branch_datetime_operator.py for tasks to queue
[2025-11-27T07:50:31.201+0000] {logging_mixin.py:188} INFO - [2025-11-27T07:50:31.201+0000] {dagbag.py:538} INFO - Filling up the DagBag from /home/airflow/.local/lib/python3.8/site-packages/airflow/example_dags/example_branch_datetime_operator.py
[2025-11-27T07:50:31.209+0000] {processor.py:840} INFO - DAG(s) 'example_branch_datetime_operator_3', 'example_branch_datetime_operator_2', 'example_branch_datetime_operator' retrieved from /home/airflow/.local/lib/python3.8/site-packages/airflow/example_dags/example_branch_datetime_operator.py
[2025-11-27T07:50:31.297+0000] {logging_mixin.py:188} INFO - [2025-11-27T07:50:31.297+0000] {dag.py:3036} INFO - Sync 3 DAGs
[2025-11-27T07:50:31.314+0000] {logging_mixin.py:188} INFO - [2025-11-27T07:50:31.314+0000] {dag.py:3823} INFO - Setting next_dagrun for example_branch_datetime_operator to 2025-11-26 00:00:00+00:00, run_after=2025-11-27 00:00:00+00:00
[2025-11-27T07:50:31.318+0000] {logging_mixin.py:188} INFO - [2025-11-27T07:50:31.318+0000] {dag.py:3823} INFO - Setting next_dagrun for example_branch_datetime_operator_2 to 2025-11-26 00:00:00+00:00, run_after=2025-11-27 00:00:00+00:00
[2025-11-27T07:50:31.320+0000] {logging_mixin.py:188} INFO - [2025-11-27T07:50:31.320+0000] {dag.py:3823} INFO - Setting next_dagrun for example_branch_datetime_operator_3 to 2025-11-26 00:00:00+00:00, run_after=2025-11-27 00:00:00+00:00
[2025-11-27T07:50:31.338+0000] {processor.py:183} INFO - Processing /home/airflow/.local/lib/python3.8/site-packages/airflow/example_dags/example_branch_datetime_operator.py took 0.142 seconds
[2025-11-27T07:51:03.236+0000] {processor.py:161} INFO - Started process (PID=171) to work on /home/airflow/.local/lib/python3.8/site-packages/airflow/example_dags/example_branch_datetime_operator.py
[2025-11-27T07:51:03.237+0000] {processor.py:830} INFO - Processing file /home/airflow/.local/lib/python3.8/site-packages/airflow/example_dags/example_branch_datetime_operator.py for tasks to queue
[2025-11-27T07:51:03.239+0000] {logging_mixin.py:188} INFO - [2025-11-27T07:51:03.239+0000] {dagbag.py:538} INFO - Filling up the DagBag from /home/airflow/.local/lib/python3.8/site-packages/airflow/example_dags/example_branch_datetime_operator.py
[2025-11-27T07:51:03.247+0000] {processor.py:840} INFO - DAG(s) 'example_branch_datetime_operator_3', 'example_branch_datetime_operator', 'example_branch_datetime_operator_2' retrieved from /home/airflow/.local/lib/python3.8/site-packages/airflow/example_dags/example_branch_datetime_operator.py
[2025-11-27T07:51:03.267+0000] {logging_mixin.py:188} INFO - [2025-11-27T07:51:03.267+0000] {dag.py:3036} INFO - Sync 3 DAGs
[2025-11-27T07:51:03.281+0000] {logging_mixin.py:188} INFO - [2025-11-27T07:51:03.281+0000] {dag.py:3823} INFO - Setting next_dagrun for example_branch_datetime_operator to 2025-11-26 00:00:00+00:00, run_after=2025-11-27 00:00:00+00:00
[2025-11-27T07:51:03.284+0000] {logging_mixin.py:188} INFO - [2025-11-27T07:51:03.284+0000] {dag.py:3823} INFO - Setting next_dagrun for example_branch_datetime_operator_2 to 2025-11-26 00:00:00+00:00, run_after=2025-11-27 00:00:00+00:00
[2025-11-27T07:51:03.286+0000] {logging_mixin.py:188} INFO - [2025-11-27T07:51:03.286+0000] {dag.py:3823} INFO - Setting next_dagrun for example_branch_datetime_operator_3 to 2025-11-26 00:00:00+00:00, run_after=2025-11-27 00:00:00+00:00
[2025-11-27T07:51:03.301+0000] {processor.py:183} INFO - Processing /home/airflow/.local/lib/python3.8/site-packages/airflow/example_dags/example_branch_datetime_operator.py took 0.067 seconds
[2025-11-27T07:51:33.995+0000] {processor.py:161} INFO - Started process (PID=227) to work on /home/airflow/.local/lib/python3.8/site-packages/airflow/example_dags/example_branch_datetime_operator.py
[2025-11-27T07:51:33.996+0000] {processor.py:830} INFO - Processing file /home/airflow/.local/lib/python3.8/site-packages/airflow/example_dags/example_branch_datetime_operator.py for tasks to queue
[2025-11-27T07:51:33.998+0000] {logging_mixin.py:188} INFO - [2025-11-27T07:51:33.997+0000] {dagbag.py:538} INFO - Filling up the DagBag from /home/airflow/.local/lib/python3.8/site-packages/airflow/example_dags/example_branch_datetime_operator.py
[2025-11-27T07:51:34.005+0000] {processor.py:840} INFO - DAG(s) 'example_branch_datetime_operator', 'example_branch_datetime_operator_3', 'example_branch_datetime_operator_2' retrieved from /home/airflow/.local/lib/python3.8/site-packages/airflow/example_dags/example_branch_datetime_operator.py
[2025-11-27T07:51:34.030+0000] {logging_mixin.py:188} INFO - [2025-11-27T07:51:34.029+0000] {dag.py:3036} INFO - Sync 3 DAGs
[2025-11-27T07:51:34.048+0000] {logging_mixin.py:188} INFO - [2025-11-27T07:51:34.048+0000] {dag.py:3823} INFO - Setting next_dagrun for example_branch_datetime_operator to 2025-11-26 00:00:00+00:00, run_after=2025-11-27 00:00:00+00:00
[2025-11-27T07:51:34.052+0000] {logging_mixin.py:188} INFO - [2025-11-27T07:51:34.052+0000] {dag.py:3823} INFO - Setting next_dagrun for example_branch_datetime_operator_2 to 2025-11-26 00:00:00+00:00, run_after=2025-11-27 00:00:00+00:00
[2025-11-27T07:51:34.054+0000] {logging_mixin.py:188} INFO - [2025-11-27T07:51:34.054+0000] {dag.py:3823} INFO - Setting next_dagrun for example_branch_datetime_operator_3 to 2025-11-26 00:00:00+00:00, run_after=2025-11-27 00:00:00+00:00
[2025-11-27T07:51:35.651+0000] {processor.py:183} INFO - Processing /home/airflow/.local/lib/python3.8/site-packages/airflow/example_dags/example_branch_datetime_operator.py took 0.077 seconds
[2025-11-27T07:52:08.733+0000] {processor.py:161} INFO - Started process (PID=283) to work on /home/airflow/.local/lib/python3.8/site-packages/airflow/example_dags/example_branch_datetime_operator.py
[2025-11-27T07:52:08.734+0000] {processor.py:830} INFO - Processing file /home/airflow/.local/lib/python3.8/site-packages/airflow/example_dags/example_branch_datetime_operator.py for tasks to queue
[2025-11-27T07:52:08.736+0000] {logging_mixin.py:188} INFO - [2025-11-27T07:52:08.736+0000] {dagbag.py:538} INFO - Filling up the DagBag from /home/airflow/.local/lib/python3.8/site-packages/airflow/example_dags/example_branch_datetime_operator.py
[2025-11-27T07:52:08.742+0000] {processor.py:840} INFO - DAG(s) 'example_branch_datetime_operator_3', 'example_branch_datetime_operator_2', 'example_branch_datetime_operator' retrieved from /home/airflow/.local/lib/python3.8/site-packages/airflow/example_dags/example_branch_datetime_operator.py
[2025-11-27T07:52:08.766+0000] {logging_mixin.py:188} INFO - [2025-11-27T07:52:08.766+0000] {dag.py:3036} INFO - Sync 3 DAGs
[2025-11-27T07:52:08.785+0000] {logging_mixin.py:188} INFO - [2025-11-27T07:52:08.785+0000] {dag.py:3823} INFO - Setting next_dagrun for example_branch_datetime_operator to 2025-11-26 00:00:00+00:00, run_after=2025-11-27 00:00:00+00:00
[2025-11-27T07:52:08.788+0000] {logging_mixin.py:188} INFO - [2025-11-27T07:52:08.788+0000] {dag.py:3823} INFO - Setting next_dagrun for example_branch_datetime_operator_2 to 2025-11-26 00:00:00+00:00, run_after=2025-11-27 00:00:00+00:00
[2025-11-27T07:52:08.790+0000] {logging_mixin.py:188} INFO - [2025-11-27T07:52:08.790+0000] {dag.py:3823} INFO - Setting next_dagrun for example_branch_datetime_operator_3 to 2025-11-26 00:00:00+00:00, run_after=2025-11-27 00:00:00+00:00
[2025-11-27T07:52:08.805+0000] {processor.py:183} INFO - Processing /home/airflow/.local/lib/python3.8/site-packages/airflow/example_dags/example_branch_datetime_operator.py took 0.075 seconds
[2025-11-27T08:08:14.164+0000] {processor.py:161} INFO - Started process (PID=121) to work on /home/airflow/.local/lib/python3.8/site-packages/airflow/example_dags/example_branch_datetime_operator.py
[2025-11-27T08:08:14.165+0000] {processor.py:830} INFO - Processing file /home/airflow/.local/lib/python3.8/site-packages/airflow/example_dags/example_branch_datetime_operator.py for tasks to queue
[2025-11-27T08:08:14.167+0000] {logging_mixin.py:188} INFO - [2025-11-27T08:08:14.166+0000] {dagbag.py:538} INFO - Filling up the DagBag from /home/airflow/.local/lib/python3.8/site-packages/airflow/example_dags/example_branch_datetime_operator.py
[2025-11-27T08:08:14.176+0000] {processor.py:840} INFO - DAG(s) 'example_branch_datetime_operator_3', 'example_branch_datetime_operator', 'example_branch_datetime_operator_2' retrieved from /home/airflow/.local/lib/python3.8/site-packages/airflow/example_dags/example_branch_datetime_operator.py
[2025-11-27T08:08:14.189+0000] {logging_mixin.py:188} INFO - [2025-11-27T08:08:14.189+0000] {dag.py:3036} INFO - Sync 3 DAGs
[2025-11-27T08:08:14.209+0000] {logging_mixin.py:188} INFO - [2025-11-27T08:08:14.208+0000] {dag.py:3823} INFO - Setting next_dagrun for example_branch_datetime_operator to 2025-11-26 00:00:00+00:00, run_after=2025-11-27 00:00:00+00:00
[2025-11-27T08:08:14.212+0000] {logging_mixin.py:188} INFO - [2025-11-27T08:08:14.212+0000] {dag.py:3823} INFO - Setting next_dagrun for example_branch_datetime_operator_2 to 2025-11-26 00:00:00+00:00, run_after=2025-11-27 00:00:00+00:00
[2025-11-27T08:08:14.215+0000] {logging_mixin.py:188} INFO - [2025-11-27T08:08:14.215+0000] {dag.py:3823} INFO - Setting next_dagrun for example_branch_datetime_operator_3 to 2025-11-26 00:00:00+00:00, run_after=2025-11-27 00:00:00+00:00
[2025-11-27T08:08:14.232+0000] {processor.py:183} INFO - Processing /home/airflow/.local/lib/python3.8/site-packages/airflow/example_dags/example_branch_datetime_operator.py took 0.071 seconds
[2025-11-27T08:08:44.825+0000] {processor.py:161} INFO - Started process (PID=177) to work on /home/airflow/.local/lib/python3.8/site-packages/airflow/example_dags/example_branch_datetime_operator.py
[2025-11-27T08:08:44.827+0000] {processor.py:830} INFO - Processing file /home/airflow/.local/lib/python3.8/site-packages/airflow/example_dags/example_branch_datetime_operator.py for tasks to queue
[2025-11-27T08:08:44.834+0000] {logging_mixin.py:188} INFO - [2025-11-27T08:08:44.834+0000] {dagbag.py:538} INFO - Filling up the DagBag from /home/airflow/.local/lib/python3.8/site-packages/airflow/example_dags/example_branch_datetime_operator.py
[2025-11-27T08:08:44.857+0000] {processor.py:840} INFO - DAG(s) 'example_branch_datetime_operator', 'example_branch_datetime_operator_2', 'example_branch_datetime_operator_3' retrieved from /home/airflow/.local/lib/python3.8/site-packages/airflow/example_dags/example_branch_datetime_operator.py
[2025-11-27T08:08:45.098+0000] {logging_mixin.py:188} INFO - [2025-11-27T08:08:45.097+0000] {dag.py:3036} INFO - Sync 3 DAGs
[2025-11-27T08:08:45.115+0000] {logging_mixin.py:188} INFO - [2025-11-27T08:08:45.114+0000] {dag.py:3823} INFO - Setting next_dagrun for example_branch_datetime_operator to 2025-11-26 00:00:00+00:00, run_after=2025-11-27 00:00:00+00:00
[2025-11-27T08:08:45.119+0000] {logging_mixin.py:188} INFO - [2025-11-27T08:08:45.119+0000] {dag.py:3823} INFO - Setting next_dagrun for example_branch_datetime_operator_2 to 2025-11-26 00:00:00+00:00, run_after=2025-11-27 00:00:00+00:00
[2025-11-27T08:08:45.122+0000] {logging_mixin.py:188} INFO - [2025-11-27T08:08:45.121+0000] {dag.py:3823} INFO - Setting next_dagrun for example_branch_datetime_operator_3 to 2025-11-26 00:00:00+00:00, run_after=2025-11-27 00:00:00+00:00
[2025-11-27T08:08:45.141+0000] {processor.py:183} INFO - Processing /home/airflow/.local/lib/python3.8/site-packages/airflow/example_dags/example_branch_datetime_operator.py took 0.322 seconds
[2025-11-27T08:09:15.565+0000] {processor.py:161} INFO - Started process (PID=233) to work on /home/airflow/.local/lib/python3.8/site-packages/airflow/example_dags/example_branch_datetime_operator.py
[2025-11-27T08:09:15.567+0000] {processor.py:830} INFO - Processing file /home/airflow/.local/lib/python3.8/site-packages/airflow/example_dags/example_branch_datetime_operator.py for tasks to queue
[2025-11-27T08:09:15.570+0000] {logging_mixin.py:188} INFO - [2025-11-27T08:09:15.570+0000] {dagbag.py:538} INFO - Filling up the DagBag from /home/airflow/.local/lib/python3.8/site-packages/airflow/example_dags/example_branch_datetime_operator.py
[2025-11-27T08:09:15.588+0000] {processor.py:840} INFO - DAG(s) 'example_branch_datetime_operator', 'example_branch_datetime_operator_3', 'example_branch_datetime_operator_2' retrieved from /home/airflow/.local/lib/python3.8/site-packages/airflow/example_dags/example_branch_datetime_operator.py
[2025-11-27T08:09:15.684+0000] {logging_mixin.py:188} INFO - [2025-11-27T08:09:15.684+0000] {dag.py:3036} INFO - Sync 3 DAGs
[2025-11-27T08:09:15.714+0000] {logging_mixin.py:188} INFO - [2025-11-27T08:09:15.714+0000] {dag.py:3823} INFO - Setting next_dagrun for example_branch_datetime_operator to 2025-11-26 00:00:00+00:00, run_after=2025-11-27 00:00:00+00:00
[2025-11-27T08:09:15.719+0000] {logging_mixin.py:188} INFO - [2025-11-27T08:09:15.719+0000] {dag.py:3823} INFO - Setting next_dagrun for example_branch_datetime_operator_2 to 2025-11-26 00:00:00+00:00, run_after=2025-11-27 00:00:00+00:00
[2025-11-27T08:09:15.723+0000] {logging_mixin.py:188} INFO - [2025-11-27T08:09:15.722+0000] {dag.py:3823} INFO - Setting next_dagrun for example_branch_datetime_operator_3 to 2025-11-26 00:00:00+00:00, run_after=2025-11-27 00:00:00+00:00
[2025-11-27T08:09:15.743+0000] {processor.py:183} INFO - Processing /home/airflow/.local/lib/python3.8/site-packages/airflow/example_dags/example_branch_datetime_operator.py took 0.182 seconds
[2025-11-27T08:09:45.988+0000] {processor.py:161} INFO - Started process (PID=289) to work on /home/airflow/.local/lib/python3.8/site-packages/airflow/example_dags/example_branch_datetime_operator.py
[2025-11-27T08:09:45.989+0000] {processor.py:830} INFO - Processing file /home/airflow/.local/lib/python3.8/site-packages/airflow/example_dags/example_branch_datetime_operator.py for tasks to queue
[2025-11-27T08:09:45.992+0000] {logging_mixin.py:188} INFO - [2025-11-27T08:09:45.992+0000] {dagbag.py:538} INFO - Filling up the DagBag from /home/airflow/.local/lib/python3.8/site-packages/airflow/example_dags/example_branch_datetime_operator.py
[2025-11-27T08:09:45.999+0000] {processor.py:840} INFO - DAG(s) 'example_branch_datetime_operator_3', 'example_branch_datetime_operator_2', 'example_branch_datetime_operator' retrieved from /home/airflow/.local/lib/python3.8/site-packages/airflow/example_dags/example_branch_datetime_operator.py
[2025-11-27T08:09:46.021+0000] {logging_mixin.py:188} INFO - [2025-11-27T08:09:46.021+0000] {dag.py:3036} INFO - Sync 3 DAGs
[2025-11-27T08:09:46.038+0000] {logging_mixin.py:188} INFO - [2025-11-27T08:09:46.037+0000] {dag.py:3823} INFO - Setting next_dagrun for example_branch_datetime_operator to 2025-11-26 00:00:00+00:00, run_after=2025-11-27 00:00:00+00:00
[2025-11-27T08:09:46.041+0000] {logging_mixin.py:188} INFO - [2025-11-27T08:09:46.041+0000] {dag.py:3823} INFO - Setting next_dagrun for example_branch_datetime_operator_2 to 2025-11-26 00:00:00+00:00, run_after=2025-11-27 00:00:00+00:00
[2025-11-27T08:09:46.043+0000] {logging_mixin.py:188} INFO - [2025-11-27T08:09:46.043+0000] {dag.py:3823} INFO - Setting next_dagrun for example_branch_datetime_operator_3 to 2025-11-26 00:00:00+00:00, run_after=2025-11-27 00:00:00+00:00
[2025-11-27T08:09:46.059+0000] {processor.py:183} INFO - Processing /home/airflow/.local/lib/python3.8/site-packages/airflow/example_dags/example_branch_datetime_operator.py took 0.073 seconds
[2025-11-27T08:10:16.489+0000] {processor.py:161} INFO - Started process (PID=345) to work on /home/airflow/.local/lib/python3.8/site-packages/airflow/example_dags/example_branch_datetime_operator.py
[2025-11-27T08:10:16.490+0000] {processor.py:830} INFO - Processing file /home/airflow/.local/lib/python3.8/site-packages/airflow/example_dags/example_branch_datetime_operator.py for tasks to queue
[2025-11-27T08:10:16.493+0000] {logging_mixin.py:188} INFO - [2025-11-27T08:10:16.493+0000] {dagbag.py:538} INFO - Filling up the DagBag from /home/airflow/.local/lib/python3.8/site-packages/airflow/example_dags/example_branch_datetime_operator.py
[2025-11-27T08:10:16.501+0000] {processor.py:840} INFO - DAG(s) 'example_branch_datetime_operator_3', 'example_branch_datetime_operator_2', 'example_branch_datetime_operator' retrieved from /home/airflow/.local/lib/python3.8/site-packages/airflow/example_dags/example_branch_datetime_operator.py
[2025-11-27T08:10:16.523+0000] {logging_mixin.py:188} INFO - [2025-11-27T08:10:16.523+0000] {dag.py:3036} INFO - Sync 3 DAGs
[2025-11-27T08:10:16.537+0000] {logging_mixin.py:188} INFO - [2025-11-27T08:10:16.537+0000] {dag.py:3823} INFO - Setting next_dagrun for example_branch_datetime_operator to 2025-11-26 00:00:00+00:00, run_after=2025-11-27 00:00:00+00:00
[2025-11-27T08:10:16.541+0000] {logging_mixin.py:188} INFO - [2025-11-27T08:10:16.541+0000] {dag.py:3823} INFO - Setting next_dagrun for example_branch_datetime_operator_2 to 2025-11-26 00:00:00+00:00, run_after=2025-11-27 00:00:00+00:00
[2025-11-27T08:10:16.543+0000] {logging_mixin.py:188} INFO - [2025-11-27T08:10:16.543+0000] {dag.py:3823} INFO - Setting next_dagrun for example_branch_datetime_operator_3 to 2025-11-26 00:00:00+00:00, run_after=2025-11-27 00:00:00+00:00
[2025-11-27T08:10:16.558+0000] {processor.py:183} INFO - Processing /home/airflow/.local/lib/python3.8/site-packages/airflow/example_dags/example_branch_datetime_operator.py took 0.072 seconds
[2025-11-27T08:10:47.393+0000] {processor.py:161} INFO - Started process (PID=402) to work on /home/airflow/.local/lib/python3.8/site-packages/airflow/example_dags/example_branch_datetime_operator.py
[2025-11-27T08:10:47.394+0000] {processor.py:830} INFO - Processing file /home/airflow/.local/lib/python3.8/site-packages/airflow/example_dags/example_branch_datetime_operator.py for tasks to queue
[2025-11-27T08:10:47.396+0000] {logging_mixin.py:188} INFO - [2025-11-27T08:10:47.396+0000] {dagbag.py:538} INFO - Filling up the DagBag from /home/airflow/.local/lib/python3.8/site-packages/airflow/example_dags/example_branch_datetime_operator.py
[2025-11-27T08:10:47.405+0000] {processor.py:840} INFO - DAG(s) 'example_branch_datetime_operator_2', 'example_branch_datetime_operator_3', 'example_branch_datetime_operator' retrieved from /home/airflow/.local/lib/python3.8/site-packages/airflow/example_dags/example_branch_datetime_operator.py
[2025-11-27T08:10:47.430+0000] {logging_mixin.py:188} INFO - [2025-11-27T08:10:47.430+0000] {dag.py:3036} INFO - Sync 3 DAGs
[2025-11-27T08:10:47.447+0000] {logging_mixin.py:188} INFO - [2025-11-27T08:10:47.447+0000] {dag.py:3823} INFO - Setting next_dagrun for example_branch_datetime_operator to 2025-11-26 00:00:00+00:00, run_after=2025-11-27 00:00:00+00:00
[2025-11-27T08:10:47.451+0000] {logging_mixin.py:188} INFO - [2025-11-27T08:10:47.451+0000] {dag.py:3823} INFO - Setting next_dagrun for example_branch_datetime_operator_2 to 2025-11-26 00:00:00+00:00, run_after=2025-11-27 00:00:00+00:00
[2025-11-27T08:10:47.453+0000] {logging_mixin.py:188} INFO - [2025-11-27T08:10:47.453+0000] {dag.py:3823} INFO - Setting next_dagrun for example_branch_datetime_operator_3 to 2025-11-26 00:00:00+00:00, run_after=2025-11-27 00:00:00+00:00
[2025-11-27T08:10:47.469+0000] {processor.py:183} INFO - Processing /home/airflow/.local/lib/python3.8/site-packages/airflow/example_dags/example_branch_datetime_operator.py took 0.079 seconds
[2025-11-27T08:11:18.440+0000] {processor.py:161} INFO - Started process (PID=458) to work on /home/airflow/.local/lib/python3.8/site-packages/airflow/example_dags/example_branch_datetime_operator.py
[2025-11-27T08:11:18.441+0000] {processor.py:830} INFO - Processing file /home/airflow/.local/lib/python3.8/site-packages/airflow/example_dags/example_branch_datetime_operator.py for tasks to queue
[2025-11-27T08:11:18.443+0000] {logging_mixin.py:188} INFO - [2025-11-27T08:11:18.443+0000] {dagbag.py:538} INFO - Filling up the DagBag from /home/airflow/.local/lib/python3.8/site-packages/airflow/example_dags/example_branch_datetime_operator.py
[2025-11-27T08:11:18.451+0000] {processor.py:840} INFO - DAG(s) 'example_branch_datetime_operator_2', 'example_branch_datetime_operator', 'example_branch_datetime_operator_3' retrieved from /home/airflow/.local/lib/python3.8/site-packages/airflow/example_dags/example_branch_datetime_operator.py
[2025-11-27T08:11:18.474+0000] {logging_mixin.py:188} INFO - [2025-11-27T08:11:18.473+0000] {dag.py:3036} INFO - Sync 3 DAGs
[2025-11-27T08:11:18.490+0000] {logging_mixin.py:188} INFO - [2025-11-27T08:11:18.490+0000] {dag.py:3823} INFO - Setting next_dagrun for example_branch_datetime_operator to 2025-11-26 00:00:00+00:00, run_after=2025-11-27 00:00:00+00:00
[2025-11-27T08:11:18.495+0000] {logging_mixin.py:188} INFO - [2025-11-27T08:11:18.494+0000] {dag.py:3823} INFO - Setting next_dagrun for example_branch_datetime_operator_2 to 2025-11-26 00:00:00+00:00, run_after=2025-11-27 00:00:00+00:00
[2025-11-27T08:11:18.497+0000] {logging_mixin.py:188} INFO - [2025-11-27T08:11:18.497+0000] {dag.py:3823} INFO - Setting next_dagrun for example_branch_datetime_operator_3 to 2025-11-26 00:00:00+00:00, run_after=2025-11-27 00:00:00+00:00
[2025-11-27T08:11:18.515+0000] {processor.py:183} INFO - Processing /home/airflow/.local/lib/python3.8/site-packages/airflow/example_dags/example_branch_datetime_operator.py took 0.077 seconds
[2025-11-27T08:11:49.108+0000] {processor.py:161} INFO - Started process (PID=514) to work on /home/airflow/.local/lib/python3.8/site-packages/airflow/example_dags/example_branch_datetime_operator.py
[2025-11-27T08:11:49.109+0000] {processor.py:830} INFO - Processing file /home/airflow/.local/lib/python3.8/site-packages/airflow/example_dags/example_branch_datetime_operator.py for tasks to queue
[2025-11-27T08:11:49.110+0000] {logging_mixin.py:188} INFO - [2025-11-27T08:11:49.110+0000] {dagbag.py:538} INFO - Filling up the DagBag from /home/airflow/.local/lib/python3.8/site-packages/airflow/example_dags/example_branch_datetime_operator.py
[2025-11-27T08:11:49.121+0000] {processor.py:840} INFO - DAG(s) 'example_branch_datetime_operator_3', 'example_branch_datetime_operator', 'example_branch_datetime_operator_2' retrieved from /home/airflow/.local/lib/python3.8/site-packages/airflow/example_dags/example_branch_datetime_operator.py
[2025-11-27T08:11:49.142+0000] {logging_mixin.py:188} INFO - [2025-11-27T08:11:49.142+0000] {dag.py:3036} INFO - Sync 3 DAGs
[2025-11-27T08:11:49.157+0000] {logging_mixin.py:188} INFO - [2025-11-27T08:11:49.157+0000] {dag.py:3823} INFO - Setting next_dagrun for example_branch_datetime_operator to 2025-11-26 00:00:00+00:00, run_after=2025-11-27 00:00:00+00:00
[2025-11-27T08:11:49.161+0000] {logging_mixin.py:188} INFO - [2025-11-27T08:11:49.161+0000] {dag.py:3823} INFO - Setting next_dagrun for example_branch_datetime_operator_2 to 2025-11-26 00:00:00+00:00, run_after=2025-11-27 00:00:00+00:00
[2025-11-27T08:11:49.163+0000] {logging_mixin.py:188} INFO - [2025-11-27T08:11:49.163+0000] {dag.py:3823} INFO - Setting next_dagrun for example_branch_datetime_operator_3 to 2025-11-26 00:00:00+00:00, run_after=2025-11-27 00:00:00+00:00
[2025-11-27T08:11:49.180+0000] {processor.py:183} INFO - Processing /home/airflow/.local/lib/python3.8/site-packages/airflow/example_dags/example_branch_datetime_operator.py took 0.074 seconds
[2025-11-27T08:12:19.338+0000] {processor.py:161} INFO - Started process (PID=570) to work on /home/airflow/.local/lib/python3.8/site-packages/airflow/example_dags/example_branch_datetime_operator.py
[2025-11-27T08:12:19.340+0000] {processor.py:830} INFO - Processing file /home/airflow/.local/lib/python3.8/site-packages/airflow/example_dags/example_branch_datetime_operator.py for tasks to queue
[2025-11-27T08:12:19.341+0000] {logging_mixin.py:188} INFO - [2025-11-27T08:12:19.341+0000] {dagbag.py:538} INFO - Filling up the DagBag from /home/airflow/.local/lib/python3.8/site-packages/airflow/example_dags/example_branch_datetime_operator.py
[2025-11-27T08:12:19.348+0000] {processor.py:840} INFO - DAG(s) 'example_branch_datetime_operator_2', 'example_branch_datetime_operator', 'example_branch_datetime_operator_3' retrieved from /home/airflow/.local/lib/python3.8/site-packages/airflow/example_dags/example_branch_datetime_operator.py
[2025-11-27T08:12:19.365+0000] {logging_mixin.py:188} INFO - [2025-11-27T08:12:19.365+0000] {dag.py:3036} INFO - Sync 3 DAGs
[2025-11-27T08:12:19.378+0000] {logging_mixin.py:188} INFO - [2025-11-27T08:12:19.378+0000] {dag.py:3823} INFO - Setting next_dagrun for example_branch_datetime_operator to 2025-11-26 00:00:00+00:00, run_after=2025-11-27 00:00:00+00:00
[2025-11-27T08:12:19.382+0000] {logging_mixin.py:188} INFO - [2025-11-27T08:12:19.382+0000] {dag.py:3823} INFO - Setting next_dagrun for example_branch_datetime_operator_2 to 2025-11-26 00:00:00+00:00, run_after=2025-11-27 00:00:00+00:00
[2025-11-27T08:12:19.385+0000] {logging_mixin.py:188} INFO - [2025-11-27T08:12:19.385+0000] {dag.py:3823} INFO - Setting next_dagrun for example_branch_datetime_operator_3 to 2025-11-26 00:00:00+00:00, run_after=2025-11-27 00:00:00+00:00
[2025-11-27T08:12:19.401+0000] {processor.py:183} INFO - Processing /home/airflow/.local/lib/python3.8/site-packages/airflow/example_dags/example_branch_datetime_operator.py took 0.065 seconds
[2025-11-27T08:12:49.961+0000] {processor.py:161} INFO - Started process (PID=626) to work on /home/airflow/.local/lib/python3.8/site-packages/airflow/example_dags/example_branch_datetime_operator.py
[2025-11-27T08:12:49.962+0000] {processor.py:830} INFO - Processing file /home/airflow/.local/lib/python3.8/site-packages/airflow/example_dags/example_branch_datetime_operator.py for tasks to queue
[2025-11-27T08:12:49.964+0000] {logging_mixin.py:188} INFO - [2025-11-27T08:12:49.963+0000] {dagbag.py:538} INFO - Filling up the DagBag from /home/airflow/.local/lib/python3.8/site-packages/airflow/example_dags/example_branch_datetime_operator.py
[2025-11-27T08:12:49.971+0000] {processor.py:840} INFO - DAG(s) 'example_branch_datetime_operator_2', 'example_branch_datetime_operator', 'example_branch_datetime_operator_3' retrieved from /home/airflow/.local/lib/python3.8/site-packages/airflow/example_dags/example_branch_datetime_operator.py
[2025-11-27T08:12:49.999+0000] {logging_mixin.py:188} INFO - [2025-11-27T08:12:49.998+0000] {dag.py:3036} INFO - Sync 3 DAGs
[2025-11-27T08:12:50.026+0000] {logging_mixin.py:188} INFO - [2025-11-27T08:12:50.026+0000] {dag.py:3823} INFO - Setting next_dagrun for example_branch_datetime_operator to 2025-11-26 00:00:00+00:00, run_after=2025-11-27 00:00:00+00:00
[2025-11-27T08:12:50.032+0000] {logging_mixin.py:188} INFO - [2025-11-27T08:12:50.032+0000] {dag.py:3823} INFO - Setting next_dagrun for example_branch_datetime_operator_2 to 2025-11-26 00:00:00+00:00, run_after=2025-11-27 00:00:00+00:00
[2025-11-27T08:12:50.036+0000] {logging_mixin.py:188} INFO - [2025-11-27T08:12:50.036+0000] {dag.py:3823} INFO - Setting next_dagrun for example_branch_datetime_operator_3 to 2025-11-26 00:00:00+00:00, run_after=2025-11-27 00:00:00+00:00
[2025-11-27T08:12:50.054+0000] {processor.py:183} INFO - Processing /home/airflow/.local/lib/python3.8/site-packages/airflow/example_dags/example_branch_datetime_operator.py took 0.096 seconds
[2025-11-27T08:13:20.634+0000] {processor.py:161} INFO - Started process (PID=682) to work on /home/airflow/.local/lib/python3.8/site-packages/airflow/example_dags/example_branch_datetime_operator.py
[2025-11-27T08:13:20.636+0000] {processor.py:830} INFO - Processing file /home/airflow/.local/lib/python3.8/site-packages/airflow/example_dags/example_branch_datetime_operator.py for tasks to queue
[2025-11-27T08:13:20.638+0000] {logging_mixin.py:188} INFO - [2025-11-27T08:13:20.638+0000] {dagbag.py:538} INFO - Filling up the DagBag from /home/airflow/.local/lib/python3.8/site-packages/airflow/example_dags/example_branch_datetime_operator.py
[2025-11-27T08:13:20.645+0000] {processor.py:840} INFO - DAG(s) 'example_branch_datetime_operator', 'example_branch_datetime_operator_3', 'example_branch_datetime_operator_2' retrieved from /home/airflow/.local/lib/python3.8/site-packages/airflow/example_dags/example_branch_datetime_operator.py
[2025-11-27T08:13:20.663+0000] {logging_mixin.py:188} INFO - [2025-11-27T08:13:20.663+0000] {dag.py:3036} INFO - Sync 3 DAGs
[2025-11-27T08:13:20.679+0000] {logging_mixin.py:188} INFO - [2025-11-27T08:13:20.679+0000] {dag.py:3823} INFO - Setting next_dagrun for example_branch_datetime_operator to 2025-11-26 00:00:00+00:00, run_after=2025-11-27 00:00:00+00:00
[2025-11-27T08:13:20.682+0000] {logging_mixin.py:188} INFO - [2025-11-27T08:13:20.682+0000] {dag.py:3823} INFO - Setting next_dagrun for example_branch_datetime_operator_2 to 2025-11-26 00:00:00+00:00, run_after=2025-11-27 00:00:00+00:00
[2025-11-27T08:13:20.685+0000] {logging_mixin.py:188} INFO - [2025-11-27T08:13:20.684+0000] {dag.py:3823} INFO - Setting next_dagrun for example_branch_datetime_operator_3 to 2025-11-26 00:00:00+00:00, run_after=2025-11-27 00:00:00+00:00
[2025-11-27T08:13:20.699+0000] {processor.py:183} INFO - Processing /home/airflow/.local/lib/python3.8/site-packages/airflow/example_dags/example_branch_datetime_operator.py took 0.067 seconds
[2025-11-27T08:13:51.033+0000] {processor.py:161} INFO - Started process (PID=738) to work on /home/airflow/.local/lib/python3.8/site-packages/airflow/example_dags/example_branch_datetime_operator.py
[2025-11-27T08:13:51.034+0000] {processor.py:830} INFO - Processing file /home/airflow/.local/lib/python3.8/site-packages/airflow/example_dags/example_branch_datetime_operator.py for tasks to queue
[2025-11-27T08:13:51.036+0000] {logging_mixin.py:188} INFO - [2025-11-27T08:13:51.035+0000] {dagbag.py:538} INFO - Filling up the DagBag from /home/airflow/.local/lib/python3.8/site-packages/airflow/example_dags/example_branch_datetime_operator.py
[2025-11-27T08:13:51.043+0000] {processor.py:840} INFO - DAG(s) 'example_branch_datetime_operator_3', 'example_branch_datetime_operator_2', 'example_branch_datetime_operator' retrieved from /home/airflow/.local/lib/python3.8/site-packages/airflow/example_dags/example_branch_datetime_operator.py
[2025-11-27T08:13:51.064+0000] {logging_mixin.py:188} INFO - [2025-11-27T08:13:51.064+0000] {dag.py:3036} INFO - Sync 3 DAGs
[2025-11-27T08:13:51.081+0000] {logging_mixin.py:188} INFO - [2025-11-27T08:13:51.081+0000] {dag.py:3823} INFO - Setting next_dagrun for example_branch_datetime_operator to 2025-11-26 00:00:00+00:00, run_after=2025-11-27 00:00:00+00:00
[2025-11-27T08:13:51.085+0000] {logging_mixin.py:188} INFO - [2025-11-27T08:13:51.084+0000] {dag.py:3823} INFO - Setting next_dagrun for example_branch_datetime_operator_2 to 2025-11-26 00:00:00+00:00, run_after=2025-11-27 00:00:00+00:00
[2025-11-27T08:13:51.087+0000] {logging_mixin.py:188} INFO - [2025-11-27T08:13:51.087+0000] {dag.py:3823} INFO - Setting next_dagrun for example_branch_datetime_operator_3 to 2025-11-26 00:00:00+00:00, run_after=2025-11-27 00:00:00+00:00
[2025-11-27T08:13:51.103+0000] {processor.py:183} INFO - Processing /home/airflow/.local/lib/python3.8/site-packages/airflow/example_dags/example_branch_datetime_operator.py took 0.073 seconds
[2025-11-27T08:14:23.421+0000] {processor.py:161} INFO - Started process (PID=794) to work on /home/airflow/.local/lib/python3.8/site-packages/airflow/example_dags/example_branch_datetime_operator.py
[2025-11-27T08:14:23.422+0000] {processor.py:830} INFO - Processing file /home/airflow/.local/lib/python3.8/site-packages/airflow/example_dags/example_branch_datetime_operator.py for tasks to queue
[2025-11-27T08:14:23.424+0000] {logging_mixin.py:188} INFO - [2025-11-27T08:14:23.424+0000] {dagbag.py:538} INFO - Filling up the DagBag from /home/airflow/.local/lib/python3.8/site-packages/airflow/example_dags/example_branch_datetime_operator.py
[2025-11-27T08:14:23.433+0000] {processor.py:840} INFO - DAG(s) 'example_branch_datetime_operator_2', 'example_branch_datetime_operator_3', 'example_branch_datetime_operator' retrieved from /home/airflow/.local/lib/python3.8/site-packages/airflow/example_dags/example_branch_datetime_operator.py
[2025-11-27T08:14:23.460+0000] {logging_mixin.py:188} INFO - [2025-11-27T08:14:23.460+0000] {dag.py:3036} INFO - Sync 3 DAGs
[2025-11-27T08:14:23.483+0000] {logging_mixin.py:188} INFO - [2025-11-27T08:14:23.482+0000] {dag.py:3823} INFO - Setting next_dagrun for example_branch_datetime_operator to 2025-11-26 00:00:00+00:00, run_after=2025-11-27 00:00:00+00:00
[2025-11-27T08:14:23.487+0000] {logging_mixin.py:188} INFO - [2025-11-27T08:14:23.487+0000] {dag.py:3823} INFO - Setting next_dagrun for example_branch_datetime_operator_2 to 2025-11-26 00:00:00+00:00, run_after=2025-11-27 00:00:00+00:00
[2025-11-27T08:14:23.489+0000] {logging_mixin.py:188} INFO - [2025-11-27T08:14:23.489+0000] {dag.py:3823} INFO - Setting next_dagrun for example_branch_datetime_operator_3 to 2025-11-26 00:00:00+00:00, run_after=2025-11-27 00:00:00+00:00
[2025-11-27T08:14:23.506+0000] {processor.py:183} INFO - Processing /home/airflow/.local/lib/python3.8/site-packages/airflow/example_dags/example_branch_datetime_operator.py took 0.087 seconds
[2025-11-27T08:14:55.768+0000] {processor.py:161} INFO - Started process (PID=850) to work on /home/airflow/.local/lib/python3.8/site-packages/airflow/example_dags/example_branch_datetime_operator.py
[2025-11-27T08:14:55.769+0000] {processor.py:830} INFO - Processing file /home/airflow/.local/lib/python3.8/site-packages/airflow/example_dags/example_branch_datetime_operator.py for tasks to queue
[2025-11-27T08:14:55.771+0000] {logging_mixin.py:188} INFO - [2025-11-27T08:14:55.771+0000] {dagbag.py:538} INFO - Filling up the DagBag from /home/airflow/.local/lib/python3.8/site-packages/airflow/example_dags/example_branch_datetime_operator.py
[2025-11-27T08:14:55.778+0000] {processor.py:840} INFO - DAG(s) 'example_branch_datetime_operator_3', 'example_branch_datetime_operator', 'example_branch_datetime_operator_2' retrieved from /home/airflow/.local/lib/python3.8/site-packages/airflow/example_dags/example_branch_datetime_operator.py
[2025-11-27T08:14:55.803+0000] {logging_mixin.py:188} INFO - [2025-11-27T08:14:55.802+0000] {dag.py:3036} INFO - Sync 3 DAGs
[2025-11-27T08:14:55.822+0000] {logging_mixin.py:188} INFO - [2025-11-27T08:14:55.822+0000] {dag.py:3823} INFO - Setting next_dagrun for example_branch_datetime_operator to 2025-11-26 00:00:00+00:00, run_after=2025-11-27 00:00:00+00:00
[2025-11-27T08:14:55.826+0000] {logging_mixin.py:188} INFO - [2025-11-27T08:14:55.826+0000] {dag.py:3823} INFO - Setting next_dagrun for example_branch_datetime_operator_2 to 2025-11-26 00:00:00+00:00, run_after=2025-11-27 00:00:00+00:00
[2025-11-27T08:14:55.829+0000] {logging_mixin.py:188} INFO - [2025-11-27T08:14:55.829+0000] {dag.py:3823} INFO - Setting next_dagrun for example_branch_datetime_operator_3 to 2025-11-26 00:00:00+00:00, run_after=2025-11-27 00:00:00+00:00
[2025-11-27T08:14:55.845+0000] {processor.py:183} INFO - Processing /home/airflow/.local/lib/python3.8/site-packages/airflow/example_dags/example_branch_datetime_operator.py took 0.081 seconds
[2025-11-27T08:16:28.456+0000] {processor.py:161} INFO - Started process (PID=121) to work on /home/airflow/.local/lib/python3.8/site-packages/airflow/example_dags/example_branch_datetime_operator.py
[2025-11-27T08:16:28.457+0000] {processor.py:830} INFO - Processing file /home/airflow/.local/lib/python3.8/site-packages/airflow/example_dags/example_branch_datetime_operator.py for tasks to queue
[2025-11-27T08:16:28.459+0000] {logging_mixin.py:188} INFO - [2025-11-27T08:16:28.458+0000] {dagbag.py:538} INFO - Filling up the DagBag from /home/airflow/.local/lib/python3.8/site-packages/airflow/example_dags/example_branch_datetime_operator.py
[2025-11-27T08:16:28.470+0000] {processor.py:840} INFO - DAG(s) 'example_branch_datetime_operator_2', 'example_branch_datetime_operator_3', 'example_branch_datetime_operator' retrieved from /home/airflow/.local/lib/python3.8/site-packages/airflow/example_dags/example_branch_datetime_operator.py
[2025-11-27T08:16:28.487+0000] {logging_mixin.py:188} INFO - [2025-11-27T08:16:28.487+0000] {dag.py:3036} INFO - Sync 3 DAGs
[2025-11-27T08:16:28.508+0000] {logging_mixin.py:188} INFO - [2025-11-27T08:16:28.508+0000] {dag.py:3823} INFO - Setting next_dagrun for example_branch_datetime_operator to 2025-11-26 00:00:00+00:00, run_after=2025-11-27 00:00:00+00:00
[2025-11-27T08:16:28.512+0000] {logging_mixin.py:188} INFO - [2025-11-27T08:16:28.512+0000] {dag.py:3823} INFO - Setting next_dagrun for example_branch_datetime_operator_2 to 2025-11-26 00:00:00+00:00, run_after=2025-11-27 00:00:00+00:00
[2025-11-27T08:16:28.515+0000] {logging_mixin.py:188} INFO - [2025-11-27T08:16:28.515+0000] {dag.py:3823} INFO - Setting next_dagrun for example_branch_datetime_operator_3 to 2025-11-26 00:00:00+00:00, run_after=2025-11-27 00:00:00+00:00
[2025-11-27T08:16:28.534+0000] {processor.py:183} INFO - Processing /home/airflow/.local/lib/python3.8/site-packages/airflow/example_dags/example_branch_datetime_operator.py took 0.081 seconds
[2025-11-27T08:16:59.175+0000] {processor.py:161} INFO - Started process (PID=178) to work on /home/airflow/.local/lib/python3.8/site-packages/airflow/example_dags/example_branch_datetime_operator.py
[2025-11-27T08:16:59.176+0000] {processor.py:830} INFO - Processing file /home/airflow/.local/lib/python3.8/site-packages/airflow/example_dags/example_branch_datetime_operator.py for tasks to queue
[2025-11-27T08:16:59.179+0000] {logging_mixin.py:188} INFO - [2025-11-27T08:16:59.178+0000] {dagbag.py:538} INFO - Filling up the DagBag from /home/airflow/.local/lib/python3.8/site-packages/airflow/example_dags/example_branch_datetime_operator.py
[2025-11-27T08:16:59.192+0000] {processor.py:840} INFO - DAG(s) 'example_branch_datetime_operator', 'example_branch_datetime_operator_3', 'example_branch_datetime_operator_2' retrieved from /home/airflow/.local/lib/python3.8/site-packages/airflow/example_dags/example_branch_datetime_operator.py
[2025-11-27T08:16:59.396+0000] {logging_mixin.py:188} INFO - [2025-11-27T08:16:59.395+0000] {dag.py:3036} INFO - Sync 3 DAGs
[2025-11-27T08:16:59.410+0000] {logging_mixin.py:188} INFO - [2025-11-27T08:16:59.410+0000] {dag.py:3823} INFO - Setting next_dagrun for example_branch_datetime_operator to 2025-11-26 00:00:00+00:00, run_after=2025-11-27 00:00:00+00:00
[2025-11-27T08:16:59.414+0000] {logging_mixin.py:188} INFO - [2025-11-27T08:16:59.414+0000] {dag.py:3823} INFO - Setting next_dagrun for example_branch_datetime_operator_2 to 2025-11-26 00:00:00+00:00, run_after=2025-11-27 00:00:00+00:00
[2025-11-27T08:16:59.417+0000] {logging_mixin.py:188} INFO - [2025-11-27T08:16:59.417+0000] {dag.py:3823} INFO - Setting next_dagrun for example_branch_datetime_operator_3 to 2025-11-26 00:00:00+00:00, run_after=2025-11-27 00:00:00+00:00
[2025-11-27T08:16:59.435+0000] {processor.py:183} INFO - Processing /home/airflow/.local/lib/python3.8/site-packages/airflow/example_dags/example_branch_datetime_operator.py took 0.263 seconds
[2025-11-27T08:17:29.979+0000] {processor.py:161} INFO - Started process (PID=234) to work on /home/airflow/.local/lib/python3.8/site-packages/airflow/example_dags/example_branch_datetime_operator.py
[2025-11-27T08:17:29.980+0000] {processor.py:830} INFO - Processing file /home/airflow/.local/lib/python3.8/site-packages/airflow/example_dags/example_branch_datetime_operator.py for tasks to queue
[2025-11-27T08:17:29.982+0000] {logging_mixin.py:188} INFO - [2025-11-27T08:17:29.982+0000] {dagbag.py:538} INFO - Filling up the DagBag from /home/airflow/.local/lib/python3.8/site-packages/airflow/example_dags/example_branch_datetime_operator.py
[2025-11-27T08:17:30.107+0000] {processor.py:840} INFO - DAG(s) 'example_branch_datetime_operator', 'example_branch_datetime_operator_2', 'example_branch_datetime_operator_3' retrieved from /home/airflow/.local/lib/python3.8/site-packages/airflow/example_dags/example_branch_datetime_operator.py
[2025-11-27T08:17:30.133+0000] {logging_mixin.py:188} INFO - [2025-11-27T08:17:30.133+0000] {dag.py:3036} INFO - Sync 3 DAGs
[2025-11-27T08:17:30.159+0000] {logging_mixin.py:188} INFO - [2025-11-27T08:17:30.158+0000] {dag.py:3823} INFO - Setting next_dagrun for example_branch_datetime_operator to 2025-11-26 00:00:00+00:00, run_after=2025-11-27 00:00:00+00:00
[2025-11-27T08:17:30.164+0000] {logging_mixin.py:188} INFO - [2025-11-27T08:17:30.163+0000] {dag.py:3823} INFO - Setting next_dagrun for example_branch_datetime_operator_2 to 2025-11-26 00:00:00+00:00, run_after=2025-11-27 00:00:00+00:00
[2025-11-27T08:17:30.166+0000] {logging_mixin.py:188} INFO - [2025-11-27T08:17:30.166+0000] {dag.py:3823} INFO - Setting next_dagrun for example_branch_datetime_operator_3 to 2025-11-26 00:00:00+00:00, run_after=2025-11-27 00:00:00+00:00
[2025-11-27T08:17:30.186+0000] {processor.py:183} INFO - Processing /home/airflow/.local/lib/python3.8/site-packages/airflow/example_dags/example_branch_datetime_operator.py took 0.211 seconds
[2025-11-27T08:18:00.383+0000] {processor.py:161} INFO - Started process (PID=290) to work on /home/airflow/.local/lib/python3.8/site-packages/airflow/example_dags/example_branch_datetime_operator.py
[2025-11-27T08:18:00.384+0000] {processor.py:830} INFO - Processing file /home/airflow/.local/lib/python3.8/site-packages/airflow/example_dags/example_branch_datetime_operator.py for tasks to queue
[2025-11-27T08:18:00.386+0000] {logging_mixin.py:188} INFO - [2025-11-27T08:18:00.386+0000] {dagbag.py:538} INFO - Filling up the DagBag from /home/airflow/.local/lib/python3.8/site-packages/airflow/example_dags/example_branch_datetime_operator.py
[2025-11-27T08:18:00.397+0000] {processor.py:840} INFO - DAG(s) 'example_branch_datetime_operator_3', 'example_branch_datetime_operator_2', 'example_branch_datetime_operator' retrieved from /home/airflow/.local/lib/python3.8/site-packages/airflow/example_dags/example_branch_datetime_operator.py
[2025-11-27T08:18:00.425+0000] {logging_mixin.py:188} INFO - [2025-11-27T08:18:00.425+0000] {dag.py:3036} INFO - Sync 3 DAGs
[2025-11-27T08:18:00.444+0000] {logging_mixin.py:188} INFO - [2025-11-27T08:18:00.444+0000] {dag.py:3823} INFO - Setting next_dagrun for example_branch_datetime_operator to 2025-11-26 00:00:00+00:00, run_after=2025-11-27 00:00:00+00:00
[2025-11-27T08:18:00.448+0000] {logging_mixin.py:188} INFO - [2025-11-27T08:18:00.448+0000] {dag.py:3823} INFO - Setting next_dagrun for example_branch_datetime_operator_2 to 2025-11-26 00:00:00+00:00, run_after=2025-11-27 00:00:00+00:00
[2025-11-27T08:18:00.450+0000] {logging_mixin.py:188} INFO - [2025-11-27T08:18:00.450+0000] {dag.py:3823} INFO - Setting next_dagrun for example_branch_datetime_operator_3 to 2025-11-26 00:00:00+00:00, run_after=2025-11-27 00:00:00+00:00
[2025-11-27T08:18:00.468+0000] {processor.py:183} INFO - Processing /home/airflow/.local/lib/python3.8/site-packages/airflow/example_dags/example_branch_datetime_operator.py took 0.088 seconds
[2025-11-27T08:18:31.281+0000] {processor.py:161} INFO - Started process (PID=346) to work on /home/airflow/.local/lib/python3.8/site-packages/airflow/example_dags/example_branch_datetime_operator.py
[2025-11-27T08:18:31.282+0000] {processor.py:830} INFO - Processing file /home/airflow/.local/lib/python3.8/site-packages/airflow/example_dags/example_branch_datetime_operator.py for tasks to queue
[2025-11-27T08:18:31.284+0000] {logging_mixin.py:188} INFO - [2025-11-27T08:18:31.284+0000] {dagbag.py:538} INFO - Filling up the DagBag from /home/airflow/.local/lib/python3.8/site-packages/airflow/example_dags/example_branch_datetime_operator.py
[2025-11-27T08:18:31.292+0000] {processor.py:840} INFO - DAG(s) 'example_branch_datetime_operator_2', 'example_branch_datetime_operator', 'example_branch_datetime_operator_3' retrieved from /home/airflow/.local/lib/python3.8/site-packages/airflow/example_dags/example_branch_datetime_operator.py
[2025-11-27T08:18:31.314+0000] {logging_mixin.py:188} INFO - [2025-11-27T08:18:31.314+0000] {dag.py:3036} INFO - Sync 3 DAGs
[2025-11-27T08:18:31.330+0000] {logging_mixin.py:188} INFO - [2025-11-27T08:18:31.330+0000] {dag.py:3823} INFO - Setting next_dagrun for example_branch_datetime_operator to 2025-11-26 00:00:00+00:00, run_after=2025-11-27 00:00:00+00:00
[2025-11-27T08:18:31.333+0000] {logging_mixin.py:188} INFO - [2025-11-27T08:18:31.333+0000] {dag.py:3823} INFO - Setting next_dagrun for example_branch_datetime_operator_2 to 2025-11-26 00:00:00+00:00, run_after=2025-11-27 00:00:00+00:00
[2025-11-27T08:18:31.335+0000] {logging_mixin.py:188} INFO - [2025-11-27T08:18:31.335+0000] {dag.py:3823} INFO - Setting next_dagrun for example_branch_datetime_operator_3 to 2025-11-26 00:00:00+00:00, run_after=2025-11-27 00:00:00+00:00
[2025-11-27T08:18:31.349+0000] {processor.py:183} INFO - Processing /home/airflow/.local/lib/python3.8/site-packages/airflow/example_dags/example_branch_datetime_operator.py took 0.071 seconds
[2025-11-27T08:19:01.449+0000] {processor.py:161} INFO - Started process (PID=402) to work on /home/airflow/.local/lib/python3.8/site-packages/airflow/example_dags/example_branch_datetime_operator.py
[2025-11-27T08:19:01.450+0000] {processor.py:830} INFO - Processing file /home/airflow/.local/lib/python3.8/site-packages/airflow/example_dags/example_branch_datetime_operator.py for tasks to queue
[2025-11-27T08:19:01.452+0000] {logging_mixin.py:188} INFO - [2025-11-27T08:19:01.452+0000] {dagbag.py:538} INFO - Filling up the DagBag from /home/airflow/.local/lib/python3.8/site-packages/airflow/example_dags/example_branch_datetime_operator.py
[2025-11-27T08:19:01.459+0000] {processor.py:840} INFO - DAG(s) 'example_branch_datetime_operator_3', 'example_branch_datetime_operator_2', 'example_branch_datetime_operator' retrieved from /home/airflow/.local/lib/python3.8/site-packages/airflow/example_dags/example_branch_datetime_operator.py
[2025-11-27T08:19:01.482+0000] {logging_mixin.py:188} INFO - [2025-11-27T08:19:01.482+0000] {dag.py:3036} INFO - Sync 3 DAGs
[2025-11-27T08:19:01.505+0000] {logging_mixin.py:188} INFO - [2025-11-27T08:19:01.505+0000] {dag.py:3823} INFO - Setting next_dagrun for example_branch_datetime_operator to 2025-11-26 00:00:00+00:00, run_after=2025-11-27 00:00:00+00:00
[2025-11-27T08:19:01.510+0000] {logging_mixin.py:188} INFO - [2025-11-27T08:19:01.509+0000] {dag.py:3823} INFO - Setting next_dagrun for example_branch_datetime_operator_2 to 2025-11-26 00:00:00+00:00, run_after=2025-11-27 00:00:00+00:00
[2025-11-27T08:19:01.514+0000] {logging_mixin.py:188} INFO - [2025-11-27T08:19:01.514+0000] {dag.py:3823} INFO - Setting next_dagrun for example_branch_datetime_operator_3 to 2025-11-26 00:00:00+00:00, run_after=2025-11-27 00:00:00+00:00
[2025-11-27T08:19:01.538+0000] {processor.py:183} INFO - Processing /home/airflow/.local/lib/python3.8/site-packages/airflow/example_dags/example_branch_datetime_operator.py took 0.092 seconds
[2025-11-27T08:19:31.910+0000] {processor.py:161} INFO - Started process (PID=458) to work on /home/airflow/.local/lib/python3.8/site-packages/airflow/example_dags/example_branch_datetime_operator.py
[2025-11-27T08:19:31.911+0000] {processor.py:830} INFO - Processing file /home/airflow/.local/lib/python3.8/site-packages/airflow/example_dags/example_branch_datetime_operator.py for tasks to queue
[2025-11-27T08:19:31.915+0000] {logging_mixin.py:188} INFO - [2025-11-27T08:19:31.914+0000] {dagbag.py:538} INFO - Filling up the DagBag from /home/airflow/.local/lib/python3.8/site-packages/airflow/example_dags/example_branch_datetime_operator.py
[2025-11-27T08:19:31.922+0000] {processor.py:840} INFO - DAG(s) 'example_branch_datetime_operator_2', 'example_branch_datetime_operator_3', 'example_branch_datetime_operator' retrieved from /home/airflow/.local/lib/python3.8/site-packages/airflow/example_dags/example_branch_datetime_operator.py
[2025-11-27T08:19:31.946+0000] {logging_mixin.py:188} INFO - [2025-11-27T08:19:31.945+0000] {dag.py:3036} INFO - Sync 3 DAGs
[2025-11-27T08:19:31.963+0000] {logging_mixin.py:188} INFO - [2025-11-27T08:19:31.963+0000] {dag.py:3823} INFO - Setting next_dagrun for example_branch_datetime_operator to 2025-11-26 00:00:00+00:00, run_after=2025-11-27 00:00:00+00:00
[2025-11-27T08:19:31.967+0000] {logging_mixin.py:188} INFO - [2025-11-27T08:19:31.967+0000] {dag.py:3823} INFO - Setting next_dagrun for example_branch_datetime_operator_2 to 2025-11-26 00:00:00+00:00, run_after=2025-11-27 00:00:00+00:00
[2025-11-27T08:19:31.969+0000] {logging_mixin.py:188} INFO - [2025-11-27T08:19:31.969+0000] {dag.py:3823} INFO - Setting next_dagrun for example_branch_datetime_operator_3 to 2025-11-26 00:00:00+00:00, run_after=2025-11-27 00:00:00+00:00
[2025-11-27T08:19:31.988+0000] {processor.py:183} INFO - Processing /home/airflow/.local/lib/python3.8/site-packages/airflow/example_dags/example_branch_datetime_operator.py took 0.080 seconds
[2025-11-27T08:20:03.008+0000] {processor.py:161} INFO - Started process (PID=514) to work on /home/airflow/.local/lib/python3.8/site-packages/airflow/example_dags/example_branch_datetime_operator.py
[2025-11-27T08:20:03.009+0000] {processor.py:830} INFO - Processing file /home/airflow/.local/lib/python3.8/site-packages/airflow/example_dags/example_branch_datetime_operator.py for tasks to queue
[2025-11-27T08:20:03.011+0000] {logging_mixin.py:188} INFO - [2025-11-27T08:20:03.011+0000] {dagbag.py:538} INFO - Filling up the DagBag from /home/airflow/.local/lib/python3.8/site-packages/airflow/example_dags/example_branch_datetime_operator.py
[2025-11-27T08:20:03.017+0000] {processor.py:840} INFO - DAG(s) 'example_branch_datetime_operator_3', 'example_branch_datetime_operator_2', 'example_branch_datetime_operator' retrieved from /home/airflow/.local/lib/python3.8/site-packages/airflow/example_dags/example_branch_datetime_operator.py
[2025-11-27T08:20:03.036+0000] {logging_mixin.py:188} INFO - [2025-11-27T08:20:03.036+0000] {dag.py:3036} INFO - Sync 3 DAGs
[2025-11-27T08:20:03.050+0000] {logging_mixin.py:188} INFO - [2025-11-27T08:20:03.050+0000] {dag.py:3823} INFO - Setting next_dagrun for example_branch_datetime_operator to 2025-11-26 00:00:00+00:00, run_after=2025-11-27 00:00:00+00:00
[2025-11-27T08:20:03.053+0000] {logging_mixin.py:188} INFO - [2025-11-27T08:20:03.053+0000] {dag.py:3823} INFO - Setting next_dagrun for example_branch_datetime_operator_2 to 2025-11-26 00:00:00+00:00, run_after=2025-11-27 00:00:00+00:00
[2025-11-27T08:20:03.055+0000] {logging_mixin.py:188} INFO - [2025-11-27T08:20:03.055+0000] {dag.py:3823} INFO - Setting next_dagrun for example_branch_datetime_operator_3 to 2025-11-26 00:00:00+00:00, run_after=2025-11-27 00:00:00+00:00
[2025-11-27T08:20:03.073+0000] {processor.py:183} INFO - Processing /home/airflow/.local/lib/python3.8/site-packages/airflow/example_dags/example_branch_datetime_operator.py took 0.068 seconds
[2025-11-27T08:20:33.329+0000] {processor.py:161} INFO - Started process (PID=570) to work on /home/airflow/.local/lib/python3.8/site-packages/airflow/example_dags/example_branch_datetime_operator.py
[2025-11-27T08:20:33.331+0000] {processor.py:830} INFO - Processing file /home/airflow/.local/lib/python3.8/site-packages/airflow/example_dags/example_branch_datetime_operator.py for tasks to queue
[2025-11-27T08:20:33.333+0000] {logging_mixin.py:188} INFO - [2025-11-27T08:20:33.332+0000] {dagbag.py:538} INFO - Filling up the DagBag from /home/airflow/.local/lib/python3.8/site-packages/airflow/example_dags/example_branch_datetime_operator.py
[2025-11-27T08:20:33.340+0000] {processor.py:840} INFO - DAG(s) 'example_branch_datetime_operator', 'example_branch_datetime_operator_2', 'example_branch_datetime_operator_3' retrieved from /home/airflow/.local/lib/python3.8/site-packages/airflow/example_dags/example_branch_datetime_operator.py
[2025-11-27T08:20:33.362+0000] {logging_mixin.py:188} INFO - [2025-11-27T08:20:33.362+0000] {dag.py:3036} INFO - Sync 3 DAGs
[2025-11-27T08:20:33.378+0000] {logging_mixin.py:188} INFO - [2025-11-27T08:20:33.378+0000] {dag.py:3823} INFO - Setting next_dagrun for example_branch_datetime_operator to 2025-11-26 00:00:00+00:00, run_after=2025-11-27 00:00:00+00:00
[2025-11-27T08:20:33.382+0000] {logging_mixin.py:188} INFO - [2025-11-27T08:20:33.382+0000] {dag.py:3823} INFO - Setting next_dagrun for example_branch_datetime_operator_2 to 2025-11-26 00:00:00+00:00, run_after=2025-11-27 00:00:00+00:00
[2025-11-27T08:20:33.384+0000] {logging_mixin.py:188} INFO - [2025-11-27T08:20:33.384+0000] {dag.py:3823} INFO - Setting next_dagrun for example_branch_datetime_operator_3 to 2025-11-26 00:00:00+00:00, run_after=2025-11-27 00:00:00+00:00
[2025-11-27T08:20:33.402+0000] {processor.py:183} INFO - Processing /home/airflow/.local/lib/python3.8/site-packages/airflow/example_dags/example_branch_datetime_operator.py took 0.076 seconds
[2025-11-27T08:21:04.263+0000] {processor.py:161} INFO - Started process (PID=626) to work on /home/airflow/.local/lib/python3.8/site-packages/airflow/example_dags/example_branch_datetime_operator.py
[2025-11-27T08:21:04.264+0000] {processor.py:830} INFO - Processing file /home/airflow/.local/lib/python3.8/site-packages/airflow/example_dags/example_branch_datetime_operator.py for tasks to queue
[2025-11-27T08:21:04.266+0000] {logging_mixin.py:188} INFO - [2025-11-27T08:21:04.266+0000] {dagbag.py:538} INFO - Filling up the DagBag from /home/airflow/.local/lib/python3.8/site-packages/airflow/example_dags/example_branch_datetime_operator.py
[2025-11-27T08:21:04.274+0000] {processor.py:840} INFO - DAG(s) 'example_branch_datetime_operator_2', 'example_branch_datetime_operator', 'example_branch_datetime_operator_3' retrieved from /home/airflow/.local/lib/python3.8/site-packages/airflow/example_dags/example_branch_datetime_operator.py
[2025-11-27T08:21:04.293+0000] {logging_mixin.py:188} INFO - [2025-11-27T08:21:04.293+0000] {dag.py:3036} INFO - Sync 3 DAGs
[2025-11-27T08:21:04.309+0000] {logging_mixin.py:188} INFO - [2025-11-27T08:21:04.309+0000] {dag.py:3823} INFO - Setting next_dagrun for example_branch_datetime_operator to 2025-11-26 00:00:00+00:00, run_after=2025-11-27 00:00:00+00:00
[2025-11-27T08:21:04.313+0000] {logging_mixin.py:188} INFO - [2025-11-27T08:21:04.313+0000] {dag.py:3823} INFO - Setting next_dagrun for example_branch_datetime_operator_2 to 2025-11-26 00:00:00+00:00, run_after=2025-11-27 00:00:00+00:00
[2025-11-27T08:21:04.315+0000] {logging_mixin.py:188} INFO - [2025-11-27T08:21:04.315+0000] {dag.py:3823} INFO - Setting next_dagrun for example_branch_datetime_operator_3 to 2025-11-26 00:00:00+00:00, run_after=2025-11-27 00:00:00+00:00
[2025-11-27T08:21:04.332+0000] {processor.py:183} INFO - Processing /home/airflow/.local/lib/python3.8/site-packages/airflow/example_dags/example_branch_datetime_operator.py took 0.072 seconds
