[2025-11-27T07:49:58.642+0000] {processor.py:161} INFO - Started process (PID=66) to work on /home/airflow/.local/lib/python3.8/site-packages/airflow/example_dags/example_dag_decorator.py
[2025-11-27T07:49:58.644+0000] {processor.py:830} INFO - Processing file /home/airflow/.local/lib/python3.8/site-packages/airflow/example_dags/example_dag_decorator.py for tasks to queue
[2025-11-27T07:49:58.647+0000] {logging_mixin.py:188} INFO - [2025-11-27T07:49:58.646+0000] {dagbag.py:538} INFO - Filling up the DagBag from /home/airflow/.local/lib/python3.8/site-packages/airflow/example_dags/example_dag_decorator.py
[2025-11-27T07:49:58.831+0000] {processor.py:840} INFO - DAG(s) 'example_dag_decorator' retrieved from /home/airflow/.local/lib/python3.8/site-packages/airflow/example_dags/example_dag_decorator.py
[2025-11-27T07:49:58.842+0000] {logging_mixin.py:188} INFO - [2025-11-27T07:49:58.842+0000] {dag.py:3036} INFO - Sync 1 DAGs
[2025-11-27T07:49:58.853+0000] {logging_mixin.py:188} INFO - [2025-11-27T07:49:58.852+0000] {dag.py:3823} INFO - Setting next_dagrun for example_dag_decorator to None, run_after=None
[2025-11-27T07:49:58.873+0000] {processor.py:183} INFO - Processing /home/airflow/.local/lib/python3.8/site-packages/airflow/example_dags/example_dag_decorator.py took 0.234 seconds
[2025-11-27T07:50:31.826+0000] {processor.py:161} INFO - Started process (PID=122) to work on /home/airflow/.local/lib/python3.8/site-packages/airflow/example_dags/example_dag_decorator.py
[2025-11-27T07:50:31.827+0000] {processor.py:830} INFO - Processing file /home/airflow/.local/lib/python3.8/site-packages/airflow/example_dags/example_dag_decorator.py for tasks to queue
[2025-11-27T07:50:31.829+0000] {logging_mixin.py:188} INFO - [2025-11-27T07:50:31.829+0000] {dagbag.py:538} INFO - Filling up the DagBag from /home/airflow/.local/lib/python3.8/site-packages/airflow/example_dags/example_dag_decorator.py
[2025-11-27T07:50:31.902+0000] {processor.py:840} INFO - DAG(s) 'example_dag_decorator' retrieved from /home/airflow/.local/lib/python3.8/site-packages/airflow/example_dags/example_dag_decorator.py
[2025-11-27T07:50:31.984+0000] {logging_mixin.py:188} INFO - [2025-11-27T07:50:31.984+0000] {dag.py:3036} INFO - Sync 1 DAGs
[2025-11-27T07:50:31.995+0000] {logging_mixin.py:188} INFO - [2025-11-27T07:50:31.994+0000] {dag.py:3823} INFO - Setting next_dagrun for example_dag_decorator to None, run_after=None
[2025-11-27T07:50:32.013+0000] {processor.py:183} INFO - Processing /home/airflow/.local/lib/python3.8/site-packages/airflow/example_dags/example_dag_decorator.py took 0.190 seconds
[2025-11-27T07:51:03.750+0000] {processor.py:161} INFO - Started process (PID=178) to work on /home/airflow/.local/lib/python3.8/site-packages/airflow/example_dags/example_dag_decorator.py
[2025-11-27T07:51:03.751+0000] {processor.py:830} INFO - Processing file /home/airflow/.local/lib/python3.8/site-packages/airflow/example_dags/example_dag_decorator.py for tasks to queue
[2025-11-27T07:51:03.753+0000] {logging_mixin.py:188} INFO - [2025-11-27T07:51:03.752+0000] {dagbag.py:538} INFO - Filling up the DagBag from /home/airflow/.local/lib/python3.8/site-packages/airflow/example_dags/example_dag_decorator.py
[2025-11-27T07:51:03.822+0000] {processor.py:840} INFO - DAG(s) 'example_dag_decorator' retrieved from /home/airflow/.local/lib/python3.8/site-packages/airflow/example_dags/example_dag_decorator.py
[2025-11-27T07:51:03.885+0000] {logging_mixin.py:188} INFO - [2025-11-27T07:51:03.885+0000] {dag.py:3036} INFO - Sync 1 DAGs
[2025-11-27T07:51:03.891+0000] {logging_mixin.py:188} INFO - [2025-11-27T07:51:03.891+0000] {dag.py:3823} INFO - Setting next_dagrun for example_dag_decorator to None, run_after=None
[2025-11-27T07:51:03.914+0000] {processor.py:183} INFO - Processing /home/airflow/.local/lib/python3.8/site-packages/airflow/example_dags/example_dag_decorator.py took 0.166 seconds
[2025-11-27T07:51:35.928+0000] {processor.py:161} INFO - Started process (PID=234) to work on /home/airflow/.local/lib/python3.8/site-packages/airflow/example_dags/example_dag_decorator.py
[2025-11-27T07:51:35.930+0000] {processor.py:830} INFO - Processing file /home/airflow/.local/lib/python3.8/site-packages/airflow/example_dags/example_dag_decorator.py for tasks to queue
[2025-11-27T07:51:35.932+0000] {logging_mixin.py:188} INFO - [2025-11-27T07:51:35.931+0000] {dagbag.py:538} INFO - Filling up the DagBag from /home/airflow/.local/lib/python3.8/site-packages/airflow/example_dags/example_dag_decorator.py
[2025-11-27T07:51:36.002+0000] {processor.py:840} INFO - DAG(s) 'example_dag_decorator' retrieved from /home/airflow/.local/lib/python3.8/site-packages/airflow/example_dags/example_dag_decorator.py
[2025-11-27T07:51:36.094+0000] {logging_mixin.py:188} INFO - [2025-11-27T07:51:36.094+0000] {dag.py:3036} INFO - Sync 1 DAGs
[2025-11-27T07:51:36.104+0000] {logging_mixin.py:188} INFO - [2025-11-27T07:51:36.104+0000] {dag.py:3823} INFO - Setting next_dagrun for example_dag_decorator to None, run_after=None
[2025-11-27T07:51:36.125+0000] {processor.py:183} INFO - Processing /home/airflow/.local/lib/python3.8/site-packages/airflow/example_dags/example_dag_decorator.py took 0.199 seconds
[2025-11-27T07:52:09.035+0000] {processor.py:161} INFO - Started process (PID=290) to work on /home/airflow/.local/lib/python3.8/site-packages/airflow/example_dags/example_dag_decorator.py
[2025-11-27T07:52:09.036+0000] {processor.py:830} INFO - Processing file /home/airflow/.local/lib/python3.8/site-packages/airflow/example_dags/example_dag_decorator.py for tasks to queue
[2025-11-27T07:52:09.038+0000] {logging_mixin.py:188} INFO - [2025-11-27T07:52:09.038+0000] {dagbag.py:538} INFO - Filling up the DagBag from /home/airflow/.local/lib/python3.8/site-packages/airflow/example_dags/example_dag_decorator.py
[2025-11-27T07:52:09.112+0000] {processor.py:840} INFO - DAG(s) 'example_dag_decorator' retrieved from /home/airflow/.local/lib/python3.8/site-packages/airflow/example_dags/example_dag_decorator.py
[2025-11-27T07:52:09.192+0000] {logging_mixin.py:188} INFO - [2025-11-27T07:52:09.192+0000] {dag.py:3036} INFO - Sync 1 DAGs
[2025-11-27T07:52:09.202+0000] {logging_mixin.py:188} INFO - [2025-11-27T07:52:09.202+0000] {dag.py:3823} INFO - Setting next_dagrun for example_dag_decorator to None, run_after=None
[2025-11-27T07:52:09.221+0000] {processor.py:183} INFO - Processing /home/airflow/.local/lib/python3.8/site-packages/airflow/example_dags/example_dag_decorator.py took 0.189 seconds
[2025-11-27T08:08:14.486+0000] {processor.py:161} INFO - Started process (PID=128) to work on /home/airflow/.local/lib/python3.8/site-packages/airflow/example_dags/example_dag_decorator.py
[2025-11-27T08:08:14.488+0000] {processor.py:830} INFO - Processing file /home/airflow/.local/lib/python3.8/site-packages/airflow/example_dags/example_dag_decorator.py for tasks to queue
[2025-11-27T08:08:14.490+0000] {logging_mixin.py:188} INFO - [2025-11-27T08:08:14.489+0000] {dagbag.py:538} INFO - Filling up the DagBag from /home/airflow/.local/lib/python3.8/site-packages/airflow/example_dags/example_dag_decorator.py
[2025-11-27T08:08:14.661+0000] {processor.py:840} INFO - DAG(s) 'example_dag_decorator' retrieved from /home/airflow/.local/lib/python3.8/site-packages/airflow/example_dags/example_dag_decorator.py
[2025-11-27T08:08:14.676+0000] {logging_mixin.py:188} INFO - [2025-11-27T08:08:14.676+0000] {dag.py:3036} INFO - Sync 1 DAGs
[2025-11-27T08:08:14.689+0000] {logging_mixin.py:188} INFO - [2025-11-27T08:08:14.689+0000] {dag.py:3823} INFO - Setting next_dagrun for example_dag_decorator to None, run_after=None
[2025-11-27T08:08:14.707+0000] {processor.py:183} INFO - Processing /home/airflow/.local/lib/python3.8/site-packages/airflow/example_dags/example_dag_decorator.py took 0.223 seconds
[2025-11-27T08:08:46.679+0000] {processor.py:161} INFO - Started process (PID=190) to work on /home/airflow/.local/lib/python3.8/site-packages/airflow/example_dags/example_dag_decorator.py
[2025-11-27T08:08:46.680+0000] {processor.py:830} INFO - Processing file /home/airflow/.local/lib/python3.8/site-packages/airflow/example_dags/example_dag_decorator.py for tasks to queue
[2025-11-27T08:08:46.682+0000] {logging_mixin.py:188} INFO - [2025-11-27T08:08:46.682+0000] {dagbag.py:538} INFO - Filling up the DagBag from /home/airflow/.local/lib/python3.8/site-packages/airflow/example_dags/example_dag_decorator.py
[2025-11-27T08:08:46.896+0000] {processor.py:840} INFO - DAG(s) 'example_dag_decorator' retrieved from /home/airflow/.local/lib/python3.8/site-packages/airflow/example_dags/example_dag_decorator.py
[2025-11-27T08:08:46.991+0000] {logging_mixin.py:188} INFO - [2025-11-27T08:08:46.991+0000] {dag.py:3036} INFO - Sync 1 DAGs
[2025-11-27T08:08:47.001+0000] {logging_mixin.py:188} INFO - [2025-11-27T08:08:47.001+0000] {dag.py:3823} INFO - Setting next_dagrun for example_dag_decorator to None, run_after=None
[2025-11-27T08:08:47.024+0000] {processor.py:183} INFO - Processing /home/airflow/.local/lib/python3.8/site-packages/airflow/example_dags/example_dag_decorator.py took 0.349 seconds
[2025-11-27T08:09:17.276+0000] {processor.py:161} INFO - Started process (PID=240) to work on /home/airflow/.local/lib/python3.8/site-packages/airflow/example_dags/example_dag_decorator.py
[2025-11-27T08:09:17.278+0000] {processor.py:830} INFO - Processing file /home/airflow/.local/lib/python3.8/site-packages/airflow/example_dags/example_dag_decorator.py for tasks to queue
[2025-11-27T08:09:17.280+0000] {logging_mixin.py:188} INFO - [2025-11-27T08:09:17.280+0000] {dagbag.py:538} INFO - Filling up the DagBag from /home/airflow/.local/lib/python3.8/site-packages/airflow/example_dags/example_dag_decorator.py
[2025-11-27T08:09:17.355+0000] {processor.py:840} INFO - DAG(s) 'example_dag_decorator' retrieved from /home/airflow/.local/lib/python3.8/site-packages/airflow/example_dags/example_dag_decorator.py
[2025-11-27T08:09:17.440+0000] {logging_mixin.py:188} INFO - [2025-11-27T08:09:17.439+0000] {dag.py:3036} INFO - Sync 1 DAGs
[2025-11-27T08:09:17.449+0000] {logging_mixin.py:188} INFO - [2025-11-27T08:09:17.449+0000] {dag.py:3823} INFO - Setting next_dagrun for example_dag_decorator to None, run_after=None
[2025-11-27T08:09:17.475+0000] {processor.py:183} INFO - Processing /home/airflow/.local/lib/python3.8/site-packages/airflow/example_dags/example_dag_decorator.py took 0.203 seconds
[2025-11-27T08:09:48.423+0000] {processor.py:161} INFO - Started process (PID=296) to work on /home/airflow/.local/lib/python3.8/site-packages/airflow/example_dags/example_dag_decorator.py
[2025-11-27T08:09:48.424+0000] {processor.py:830} INFO - Processing file /home/airflow/.local/lib/python3.8/site-packages/airflow/example_dags/example_dag_decorator.py for tasks to queue
[2025-11-27T08:09:48.426+0000] {logging_mixin.py:188} INFO - [2025-11-27T08:09:48.426+0000] {dagbag.py:538} INFO - Filling up the DagBag from /home/airflow/.local/lib/python3.8/site-packages/airflow/example_dags/example_dag_decorator.py
[2025-11-27T08:09:48.501+0000] {processor.py:840} INFO - DAG(s) 'example_dag_decorator' retrieved from /home/airflow/.local/lib/python3.8/site-packages/airflow/example_dags/example_dag_decorator.py
[2025-11-27T08:09:48.592+0000] {logging_mixin.py:188} INFO - [2025-11-27T08:09:48.591+0000] {dag.py:3036} INFO - Sync 1 DAGs
[2025-11-27T08:09:48.615+0000] {logging_mixin.py:188} INFO - [2025-11-27T08:09:48.615+0000] {dag.py:3823} INFO - Setting next_dagrun for example_dag_decorator to None, run_after=None
[2025-11-27T08:09:48.663+0000] {processor.py:183} INFO - Processing /home/airflow/.local/lib/python3.8/site-packages/airflow/example_dags/example_dag_decorator.py took 0.243 seconds
[2025-11-27T08:10:18.847+0000] {processor.py:161} INFO - Started process (PID=352) to work on /home/airflow/.local/lib/python3.8/site-packages/airflow/example_dags/example_dag_decorator.py
[2025-11-27T08:10:18.848+0000] {processor.py:830} INFO - Processing file /home/airflow/.local/lib/python3.8/site-packages/airflow/example_dags/example_dag_decorator.py for tasks to queue
[2025-11-27T08:10:18.850+0000] {logging_mixin.py:188} INFO - [2025-11-27T08:10:18.850+0000] {dagbag.py:538} INFO - Filling up the DagBag from /home/airflow/.local/lib/python3.8/site-packages/airflow/example_dags/example_dag_decorator.py
[2025-11-27T08:10:18.920+0000] {processor.py:840} INFO - DAG(s) 'example_dag_decorator' retrieved from /home/airflow/.local/lib/python3.8/site-packages/airflow/example_dags/example_dag_decorator.py
[2025-11-27T08:10:18.988+0000] {logging_mixin.py:188} INFO - [2025-11-27T08:10:18.988+0000] {dag.py:3036} INFO - Sync 1 DAGs
[2025-11-27T08:10:18.996+0000] {logging_mixin.py:188} INFO - [2025-11-27T08:10:18.996+0000] {dag.py:3823} INFO - Setting next_dagrun for example_dag_decorator to None, run_after=None
[2025-11-27T08:10:19.013+0000] {processor.py:183} INFO - Processing /home/airflow/.local/lib/python3.8/site-packages/airflow/example_dags/example_dag_decorator.py took 0.170 seconds
[2025-11-27T08:10:49.806+0000] {processor.py:161} INFO - Started process (PID=409) to work on /home/airflow/.local/lib/python3.8/site-packages/airflow/example_dags/example_dag_decorator.py
[2025-11-27T08:10:49.807+0000] {processor.py:830} INFO - Processing file /home/airflow/.local/lib/python3.8/site-packages/airflow/example_dags/example_dag_decorator.py for tasks to queue
[2025-11-27T08:10:49.809+0000] {logging_mixin.py:188} INFO - [2025-11-27T08:10:49.809+0000] {dagbag.py:538} INFO - Filling up the DagBag from /home/airflow/.local/lib/python3.8/site-packages/airflow/example_dags/example_dag_decorator.py
[2025-11-27T08:10:49.887+0000] {processor.py:840} INFO - DAG(s) 'example_dag_decorator' retrieved from /home/airflow/.local/lib/python3.8/site-packages/airflow/example_dags/example_dag_decorator.py
[2025-11-27T08:10:49.964+0000] {logging_mixin.py:188} INFO - [2025-11-27T08:10:49.964+0000] {dag.py:3036} INFO - Sync 1 DAGs
[2025-11-27T08:10:49.972+0000] {logging_mixin.py:188} INFO - [2025-11-27T08:10:49.972+0000] {dag.py:3823} INFO - Setting next_dagrun for example_dag_decorator to None, run_after=None
[2025-11-27T08:10:50.002+0000] {processor.py:183} INFO - Processing /home/airflow/.local/lib/python3.8/site-packages/airflow/example_dags/example_dag_decorator.py took 0.199 seconds
[2025-11-27T08:11:20.045+0000] {processor.py:161} INFO - Started process (PID=466) to work on /home/airflow/.local/lib/python3.8/site-packages/airflow/example_dags/example_dag_decorator.py
[2025-11-27T08:11:20.046+0000] {processor.py:830} INFO - Processing file /home/airflow/.local/lib/python3.8/site-packages/airflow/example_dags/example_dag_decorator.py for tasks to queue
[2025-11-27T08:11:20.048+0000] {logging_mixin.py:188} INFO - [2025-11-27T08:11:20.047+0000] {dagbag.py:538} INFO - Filling up the DagBag from /home/airflow/.local/lib/python3.8/site-packages/airflow/example_dags/example_dag_decorator.py
[2025-11-27T08:11:20.119+0000] {processor.py:840} INFO - DAG(s) 'example_dag_decorator' retrieved from /home/airflow/.local/lib/python3.8/site-packages/airflow/example_dags/example_dag_decorator.py
[2025-11-27T08:11:20.196+0000] {logging_mixin.py:188} INFO - [2025-11-27T08:11:20.196+0000] {dag.py:3036} INFO - Sync 1 DAGs
[2025-11-27T08:11:20.205+0000] {logging_mixin.py:188} INFO - [2025-11-27T08:11:20.205+0000] {dag.py:3823} INFO - Setting next_dagrun for example_dag_decorator to None, run_after=None
[2025-11-27T08:11:20.222+0000] {processor.py:183} INFO - Processing /home/airflow/.local/lib/python3.8/site-packages/airflow/example_dags/example_dag_decorator.py took 0.179 seconds
[2025-11-27T08:11:50.545+0000] {processor.py:161} INFO - Started process (PID=521) to work on /home/airflow/.local/lib/python3.8/site-packages/airflow/example_dags/example_dag_decorator.py
[2025-11-27T08:11:50.546+0000] {processor.py:830} INFO - Processing file /home/airflow/.local/lib/python3.8/site-packages/airflow/example_dags/example_dag_decorator.py for tasks to queue
[2025-11-27T08:11:50.548+0000] {logging_mixin.py:188} INFO - [2025-11-27T08:11:50.548+0000] {dagbag.py:538} INFO - Filling up the DagBag from /home/airflow/.local/lib/python3.8/site-packages/airflow/example_dags/example_dag_decorator.py
[2025-11-27T08:11:50.621+0000] {processor.py:840} INFO - DAG(s) 'example_dag_decorator' retrieved from /home/airflow/.local/lib/python3.8/site-packages/airflow/example_dags/example_dag_decorator.py
[2025-11-27T08:11:50.695+0000] {logging_mixin.py:188} INFO - [2025-11-27T08:11:50.695+0000] {dag.py:3036} INFO - Sync 1 DAGs
[2025-11-27T08:11:50.702+0000] {logging_mixin.py:188} INFO - [2025-11-27T08:11:50.702+0000] {dag.py:3823} INFO - Setting next_dagrun for example_dag_decorator to None, run_after=None
[2025-11-27T08:11:50.720+0000] {processor.py:183} INFO - Processing /home/airflow/.local/lib/python3.8/site-packages/airflow/example_dags/example_dag_decorator.py took 0.178 seconds
[2025-11-27T08:12:20.924+0000] {processor.py:161} INFO - Started process (PID=577) to work on /home/airflow/.local/lib/python3.8/site-packages/airflow/example_dags/example_dag_decorator.py
[2025-11-27T08:12:20.925+0000] {processor.py:830} INFO - Processing file /home/airflow/.local/lib/python3.8/site-packages/airflow/example_dags/example_dag_decorator.py for tasks to queue
[2025-11-27T08:12:20.929+0000] {logging_mixin.py:188} INFO - [2025-11-27T08:12:20.928+0000] {dagbag.py:538} INFO - Filling up the DagBag from /home/airflow/.local/lib/python3.8/site-packages/airflow/example_dags/example_dag_decorator.py
[2025-11-27T08:12:21.010+0000] {processor.py:840} INFO - DAG(s) 'example_dag_decorator' retrieved from /home/airflow/.local/lib/python3.8/site-packages/airflow/example_dags/example_dag_decorator.py
[2025-11-27T08:12:21.033+0000] {logging_mixin.py:188} INFO - [2025-11-27T08:12:21.033+0000] {dag.py:3036} INFO - Sync 1 DAGs
[2025-11-27T08:12:21.040+0000] {logging_mixin.py:188} INFO - [2025-11-27T08:12:21.040+0000] {dag.py:3823} INFO - Setting next_dagrun for example_dag_decorator to None, run_after=None
[2025-11-27T08:12:21.057+0000] {processor.py:183} INFO - Processing /home/airflow/.local/lib/python3.8/site-packages/airflow/example_dags/example_dag_decorator.py took 0.138 seconds
[2025-11-27T08:12:51.550+0000] {processor.py:161} INFO - Started process (PID=633) to work on /home/airflow/.local/lib/python3.8/site-packages/airflow/example_dags/example_dag_decorator.py
[2025-11-27T08:12:51.552+0000] {processor.py:830} INFO - Processing file /home/airflow/.local/lib/python3.8/site-packages/airflow/example_dags/example_dag_decorator.py for tasks to queue
[2025-11-27T08:12:51.554+0000] {logging_mixin.py:188} INFO - [2025-11-27T08:12:51.554+0000] {dagbag.py:538} INFO - Filling up the DagBag from /home/airflow/.local/lib/python3.8/site-packages/airflow/example_dags/example_dag_decorator.py
[2025-11-27T08:12:51.638+0000] {processor.py:840} INFO - DAG(s) 'example_dag_decorator' retrieved from /home/airflow/.local/lib/python3.8/site-packages/airflow/example_dags/example_dag_decorator.py
[2025-11-27T08:12:51.731+0000] {logging_mixin.py:188} INFO - [2025-11-27T08:12:51.731+0000] {dag.py:3036} INFO - Sync 1 DAGs
[2025-11-27T08:12:51.738+0000] {logging_mixin.py:188} INFO - [2025-11-27T08:12:51.738+0000] {dag.py:3823} INFO - Setting next_dagrun for example_dag_decorator to None, run_after=None
[2025-11-27T08:12:51.756+0000] {processor.py:183} INFO - Processing /home/airflow/.local/lib/python3.8/site-packages/airflow/example_dags/example_dag_decorator.py took 0.209 seconds
[2025-11-27T08:13:22.020+0000] {processor.py:161} INFO - Started process (PID=689) to work on /home/airflow/.local/lib/python3.8/site-packages/airflow/example_dags/example_dag_decorator.py
[2025-11-27T08:13:22.021+0000] {processor.py:830} INFO - Processing file /home/airflow/.local/lib/python3.8/site-packages/airflow/example_dags/example_dag_decorator.py for tasks to queue
[2025-11-27T08:13:22.023+0000] {logging_mixin.py:188} INFO - [2025-11-27T08:13:22.022+0000] {dagbag.py:538} INFO - Filling up the DagBag from /home/airflow/.local/lib/python3.8/site-packages/airflow/example_dags/example_dag_decorator.py
[2025-11-27T08:13:22.090+0000] {processor.py:840} INFO - DAG(s) 'example_dag_decorator' retrieved from /home/airflow/.local/lib/python3.8/site-packages/airflow/example_dags/example_dag_decorator.py
[2025-11-27T08:13:22.167+0000] {logging_mixin.py:188} INFO - [2025-11-27T08:13:22.167+0000] {dag.py:3036} INFO - Sync 1 DAGs
[2025-11-27T08:13:22.173+0000] {logging_mixin.py:188} INFO - [2025-11-27T08:13:22.173+0000] {dag.py:3823} INFO - Setting next_dagrun for example_dag_decorator to None, run_after=None
[2025-11-27T08:13:22.191+0000] {processor.py:183} INFO - Processing /home/airflow/.local/lib/python3.8/site-packages/airflow/example_dags/example_dag_decorator.py took 0.173 seconds
[2025-11-27T08:13:52.474+0000] {processor.py:161} INFO - Started process (PID=745) to work on /home/airflow/.local/lib/python3.8/site-packages/airflow/example_dags/example_dag_decorator.py
[2025-11-27T08:13:52.476+0000] {processor.py:830} INFO - Processing file /home/airflow/.local/lib/python3.8/site-packages/airflow/example_dags/example_dag_decorator.py for tasks to queue
[2025-11-27T08:13:52.477+0000] {logging_mixin.py:188} INFO - [2025-11-27T08:13:52.477+0000] {dagbag.py:538} INFO - Filling up the DagBag from /home/airflow/.local/lib/python3.8/site-packages/airflow/example_dags/example_dag_decorator.py
[2025-11-27T08:13:52.555+0000] {processor.py:840} INFO - DAG(s) 'example_dag_decorator' retrieved from /home/airflow/.local/lib/python3.8/site-packages/airflow/example_dags/example_dag_decorator.py
[2025-11-27T08:13:52.640+0000] {logging_mixin.py:188} INFO - [2025-11-27T08:13:52.640+0000] {dag.py:3036} INFO - Sync 1 DAGs
[2025-11-27T08:13:52.648+0000] {logging_mixin.py:188} INFO - [2025-11-27T08:13:52.648+0000] {dag.py:3823} INFO - Setting next_dagrun for example_dag_decorator to None, run_after=None
[2025-11-27T08:13:52.668+0000] {processor.py:183} INFO - Processing /home/airflow/.local/lib/python3.8/site-packages/airflow/example_dags/example_dag_decorator.py took 0.197 seconds
[2025-11-27T08:14:23.878+0000] {processor.py:161} INFO - Started process (PID=801) to work on /home/airflow/.local/lib/python3.8/site-packages/airflow/example_dags/example_dag_decorator.py
[2025-11-27T08:14:23.880+0000] {processor.py:830} INFO - Processing file /home/airflow/.local/lib/python3.8/site-packages/airflow/example_dags/example_dag_decorator.py for tasks to queue
[2025-11-27T08:14:23.882+0000] {logging_mixin.py:188} INFO - [2025-11-27T08:14:23.882+0000] {dagbag.py:538} INFO - Filling up the DagBag from /home/airflow/.local/lib/python3.8/site-packages/airflow/example_dags/example_dag_decorator.py
[2025-11-27T08:14:23.948+0000] {processor.py:840} INFO - DAG(s) 'example_dag_decorator' retrieved from /home/airflow/.local/lib/python3.8/site-packages/airflow/example_dags/example_dag_decorator.py
[2025-11-27T08:14:24.024+0000] {logging_mixin.py:188} INFO - [2025-11-27T08:14:24.024+0000] {dag.py:3036} INFO - Sync 1 DAGs
[2025-11-27T08:14:24.033+0000] {logging_mixin.py:188} INFO - [2025-11-27T08:14:24.033+0000] {dag.py:3823} INFO - Setting next_dagrun for example_dag_decorator to None, run_after=None
[2025-11-27T08:14:24.055+0000] {processor.py:183} INFO - Processing /home/airflow/.local/lib/python3.8/site-packages/airflow/example_dags/example_dag_decorator.py took 0.179 seconds
[2025-11-27T08:14:56.072+0000] {processor.py:161} INFO - Started process (PID=857) to work on /home/airflow/.local/lib/python3.8/site-packages/airflow/example_dags/example_dag_decorator.py
[2025-11-27T08:14:56.073+0000] {processor.py:830} INFO - Processing file /home/airflow/.local/lib/python3.8/site-packages/airflow/example_dags/example_dag_decorator.py for tasks to queue
[2025-11-27T08:14:56.075+0000] {logging_mixin.py:188} INFO - [2025-11-27T08:14:56.074+0000] {dagbag.py:538} INFO - Filling up the DagBag from /home/airflow/.local/lib/python3.8/site-packages/airflow/example_dags/example_dag_decorator.py
[2025-11-27T08:14:56.140+0000] {processor.py:840} INFO - DAG(s) 'example_dag_decorator' retrieved from /home/airflow/.local/lib/python3.8/site-packages/airflow/example_dags/example_dag_decorator.py
[2025-11-27T08:14:56.209+0000] {logging_mixin.py:188} INFO - [2025-11-27T08:14:56.208+0000] {dag.py:3036} INFO - Sync 1 DAGs
[2025-11-27T08:14:56.217+0000] {logging_mixin.py:188} INFO - [2025-11-27T08:14:56.217+0000] {dag.py:3823} INFO - Setting next_dagrun for example_dag_decorator to None, run_after=None
[2025-11-27T08:14:56.235+0000] {processor.py:183} INFO - Processing /home/airflow/.local/lib/python3.8/site-packages/airflow/example_dags/example_dag_decorator.py took 0.166 seconds
[2025-11-27T08:16:28.775+0000] {processor.py:161} INFO - Started process (PID=128) to work on /home/airflow/.local/lib/python3.8/site-packages/airflow/example_dags/example_dag_decorator.py
[2025-11-27T08:16:28.776+0000] {processor.py:830} INFO - Processing file /home/airflow/.local/lib/python3.8/site-packages/airflow/example_dags/example_dag_decorator.py for tasks to queue
[2025-11-27T08:16:28.778+0000] {logging_mixin.py:188} INFO - [2025-11-27T08:16:28.777+0000] {dagbag.py:538} INFO - Filling up the DagBag from /home/airflow/.local/lib/python3.8/site-packages/airflow/example_dags/example_dag_decorator.py
[2025-11-27T08:16:28.940+0000] {processor.py:840} INFO - DAG(s) 'example_dag_decorator' retrieved from /home/airflow/.local/lib/python3.8/site-packages/airflow/example_dags/example_dag_decorator.py
[2025-11-27T08:16:28.952+0000] {logging_mixin.py:188} INFO - [2025-11-27T08:16:28.952+0000] {dag.py:3036} INFO - Sync 1 DAGs
[2025-11-27T08:16:28.963+0000] {logging_mixin.py:188} INFO - [2025-11-27T08:16:28.963+0000] {dag.py:3823} INFO - Setting next_dagrun for example_dag_decorator to None, run_after=None
[2025-11-27T08:16:28.984+0000] {processor.py:183} INFO - Processing /home/airflow/.local/lib/python3.8/site-packages/airflow/example_dags/example_dag_decorator.py took 0.212 seconds
[2025-11-27T08:17:00.451+0000] {processor.py:161} INFO - Started process (PID=185) to work on /home/airflow/.local/lib/python3.8/site-packages/airflow/example_dags/example_dag_decorator.py
[2025-11-27T08:17:00.453+0000] {processor.py:830} INFO - Processing file /home/airflow/.local/lib/python3.8/site-packages/airflow/example_dags/example_dag_decorator.py for tasks to queue
[2025-11-27T08:17:00.454+0000] {logging_mixin.py:188} INFO - [2025-11-27T08:17:00.454+0000] {dagbag.py:538} INFO - Filling up the DagBag from /home/airflow/.local/lib/python3.8/site-packages/airflow/example_dags/example_dag_decorator.py
[2025-11-27T08:17:00.747+0000] {processor.py:840} INFO - DAG(s) 'example_dag_decorator' retrieved from /home/airflow/.local/lib/python3.8/site-packages/airflow/example_dags/example_dag_decorator.py
[2025-11-27T08:17:00.839+0000] {logging_mixin.py:188} INFO - [2025-11-27T08:17:00.838+0000] {dag.py:3036} INFO - Sync 1 DAGs
[2025-11-27T08:17:00.849+0000] {logging_mixin.py:188} INFO - [2025-11-27T08:17:00.849+0000] {dag.py:3823} INFO - Setting next_dagrun for example_dag_decorator to None, run_after=None
[2025-11-27T08:17:00.875+0000] {processor.py:183} INFO - Processing /home/airflow/.local/lib/python3.8/site-packages/airflow/example_dags/example_dag_decorator.py took 0.426 seconds
[2025-11-27T08:17:31.134+0000] {processor.py:161} INFO - Started process (PID=242) to work on /home/airflow/.local/lib/python3.8/site-packages/airflow/example_dags/example_dag_decorator.py
[2025-11-27T08:17:31.136+0000] {processor.py:830} INFO - Processing file /home/airflow/.local/lib/python3.8/site-packages/airflow/example_dags/example_dag_decorator.py for tasks to queue
[2025-11-27T08:17:31.138+0000] {logging_mixin.py:188} INFO - [2025-11-27T08:17:31.137+0000] {dagbag.py:538} INFO - Filling up the DagBag from /home/airflow/.local/lib/python3.8/site-packages/airflow/example_dags/example_dag_decorator.py
[2025-11-27T08:17:31.207+0000] {processor.py:840} INFO - DAG(s) 'example_dag_decorator' retrieved from /home/airflow/.local/lib/python3.8/site-packages/airflow/example_dags/example_dag_decorator.py
[2025-11-27T08:17:31.282+0000] {logging_mixin.py:188} INFO - [2025-11-27T08:17:31.282+0000] {dag.py:3036} INFO - Sync 1 DAGs
[2025-11-27T08:17:31.292+0000] {logging_mixin.py:188} INFO - [2025-11-27T08:17:31.291+0000] {dag.py:3823} INFO - Setting next_dagrun for example_dag_decorator to None, run_after=None
[2025-11-27T08:17:31.310+0000] {processor.py:183} INFO - Processing /home/airflow/.local/lib/python3.8/site-packages/airflow/example_dags/example_dag_decorator.py took 0.178 seconds
[2025-11-27T08:18:01.708+0000] {processor.py:161} INFO - Started process (PID=297) to work on /home/airflow/.local/lib/python3.8/site-packages/airflow/example_dags/example_dag_decorator.py
[2025-11-27T08:18:01.710+0000] {processor.py:830} INFO - Processing file /home/airflow/.local/lib/python3.8/site-packages/airflow/example_dags/example_dag_decorator.py for tasks to queue
[2025-11-27T08:18:01.712+0000] {logging_mixin.py:188} INFO - [2025-11-27T08:18:01.712+0000] {dagbag.py:538} INFO - Filling up the DagBag from /home/airflow/.local/lib/python3.8/site-packages/airflow/example_dags/example_dag_decorator.py
[2025-11-27T08:18:01.803+0000] {processor.py:840} INFO - DAG(s) 'example_dag_decorator' retrieved from /home/airflow/.local/lib/python3.8/site-packages/airflow/example_dags/example_dag_decorator.py
[2025-11-27T08:18:01.907+0000] {logging_mixin.py:188} INFO - [2025-11-27T08:18:01.906+0000] {dag.py:3036} INFO - Sync 1 DAGs
[2025-11-27T08:18:01.919+0000] {logging_mixin.py:188} INFO - [2025-11-27T08:18:01.919+0000] {dag.py:3823} INFO - Setting next_dagrun for example_dag_decorator to None, run_after=None
[2025-11-27T08:18:01.945+0000] {processor.py:183} INFO - Processing /home/airflow/.local/lib/python3.8/site-packages/airflow/example_dags/example_dag_decorator.py took 0.240 seconds
[2025-11-27T08:18:33.024+0000] {processor.py:161} INFO - Started process (PID=353) to work on /home/airflow/.local/lib/python3.8/site-packages/airflow/example_dags/example_dag_decorator.py
[2025-11-27T08:18:33.026+0000] {processor.py:830} INFO - Processing file /home/airflow/.local/lib/python3.8/site-packages/airflow/example_dags/example_dag_decorator.py for tasks to queue
[2025-11-27T08:18:33.028+0000] {logging_mixin.py:188} INFO - [2025-11-27T08:18:33.028+0000] {dagbag.py:538} INFO - Filling up the DagBag from /home/airflow/.local/lib/python3.8/site-packages/airflow/example_dags/example_dag_decorator.py
[2025-11-27T08:18:33.095+0000] {processor.py:840} INFO - DAG(s) 'example_dag_decorator' retrieved from /home/airflow/.local/lib/python3.8/site-packages/airflow/example_dags/example_dag_decorator.py
[2025-11-27T08:18:33.160+0000] {logging_mixin.py:188} INFO - [2025-11-27T08:18:33.160+0000] {dag.py:3036} INFO - Sync 1 DAGs
[2025-11-27T08:18:33.168+0000] {logging_mixin.py:188} INFO - [2025-11-27T08:18:33.168+0000] {dag.py:3823} INFO - Setting next_dagrun for example_dag_decorator to None, run_after=None
[2025-11-27T08:18:33.185+0000] {processor.py:183} INFO - Processing /home/airflow/.local/lib/python3.8/site-packages/airflow/example_dags/example_dag_decorator.py took 0.165 seconds
[2025-11-27T08:19:03.761+0000] {processor.py:161} INFO - Started process (PID=409) to work on /home/airflow/.local/lib/python3.8/site-packages/airflow/example_dags/example_dag_decorator.py
[2025-11-27T08:19:03.762+0000] {processor.py:830} INFO - Processing file /home/airflow/.local/lib/python3.8/site-packages/airflow/example_dags/example_dag_decorator.py for tasks to queue
[2025-11-27T08:19:03.764+0000] {logging_mixin.py:188} INFO - [2025-11-27T08:19:03.764+0000] {dagbag.py:538} INFO - Filling up the DagBag from /home/airflow/.local/lib/python3.8/site-packages/airflow/example_dags/example_dag_decorator.py
[2025-11-27T08:19:03.831+0000] {processor.py:840} INFO - DAG(s) 'example_dag_decorator' retrieved from /home/airflow/.local/lib/python3.8/site-packages/airflow/example_dags/example_dag_decorator.py
[2025-11-27T08:19:03.903+0000] {logging_mixin.py:188} INFO - [2025-11-27T08:19:03.903+0000] {dag.py:3036} INFO - Sync 1 DAGs
[2025-11-27T08:19:03.911+0000] {logging_mixin.py:188} INFO - [2025-11-27T08:19:03.911+0000] {dag.py:3823} INFO - Setting next_dagrun for example_dag_decorator to None, run_after=None
[2025-11-27T08:19:03.928+0000] {processor.py:183} INFO - Processing /home/airflow/.local/lib/python3.8/site-packages/airflow/example_dags/example_dag_decorator.py took 0.169 seconds
[2025-11-27T08:19:34.293+0000] {processor.py:161} INFO - Started process (PID=465) to work on /home/airflow/.local/lib/python3.8/site-packages/airflow/example_dags/example_dag_decorator.py
[2025-11-27T08:19:34.296+0000] {processor.py:830} INFO - Processing file /home/airflow/.local/lib/python3.8/site-packages/airflow/example_dags/example_dag_decorator.py for tasks to queue
[2025-11-27T08:19:34.297+0000] {logging_mixin.py:188} INFO - [2025-11-27T08:19:34.297+0000] {dagbag.py:538} INFO - Filling up the DagBag from /home/airflow/.local/lib/python3.8/site-packages/airflow/example_dags/example_dag_decorator.py
[2025-11-27T08:19:34.375+0000] {processor.py:840} INFO - DAG(s) 'example_dag_decorator' retrieved from /home/airflow/.local/lib/python3.8/site-packages/airflow/example_dags/example_dag_decorator.py
[2025-11-27T08:19:34.456+0000] {logging_mixin.py:188} INFO - [2025-11-27T08:19:34.455+0000] {dag.py:3036} INFO - Sync 1 DAGs
[2025-11-27T08:19:34.464+0000] {logging_mixin.py:188} INFO - [2025-11-27T08:19:34.464+0000] {dag.py:3823} INFO - Setting next_dagrun for example_dag_decorator to None, run_after=None
[2025-11-27T08:19:34.484+0000] {processor.py:183} INFO - Processing /home/airflow/.local/lib/python3.8/site-packages/airflow/example_dags/example_dag_decorator.py took 0.194 seconds
[2025-11-27T08:20:04.550+0000] {processor.py:161} INFO - Started process (PID=521) to work on /home/airflow/.local/lib/python3.8/site-packages/airflow/example_dags/example_dag_decorator.py
[2025-11-27T08:20:04.551+0000] {processor.py:830} INFO - Processing file /home/airflow/.local/lib/python3.8/site-packages/airflow/example_dags/example_dag_decorator.py for tasks to queue
[2025-11-27T08:20:04.553+0000] {logging_mixin.py:188} INFO - [2025-11-27T08:20:04.553+0000] {dagbag.py:538} INFO - Filling up the DagBag from /home/airflow/.local/lib/python3.8/site-packages/airflow/example_dags/example_dag_decorator.py
[2025-11-27T08:20:04.616+0000] {processor.py:840} INFO - DAG(s) 'example_dag_decorator' retrieved from /home/airflow/.local/lib/python3.8/site-packages/airflow/example_dags/example_dag_decorator.py
[2025-11-27T08:20:04.683+0000] {logging_mixin.py:188} INFO - [2025-11-27T08:20:04.683+0000] {dag.py:3036} INFO - Sync 1 DAGs
[2025-11-27T08:20:04.690+0000] {logging_mixin.py:188} INFO - [2025-11-27T08:20:04.689+0000] {dag.py:3823} INFO - Setting next_dagrun for example_dag_decorator to None, run_after=None
[2025-11-27T08:20:04.706+0000] {processor.py:183} INFO - Processing /home/airflow/.local/lib/python3.8/site-packages/airflow/example_dags/example_dag_decorator.py took 0.159 seconds
[2025-11-27T08:20:34.861+0000] {processor.py:161} INFO - Started process (PID=577) to work on /home/airflow/.local/lib/python3.8/site-packages/airflow/example_dags/example_dag_decorator.py
[2025-11-27T08:20:34.862+0000] {processor.py:830} INFO - Processing file /home/airflow/.local/lib/python3.8/site-packages/airflow/example_dags/example_dag_decorator.py for tasks to queue
[2025-11-27T08:20:34.864+0000] {logging_mixin.py:188} INFO - [2025-11-27T08:20:34.864+0000] {dagbag.py:538} INFO - Filling up the DagBag from /home/airflow/.local/lib/python3.8/site-packages/airflow/example_dags/example_dag_decorator.py
[2025-11-27T08:20:34.930+0000] {processor.py:840} INFO - DAG(s) 'example_dag_decorator' retrieved from /home/airflow/.local/lib/python3.8/site-packages/airflow/example_dags/example_dag_decorator.py
[2025-11-27T08:20:35.023+0000] {logging_mixin.py:188} INFO - [2025-11-27T08:20:35.023+0000] {dag.py:3036} INFO - Sync 1 DAGs
[2025-11-27T08:20:35.031+0000] {logging_mixin.py:188} INFO - [2025-11-27T08:20:35.031+0000] {dag.py:3823} INFO - Setting next_dagrun for example_dag_decorator to None, run_after=None
[2025-11-27T08:20:35.049+0000] {processor.py:183} INFO - Processing /home/airflow/.local/lib/python3.8/site-packages/airflow/example_dags/example_dag_decorator.py took 0.191 seconds
[2025-11-27T08:21:05.613+0000] {processor.py:161} INFO - Started process (PID=633) to work on /home/airflow/.local/lib/python3.8/site-packages/airflow/example_dags/example_dag_decorator.py
[2025-11-27T08:21:05.615+0000] {processor.py:830} INFO - Processing file /home/airflow/.local/lib/python3.8/site-packages/airflow/example_dags/example_dag_decorator.py for tasks to queue
[2025-11-27T08:21:05.617+0000] {logging_mixin.py:188} INFO - [2025-11-27T08:21:05.616+0000] {dagbag.py:538} INFO - Filling up the DagBag from /home/airflow/.local/lib/python3.8/site-packages/airflow/example_dags/example_dag_decorator.py
[2025-11-27T08:21:05.685+0000] {processor.py:840} INFO - DAG(s) 'example_dag_decorator' retrieved from /home/airflow/.local/lib/python3.8/site-packages/airflow/example_dags/example_dag_decorator.py
[2025-11-27T08:21:05.759+0000] {logging_mixin.py:188} INFO - [2025-11-27T08:21:05.759+0000] {dag.py:3036} INFO - Sync 1 DAGs
[2025-11-27T08:21:05.769+0000] {logging_mixin.py:188} INFO - [2025-11-27T08:21:05.769+0000] {dag.py:3823} INFO - Setting next_dagrun for example_dag_decorator to None, run_after=None
[2025-11-27T08:21:06.064+0000] {processor.py:183} INFO - Processing /home/airflow/.local/lib/python3.8/site-packages/airflow/example_dags/example_dag_decorator.py took 0.453 seconds
