[2025-11-27T07:50:00.939+0000] {processor.py:161} INFO - Started process (PID=104) to work on /home/airflow/.local/lib/python3.8/site-packages/airflow/example_dags/example_branch_labels.py
[2025-11-27T07:50:00.940+0000] {processor.py:830} INFO - Processing file /home/airflow/.local/lib/python3.8/site-packages/airflow/example_dags/example_branch_labels.py for tasks to queue
[2025-11-27T07:50:00.942+0000] {logging_mixin.py:188} INFO - [2025-11-27T07:50:00.942+0000] {dagbag.py:538} INFO - Filling up the DagBag from /home/airflow/.local/lib/python3.8/site-packages/airflow/example_dags/example_branch_labels.py
[2025-11-27T07:50:00.949+0000] {processor.py:840} INFO - DAG(s) 'example_branch_labels' retrieved from /home/airflow/.local/lib/python3.8/site-packages/airflow/example_dags/example_branch_labels.py
[2025-11-27T07:50:00.959+0000] {logging_mixin.py:188} INFO - [2025-11-27T07:50:00.959+0000] {dag.py:3036} INFO - Sync 1 DAGs
[2025-11-27T07:50:00.978+0000] {logging_mixin.py:188} INFO - [2025-11-27T07:50:00.977+0000] {dag.py:3823} INFO - Setting next_dagrun for example_branch_labels to 2025-11-26 00:00:00+00:00, run_after=2025-11-27 00:00:00+00:00
[2025-11-27T07:50:01.007+0000] {processor.py:183} INFO - Processing /home/airflow/.local/lib/python3.8/site-packages/airflow/example_dags/example_branch_labels.py took 0.071 seconds
[2025-11-27T07:50:34.934+0000] {processor.py:161} INFO - Started process (PID=160) to work on /home/airflow/.local/lib/python3.8/site-packages/airflow/example_dags/example_branch_labels.py
[2025-11-27T07:50:34.936+0000] {processor.py:830} INFO - Processing file /home/airflow/.local/lib/python3.8/site-packages/airflow/example_dags/example_branch_labels.py for tasks to queue
[2025-11-27T07:50:34.938+0000] {logging_mixin.py:188} INFO - [2025-11-27T07:50:34.937+0000] {dagbag.py:538} INFO - Filling up the DagBag from /home/airflow/.local/lib/python3.8/site-packages/airflow/example_dags/example_branch_labels.py
[2025-11-27T07:50:34.945+0000] {processor.py:840} INFO - DAG(s) 'example_branch_labels' retrieved from /home/airflow/.local/lib/python3.8/site-packages/airflow/example_dags/example_branch_labels.py
[2025-11-27T07:50:35.025+0000] {logging_mixin.py:188} INFO - [2025-11-27T07:50:35.024+0000] {dag.py:3036} INFO - Sync 1 DAGs
[2025-11-27T07:50:35.040+0000] {logging_mixin.py:188} INFO - [2025-11-27T07:50:35.040+0000] {dag.py:3823} INFO - Setting next_dagrun for example_branch_labels to 2025-11-26 00:00:00+00:00, run_after=2025-11-27 00:00:00+00:00
[2025-11-27T07:50:35.059+0000] {processor.py:183} INFO - Processing /home/airflow/.local/lib/python3.8/site-packages/airflow/example_dags/example_branch_labels.py took 0.129 seconds
[2025-11-27T07:51:05.546+0000] {processor.py:161} INFO - Started process (PID=216) to work on /home/airflow/.local/lib/python3.8/site-packages/airflow/example_dags/example_branch_labels.py
[2025-11-27T07:51:05.547+0000] {processor.py:830} INFO - Processing file /home/airflow/.local/lib/python3.8/site-packages/airflow/example_dags/example_branch_labels.py for tasks to queue
[2025-11-27T07:51:05.549+0000] {logging_mixin.py:188} INFO - [2025-11-27T07:51:05.549+0000] {dagbag.py:538} INFO - Filling up the DagBag from /home/airflow/.local/lib/python3.8/site-packages/airflow/example_dags/example_branch_labels.py
[2025-11-27T07:51:05.555+0000] {processor.py:840} INFO - DAG(s) 'example_branch_labels' retrieved from /home/airflow/.local/lib/python3.8/site-packages/airflow/example_dags/example_branch_labels.py
[2025-11-27T07:51:05.574+0000] {logging_mixin.py:188} INFO - [2025-11-27T07:51:05.574+0000] {dag.py:3036} INFO - Sync 1 DAGs
[2025-11-27T07:51:05.592+0000] {logging_mixin.py:188} INFO - [2025-11-27T07:51:05.592+0000] {dag.py:3823} INFO - Setting next_dagrun for example_branch_labels to 2025-11-26 00:00:00+00:00, run_after=2025-11-27 00:00:00+00:00
[2025-11-27T07:51:05.610+0000] {processor.py:183} INFO - Processing /home/airflow/.local/lib/python3.8/site-packages/airflow/example_dags/example_branch_labels.py took 0.066 seconds
[2025-11-27T07:51:37.491+0000] {processor.py:161} INFO - Started process (PID=266) to work on /home/airflow/.local/lib/python3.8/site-packages/airflow/example_dags/example_branch_labels.py
[2025-11-27T07:51:37.493+0000] {processor.py:830} INFO - Processing file /home/airflow/.local/lib/python3.8/site-packages/airflow/example_dags/example_branch_labels.py for tasks to queue
[2025-11-27T07:51:37.495+0000] {logging_mixin.py:188} INFO - [2025-11-27T07:51:37.495+0000] {dagbag.py:538} INFO - Filling up the DagBag from /home/airflow/.local/lib/python3.8/site-packages/airflow/example_dags/example_branch_labels.py
[2025-11-27T07:51:37.501+0000] {processor.py:840} INFO - DAG(s) 'example_branch_labels' retrieved from /home/airflow/.local/lib/python3.8/site-packages/airflow/example_dags/example_branch_labels.py
[2025-11-27T07:51:37.521+0000] {logging_mixin.py:188} INFO - [2025-11-27T07:51:37.521+0000] {dag.py:3036} INFO - Sync 1 DAGs
[2025-11-27T07:51:37.540+0000] {logging_mixin.py:188} INFO - [2025-11-27T07:51:37.540+0000] {dag.py:3823} INFO - Setting next_dagrun for example_branch_labels to 2025-11-26 00:00:00+00:00, run_after=2025-11-27 00:00:00+00:00
[2025-11-27T07:51:37.558+0000] {processor.py:183} INFO - Processing /home/airflow/.local/lib/python3.8/site-packages/airflow/example_dags/example_branch_labels.py took 0.070 seconds
[2025-11-27T07:52:11.153+0000] {processor.py:161} INFO - Started process (PID=328) to work on /home/airflow/.local/lib/python3.8/site-packages/airflow/example_dags/example_branch_labels.py
[2025-11-27T07:52:11.154+0000] {processor.py:830} INFO - Processing file /home/airflow/.local/lib/python3.8/site-packages/airflow/example_dags/example_branch_labels.py for tasks to queue
[2025-11-27T07:52:11.156+0000] {logging_mixin.py:188} INFO - [2025-11-27T07:52:11.155+0000] {dagbag.py:538} INFO - Filling up the DagBag from /home/airflow/.local/lib/python3.8/site-packages/airflow/example_dags/example_branch_labels.py
[2025-11-27T07:52:11.162+0000] {processor.py:840} INFO - DAG(s) 'example_branch_labels' retrieved from /home/airflow/.local/lib/python3.8/site-packages/airflow/example_dags/example_branch_labels.py
[2025-11-27T07:52:11.184+0000] {logging_mixin.py:188} INFO - [2025-11-27T07:52:11.184+0000] {dag.py:3036} INFO - Sync 1 DAGs
[2025-11-27T07:52:11.204+0000] {logging_mixin.py:188} INFO - [2025-11-27T07:52:11.204+0000] {dag.py:3823} INFO - Setting next_dagrun for example_branch_labels to 2025-11-26 00:00:00+00:00, run_after=2025-11-27 00:00:00+00:00
[2025-11-27T07:52:11.222+0000] {processor.py:183} INFO - Processing /home/airflow/.local/lib/python3.8/site-packages/airflow/example_dags/example_branch_labels.py took 0.072 seconds
[2025-11-27T08:08:16.939+0000] {processor.py:161} INFO - Started process (PID=166) to work on /home/airflow/.local/lib/python3.8/site-packages/airflow/example_dags/example_branch_labels.py
[2025-11-27T08:08:16.940+0000] {processor.py:830} INFO - Processing file /home/airflow/.local/lib/python3.8/site-packages/airflow/example_dags/example_branch_labels.py for tasks to queue
[2025-11-27T08:08:16.943+0000] {logging_mixin.py:188} INFO - [2025-11-27T08:08:16.942+0000] {dagbag.py:538} INFO - Filling up the DagBag from /home/airflow/.local/lib/python3.8/site-packages/airflow/example_dags/example_branch_labels.py
[2025-11-27T08:08:16.951+0000] {processor.py:840} INFO - DAG(s) 'example_branch_labels' retrieved from /home/airflow/.local/lib/python3.8/site-packages/airflow/example_dags/example_branch_labels.py
[2025-11-27T08:08:16.964+0000] {logging_mixin.py:188} INFO - [2025-11-27T08:08:16.964+0000] {dag.py:3036} INFO - Sync 1 DAGs
[2025-11-27T08:08:16.983+0000] {logging_mixin.py:188} INFO - [2025-11-27T08:08:16.983+0000] {dag.py:3823} INFO - Setting next_dagrun for example_branch_labels to 2025-11-26 00:00:00+00:00, run_after=2025-11-27 00:00:00+00:00
[2025-11-27T08:08:17.002+0000] {processor.py:183} INFO - Processing /home/airflow/.local/lib/python3.8/site-packages/airflow/example_dags/example_branch_labels.py took 0.067 seconds
[2025-11-27T08:08:52.211+0000] {processor.py:161} INFO - Started process (PID=222) to work on /home/airflow/.local/lib/python3.8/site-packages/airflow/example_dags/example_branch_labels.py
[2025-11-27T08:08:52.213+0000] {processor.py:830} INFO - Processing file /home/airflow/.local/lib/python3.8/site-packages/airflow/example_dags/example_branch_labels.py for tasks to queue
[2025-11-27T08:08:52.215+0000] {logging_mixin.py:188} INFO - [2025-11-27T08:08:52.214+0000] {dagbag.py:538} INFO - Filling up the DagBag from /home/airflow/.local/lib/python3.8/site-packages/airflow/example_dags/example_branch_labels.py
[2025-11-27T08:08:52.222+0000] {processor.py:840} INFO - DAG(s) 'example_branch_labels' retrieved from /home/airflow/.local/lib/python3.8/site-packages/airflow/example_dags/example_branch_labels.py
[2025-11-27T08:08:52.399+0000] {logging_mixin.py:188} INFO - [2025-11-27T08:08:52.399+0000] {dag.py:3036} INFO - Sync 1 DAGs
[2025-11-27T08:08:52.414+0000] {logging_mixin.py:188} INFO - [2025-11-27T08:08:52.413+0000] {dag.py:3823} INFO - Setting next_dagrun for example_branch_labels to 2025-11-26 00:00:00+00:00, run_after=2025-11-27 00:00:00+00:00
[2025-11-27T08:08:52.434+0000] {processor.py:183} INFO - Processing /home/airflow/.local/lib/python3.8/site-packages/airflow/example_dags/example_branch_labels.py took 0.226 seconds
[2025-11-27T08:09:23.433+0000] {processor.py:161} INFO - Started process (PID=278) to work on /home/airflow/.local/lib/python3.8/site-packages/airflow/example_dags/example_branch_labels.py
[2025-11-27T08:09:23.434+0000] {processor.py:830} INFO - Processing file /home/airflow/.local/lib/python3.8/site-packages/airflow/example_dags/example_branch_labels.py for tasks to queue
[2025-11-27T08:09:23.436+0000] {logging_mixin.py:188} INFO - [2025-11-27T08:09:23.436+0000] {dagbag.py:538} INFO - Filling up the DagBag from /home/airflow/.local/lib/python3.8/site-packages/airflow/example_dags/example_branch_labels.py
[2025-11-27T08:09:23.444+0000] {processor.py:840} INFO - DAG(s) 'example_branch_labels' retrieved from /home/airflow/.local/lib/python3.8/site-packages/airflow/example_dags/example_branch_labels.py
[2025-11-27T08:09:23.464+0000] {logging_mixin.py:188} INFO - [2025-11-27T08:09:23.464+0000] {dag.py:3036} INFO - Sync 1 DAGs
[2025-11-27T08:09:23.479+0000] {logging_mixin.py:188} INFO - [2025-11-27T08:09:23.479+0000] {dag.py:3823} INFO - Setting next_dagrun for example_branch_labels to 2025-11-26 00:00:00+00:00, run_after=2025-11-27 00:00:00+00:00
[2025-11-27T08:09:23.496+0000] {processor.py:183} INFO - Processing /home/airflow/.local/lib/python3.8/site-packages/airflow/example_dags/example_branch_labels.py took 0.065 seconds
[2025-11-27T08:09:53.800+0000] {processor.py:161} INFO - Started process (PID=334) to work on /home/airflow/.local/lib/python3.8/site-packages/airflow/example_dags/example_branch_labels.py
[2025-11-27T08:09:53.801+0000] {processor.py:830} INFO - Processing file /home/airflow/.local/lib/python3.8/site-packages/airflow/example_dags/example_branch_labels.py for tasks to queue
[2025-11-27T08:09:53.802+0000] {logging_mixin.py:188} INFO - [2025-11-27T08:09:53.802+0000] {dagbag.py:538} INFO - Filling up the DagBag from /home/airflow/.local/lib/python3.8/site-packages/airflow/example_dags/example_branch_labels.py
[2025-11-27T08:09:53.809+0000] {processor.py:840} INFO - DAG(s) 'example_branch_labels' retrieved from /home/airflow/.local/lib/python3.8/site-packages/airflow/example_dags/example_branch_labels.py
[2025-11-27T08:09:53.829+0000] {logging_mixin.py:188} INFO - [2025-11-27T08:09:53.829+0000] {dag.py:3036} INFO - Sync 1 DAGs
[2025-11-27T08:09:53.850+0000] {logging_mixin.py:188} INFO - [2025-11-27T08:09:53.850+0000] {dag.py:3823} INFO - Setting next_dagrun for example_branch_labels to 2025-11-26 00:00:00+00:00, run_after=2025-11-27 00:00:00+00:00
[2025-11-27T08:09:53.872+0000] {processor.py:183} INFO - Processing /home/airflow/.local/lib/python3.8/site-packages/airflow/example_dags/example_branch_labels.py took 0.074 seconds
[2025-11-27T08:10:24.433+0000] {processor.py:161} INFO - Started process (PID=384) to work on /home/airflow/.local/lib/python3.8/site-packages/airflow/example_dags/example_branch_labels.py
[2025-11-27T08:10:24.434+0000] {processor.py:830} INFO - Processing file /home/airflow/.local/lib/python3.8/site-packages/airflow/example_dags/example_branch_labels.py for tasks to queue
[2025-11-27T08:10:24.436+0000] {logging_mixin.py:188} INFO - [2025-11-27T08:10:24.436+0000] {dagbag.py:538} INFO - Filling up the DagBag from /home/airflow/.local/lib/python3.8/site-packages/airflow/example_dags/example_branch_labels.py
[2025-11-27T08:10:24.442+0000] {processor.py:840} INFO - DAG(s) 'example_branch_labels' retrieved from /home/airflow/.local/lib/python3.8/site-packages/airflow/example_dags/example_branch_labels.py
[2025-11-27T08:10:24.458+0000] {logging_mixin.py:188} INFO - [2025-11-27T08:10:24.458+0000] {dag.py:3036} INFO - Sync 1 DAGs
[2025-11-27T08:10:24.475+0000] {logging_mixin.py:188} INFO - [2025-11-27T08:10:24.474+0000] {dag.py:3823} INFO - Setting next_dagrun for example_branch_labels to 2025-11-26 00:00:00+00:00, run_after=2025-11-27 00:00:00+00:00
[2025-11-27T08:10:24.495+0000] {processor.py:183} INFO - Processing /home/airflow/.local/lib/python3.8/site-packages/airflow/example_dags/example_branch_labels.py took 0.064 seconds
[2025-11-27T08:10:54.613+0000] {processor.py:161} INFO - Started process (PID=441) to work on /home/airflow/.local/lib/python3.8/site-packages/airflow/example_dags/example_branch_labels.py
[2025-11-27T08:10:54.614+0000] {processor.py:830} INFO - Processing file /home/airflow/.local/lib/python3.8/site-packages/airflow/example_dags/example_branch_labels.py for tasks to queue
[2025-11-27T08:10:54.617+0000] {logging_mixin.py:188} INFO - [2025-11-27T08:10:54.616+0000] {dagbag.py:538} INFO - Filling up the DagBag from /home/airflow/.local/lib/python3.8/site-packages/airflow/example_dags/example_branch_labels.py
[2025-11-27T08:10:54.623+0000] {processor.py:840} INFO - DAG(s) 'example_branch_labels' retrieved from /home/airflow/.local/lib/python3.8/site-packages/airflow/example_dags/example_branch_labels.py
[2025-11-27T08:10:54.644+0000] {logging_mixin.py:188} INFO - [2025-11-27T08:10:54.644+0000] {dag.py:3036} INFO - Sync 1 DAGs
[2025-11-27T08:10:54.660+0000] {logging_mixin.py:188} INFO - [2025-11-27T08:10:54.660+0000] {dag.py:3823} INFO - Setting next_dagrun for example_branch_labels to 2025-11-26 00:00:00+00:00, run_after=2025-11-27 00:00:00+00:00
[2025-11-27T08:10:55.010+0000] {processor.py:183} INFO - Processing /home/airflow/.local/lib/python3.8/site-packages/airflow/example_dags/example_branch_labels.py took 0.400 seconds
[2025-11-27T08:11:25.947+0000] {processor.py:161} INFO - Started process (PID=497) to work on /home/airflow/.local/lib/python3.8/site-packages/airflow/example_dags/example_branch_labels.py
[2025-11-27T08:11:25.948+0000] {processor.py:830} INFO - Processing file /home/airflow/.local/lib/python3.8/site-packages/airflow/example_dags/example_branch_labels.py for tasks to queue
[2025-11-27T08:11:25.950+0000] {logging_mixin.py:188} INFO - [2025-11-27T08:11:25.949+0000] {dagbag.py:538} INFO - Filling up the DagBag from /home/airflow/.local/lib/python3.8/site-packages/airflow/example_dags/example_branch_labels.py
[2025-11-27T08:11:25.955+0000] {processor.py:840} INFO - DAG(s) 'example_branch_labels' retrieved from /home/airflow/.local/lib/python3.8/site-packages/airflow/example_dags/example_branch_labels.py
[2025-11-27T08:11:25.969+0000] {logging_mixin.py:188} INFO - [2025-11-27T08:11:25.969+0000] {dag.py:3036} INFO - Sync 1 DAGs
[2025-11-27T08:11:25.986+0000] {logging_mixin.py:188} INFO - [2025-11-27T08:11:25.986+0000] {dag.py:3823} INFO - Setting next_dagrun for example_branch_labels to 2025-11-26 00:00:00+00:00, run_after=2025-11-27 00:00:00+00:00
[2025-11-27T08:11:26.004+0000] {processor.py:183} INFO - Processing /home/airflow/.local/lib/python3.8/site-packages/airflow/example_dags/example_branch_labels.py took 0.059 seconds
[2025-11-27T08:11:56.223+0000] {processor.py:161} INFO - Started process (PID=553) to work on /home/airflow/.local/lib/python3.8/site-packages/airflow/example_dags/example_branch_labels.py
[2025-11-27T08:11:56.225+0000] {processor.py:830} INFO - Processing file /home/airflow/.local/lib/python3.8/site-packages/airflow/example_dags/example_branch_labels.py for tasks to queue
[2025-11-27T08:11:56.228+0000] {logging_mixin.py:188} INFO - [2025-11-27T08:11:56.228+0000] {dagbag.py:538} INFO - Filling up the DagBag from /home/airflow/.local/lib/python3.8/site-packages/airflow/example_dags/example_branch_labels.py
[2025-11-27T08:11:56.236+0000] {processor.py:840} INFO - DAG(s) 'example_branch_labels' retrieved from /home/airflow/.local/lib/python3.8/site-packages/airflow/example_dags/example_branch_labels.py
[2025-11-27T08:11:56.260+0000] {logging_mixin.py:188} INFO - [2025-11-27T08:11:56.260+0000] {dag.py:3036} INFO - Sync 1 DAGs
[2025-11-27T08:11:56.278+0000] {logging_mixin.py:188} INFO - [2025-11-27T08:11:56.278+0000] {dag.py:3823} INFO - Setting next_dagrun for example_branch_labels to 2025-11-26 00:00:00+00:00, run_after=2025-11-27 00:00:00+00:00
[2025-11-27T08:11:56.296+0000] {processor.py:183} INFO - Processing /home/airflow/.local/lib/python3.8/site-packages/airflow/example_dags/example_branch_labels.py took 0.076 seconds
[2025-11-27T08:12:26.792+0000] {processor.py:161} INFO - Started process (PID=609) to work on /home/airflow/.local/lib/python3.8/site-packages/airflow/example_dags/example_branch_labels.py
[2025-11-27T08:12:26.793+0000] {processor.py:830} INFO - Processing file /home/airflow/.local/lib/python3.8/site-packages/airflow/example_dags/example_branch_labels.py for tasks to queue
[2025-11-27T08:12:26.795+0000] {logging_mixin.py:188} INFO - [2025-11-27T08:12:26.795+0000] {dagbag.py:538} INFO - Filling up the DagBag from /home/airflow/.local/lib/python3.8/site-packages/airflow/example_dags/example_branch_labels.py
[2025-11-27T08:12:26.803+0000] {processor.py:840} INFO - DAG(s) 'example_branch_labels' retrieved from /home/airflow/.local/lib/python3.8/site-packages/airflow/example_dags/example_branch_labels.py
[2025-11-27T08:12:26.821+0000] {logging_mixin.py:188} INFO - [2025-11-27T08:12:26.821+0000] {dag.py:3036} INFO - Sync 1 DAGs
[2025-11-27T08:12:26.840+0000] {logging_mixin.py:188} INFO - [2025-11-27T08:12:26.840+0000] {dag.py:3823} INFO - Setting next_dagrun for example_branch_labels to 2025-11-26 00:00:00+00:00, run_after=2025-11-27 00:00:00+00:00
[2025-11-27T08:12:26.858+0000] {processor.py:183} INFO - Processing /home/airflow/.local/lib/python3.8/site-packages/airflow/example_dags/example_branch_labels.py took 0.069 seconds
[2025-11-27T08:12:57.447+0000] {processor.py:161} INFO - Started process (PID=665) to work on /home/airflow/.local/lib/python3.8/site-packages/airflow/example_dags/example_branch_labels.py
[2025-11-27T08:12:57.448+0000] {processor.py:830} INFO - Processing file /home/airflow/.local/lib/python3.8/site-packages/airflow/example_dags/example_branch_labels.py for tasks to queue
[2025-11-27T08:12:57.450+0000] {logging_mixin.py:188} INFO - [2025-11-27T08:12:57.450+0000] {dagbag.py:538} INFO - Filling up the DagBag from /home/airflow/.local/lib/python3.8/site-packages/airflow/example_dags/example_branch_labels.py
[2025-11-27T08:12:57.458+0000] {processor.py:840} INFO - DAG(s) 'example_branch_labels' retrieved from /home/airflow/.local/lib/python3.8/site-packages/airflow/example_dags/example_branch_labels.py
[2025-11-27T08:12:57.478+0000] {logging_mixin.py:188} INFO - [2025-11-27T08:12:57.478+0000] {dag.py:3036} INFO - Sync 1 DAGs
[2025-11-27T08:12:57.498+0000] {logging_mixin.py:188} INFO - [2025-11-27T08:12:57.498+0000] {dag.py:3823} INFO - Setting next_dagrun for example_branch_labels to 2025-11-26 00:00:00+00:00, run_after=2025-11-27 00:00:00+00:00
[2025-11-27T08:12:57.517+0000] {processor.py:183} INFO - Processing /home/airflow/.local/lib/python3.8/site-packages/airflow/example_dags/example_branch_labels.py took 0.073 seconds
[2025-11-27T08:13:27.765+0000] {processor.py:161} INFO - Started process (PID=721) to work on /home/airflow/.local/lib/python3.8/site-packages/airflow/example_dags/example_branch_labels.py
[2025-11-27T08:13:27.767+0000] {processor.py:830} INFO - Processing file /home/airflow/.local/lib/python3.8/site-packages/airflow/example_dags/example_branch_labels.py for tasks to queue
[2025-11-27T08:13:27.769+0000] {logging_mixin.py:188} INFO - [2025-11-27T08:13:27.768+0000] {dagbag.py:538} INFO - Filling up the DagBag from /home/airflow/.local/lib/python3.8/site-packages/airflow/example_dags/example_branch_labels.py
[2025-11-27T08:13:27.776+0000] {processor.py:840} INFO - DAG(s) 'example_branch_labels' retrieved from /home/airflow/.local/lib/python3.8/site-packages/airflow/example_dags/example_branch_labels.py
[2025-11-27T08:13:27.795+0000] {logging_mixin.py:188} INFO - [2025-11-27T08:13:27.795+0000] {dag.py:3036} INFO - Sync 1 DAGs
[2025-11-27T08:13:27.817+0000] {logging_mixin.py:188} INFO - [2025-11-27T08:13:27.817+0000] {dag.py:3823} INFO - Setting next_dagrun for example_branch_labels to 2025-11-26 00:00:00+00:00, run_after=2025-11-27 00:00:00+00:00
[2025-11-27T08:13:27.838+0000] {processor.py:183} INFO - Processing /home/airflow/.local/lib/python3.8/site-packages/airflow/example_dags/example_branch_labels.py took 0.076 seconds
[2025-11-27T08:13:58.178+0000] {processor.py:161} INFO - Started process (PID=777) to work on /home/airflow/.local/lib/python3.8/site-packages/airflow/example_dags/example_branch_labels.py
[2025-11-27T08:13:58.180+0000] {processor.py:830} INFO - Processing file /home/airflow/.local/lib/python3.8/site-packages/airflow/example_dags/example_branch_labels.py for tasks to queue
[2025-11-27T08:13:58.181+0000] {logging_mixin.py:188} INFO - [2025-11-27T08:13:58.181+0000] {dagbag.py:538} INFO - Filling up the DagBag from /home/airflow/.local/lib/python3.8/site-packages/airflow/example_dags/example_branch_labels.py
[2025-11-27T08:13:58.187+0000] {processor.py:840} INFO - DAG(s) 'example_branch_labels' retrieved from /home/airflow/.local/lib/python3.8/site-packages/airflow/example_dags/example_branch_labels.py
[2025-11-27T08:13:58.211+0000] {logging_mixin.py:188} INFO - [2025-11-27T08:13:58.211+0000] {dag.py:3036} INFO - Sync 1 DAGs
[2025-11-27T08:13:58.235+0000] {logging_mixin.py:188} INFO - [2025-11-27T08:13:58.234+0000] {dag.py:3823} INFO - Setting next_dagrun for example_branch_labels to 2025-11-26 00:00:00+00:00, run_after=2025-11-27 00:00:00+00:00
[2025-11-27T08:13:58.256+0000] {processor.py:183} INFO - Processing /home/airflow/.local/lib/python3.8/site-packages/airflow/example_dags/example_branch_labels.py took 0.080 seconds
[2025-11-27T08:14:28.609+0000] {processor.py:161} INFO - Started process (PID=833) to work on /home/airflow/.local/lib/python3.8/site-packages/airflow/example_dags/example_branch_labels.py
[2025-11-27T08:14:28.611+0000] {processor.py:830} INFO - Processing file /home/airflow/.local/lib/python3.8/site-packages/airflow/example_dags/example_branch_labels.py for tasks to queue
[2025-11-27T08:14:28.613+0000] {logging_mixin.py:188} INFO - [2025-11-27T08:14:28.613+0000] {dagbag.py:538} INFO - Filling up the DagBag from /home/airflow/.local/lib/python3.8/site-packages/airflow/example_dags/example_branch_labels.py
[2025-11-27T08:14:28.622+0000] {processor.py:840} INFO - DAG(s) 'example_branch_labels' retrieved from /home/airflow/.local/lib/python3.8/site-packages/airflow/example_dags/example_branch_labels.py
[2025-11-27T08:14:28.643+0000] {logging_mixin.py:188} INFO - [2025-11-27T08:14:28.643+0000] {dag.py:3036} INFO - Sync 1 DAGs
[2025-11-27T08:14:28.662+0000] {logging_mixin.py:188} INFO - [2025-11-27T08:14:28.662+0000] {dag.py:3823} INFO - Setting next_dagrun for example_branch_labels to 2025-11-26 00:00:00+00:00, run_after=2025-11-27 00:00:00+00:00
[2025-11-27T08:14:28.684+0000] {processor.py:183} INFO - Processing /home/airflow/.local/lib/python3.8/site-packages/airflow/example_dags/example_branch_labels.py took 0.079 seconds
[2025-11-27T08:14:59.628+0000] {processor.py:161} INFO - Started process (PID=889) to work on /home/airflow/.local/lib/python3.8/site-packages/airflow/example_dags/example_branch_labels.py
[2025-11-27T08:14:59.630+0000] {processor.py:830} INFO - Processing file /home/airflow/.local/lib/python3.8/site-packages/airflow/example_dags/example_branch_labels.py for tasks to queue
[2025-11-27T08:14:59.632+0000] {logging_mixin.py:188} INFO - [2025-11-27T08:14:59.632+0000] {dagbag.py:538} INFO - Filling up the DagBag from /home/airflow/.local/lib/python3.8/site-packages/airflow/example_dags/example_branch_labels.py
[2025-11-27T08:14:59.638+0000] {processor.py:840} INFO - DAG(s) 'example_branch_labels' retrieved from /home/airflow/.local/lib/python3.8/site-packages/airflow/example_dags/example_branch_labels.py
[2025-11-27T08:14:59.656+0000] {logging_mixin.py:188} INFO - [2025-11-27T08:14:59.656+0000] {dag.py:3036} INFO - Sync 1 DAGs
[2025-11-27T08:14:59.673+0000] {logging_mixin.py:188} INFO - [2025-11-27T08:14:59.672+0000] {dag.py:3823} INFO - Setting next_dagrun for example_branch_labels to 2025-11-26 00:00:00+00:00, run_after=2025-11-27 00:00:00+00:00
[2025-11-27T08:14:59.691+0000] {processor.py:183} INFO - Processing /home/airflow/.local/lib/python3.8/site-packages/airflow/example_dags/example_branch_labels.py took 0.065 seconds
[2025-11-27T08:16:33.506+0000] {processor.py:161} INFO - Started process (PID=167) to work on /home/airflow/.local/lib/python3.8/site-packages/airflow/example_dags/example_branch_labels.py
[2025-11-27T08:16:33.507+0000] {processor.py:830} INFO - Processing file /home/airflow/.local/lib/python3.8/site-packages/airflow/example_dags/example_branch_labels.py for tasks to queue
[2025-11-27T08:16:33.508+0000] {logging_mixin.py:188} INFO - [2025-11-27T08:16:33.508+0000] {dagbag.py:538} INFO - Filling up the DagBag from /home/airflow/.local/lib/python3.8/site-packages/airflow/example_dags/example_branch_labels.py
[2025-11-27T08:16:33.517+0000] {processor.py:840} INFO - DAG(s) 'example_branch_labels' retrieved from /home/airflow/.local/lib/python3.8/site-packages/airflow/example_dags/example_branch_labels.py
[2025-11-27T08:16:33.529+0000] {logging_mixin.py:188} INFO - [2025-11-27T08:16:33.529+0000] {dag.py:3036} INFO - Sync 1 DAGs
[2025-11-27T08:16:33.547+0000] {logging_mixin.py:188} INFO - [2025-11-27T08:16:33.547+0000] {dag.py:3823} INFO - Setting next_dagrun for example_branch_labels to 2025-11-26 00:00:00+00:00, run_after=2025-11-27 00:00:00+00:00
[2025-11-27T08:16:33.567+0000] {processor.py:183} INFO - Processing /home/airflow/.local/lib/python3.8/site-packages/airflow/example_dags/example_branch_labels.py took 0.064 seconds
[2025-11-27T08:17:07.833+0000] {processor.py:161} INFO - Started process (PID=223) to work on /home/airflow/.local/lib/python3.8/site-packages/airflow/example_dags/example_branch_labels.py
[2025-11-27T08:17:07.834+0000] {processor.py:830} INFO - Processing file /home/airflow/.local/lib/python3.8/site-packages/airflow/example_dags/example_branch_labels.py for tasks to queue
[2025-11-27T08:17:07.836+0000] {logging_mixin.py:188} INFO - [2025-11-27T08:17:07.836+0000] {dagbag.py:538} INFO - Filling up the DagBag from /home/airflow/.local/lib/python3.8/site-packages/airflow/example_dags/example_branch_labels.py
[2025-11-27T08:17:07.843+0000] {processor.py:840} INFO - DAG(s) 'example_branch_labels' retrieved from /home/airflow/.local/lib/python3.8/site-packages/airflow/example_dags/example_branch_labels.py
[2025-11-27T08:17:08.033+0000] {logging_mixin.py:188} INFO - [2025-11-27T08:17:08.032+0000] {dag.py:3036} INFO - Sync 1 DAGs
[2025-11-27T08:17:08.048+0000] {logging_mixin.py:188} INFO - [2025-11-27T08:17:08.048+0000] {dag.py:3823} INFO - Setting next_dagrun for example_branch_labels to 2025-11-26 00:00:00+00:00, run_after=2025-11-27 00:00:00+00:00
[2025-11-27T08:17:08.068+0000] {processor.py:183} INFO - Processing /home/airflow/.local/lib/python3.8/site-packages/airflow/example_dags/example_branch_labels.py took 0.238 seconds
[2025-11-27T08:17:39.647+0000] {processor.py:161} INFO - Started process (PID=279) to work on /home/airflow/.local/lib/python3.8/site-packages/airflow/example_dags/example_branch_labels.py
[2025-11-27T08:17:39.649+0000] {processor.py:830} INFO - Processing file /home/airflow/.local/lib/python3.8/site-packages/airflow/example_dags/example_branch_labels.py for tasks to queue
[2025-11-27T08:17:39.651+0000] {logging_mixin.py:188} INFO - [2025-11-27T08:17:39.651+0000] {dagbag.py:538} INFO - Filling up the DagBag from /home/airflow/.local/lib/python3.8/site-packages/airflow/example_dags/example_branch_labels.py
[2025-11-27T08:17:39.660+0000] {processor.py:840} INFO - DAG(s) 'example_branch_labels' retrieved from /home/airflow/.local/lib/python3.8/site-packages/airflow/example_dags/example_branch_labels.py
[2025-11-27T08:17:39.682+0000] {logging_mixin.py:188} INFO - [2025-11-27T08:17:39.682+0000] {dag.py:3036} INFO - Sync 1 DAGs
[2025-11-27T08:17:39.702+0000] {logging_mixin.py:188} INFO - [2025-11-27T08:17:39.702+0000] {dag.py:3823} INFO - Setting next_dagrun for example_branch_labels to 2025-11-26 00:00:00+00:00, run_after=2025-11-27 00:00:00+00:00
[2025-11-27T08:17:39.723+0000] {processor.py:183} INFO - Processing /home/airflow/.local/lib/python3.8/site-packages/airflow/example_dags/example_branch_labels.py took 0.079 seconds
[2025-11-27T08:18:12.632+0000] {processor.py:161} INFO - Started process (PID=335) to work on /home/airflow/.local/lib/python3.8/site-packages/airflow/example_dags/example_branch_labels.py
[2025-11-27T08:18:12.633+0000] {processor.py:830} INFO - Processing file /home/airflow/.local/lib/python3.8/site-packages/airflow/example_dags/example_branch_labels.py for tasks to queue
[2025-11-27T08:18:12.635+0000] {logging_mixin.py:188} INFO - [2025-11-27T08:18:12.635+0000] {dagbag.py:538} INFO - Filling up the DagBag from /home/airflow/.local/lib/python3.8/site-packages/airflow/example_dags/example_branch_labels.py
[2025-11-27T08:18:12.642+0000] {processor.py:840} INFO - DAG(s) 'example_branch_labels' retrieved from /home/airflow/.local/lib/python3.8/site-packages/airflow/example_dags/example_branch_labels.py
[2025-11-27T08:18:12.668+0000] {logging_mixin.py:188} INFO - [2025-11-27T08:18:12.668+0000] {dag.py:3036} INFO - Sync 1 DAGs
[2025-11-27T08:18:12.688+0000] {logging_mixin.py:188} INFO - [2025-11-27T08:18:12.687+0000] {dag.py:3823} INFO - Setting next_dagrun for example_branch_labels to 2025-11-26 00:00:00+00:00, run_after=2025-11-27 00:00:00+00:00
[2025-11-27T08:18:12.705+0000] {processor.py:183} INFO - Processing /home/airflow/.local/lib/python3.8/site-packages/airflow/example_dags/example_branch_labels.py took 0.076 seconds
[2025-11-27T08:18:42.777+0000] {processor.py:161} INFO - Started process (PID=391) to work on /home/airflow/.local/lib/python3.8/site-packages/airflow/example_dags/example_branch_labels.py
[2025-11-27T08:18:42.778+0000] {processor.py:830} INFO - Processing file /home/airflow/.local/lib/python3.8/site-packages/airflow/example_dags/example_branch_labels.py for tasks to queue
[2025-11-27T08:18:42.780+0000] {logging_mixin.py:188} INFO - [2025-11-27T08:18:42.780+0000] {dagbag.py:538} INFO - Filling up the DagBag from /home/airflow/.local/lib/python3.8/site-packages/airflow/example_dags/example_branch_labels.py
[2025-11-27T08:18:42.786+0000] {processor.py:840} INFO - DAG(s) 'example_branch_labels' retrieved from /home/airflow/.local/lib/python3.8/site-packages/airflow/example_dags/example_branch_labels.py
[2025-11-27T08:18:42.802+0000] {logging_mixin.py:188} INFO - [2025-11-27T08:18:42.802+0000] {dag.py:3036} INFO - Sync 1 DAGs
[2025-11-27T08:18:42.818+0000] {logging_mixin.py:188} INFO - [2025-11-27T08:18:42.818+0000] {dag.py:3823} INFO - Setting next_dagrun for example_branch_labels to 2025-11-26 00:00:00+00:00, run_after=2025-11-27 00:00:00+00:00
[2025-11-27T08:18:42.836+0000] {processor.py:183} INFO - Processing /home/airflow/.local/lib/python3.8/site-packages/airflow/example_dags/example_branch_labels.py took 0.061 seconds
[2025-11-27T08:19:16.991+0000] {processor.py:161} INFO - Started process (PID=447) to work on /home/airflow/.local/lib/python3.8/site-packages/airflow/example_dags/example_branch_labels.py
[2025-11-27T08:19:16.993+0000] {processor.py:830} INFO - Processing file /home/airflow/.local/lib/python3.8/site-packages/airflow/example_dags/example_branch_labels.py for tasks to queue
[2025-11-27T08:19:16.995+0000] {logging_mixin.py:188} INFO - [2025-11-27T08:19:16.994+0000] {dagbag.py:538} INFO - Filling up the DagBag from /home/airflow/.local/lib/python3.8/site-packages/airflow/example_dags/example_branch_labels.py
[2025-11-27T08:19:17.002+0000] {processor.py:840} INFO - DAG(s) 'example_branch_labels' retrieved from /home/airflow/.local/lib/python3.8/site-packages/airflow/example_dags/example_branch_labels.py
[2025-11-27T08:19:17.022+0000] {logging_mixin.py:188} INFO - [2025-11-27T08:19:17.022+0000] {dag.py:3036} INFO - Sync 1 DAGs
[2025-11-27T08:19:17.039+0000] {logging_mixin.py:188} INFO - [2025-11-27T08:19:17.039+0000] {dag.py:3823} INFO - Setting next_dagrun for example_branch_labels to 2025-11-26 00:00:00+00:00, run_after=2025-11-27 00:00:00+00:00
[2025-11-27T08:19:17.058+0000] {processor.py:183} INFO - Processing /home/airflow/.local/lib/python3.8/site-packages/airflow/example_dags/example_branch_labels.py took 0.070 seconds
[2025-11-27T08:19:48.251+0000] {processor.py:161} INFO - Started process (PID=503) to work on /home/airflow/.local/lib/python3.8/site-packages/airflow/example_dags/example_branch_labels.py
[2025-11-27T08:19:48.253+0000] {processor.py:830} INFO - Processing file /home/airflow/.local/lib/python3.8/site-packages/airflow/example_dags/example_branch_labels.py for tasks to queue
[2025-11-27T08:19:48.254+0000] {logging_mixin.py:188} INFO - [2025-11-27T08:19:48.254+0000] {dagbag.py:538} INFO - Filling up the DagBag from /home/airflow/.local/lib/python3.8/site-packages/airflow/example_dags/example_branch_labels.py
[2025-11-27T08:19:48.260+0000] {processor.py:840} INFO - DAG(s) 'example_branch_labels' retrieved from /home/airflow/.local/lib/python3.8/site-packages/airflow/example_dags/example_branch_labels.py
[2025-11-27T08:19:48.277+0000] {logging_mixin.py:188} INFO - [2025-11-27T08:19:48.276+0000] {dag.py:3036} INFO - Sync 1 DAGs
[2025-11-27T08:19:48.296+0000] {logging_mixin.py:188} INFO - [2025-11-27T08:19:48.296+0000] {dag.py:3823} INFO - Setting next_dagrun for example_branch_labels to 2025-11-26 00:00:00+00:00, run_after=2025-11-27 00:00:00+00:00
[2025-11-27T08:19:48.315+0000] {processor.py:183} INFO - Processing /home/airflow/.local/lib/python3.8/site-packages/airflow/example_dags/example_branch_labels.py took 0.066 seconds
[2025-11-27T08:20:19.776+0000] {processor.py:161} INFO - Started process (PID=559) to work on /home/airflow/.local/lib/python3.8/site-packages/airflow/example_dags/example_branch_labels.py
[2025-11-27T08:20:19.777+0000] {processor.py:830} INFO - Processing file /home/airflow/.local/lib/python3.8/site-packages/airflow/example_dags/example_branch_labels.py for tasks to queue
[2025-11-27T08:20:19.779+0000] {logging_mixin.py:188} INFO - [2025-11-27T08:20:19.779+0000] {dagbag.py:538} INFO - Filling up the DagBag from /home/airflow/.local/lib/python3.8/site-packages/airflow/example_dags/example_branch_labels.py
[2025-11-27T08:20:19.785+0000] {processor.py:840} INFO - DAG(s) 'example_branch_labels' retrieved from /home/airflow/.local/lib/python3.8/site-packages/airflow/example_dags/example_branch_labels.py
[2025-11-27T08:20:19.806+0000] {logging_mixin.py:188} INFO - [2025-11-27T08:20:19.806+0000] {dag.py:3036} INFO - Sync 1 DAGs
[2025-11-27T08:20:19.824+0000] {logging_mixin.py:188} INFO - [2025-11-27T08:20:19.824+0000] {dag.py:3823} INFO - Setting next_dagrun for example_branch_labels to 2025-11-26 00:00:00+00:00, run_after=2025-11-27 00:00:00+00:00
[2025-11-27T08:20:19.844+0000] {processor.py:183} INFO - Processing /home/airflow/.local/lib/python3.8/site-packages/airflow/example_dags/example_branch_labels.py took 0.070 seconds
[2025-11-27T08:20:51.703+0000] {processor.py:161} INFO - Started process (PID=615) to work on /home/airflow/.local/lib/python3.8/site-packages/airflow/example_dags/example_branch_labels.py
[2025-11-27T08:20:51.704+0000] {processor.py:830} INFO - Processing file /home/airflow/.local/lib/python3.8/site-packages/airflow/example_dags/example_branch_labels.py for tasks to queue
[2025-11-27T08:20:51.706+0000] {logging_mixin.py:188} INFO - [2025-11-27T08:20:51.706+0000] {dagbag.py:538} INFO - Filling up the DagBag from /home/airflow/.local/lib/python3.8/site-packages/airflow/example_dags/example_branch_labels.py
[2025-11-27T08:20:51.713+0000] {processor.py:840} INFO - DAG(s) 'example_branch_labels' retrieved from /home/airflow/.local/lib/python3.8/site-packages/airflow/example_dags/example_branch_labels.py
[2025-11-27T08:20:51.731+0000] {logging_mixin.py:188} INFO - [2025-11-27T08:20:51.731+0000] {dag.py:3036} INFO - Sync 1 DAGs
[2025-11-27T08:20:51.751+0000] {logging_mixin.py:188} INFO - [2025-11-27T08:20:51.751+0000] {dag.py:3823} INFO - Setting next_dagrun for example_branch_labels to 2025-11-26 00:00:00+00:00, run_after=2025-11-27 00:00:00+00:00
[2025-11-27T08:20:51.772+0000] {processor.py:183} INFO - Processing /home/airflow/.local/lib/python3.8/site-packages/airflow/example_dags/example_branch_labels.py took 0.072 seconds
[2025-11-27T08:21:24.512+0000] {processor.py:161} INFO - Started process (PID=671) to work on /home/airflow/.local/lib/python3.8/site-packages/airflow/example_dags/example_branch_labels.py
[2025-11-27T08:21:24.513+0000] {processor.py:830} INFO - Processing file /home/airflow/.local/lib/python3.8/site-packages/airflow/example_dags/example_branch_labels.py for tasks to queue
[2025-11-27T08:21:24.515+0000] {logging_mixin.py:188} INFO - [2025-11-27T08:21:24.515+0000] {dagbag.py:538} INFO - Filling up the DagBag from /home/airflow/.local/lib/python3.8/site-packages/airflow/example_dags/example_branch_labels.py
[2025-11-27T08:21:24.522+0000] {processor.py:840} INFO - DAG(s) 'example_branch_labels' retrieved from /home/airflow/.local/lib/python3.8/site-packages/airflow/example_dags/example_branch_labels.py
[2025-11-27T08:21:24.540+0000] {logging_mixin.py:188} INFO - [2025-11-27T08:21:24.539+0000] {dag.py:3036} INFO - Sync 1 DAGs
[2025-11-27T08:21:24.557+0000] {logging_mixin.py:188} INFO - [2025-11-27T08:21:24.557+0000] {dag.py:3823} INFO - Setting next_dagrun for example_branch_labels to 2025-11-26 00:00:00+00:00, run_after=2025-11-27 00:00:00+00:00
[2025-11-27T08:21:24.575+0000] {processor.py:183} INFO - Processing /home/airflow/.local/lib/python3.8/site-packages/airflow/example_dags/example_branch_labels.py took 0.066 seconds
