[2025-11-27T07:49:59.878+0000] {processor.py:161} INFO - Started process (PID=93) to work on /home/airflow/.local/lib/python3.8/site-packages/airflow/example_dags/example_latest_only.py
[2025-11-27T07:49:59.879+0000] {processor.py:830} INFO - Processing file /home/airflow/.local/lib/python3.8/site-packages/airflow/example_dags/example_latest_only.py for tasks to queue
[2025-11-27T07:49:59.881+0000] {logging_mixin.py:188} INFO - [2025-11-27T07:49:59.880+0000] {dagbag.py:538} INFO - Filling up the DagBag from /home/airflow/.local/lib/python3.8/site-packages/airflow/example_dags/example_latest_only.py
[2025-11-27T07:49:59.886+0000] {processor.py:840} INFO - DAG(s) 'latest_only' retrieved from /home/airflow/.local/lib/python3.8/site-packages/airflow/example_dags/example_latest_only.py
[2025-11-27T07:49:59.898+0000] {logging_mixin.py:188} INFO - [2025-11-27T07:49:59.898+0000] {dag.py:3036} INFO - Sync 1 DAGs
[2025-11-27T07:49:59.916+0000] {logging_mixin.py:188} INFO - [2025-11-27T07:49:59.916+0000] {dag.py:3823} INFO - Setting next_dagrun for latest_only to 2025-11-27 00:00:00+00:00, run_after=2025-11-27 04:00:00+00:00
[2025-11-27T07:49:59.936+0000] {processor.py:183} INFO - Processing /home/airflow/.local/lib/python3.8/site-packages/airflow/example_dags/example_latest_only.py took 0.061 seconds
[2025-11-27T07:50:33.376+0000] {processor.py:161} INFO - Started process (PID=149) to work on /home/airflow/.local/lib/python3.8/site-packages/airflow/example_dags/example_latest_only.py
[2025-11-27T07:50:33.377+0000] {processor.py:830} INFO - Processing file /home/airflow/.local/lib/python3.8/site-packages/airflow/example_dags/example_latest_only.py for tasks to queue
[2025-11-27T07:50:33.380+0000] {logging_mixin.py:188} INFO - [2025-11-27T07:50:33.379+0000] {dagbag.py:538} INFO - Filling up the DagBag from /home/airflow/.local/lib/python3.8/site-packages/airflow/example_dags/example_latest_only.py
[2025-11-27T07:50:33.385+0000] {processor.py:840} INFO - DAG(s) 'latest_only' retrieved from /home/airflow/.local/lib/python3.8/site-packages/airflow/example_dags/example_latest_only.py
[2025-11-27T07:50:33.466+0000] {logging_mixin.py:188} INFO - [2025-11-27T07:50:33.465+0000] {dag.py:3036} INFO - Sync 1 DAGs
[2025-11-27T07:50:33.481+0000] {logging_mixin.py:188} INFO - [2025-11-27T07:50:33.481+0000] {dag.py:3823} INFO - Setting next_dagrun for latest_only to 2025-11-27 00:00:00+00:00, run_after=2025-11-27 04:00:00+00:00
[2025-11-27T07:50:33.498+0000] {processor.py:183} INFO - Processing /home/airflow/.local/lib/python3.8/site-packages/airflow/example_dags/example_latest_only.py took 0.124 seconds
[2025-11-27T07:51:05.063+0000] {processor.py:161} INFO - Started process (PID=205) to work on /home/airflow/.local/lib/python3.8/site-packages/airflow/example_dags/example_latest_only.py
[2025-11-27T07:51:05.064+0000] {processor.py:830} INFO - Processing file /home/airflow/.local/lib/python3.8/site-packages/airflow/example_dags/example_latest_only.py for tasks to queue
[2025-11-27T07:51:05.066+0000] {logging_mixin.py:188} INFO - [2025-11-27T07:51:05.065+0000] {dagbag.py:538} INFO - Filling up the DagBag from /home/airflow/.local/lib/python3.8/site-packages/airflow/example_dags/example_latest_only.py
[2025-11-27T07:51:05.070+0000] {processor.py:840} INFO - DAG(s) 'latest_only' retrieved from /home/airflow/.local/lib/python3.8/site-packages/airflow/example_dags/example_latest_only.py
[2025-11-27T07:51:05.085+0000] {logging_mixin.py:188} INFO - [2025-11-27T07:51:05.085+0000] {dag.py:3036} INFO - Sync 1 DAGs
[2025-11-27T07:51:05.100+0000] {logging_mixin.py:188} INFO - [2025-11-27T07:51:05.099+0000] {dag.py:3823} INFO - Setting next_dagrun for latest_only to 2025-11-27 00:00:00+00:00, run_after=2025-11-27 04:00:00+00:00
[2025-11-27T07:51:05.117+0000] {processor.py:183} INFO - Processing /home/airflow/.local/lib/python3.8/site-packages/airflow/example_dags/example_latest_only.py took 0.056 seconds
[2025-11-27T07:51:36.946+0000] {processor.py:161} INFO - Started process (PID=255) to work on /home/airflow/.local/lib/python3.8/site-packages/airflow/example_dags/example_latest_only.py
[2025-11-27T07:51:36.948+0000] {processor.py:830} INFO - Processing file /home/airflow/.local/lib/python3.8/site-packages/airflow/example_dags/example_latest_only.py for tasks to queue
[2025-11-27T07:51:36.949+0000] {logging_mixin.py:188} INFO - [2025-11-27T07:51:36.949+0000] {dagbag.py:538} INFO - Filling up the DagBag from /home/airflow/.local/lib/python3.8/site-packages/airflow/example_dags/example_latest_only.py
[2025-11-27T07:51:36.954+0000] {processor.py:840} INFO - DAG(s) 'latest_only' retrieved from /home/airflow/.local/lib/python3.8/site-packages/airflow/example_dags/example_latest_only.py
[2025-11-27T07:51:36.975+0000] {logging_mixin.py:188} INFO - [2025-11-27T07:51:36.975+0000] {dag.py:3036} INFO - Sync 1 DAGs
[2025-11-27T07:51:36.994+0000] {logging_mixin.py:188} INFO - [2025-11-27T07:51:36.994+0000] {dag.py:3823} INFO - Setting next_dagrun for latest_only to 2025-11-27 00:00:00+00:00, run_after=2025-11-27 04:00:00+00:00
[2025-11-27T07:51:37.019+0000] {processor.py:183} INFO - Processing /home/airflow/.local/lib/python3.8/site-packages/airflow/example_dags/example_latest_only.py took 0.076 seconds
[2025-11-27T07:52:10.297+0000] {processor.py:161} INFO - Started process (PID=317) to work on /home/airflow/.local/lib/python3.8/site-packages/airflow/example_dags/example_latest_only.py
[2025-11-27T07:52:10.298+0000] {processor.py:830} INFO - Processing file /home/airflow/.local/lib/python3.8/site-packages/airflow/example_dags/example_latest_only.py for tasks to queue
[2025-11-27T07:52:10.300+0000] {logging_mixin.py:188} INFO - [2025-11-27T07:52:10.299+0000] {dagbag.py:538} INFO - Filling up the DagBag from /home/airflow/.local/lib/python3.8/site-packages/airflow/example_dags/example_latest_only.py
[2025-11-27T07:52:10.304+0000] {processor.py:840} INFO - DAG(s) 'latest_only' retrieved from /home/airflow/.local/lib/python3.8/site-packages/airflow/example_dags/example_latest_only.py
[2025-11-27T07:52:10.322+0000] {logging_mixin.py:188} INFO - [2025-11-27T07:52:10.321+0000] {dag.py:3036} INFO - Sync 1 DAGs
[2025-11-27T07:52:10.338+0000] {logging_mixin.py:188} INFO - [2025-11-27T07:52:10.337+0000] {dag.py:3823} INFO - Setting next_dagrun for latest_only to 2025-11-27 00:00:00+00:00, run_after=2025-11-27 04:00:00+00:00
[2025-11-27T07:52:10.355+0000] {processor.py:183} INFO - Processing /home/airflow/.local/lib/python3.8/site-packages/airflow/example_dags/example_latest_only.py took 0.060 seconds
[2025-11-27T08:08:15.765+0000] {processor.py:161} INFO - Started process (PID=155) to work on /home/airflow/.local/lib/python3.8/site-packages/airflow/example_dags/example_latest_only.py
[2025-11-27T08:08:15.767+0000] {processor.py:830} INFO - Processing file /home/airflow/.local/lib/python3.8/site-packages/airflow/example_dags/example_latest_only.py for tasks to queue
[2025-11-27T08:08:15.769+0000] {logging_mixin.py:188} INFO - [2025-11-27T08:08:15.768+0000] {dagbag.py:538} INFO - Filling up the DagBag from /home/airflow/.local/lib/python3.8/site-packages/airflow/example_dags/example_latest_only.py
[2025-11-27T08:08:15.774+0000] {processor.py:840} INFO - DAG(s) 'latest_only' retrieved from /home/airflow/.local/lib/python3.8/site-packages/airflow/example_dags/example_latest_only.py
[2025-11-27T08:08:15.792+0000] {logging_mixin.py:188} INFO - [2025-11-27T08:08:15.791+0000] {dag.py:3036} INFO - Sync 1 DAGs
[2025-11-27T08:08:15.817+0000] {logging_mixin.py:188} INFO - [2025-11-27T08:08:15.817+0000] {dag.py:3823} INFO - Setting next_dagrun for latest_only to 2025-11-27 04:00:00+00:00, run_after=2025-11-27 08:00:00+00:00
[2025-11-27T08:08:15.863+0000] {processor.py:183} INFO - Processing /home/airflow/.local/lib/python3.8/site-packages/airflow/example_dags/example_latest_only.py took 0.101 seconds
[2025-11-27T08:08:50.225+0000] {processor.py:161} INFO - Started process (PID=211) to work on /home/airflow/.local/lib/python3.8/site-packages/airflow/example_dags/example_latest_only.py
[2025-11-27T08:08:50.226+0000] {processor.py:830} INFO - Processing file /home/airflow/.local/lib/python3.8/site-packages/airflow/example_dags/example_latest_only.py for tasks to queue
[2025-11-27T08:08:50.228+0000] {logging_mixin.py:188} INFO - [2025-11-27T08:08:50.228+0000] {dagbag.py:538} INFO - Filling up the DagBag from /home/airflow/.local/lib/python3.8/site-packages/airflow/example_dags/example_latest_only.py
[2025-11-27T08:08:50.233+0000] {processor.py:840} INFO - DAG(s) 'latest_only' retrieved from /home/airflow/.local/lib/python3.8/site-packages/airflow/example_dags/example_latest_only.py
[2025-11-27T08:08:50.456+0000] {logging_mixin.py:188} INFO - [2025-11-27T08:08:50.456+0000] {dag.py:3036} INFO - Sync 1 DAGs
[2025-11-27T08:08:50.475+0000] {logging_mixin.py:188} INFO - [2025-11-27T08:08:50.474+0000] {dag.py:3823} INFO - Setting next_dagrun for latest_only to 2025-11-27 04:00:00+00:00, run_after=2025-11-27 08:00:00+00:00
[2025-11-27T08:08:50.501+0000] {processor.py:183} INFO - Processing /home/airflow/.local/lib/python3.8/site-packages/airflow/example_dags/example_latest_only.py took 0.279 seconds
[2025-11-27T08:09:21.468+0000] {processor.py:161} INFO - Started process (PID=267) to work on /home/airflow/.local/lib/python3.8/site-packages/airflow/example_dags/example_latest_only.py
[2025-11-27T08:09:21.469+0000] {processor.py:830} INFO - Processing file /home/airflow/.local/lib/python3.8/site-packages/airflow/example_dags/example_latest_only.py for tasks to queue
[2025-11-27T08:09:21.471+0000] {logging_mixin.py:188} INFO - [2025-11-27T08:09:21.471+0000] {dagbag.py:538} INFO - Filling up the DagBag from /home/airflow/.local/lib/python3.8/site-packages/airflow/example_dags/example_latest_only.py
[2025-11-27T08:09:21.476+0000] {processor.py:840} INFO - DAG(s) 'latest_only' retrieved from /home/airflow/.local/lib/python3.8/site-packages/airflow/example_dags/example_latest_only.py
[2025-11-27T08:09:21.494+0000] {logging_mixin.py:188} INFO - [2025-11-27T08:09:21.494+0000] {dag.py:3036} INFO - Sync 1 DAGs
[2025-11-27T08:09:21.509+0000] {logging_mixin.py:188} INFO - [2025-11-27T08:09:21.509+0000] {dag.py:3823} INFO - Setting next_dagrun for latest_only to 2025-11-27 04:00:00+00:00, run_after=2025-11-27 08:00:00+00:00
[2025-11-27T08:09:21.526+0000] {processor.py:183} INFO - Processing /home/airflow/.local/lib/python3.8/site-packages/airflow/example_dags/example_latest_only.py took 0.061 seconds
[2025-11-27T08:09:51.802+0000] {processor.py:161} INFO - Started process (PID=317) to work on /home/airflow/.local/lib/python3.8/site-packages/airflow/example_dags/example_latest_only.py
[2025-11-27T08:09:51.803+0000] {processor.py:830} INFO - Processing file /home/airflow/.local/lib/python3.8/site-packages/airflow/example_dags/example_latest_only.py for tasks to queue
[2025-11-27T08:09:51.805+0000] {logging_mixin.py:188} INFO - [2025-11-27T08:09:51.805+0000] {dagbag.py:538} INFO - Filling up the DagBag from /home/airflow/.local/lib/python3.8/site-packages/airflow/example_dags/example_latest_only.py
[2025-11-27T08:09:51.810+0000] {processor.py:840} INFO - DAG(s) 'latest_only' retrieved from /home/airflow/.local/lib/python3.8/site-packages/airflow/example_dags/example_latest_only.py
[2025-11-27T08:09:51.829+0000] {logging_mixin.py:188} INFO - [2025-11-27T08:09:51.829+0000] {dag.py:3036} INFO - Sync 1 DAGs
[2025-11-27T08:09:51.847+0000] {logging_mixin.py:188} INFO - [2025-11-27T08:09:51.847+0000] {dag.py:3823} INFO - Setting next_dagrun for latest_only to 2025-11-27 04:00:00+00:00, run_after=2025-11-27 08:00:00+00:00
[2025-11-27T08:09:51.867+0000] {processor.py:183} INFO - Processing /home/airflow/.local/lib/python3.8/site-packages/airflow/example_dags/example_latest_only.py took 0.068 seconds
[2025-11-27T08:10:21.951+0000] {processor.py:161} INFO - Started process (PID=373) to work on /home/airflow/.local/lib/python3.8/site-packages/airflow/example_dags/example_latest_only.py
[2025-11-27T08:10:21.952+0000] {processor.py:830} INFO - Processing file /home/airflow/.local/lib/python3.8/site-packages/airflow/example_dags/example_latest_only.py for tasks to queue
[2025-11-27T08:10:21.954+0000] {logging_mixin.py:188} INFO - [2025-11-27T08:10:21.954+0000] {dagbag.py:538} INFO - Filling up the DagBag from /home/airflow/.local/lib/python3.8/site-packages/airflow/example_dags/example_latest_only.py
[2025-11-27T08:10:21.960+0000] {processor.py:840} INFO - DAG(s) 'latest_only' retrieved from /home/airflow/.local/lib/python3.8/site-packages/airflow/example_dags/example_latest_only.py
[2025-11-27T08:10:21.983+0000] {logging_mixin.py:188} INFO - [2025-11-27T08:10:21.983+0000] {dag.py:3036} INFO - Sync 1 DAGs
[2025-11-27T08:10:22.003+0000] {logging_mixin.py:188} INFO - [2025-11-27T08:10:22.003+0000] {dag.py:3823} INFO - Setting next_dagrun for latest_only to 2025-11-27 04:00:00+00:00, run_after=2025-11-27 08:00:00+00:00
[2025-11-27T08:10:22.022+0000] {processor.py:183} INFO - Processing /home/airflow/.local/lib/python3.8/site-packages/airflow/example_dags/example_latest_only.py took 0.077 seconds
[2025-11-27T08:10:52.879+0000] {processor.py:161} INFO - Started process (PID=430) to work on /home/airflow/.local/lib/python3.8/site-packages/airflow/example_dags/example_latest_only.py
[2025-11-27T08:10:52.880+0000] {processor.py:830} INFO - Processing file /home/airflow/.local/lib/python3.8/site-packages/airflow/example_dags/example_latest_only.py for tasks to queue
[2025-11-27T08:10:52.882+0000] {logging_mixin.py:188} INFO - [2025-11-27T08:10:52.882+0000] {dagbag.py:538} INFO - Filling up the DagBag from /home/airflow/.local/lib/python3.8/site-packages/airflow/example_dags/example_latest_only.py
[2025-11-27T08:10:52.887+0000] {processor.py:840} INFO - DAG(s) 'latest_only' retrieved from /home/airflow/.local/lib/python3.8/site-packages/airflow/example_dags/example_latest_only.py
[2025-11-27T08:10:52.904+0000] {logging_mixin.py:188} INFO - [2025-11-27T08:10:52.904+0000] {dag.py:3036} INFO - Sync 1 DAGs
[2025-11-27T08:10:52.921+0000] {logging_mixin.py:188} INFO - [2025-11-27T08:10:52.921+0000] {dag.py:3823} INFO - Setting next_dagrun for latest_only to 2025-11-27 04:00:00+00:00, run_after=2025-11-27 08:00:00+00:00
[2025-11-27T08:10:52.941+0000] {processor.py:183} INFO - Processing /home/airflow/.local/lib/python3.8/site-packages/airflow/example_dags/example_latest_only.py took 0.064 seconds
[2025-11-27T08:11:23.110+0000] {processor.py:161} INFO - Started process (PID=486) to work on /home/airflow/.local/lib/python3.8/site-packages/airflow/example_dags/example_latest_only.py
[2025-11-27T08:11:23.111+0000] {processor.py:830} INFO - Processing file /home/airflow/.local/lib/python3.8/site-packages/airflow/example_dags/example_latest_only.py for tasks to queue
[2025-11-27T08:11:23.114+0000] {logging_mixin.py:188} INFO - [2025-11-27T08:11:23.113+0000] {dagbag.py:538} INFO - Filling up the DagBag from /home/airflow/.local/lib/python3.8/site-packages/airflow/example_dags/example_latest_only.py
[2025-11-27T08:11:23.118+0000] {processor.py:840} INFO - DAG(s) 'latest_only' retrieved from /home/airflow/.local/lib/python3.8/site-packages/airflow/example_dags/example_latest_only.py
[2025-11-27T08:11:23.135+0000] {logging_mixin.py:188} INFO - [2025-11-27T08:11:23.135+0000] {dag.py:3036} INFO - Sync 1 DAGs
[2025-11-27T08:11:23.153+0000] {logging_mixin.py:188} INFO - [2025-11-27T08:11:23.153+0000] {dag.py:3823} INFO - Setting next_dagrun for latest_only to 2025-11-27 04:00:00+00:00, run_after=2025-11-27 08:00:00+00:00
[2025-11-27T08:11:23.175+0000] {processor.py:183} INFO - Processing /home/airflow/.local/lib/python3.8/site-packages/airflow/example_dags/example_latest_only.py took 0.068 seconds
[2025-11-27T08:11:53.726+0000] {processor.py:161} INFO - Started process (PID=542) to work on /home/airflow/.local/lib/python3.8/site-packages/airflow/example_dags/example_latest_only.py
[2025-11-27T08:11:53.727+0000] {processor.py:830} INFO - Processing file /home/airflow/.local/lib/python3.8/site-packages/airflow/example_dags/example_latest_only.py for tasks to queue
[2025-11-27T08:11:53.729+0000] {logging_mixin.py:188} INFO - [2025-11-27T08:11:53.729+0000] {dagbag.py:538} INFO - Filling up the DagBag from /home/airflow/.local/lib/python3.8/site-packages/airflow/example_dags/example_latest_only.py
[2025-11-27T08:11:53.733+0000] {processor.py:840} INFO - DAG(s) 'latest_only' retrieved from /home/airflow/.local/lib/python3.8/site-packages/airflow/example_dags/example_latest_only.py
[2025-11-27T08:11:53.750+0000] {logging_mixin.py:188} INFO - [2025-11-27T08:11:53.750+0000] {dag.py:3036} INFO - Sync 1 DAGs
[2025-11-27T08:11:53.766+0000] {logging_mixin.py:188} INFO - [2025-11-27T08:11:53.766+0000] {dag.py:3823} INFO - Setting next_dagrun for latest_only to 2025-11-27 04:00:00+00:00, run_after=2025-11-27 08:00:00+00:00
[2025-11-27T08:11:53.783+0000] {processor.py:183} INFO - Processing /home/airflow/.local/lib/python3.8/site-packages/airflow/example_dags/example_latest_only.py took 0.060 seconds
[2025-11-27T08:12:24.133+0000] {processor.py:161} INFO - Started process (PID=598) to work on /home/airflow/.local/lib/python3.8/site-packages/airflow/example_dags/example_latest_only.py
[2025-11-27T08:12:24.134+0000] {processor.py:830} INFO - Processing file /home/airflow/.local/lib/python3.8/site-packages/airflow/example_dags/example_latest_only.py for tasks to queue
[2025-11-27T08:12:24.136+0000] {logging_mixin.py:188} INFO - [2025-11-27T08:12:24.136+0000] {dagbag.py:538} INFO - Filling up the DagBag from /home/airflow/.local/lib/python3.8/site-packages/airflow/example_dags/example_latest_only.py
[2025-11-27T08:12:24.141+0000] {processor.py:840} INFO - DAG(s) 'latest_only' retrieved from /home/airflow/.local/lib/python3.8/site-packages/airflow/example_dags/example_latest_only.py
[2025-11-27T08:12:24.160+0000] {logging_mixin.py:188} INFO - [2025-11-27T08:12:24.160+0000] {dag.py:3036} INFO - Sync 1 DAGs
[2025-11-27T08:12:24.177+0000] {logging_mixin.py:188} INFO - [2025-11-27T08:12:24.177+0000] {dag.py:3823} INFO - Setting next_dagrun for latest_only to 2025-11-27 04:00:00+00:00, run_after=2025-11-27 08:00:00+00:00
[2025-11-27T08:12:24.194+0000] {processor.py:183} INFO - Processing /home/airflow/.local/lib/python3.8/site-packages/airflow/example_dags/example_latest_only.py took 0.063 seconds
[2025-11-27T08:12:54.794+0000] {processor.py:161} INFO - Started process (PID=654) to work on /home/airflow/.local/lib/python3.8/site-packages/airflow/example_dags/example_latest_only.py
[2025-11-27T08:12:54.796+0000] {processor.py:830} INFO - Processing file /home/airflow/.local/lib/python3.8/site-packages/airflow/example_dags/example_latest_only.py for tasks to queue
[2025-11-27T08:12:54.799+0000] {logging_mixin.py:188} INFO - [2025-11-27T08:12:54.798+0000] {dagbag.py:538} INFO - Filling up the DagBag from /home/airflow/.local/lib/python3.8/site-packages/airflow/example_dags/example_latest_only.py
[2025-11-27T08:12:54.807+0000] {processor.py:840} INFO - DAG(s) 'latest_only' retrieved from /home/airflow/.local/lib/python3.8/site-packages/airflow/example_dags/example_latest_only.py
[2025-11-27T08:12:54.829+0000] {logging_mixin.py:188} INFO - [2025-11-27T08:12:54.828+0000] {dag.py:3036} INFO - Sync 1 DAGs
[2025-11-27T08:12:54.847+0000] {logging_mixin.py:188} INFO - [2025-11-27T08:12:54.847+0000] {dag.py:3823} INFO - Setting next_dagrun for latest_only to 2025-11-27 04:00:00+00:00, run_after=2025-11-27 08:00:00+00:00
[2025-11-27T08:12:54.868+0000] {processor.py:183} INFO - Processing /home/airflow/.local/lib/python3.8/site-packages/airflow/example_dags/example_latest_only.py took 0.079 seconds
[2025-11-27T08:13:25.111+0000] {processor.py:161} INFO - Started process (PID=710) to work on /home/airflow/.local/lib/python3.8/site-packages/airflow/example_dags/example_latest_only.py
[2025-11-27T08:13:25.113+0000] {processor.py:830} INFO - Processing file /home/airflow/.local/lib/python3.8/site-packages/airflow/example_dags/example_latest_only.py for tasks to queue
[2025-11-27T08:13:25.115+0000] {logging_mixin.py:188} INFO - [2025-11-27T08:13:25.114+0000] {dagbag.py:538} INFO - Filling up the DagBag from /home/airflow/.local/lib/python3.8/site-packages/airflow/example_dags/example_latest_only.py
[2025-11-27T08:13:25.118+0000] {processor.py:840} INFO - DAG(s) 'latest_only' retrieved from /home/airflow/.local/lib/python3.8/site-packages/airflow/example_dags/example_latest_only.py
[2025-11-27T08:13:25.134+0000] {logging_mixin.py:188} INFO - [2025-11-27T08:13:25.134+0000] {dag.py:3036} INFO - Sync 1 DAGs
[2025-11-27T08:13:25.148+0000] {logging_mixin.py:188} INFO - [2025-11-27T08:13:25.148+0000] {dag.py:3823} INFO - Setting next_dagrun for latest_only to 2025-11-27 04:00:00+00:00, run_after=2025-11-27 08:00:00+00:00
[2025-11-27T08:13:25.168+0000] {processor.py:183} INFO - Processing /home/airflow/.local/lib/python3.8/site-packages/airflow/example_dags/example_latest_only.py took 0.058 seconds
[2025-11-27T08:13:55.541+0000] {processor.py:161} INFO - Started process (PID=766) to work on /home/airflow/.local/lib/python3.8/site-packages/airflow/example_dags/example_latest_only.py
[2025-11-27T08:13:55.542+0000] {processor.py:830} INFO - Processing file /home/airflow/.local/lib/python3.8/site-packages/airflow/example_dags/example_latest_only.py for tasks to queue
[2025-11-27T08:13:55.544+0000] {logging_mixin.py:188} INFO - [2025-11-27T08:13:55.543+0000] {dagbag.py:538} INFO - Filling up the DagBag from /home/airflow/.local/lib/python3.8/site-packages/airflow/example_dags/example_latest_only.py
[2025-11-27T08:13:55.548+0000] {processor.py:840} INFO - DAG(s) 'latest_only' retrieved from /home/airflow/.local/lib/python3.8/site-packages/airflow/example_dags/example_latest_only.py
[2025-11-27T08:13:55.563+0000] {logging_mixin.py:188} INFO - [2025-11-27T08:13:55.563+0000] {dag.py:3036} INFO - Sync 1 DAGs
[2025-11-27T08:13:55.578+0000] {logging_mixin.py:188} INFO - [2025-11-27T08:13:55.578+0000] {dag.py:3823} INFO - Setting next_dagrun for latest_only to 2025-11-27 04:00:00+00:00, run_after=2025-11-27 08:00:00+00:00
[2025-11-27T08:13:55.594+0000] {processor.py:183} INFO - Processing /home/airflow/.local/lib/python3.8/site-packages/airflow/example_dags/example_latest_only.py took 0.056 seconds
[2025-11-27T08:14:25.816+0000] {processor.py:161} INFO - Started process (PID=822) to work on /home/airflow/.local/lib/python3.8/site-packages/airflow/example_dags/example_latest_only.py
[2025-11-27T08:14:25.818+0000] {processor.py:830} INFO - Processing file /home/airflow/.local/lib/python3.8/site-packages/airflow/example_dags/example_latest_only.py for tasks to queue
[2025-11-27T08:14:25.819+0000] {logging_mixin.py:188} INFO - [2025-11-27T08:14:25.819+0000] {dagbag.py:538} INFO - Filling up the DagBag from /home/airflow/.local/lib/python3.8/site-packages/airflow/example_dags/example_latest_only.py
[2025-11-27T08:14:25.823+0000] {processor.py:840} INFO - DAG(s) 'latest_only' retrieved from /home/airflow/.local/lib/python3.8/site-packages/airflow/example_dags/example_latest_only.py
[2025-11-27T08:14:25.840+0000] {logging_mixin.py:188} INFO - [2025-11-27T08:14:25.840+0000] {dag.py:3036} INFO - Sync 1 DAGs
[2025-11-27T08:14:25.856+0000] {logging_mixin.py:188} INFO - [2025-11-27T08:14:25.856+0000] {dag.py:3823} INFO - Setting next_dagrun for latest_only to 2025-11-27 04:00:00+00:00, run_after=2025-11-27 08:00:00+00:00
[2025-11-27T08:14:25.872+0000] {processor.py:183} INFO - Processing /home/airflow/.local/lib/python3.8/site-packages/airflow/example_dags/example_latest_only.py took 0.058 seconds
[2025-11-27T08:14:57.150+0000] {processor.py:161} INFO - Started process (PID=878) to work on /home/airflow/.local/lib/python3.8/site-packages/airflow/example_dags/example_latest_only.py
[2025-11-27T08:14:57.151+0000] {processor.py:830} INFO - Processing file /home/airflow/.local/lib/python3.8/site-packages/airflow/example_dags/example_latest_only.py for tasks to queue
[2025-11-27T08:14:57.153+0000] {logging_mixin.py:188} INFO - [2025-11-27T08:14:57.153+0000] {dagbag.py:538} INFO - Filling up the DagBag from /home/airflow/.local/lib/python3.8/site-packages/airflow/example_dags/example_latest_only.py
[2025-11-27T08:14:57.157+0000] {processor.py:840} INFO - DAG(s) 'latest_only' retrieved from /home/airflow/.local/lib/python3.8/site-packages/airflow/example_dags/example_latest_only.py
[2025-11-27T08:14:57.172+0000] {logging_mixin.py:188} INFO - [2025-11-27T08:14:57.172+0000] {dag.py:3036} INFO - Sync 1 DAGs
[2025-11-27T08:14:57.190+0000] {logging_mixin.py:188} INFO - [2025-11-27T08:14:57.190+0000] {dag.py:3823} INFO - Setting next_dagrun for latest_only to 2025-11-27 04:00:00+00:00, run_after=2025-11-27 08:00:00+00:00
[2025-11-27T08:14:57.208+0000] {processor.py:183} INFO - Processing /home/airflow/.local/lib/python3.8/site-packages/airflow/example_dags/example_latest_only.py took 0.060 seconds
[2025-11-27T08:16:30.168+0000] {processor.py:161} INFO - Started process (PID=156) to work on /home/airflow/.local/lib/python3.8/site-packages/airflow/example_dags/example_latest_only.py
[2025-11-27T08:16:30.171+0000] {processor.py:830} INFO - Processing file /home/airflow/.local/lib/python3.8/site-packages/airflow/example_dags/example_latest_only.py for tasks to queue
[2025-11-27T08:16:30.182+0000] {logging_mixin.py:188} INFO - [2025-11-27T08:16:30.182+0000] {dagbag.py:538} INFO - Filling up the DagBag from /home/airflow/.local/lib/python3.8/site-packages/airflow/example_dags/example_latest_only.py
[2025-11-27T08:16:30.193+0000] {processor.py:840} INFO - DAG(s) 'latest_only' retrieved from /home/airflow/.local/lib/python3.8/site-packages/airflow/example_dags/example_latest_only.py
[2025-11-27T08:16:30.240+0000] {logging_mixin.py:188} INFO - [2025-11-27T08:16:30.239+0000] {dag.py:3036} INFO - Sync 1 DAGs
[2025-11-27T08:16:30.270+0000] {logging_mixin.py:188} INFO - [2025-11-27T08:16:30.270+0000] {dag.py:3823} INFO - Setting next_dagrun for latest_only to 2025-11-27 04:00:00+00:00, run_after=2025-11-27 08:00:00+00:00
[2025-11-27T08:16:30.326+0000] {processor.py:183} INFO - Processing /home/airflow/.local/lib/python3.8/site-packages/airflow/example_dags/example_latest_only.py took 0.165 seconds
[2025-11-27T08:17:06.519+0000] {processor.py:161} INFO - Started process (PID=212) to work on /home/airflow/.local/lib/python3.8/site-packages/airflow/example_dags/example_latest_only.py
[2025-11-27T08:17:06.521+0000] {processor.py:830} INFO - Processing file /home/airflow/.local/lib/python3.8/site-packages/airflow/example_dags/example_latest_only.py for tasks to queue
[2025-11-27T08:17:06.522+0000] {logging_mixin.py:188} INFO - [2025-11-27T08:17:06.522+0000] {dagbag.py:538} INFO - Filling up the DagBag from /home/airflow/.local/lib/python3.8/site-packages/airflow/example_dags/example_latest_only.py
[2025-11-27T08:17:06.527+0000] {processor.py:840} INFO - DAG(s) 'latest_only' retrieved from /home/airflow/.local/lib/python3.8/site-packages/airflow/example_dags/example_latest_only.py
[2025-11-27T08:17:06.702+0000] {logging_mixin.py:188} INFO - [2025-11-27T08:17:06.702+0000] {dag.py:3036} INFO - Sync 1 DAGs
[2025-11-27T08:17:06.713+0000] {logging_mixin.py:188} INFO - [2025-11-27T08:17:06.713+0000] {dag.py:3823} INFO - Setting next_dagrun for latest_only to 2025-11-27 04:00:00+00:00, run_after=2025-11-27 08:00:00+00:00
[2025-11-27T08:17:06.730+0000] {processor.py:183} INFO - Processing /home/airflow/.local/lib/python3.8/site-packages/airflow/example_dags/example_latest_only.py took 0.213 seconds
[2025-11-27T08:17:38.871+0000] {processor.py:161} INFO - Started process (PID=268) to work on /home/airflow/.local/lib/python3.8/site-packages/airflow/example_dags/example_latest_only.py
[2025-11-27T08:17:38.873+0000] {processor.py:830} INFO - Processing file /home/airflow/.local/lib/python3.8/site-packages/airflow/example_dags/example_latest_only.py for tasks to queue
[2025-11-27T08:17:38.876+0000] {logging_mixin.py:188} INFO - [2025-11-27T08:17:38.876+0000] {dagbag.py:538} INFO - Filling up the DagBag from /home/airflow/.local/lib/python3.8/site-packages/airflow/example_dags/example_latest_only.py
[2025-11-27T08:17:38.883+0000] {processor.py:840} INFO - DAG(s) 'latest_only' retrieved from /home/airflow/.local/lib/python3.8/site-packages/airflow/example_dags/example_latest_only.py
[2025-11-27T08:17:38.906+0000] {logging_mixin.py:188} INFO - [2025-11-27T08:17:38.906+0000] {dag.py:3036} INFO - Sync 1 DAGs
[2025-11-27T08:17:38.930+0000] {logging_mixin.py:188} INFO - [2025-11-27T08:17:38.930+0000] {dag.py:3823} INFO - Setting next_dagrun for latest_only to 2025-11-27 04:00:00+00:00, run_after=2025-11-27 08:00:00+00:00
[2025-11-27T08:17:38.950+0000] {processor.py:183} INFO - Processing /home/airflow/.local/lib/python3.8/site-packages/airflow/example_dags/example_latest_only.py took 0.083 seconds
[2025-11-27T08:18:11.368+0000] {processor.py:161} INFO - Started process (PID=324) to work on /home/airflow/.local/lib/python3.8/site-packages/airflow/example_dags/example_latest_only.py
[2025-11-27T08:18:11.369+0000] {processor.py:830} INFO - Processing file /home/airflow/.local/lib/python3.8/site-packages/airflow/example_dags/example_latest_only.py for tasks to queue
[2025-11-27T08:18:11.371+0000] {logging_mixin.py:188} INFO - [2025-11-27T08:18:11.371+0000] {dagbag.py:538} INFO - Filling up the DagBag from /home/airflow/.local/lib/python3.8/site-packages/airflow/example_dags/example_latest_only.py
[2025-11-27T08:18:11.376+0000] {processor.py:840} INFO - DAG(s) 'latest_only' retrieved from /home/airflow/.local/lib/python3.8/site-packages/airflow/example_dags/example_latest_only.py
[2025-11-27T08:18:11.393+0000] {logging_mixin.py:188} INFO - [2025-11-27T08:18:11.393+0000] {dag.py:3036} INFO - Sync 1 DAGs
[2025-11-27T08:18:11.409+0000] {logging_mixin.py:188} INFO - [2025-11-27T08:18:11.409+0000] {dag.py:3823} INFO - Setting next_dagrun for latest_only to 2025-11-27 04:00:00+00:00, run_after=2025-11-27 08:00:00+00:00
[2025-11-27T08:18:11.426+0000] {processor.py:183} INFO - Processing /home/airflow/.local/lib/python3.8/site-packages/airflow/example_dags/example_latest_only.py took 0.060 seconds
[2025-11-27T08:18:42.132+0000] {processor.py:161} INFO - Started process (PID=380) to work on /home/airflow/.local/lib/python3.8/site-packages/airflow/example_dags/example_latest_only.py
[2025-11-27T08:18:42.133+0000] {processor.py:830} INFO - Processing file /home/airflow/.local/lib/python3.8/site-packages/airflow/example_dags/example_latest_only.py for tasks to queue
[2025-11-27T08:18:42.136+0000] {logging_mixin.py:188} INFO - [2025-11-27T08:18:42.135+0000] {dagbag.py:538} INFO - Filling up the DagBag from /home/airflow/.local/lib/python3.8/site-packages/airflow/example_dags/example_latest_only.py
[2025-11-27T08:18:42.141+0000] {processor.py:840} INFO - DAG(s) 'latest_only' retrieved from /home/airflow/.local/lib/python3.8/site-packages/airflow/example_dags/example_latest_only.py
[2025-11-27T08:18:42.162+0000] {logging_mixin.py:188} INFO - [2025-11-27T08:18:42.161+0000] {dag.py:3036} INFO - Sync 1 DAGs
[2025-11-27T08:18:42.181+0000] {logging_mixin.py:188} INFO - [2025-11-27T08:18:42.181+0000] {dag.py:3823} INFO - Setting next_dagrun for latest_only to 2025-11-27 04:00:00+00:00, run_after=2025-11-27 08:00:00+00:00
[2025-11-27T08:18:42.203+0000] {processor.py:183} INFO - Processing /home/airflow/.local/lib/python3.8/site-packages/airflow/example_dags/example_latest_only.py took 0.073 seconds
[2025-11-27T08:19:16.026+0000] {processor.py:161} INFO - Started process (PID=436) to work on /home/airflow/.local/lib/python3.8/site-packages/airflow/example_dags/example_latest_only.py
[2025-11-27T08:19:16.027+0000] {processor.py:830} INFO - Processing file /home/airflow/.local/lib/python3.8/site-packages/airflow/example_dags/example_latest_only.py for tasks to queue
[2025-11-27T08:19:16.029+0000] {logging_mixin.py:188} INFO - [2025-11-27T08:19:16.029+0000] {dagbag.py:538} INFO - Filling up the DagBag from /home/airflow/.local/lib/python3.8/site-packages/airflow/example_dags/example_latest_only.py
[2025-11-27T08:19:16.033+0000] {processor.py:840} INFO - DAG(s) 'latest_only' retrieved from /home/airflow/.local/lib/python3.8/site-packages/airflow/example_dags/example_latest_only.py
[2025-11-27T08:19:16.054+0000] {logging_mixin.py:188} INFO - [2025-11-27T08:19:16.054+0000] {dag.py:3036} INFO - Sync 1 DAGs
[2025-11-27T08:19:16.072+0000] {logging_mixin.py:188} INFO - [2025-11-27T08:19:16.071+0000] {dag.py:3823} INFO - Setting next_dagrun for latest_only to 2025-11-27 04:00:00+00:00, run_after=2025-11-27 08:00:00+00:00
[2025-11-27T08:19:16.094+0000] {processor.py:183} INFO - Processing /home/airflow/.local/lib/python3.8/site-packages/airflow/example_dags/example_latest_only.py took 0.070 seconds
[2025-11-27T08:19:46.387+0000] {processor.py:161} INFO - Started process (PID=492) to work on /home/airflow/.local/lib/python3.8/site-packages/airflow/example_dags/example_latest_only.py
[2025-11-27T08:19:46.388+0000] {processor.py:830} INFO - Processing file /home/airflow/.local/lib/python3.8/site-packages/airflow/example_dags/example_latest_only.py for tasks to queue
[2025-11-27T08:19:46.390+0000] {logging_mixin.py:188} INFO - [2025-11-27T08:19:46.390+0000] {dagbag.py:538} INFO - Filling up the DagBag from /home/airflow/.local/lib/python3.8/site-packages/airflow/example_dags/example_latest_only.py
[2025-11-27T08:19:46.394+0000] {processor.py:840} INFO - DAG(s) 'latest_only' retrieved from /home/airflow/.local/lib/python3.8/site-packages/airflow/example_dags/example_latest_only.py
[2025-11-27T08:19:46.412+0000] {logging_mixin.py:188} INFO - [2025-11-27T08:19:46.411+0000] {dag.py:3036} INFO - Sync 1 DAGs
[2025-11-27T08:19:46.426+0000] {logging_mixin.py:188} INFO - [2025-11-27T08:19:46.426+0000] {dag.py:3823} INFO - Setting next_dagrun for latest_only to 2025-11-27 04:00:00+00:00, run_after=2025-11-27 08:00:00+00:00
[2025-11-27T08:19:46.441+0000] {processor.py:183} INFO - Processing /home/airflow/.local/lib/python3.8/site-packages/airflow/example_dags/example_latest_only.py took 0.058 seconds
[2025-11-27T08:20:19.196+0000] {processor.py:161} INFO - Started process (PID=548) to work on /home/airflow/.local/lib/python3.8/site-packages/airflow/example_dags/example_latest_only.py
[2025-11-27T08:20:19.197+0000] {processor.py:830} INFO - Processing file /home/airflow/.local/lib/python3.8/site-packages/airflow/example_dags/example_latest_only.py for tasks to queue
[2025-11-27T08:20:19.199+0000] {logging_mixin.py:188} INFO - [2025-11-27T08:20:19.199+0000] {dagbag.py:538} INFO - Filling up the DagBag from /home/airflow/.local/lib/python3.8/site-packages/airflow/example_dags/example_latest_only.py
[2025-11-27T08:20:19.204+0000] {processor.py:840} INFO - DAG(s) 'latest_only' retrieved from /home/airflow/.local/lib/python3.8/site-packages/airflow/example_dags/example_latest_only.py
[2025-11-27T08:20:19.226+0000] {logging_mixin.py:188} INFO - [2025-11-27T08:20:19.225+0000] {dag.py:3036} INFO - Sync 1 DAGs
[2025-11-27T08:20:19.253+0000] {logging_mixin.py:188} INFO - [2025-11-27T08:20:19.252+0000] {dag.py:3823} INFO - Setting next_dagrun for latest_only to 2025-11-27 04:00:00+00:00, run_after=2025-11-27 08:00:00+00:00
[2025-11-27T08:20:19.280+0000] {processor.py:183} INFO - Processing /home/airflow/.local/lib/python3.8/site-packages/airflow/example_dags/example_latest_only.py took 0.087 seconds
[2025-11-27T08:20:51.021+0000] {processor.py:161} INFO - Started process (PID=604) to work on /home/airflow/.local/lib/python3.8/site-packages/airflow/example_dags/example_latest_only.py
[2025-11-27T08:20:51.022+0000] {processor.py:830} INFO - Processing file /home/airflow/.local/lib/python3.8/site-packages/airflow/example_dags/example_latest_only.py for tasks to queue
[2025-11-27T08:20:51.024+0000] {logging_mixin.py:188} INFO - [2025-11-27T08:20:51.024+0000] {dagbag.py:538} INFO - Filling up the DagBag from /home/airflow/.local/lib/python3.8/site-packages/airflow/example_dags/example_latest_only.py
[2025-11-27T08:20:51.028+0000] {processor.py:840} INFO - DAG(s) 'latest_only' retrieved from /home/airflow/.local/lib/python3.8/site-packages/airflow/example_dags/example_latest_only.py
[2025-11-27T08:20:51.047+0000] {logging_mixin.py:188} INFO - [2025-11-27T08:20:51.046+0000] {dag.py:3036} INFO - Sync 1 DAGs
[2025-11-27T08:20:51.065+0000] {logging_mixin.py:188} INFO - [2025-11-27T08:20:51.064+0000] {dag.py:3823} INFO - Setting next_dagrun for latest_only to 2025-11-27 04:00:00+00:00, run_after=2025-11-27 08:00:00+00:00
[2025-11-27T08:20:51.089+0000] {processor.py:183} INFO - Processing /home/airflow/.local/lib/python3.8/site-packages/airflow/example_dags/example_latest_only.py took 0.070 seconds
[2025-11-27T08:21:23.826+0000] {processor.py:161} INFO - Started process (PID=660) to work on /home/airflow/.local/lib/python3.8/site-packages/airflow/example_dags/example_latest_only.py
[2025-11-27T08:21:23.827+0000] {processor.py:830} INFO - Processing file /home/airflow/.local/lib/python3.8/site-packages/airflow/example_dags/example_latest_only.py for tasks to queue
[2025-11-27T08:21:23.829+0000] {logging_mixin.py:188} INFO - [2025-11-27T08:21:23.829+0000] {dagbag.py:538} INFO - Filling up the DagBag from /home/airflow/.local/lib/python3.8/site-packages/airflow/example_dags/example_latest_only.py
[2025-11-27T08:21:23.833+0000] {processor.py:840} INFO - DAG(s) 'latest_only' retrieved from /home/airflow/.local/lib/python3.8/site-packages/airflow/example_dags/example_latest_only.py
[2025-11-27T08:21:23.851+0000] {logging_mixin.py:188} INFO - [2025-11-27T08:21:23.851+0000] {dag.py:3036} INFO - Sync 1 DAGs
[2025-11-27T08:21:23.865+0000] {logging_mixin.py:188} INFO - [2025-11-27T08:21:23.865+0000] {dag.py:3823} INFO - Setting next_dagrun for latest_only to 2025-11-27 04:00:00+00:00, run_after=2025-11-27 08:00:00+00:00
[2025-11-27T08:21:23.991+0000] {processor.py:183} INFO - Processing /home/airflow/.local/lib/python3.8/site-packages/airflow/example_dags/example_latest_only.py took 0.169 seconds
