[2025-11-27T07:50:00.848+0000] {processor.py:161} INFO - Started process (PID=103) to work on /home/airflow/.local/lib/python3.8/site-packages/airflow/example_dags/example_datasets.py
[2025-11-27T07:50:00.849+0000] {processor.py:830} INFO - Processing file /home/airflow/.local/lib/python3.8/site-packages/airflow/example_dags/example_datasets.py for tasks to queue
[2025-11-27T07:50:00.851+0000] {logging_mixin.py:188} INFO - [2025-11-27T07:50:00.850+0000] {dagbag.py:538} INFO - Filling up the DagBag from /home/airflow/.local/lib/python3.8/site-packages/airflow/example_dags/example_datasets.py
[2025-11-27T07:50:00.858+0000] {processor.py:840} INFO - DAG(s) 'dataset_consumes_unknown_never_scheduled', 'dataset_consumes_1', 'dataset_produces_1', 'dataset_consumes_1_never_scheduled', 'dataset_consumes_1_and_2', 'dataset_produces_2' retrieved from /home/airflow/.local/lib/python3.8/site-packages/airflow/example_dags/example_datasets.py
[2025-11-27T07:50:00.874+0000] {logging_mixin.py:188} INFO - [2025-11-27T07:50:00.874+0000] {dag.py:3036} INFO - Sync 6 DAGs
[2025-11-27T07:50:00.892+0000] {logging_mixin.py:188} INFO - [2025-11-27T07:50:00.892+0000] {dag.py:3823} INFO - Setting next_dagrun for dataset_consumes_1 to None, run_after=None
[2025-11-27T07:50:00.895+0000] {logging_mixin.py:188} INFO - [2025-11-27T07:50:00.894+0000] {dag.py:3823} INFO - Setting next_dagrun for dataset_consumes_1_and_2 to None, run_after=None
[2025-11-27T07:50:00.896+0000] {logging_mixin.py:188} INFO - [2025-11-27T07:50:00.896+0000] {dag.py:3823} INFO - Setting next_dagrun for dataset_consumes_1_never_scheduled to None, run_after=None
[2025-11-27T07:50:00.897+0000] {logging_mixin.py:188} INFO - [2025-11-27T07:50:00.897+0000] {dag.py:3823} INFO - Setting next_dagrun for dataset_consumes_unknown_never_scheduled to None, run_after=None
[2025-11-27T07:50:00.899+0000] {logging_mixin.py:188} INFO - [2025-11-27T07:50:00.899+0000] {dag.py:3823} INFO - Setting next_dagrun for dataset_produces_1 to 2025-11-26 00:00:00+00:00, run_after=2025-11-27 00:00:00+00:00
[2025-11-27T07:50:00.901+0000] {logging_mixin.py:188} INFO - [2025-11-27T07:50:00.901+0000] {dag.py:3823} INFO - Setting next_dagrun for dataset_produces_2 to None, run_after=None
[2025-11-27T07:50:00.929+0000] {processor.py:183} INFO - Processing /home/airflow/.local/lib/python3.8/site-packages/airflow/example_dags/example_datasets.py took 0.084 seconds
[2025-11-27T07:50:34.785+0000] {processor.py:161} INFO - Started process (PID=159) to work on /home/airflow/.local/lib/python3.8/site-packages/airflow/example_dags/example_datasets.py
[2025-11-27T07:50:34.786+0000] {processor.py:830} INFO - Processing file /home/airflow/.local/lib/python3.8/site-packages/airflow/example_dags/example_datasets.py for tasks to queue
[2025-11-27T07:50:34.788+0000] {logging_mixin.py:188} INFO - [2025-11-27T07:50:34.788+0000] {dagbag.py:538} INFO - Filling up the DagBag from /home/airflow/.local/lib/python3.8/site-packages/airflow/example_dags/example_datasets.py
[2025-11-27T07:50:34.797+0000] {processor.py:840} INFO - DAG(s) 'dataset_produces_1', 'dataset_consumes_1_never_scheduled', 'dataset_consumes_unknown_never_scheduled', 'dataset_consumes_1', 'dataset_consumes_1_and_2', 'dataset_produces_2' retrieved from /home/airflow/.local/lib/python3.8/site-packages/airflow/example_dags/example_datasets.py
[2025-11-27T07:50:34.916+0000] {logging_mixin.py:188} INFO - [2025-11-27T07:50:34.916+0000] {dag.py:3036} INFO - Sync 6 DAGs
[2025-11-27T07:50:34.929+0000] {logging_mixin.py:188} INFO - [2025-11-27T07:50:34.929+0000] {dag.py:3823} INFO - Setting next_dagrun for dataset_consumes_1 to None, run_after=None
[2025-11-27T07:50:34.932+0000] {logging_mixin.py:188} INFO - [2025-11-27T07:50:34.932+0000] {dag.py:3823} INFO - Setting next_dagrun for dataset_consumes_1_and_2 to None, run_after=None
[2025-11-27T07:50:34.934+0000] {logging_mixin.py:188} INFO - [2025-11-27T07:50:34.934+0000] {dag.py:3823} INFO - Setting next_dagrun for dataset_consumes_1_never_scheduled to None, run_after=None
[2025-11-27T07:50:34.935+0000] {logging_mixin.py:188} INFO - [2025-11-27T07:50:34.935+0000] {dag.py:3823} INFO - Setting next_dagrun for dataset_consumes_unknown_never_scheduled to None, run_after=None
[2025-11-27T07:50:34.937+0000] {logging_mixin.py:188} INFO - [2025-11-27T07:50:34.937+0000] {dag.py:3823} INFO - Setting next_dagrun for dataset_produces_1 to 2025-11-26 00:00:00+00:00, run_after=2025-11-27 00:00:00+00:00
[2025-11-27T07:50:34.939+0000] {logging_mixin.py:188} INFO - [2025-11-27T07:50:34.939+0000] {dag.py:3823} INFO - Setting next_dagrun for dataset_produces_2 to None, run_after=None
[2025-11-27T07:50:34.967+0000] {processor.py:183} INFO - Processing /home/airflow/.local/lib/python3.8/site-packages/airflow/example_dags/example_datasets.py took 0.185 seconds
[2025-11-27T07:51:05.499+0000] {processor.py:161} INFO - Started process (PID=215) to work on /home/airflow/.local/lib/python3.8/site-packages/airflow/example_dags/example_datasets.py
[2025-11-27T07:51:05.500+0000] {processor.py:830} INFO - Processing file /home/airflow/.local/lib/python3.8/site-packages/airflow/example_dags/example_datasets.py for tasks to queue
[2025-11-27T07:51:05.502+0000] {logging_mixin.py:188} INFO - [2025-11-27T07:51:05.502+0000] {dagbag.py:538} INFO - Filling up the DagBag from /home/airflow/.local/lib/python3.8/site-packages/airflow/example_dags/example_datasets.py
[2025-11-27T07:51:05.510+0000] {processor.py:840} INFO - DAG(s) 'dataset_produces_2', 'dataset_consumes_1_and_2', 'dataset_consumes_unknown_never_scheduled', 'dataset_produces_1', 'dataset_consumes_1', 'dataset_consumes_1_never_scheduled' retrieved from /home/airflow/.local/lib/python3.8/site-packages/airflow/example_dags/example_datasets.py
[2025-11-27T07:51:05.538+0000] {logging_mixin.py:188} INFO - [2025-11-27T07:51:05.538+0000] {dag.py:3036} INFO - Sync 6 DAGs
[2025-11-27T07:51:05.554+0000] {logging_mixin.py:188} INFO - [2025-11-27T07:51:05.554+0000] {dag.py:3823} INFO - Setting next_dagrun for dataset_consumes_1 to None, run_after=None
[2025-11-27T07:51:05.558+0000] {logging_mixin.py:188} INFO - [2025-11-27T07:51:05.558+0000] {dag.py:3823} INFO - Setting next_dagrun for dataset_consumes_1_and_2 to None, run_after=None
[2025-11-27T07:51:05.559+0000] {logging_mixin.py:188} INFO - [2025-11-27T07:51:05.559+0000] {dag.py:3823} INFO - Setting next_dagrun for dataset_consumes_1_never_scheduled to None, run_after=None
[2025-11-27T07:51:05.561+0000] {logging_mixin.py:188} INFO - [2025-11-27T07:51:05.561+0000] {dag.py:3823} INFO - Setting next_dagrun for dataset_consumes_unknown_never_scheduled to None, run_after=None
[2025-11-27T07:51:05.563+0000] {logging_mixin.py:188} INFO - [2025-11-27T07:51:05.563+0000] {dag.py:3823} INFO - Setting next_dagrun for dataset_produces_1 to 2025-11-26 00:00:00+00:00, run_after=2025-11-27 00:00:00+00:00
[2025-11-27T07:51:05.564+0000] {logging_mixin.py:188} INFO - [2025-11-27T07:51:05.564+0000] {dag.py:3823} INFO - Setting next_dagrun for dataset_produces_2 to None, run_after=None
[2025-11-27T07:51:05.594+0000] {processor.py:183} INFO - Processing /home/airflow/.local/lib/python3.8/site-packages/airflow/example_dags/example_datasets.py took 0.098 seconds
[2025-11-27T07:51:37.429+0000] {processor.py:161} INFO - Started process (PID=265) to work on /home/airflow/.local/lib/python3.8/site-packages/airflow/example_dags/example_datasets.py
[2025-11-27T07:51:37.431+0000] {processor.py:830} INFO - Processing file /home/airflow/.local/lib/python3.8/site-packages/airflow/example_dags/example_datasets.py for tasks to queue
[2025-11-27T07:51:37.432+0000] {logging_mixin.py:188} INFO - [2025-11-27T07:51:37.432+0000] {dagbag.py:538} INFO - Filling up the DagBag from /home/airflow/.local/lib/python3.8/site-packages/airflow/example_dags/example_datasets.py
[2025-11-27T07:51:37.440+0000] {processor.py:840} INFO - DAG(s) 'dataset_produces_1', 'dataset_produces_2', 'dataset_consumes_1_never_scheduled', 'dataset_consumes_1_and_2', 'dataset_consumes_unknown_never_scheduled', 'dataset_consumes_1' retrieved from /home/airflow/.local/lib/python3.8/site-packages/airflow/example_dags/example_datasets.py
[2025-11-27T07:51:37.468+0000] {logging_mixin.py:188} INFO - [2025-11-27T07:51:37.468+0000] {dag.py:3036} INFO - Sync 6 DAGs
[2025-11-27T07:51:37.483+0000] {logging_mixin.py:188} INFO - [2025-11-27T07:51:37.483+0000] {dag.py:3823} INFO - Setting next_dagrun for dataset_consumes_1 to None, run_after=None
[2025-11-27T07:51:37.486+0000] {logging_mixin.py:188} INFO - [2025-11-27T07:51:37.486+0000] {dag.py:3823} INFO - Setting next_dagrun for dataset_consumes_1_and_2 to None, run_after=None
[2025-11-27T07:51:37.488+0000] {logging_mixin.py:188} INFO - [2025-11-27T07:51:37.488+0000] {dag.py:3823} INFO - Setting next_dagrun for dataset_consumes_1_never_scheduled to None, run_after=None
[2025-11-27T07:51:37.490+0000] {logging_mixin.py:188} INFO - [2025-11-27T07:51:37.490+0000] {dag.py:3823} INFO - Setting next_dagrun for dataset_consumes_unknown_never_scheduled to None, run_after=None
[2025-11-27T07:51:37.493+0000] {logging_mixin.py:188} INFO - [2025-11-27T07:51:37.493+0000] {dag.py:3823} INFO - Setting next_dagrun for dataset_produces_1 to 2025-11-26 00:00:00+00:00, run_after=2025-11-27 00:00:00+00:00
[2025-11-27T07:51:37.494+0000] {logging_mixin.py:188} INFO - [2025-11-27T07:51:37.494+0000] {dag.py:3823} INFO - Setting next_dagrun for dataset_produces_2 to None, run_after=None
[2025-11-27T07:51:37.521+0000] {processor.py:183} INFO - Processing /home/airflow/.local/lib/python3.8/site-packages/airflow/example_dags/example_datasets.py took 0.094 seconds
[2025-11-27T07:52:11.015+0000] {processor.py:161} INFO - Started process (PID=327) to work on /home/airflow/.local/lib/python3.8/site-packages/airflow/example_dags/example_datasets.py
[2025-11-27T07:52:11.016+0000] {processor.py:830} INFO - Processing file /home/airflow/.local/lib/python3.8/site-packages/airflow/example_dags/example_datasets.py for tasks to queue
[2025-11-27T07:52:11.019+0000] {logging_mixin.py:188} INFO - [2025-11-27T07:52:11.018+0000] {dagbag.py:538} INFO - Filling up the DagBag from /home/airflow/.local/lib/python3.8/site-packages/airflow/example_dags/example_datasets.py
[2025-11-27T07:52:11.027+0000] {processor.py:840} INFO - DAG(s) 'dataset_consumes_1', 'dataset_produces_2', 'dataset_produces_1', 'dataset_consumes_1_and_2', 'dataset_consumes_1_never_scheduled', 'dataset_consumes_unknown_never_scheduled' retrieved from /home/airflow/.local/lib/python3.8/site-packages/airflow/example_dags/example_datasets.py
[2025-11-27T07:52:11.067+0000] {logging_mixin.py:188} INFO - [2025-11-27T07:52:11.066+0000] {dag.py:3036} INFO - Sync 6 DAGs
[2025-11-27T07:52:11.084+0000] {logging_mixin.py:188} INFO - [2025-11-27T07:52:11.084+0000] {dag.py:3823} INFO - Setting next_dagrun for dataset_consumes_1 to None, run_after=None
[2025-11-27T07:52:11.087+0000] {logging_mixin.py:188} INFO - [2025-11-27T07:52:11.087+0000] {dag.py:3823} INFO - Setting next_dagrun for dataset_consumes_1_and_2 to None, run_after=None
[2025-11-27T07:52:11.089+0000] {logging_mixin.py:188} INFO - [2025-11-27T07:52:11.088+0000] {dag.py:3823} INFO - Setting next_dagrun for dataset_consumes_1_never_scheduled to None, run_after=None
[2025-11-27T07:52:11.090+0000] {logging_mixin.py:188} INFO - [2025-11-27T07:52:11.090+0000] {dag.py:3823} INFO - Setting next_dagrun for dataset_consumes_unknown_never_scheduled to None, run_after=None
[2025-11-27T07:52:11.092+0000] {logging_mixin.py:188} INFO - [2025-11-27T07:52:11.092+0000] {dag.py:3823} INFO - Setting next_dagrun for dataset_produces_1 to 2025-11-26 00:00:00+00:00, run_after=2025-11-27 00:00:00+00:00
[2025-11-27T07:52:11.094+0000] {logging_mixin.py:188} INFO - [2025-11-27T07:52:11.093+0000] {dag.py:3823} INFO - Setting next_dagrun for dataset_produces_2 to None, run_after=None
[2025-11-27T07:52:11.121+0000] {processor.py:183} INFO - Processing /home/airflow/.local/lib/python3.8/site-packages/airflow/example_dags/example_datasets.py took 0.109 seconds
[2025-11-27T08:08:16.823+0000] {processor.py:161} INFO - Started process (PID=165) to work on /home/airflow/.local/lib/python3.8/site-packages/airflow/example_dags/example_datasets.py
[2025-11-27T08:08:16.825+0000] {processor.py:830} INFO - Processing file /home/airflow/.local/lib/python3.8/site-packages/airflow/example_dags/example_datasets.py for tasks to queue
[2025-11-27T08:08:16.828+0000] {logging_mixin.py:188} INFO - [2025-11-27T08:08:16.827+0000] {dagbag.py:538} INFO - Filling up the DagBag from /home/airflow/.local/lib/python3.8/site-packages/airflow/example_dags/example_datasets.py
[2025-11-27T08:08:16.838+0000] {processor.py:840} INFO - DAG(s) 'dataset_consumes_1_and_2', 'dataset_produces_1', 'dataset_consumes_1', 'dataset_consumes_1_never_scheduled', 'dataset_produces_2', 'dataset_consumes_unknown_never_scheduled' retrieved from /home/airflow/.local/lib/python3.8/site-packages/airflow/example_dags/example_datasets.py
[2025-11-27T08:08:16.861+0000] {logging_mixin.py:188} INFO - [2025-11-27T08:08:16.861+0000] {dag.py:3036} INFO - Sync 6 DAGs
[2025-11-27T08:08:16.882+0000] {logging_mixin.py:188} INFO - [2025-11-27T08:08:16.882+0000] {dag.py:3823} INFO - Setting next_dagrun for dataset_consumes_1 to None, run_after=None
[2025-11-27T08:08:16.886+0000] {logging_mixin.py:188} INFO - [2025-11-27T08:08:16.886+0000] {dag.py:3823} INFO - Setting next_dagrun for dataset_consumes_1_and_2 to None, run_after=None
[2025-11-27T08:08:16.889+0000] {logging_mixin.py:188} INFO - [2025-11-27T08:08:16.889+0000] {dag.py:3823} INFO - Setting next_dagrun for dataset_consumes_1_never_scheduled to None, run_after=None
[2025-11-27T08:08:16.890+0000] {logging_mixin.py:188} INFO - [2025-11-27T08:08:16.890+0000] {dag.py:3823} INFO - Setting next_dagrun for dataset_consumes_unknown_never_scheduled to None, run_after=None
[2025-11-27T08:08:16.893+0000] {logging_mixin.py:188} INFO - [2025-11-27T08:08:16.893+0000] {dag.py:3823} INFO - Setting next_dagrun for dataset_produces_1 to 2025-11-26 00:00:00+00:00, run_after=2025-11-27 00:00:00+00:00
[2025-11-27T08:08:16.895+0000] {logging_mixin.py:188} INFO - [2025-11-27T08:08:16.895+0000] {dag.py:3823} INFO - Setting next_dagrun for dataset_produces_2 to None, run_after=None
[2025-11-27T08:08:16.930+0000] {processor.py:183} INFO - Processing /home/airflow/.local/lib/python3.8/site-packages/airflow/example_dags/example_datasets.py took 0.111 seconds
[2025-11-27T08:08:51.962+0000] {processor.py:161} INFO - Started process (PID=221) to work on /home/airflow/.local/lib/python3.8/site-packages/airflow/example_dags/example_datasets.py
[2025-11-27T08:08:51.964+0000] {processor.py:830} INFO - Processing file /home/airflow/.local/lib/python3.8/site-packages/airflow/example_dags/example_datasets.py for tasks to queue
[2025-11-27T08:08:51.966+0000] {logging_mixin.py:188} INFO - [2025-11-27T08:08:51.966+0000] {dagbag.py:538} INFO - Filling up the DagBag from /home/airflow/.local/lib/python3.8/site-packages/airflow/example_dags/example_datasets.py
[2025-11-27T08:08:51.975+0000] {processor.py:840} INFO - DAG(s) 'dataset_consumes_1_and_2', 'dataset_consumes_1', 'dataset_produces_2', 'dataset_produces_1', 'dataset_consumes_1_never_scheduled', 'dataset_consumes_unknown_never_scheduled' retrieved from /home/airflow/.local/lib/python3.8/site-packages/airflow/example_dags/example_datasets.py
[2025-11-27T08:08:52.213+0000] {logging_mixin.py:188} INFO - [2025-11-27T08:08:52.213+0000] {dag.py:3036} INFO - Sync 6 DAGs
[2025-11-27T08:08:52.228+0000] {logging_mixin.py:188} INFO - [2025-11-27T08:08:52.228+0000] {dag.py:3823} INFO - Setting next_dagrun for dataset_consumes_1 to None, run_after=None
[2025-11-27T08:08:52.232+0000] {logging_mixin.py:188} INFO - [2025-11-27T08:08:52.231+0000] {dag.py:3823} INFO - Setting next_dagrun for dataset_consumes_1_and_2 to None, run_after=None
[2025-11-27T08:08:52.233+0000] {logging_mixin.py:188} INFO - [2025-11-27T08:08:52.233+0000] {dag.py:3823} INFO - Setting next_dagrun for dataset_consumes_1_never_scheduled to None, run_after=None
[2025-11-27T08:08:52.234+0000] {logging_mixin.py:188} INFO - [2025-11-27T08:08:52.234+0000] {dag.py:3823} INFO - Setting next_dagrun for dataset_consumes_unknown_never_scheduled to None, run_after=None
[2025-11-27T08:08:52.236+0000] {logging_mixin.py:188} INFO - [2025-11-27T08:08:52.236+0000] {dag.py:3823} INFO - Setting next_dagrun for dataset_produces_1 to 2025-11-26 00:00:00+00:00, run_after=2025-11-27 00:00:00+00:00
[2025-11-27T08:08:52.238+0000] {logging_mixin.py:188} INFO - [2025-11-27T08:08:52.238+0000] {dag.py:3823} INFO - Setting next_dagrun for dataset_produces_2 to None, run_after=None
[2025-11-27T08:08:52.266+0000] {processor.py:183} INFO - Processing /home/airflow/.local/lib/python3.8/site-packages/airflow/example_dags/example_datasets.py took 0.308 seconds
[2025-11-27T08:09:22.322+0000] {processor.py:161} INFO - Started process (PID=277) to work on /home/airflow/.local/lib/python3.8/site-packages/airflow/example_dags/example_datasets.py
[2025-11-27T08:09:22.324+0000] {processor.py:830} INFO - Processing file /home/airflow/.local/lib/python3.8/site-packages/airflow/example_dags/example_datasets.py for tasks to queue
[2025-11-27T08:09:22.326+0000] {logging_mixin.py:188} INFO - [2025-11-27T08:09:22.326+0000] {dagbag.py:538} INFO - Filling up the DagBag from /home/airflow/.local/lib/python3.8/site-packages/airflow/example_dags/example_datasets.py
[2025-11-27T08:09:22.335+0000] {processor.py:840} INFO - DAG(s) 'dataset_consumes_1_and_2', 'dataset_produces_1', 'dataset_consumes_unknown_never_scheduled', 'dataset_consumes_1', 'dataset_consumes_1_never_scheduled', 'dataset_produces_2' retrieved from /home/airflow/.local/lib/python3.8/site-packages/airflow/example_dags/example_datasets.py
[2025-11-27T08:09:22.363+0000] {logging_mixin.py:188} INFO - [2025-11-27T08:09:22.363+0000] {dag.py:3036} INFO - Sync 6 DAGs
[2025-11-27T08:09:22.378+0000] {logging_mixin.py:188} INFO - [2025-11-27T08:09:22.377+0000] {dag.py:3823} INFO - Setting next_dagrun for dataset_consumes_1 to None, run_after=None
[2025-11-27T08:09:22.380+0000] {logging_mixin.py:188} INFO - [2025-11-27T08:09:22.380+0000] {dag.py:3823} INFO - Setting next_dagrun for dataset_consumes_1_and_2 to None, run_after=None
[2025-11-27T08:09:22.382+0000] {logging_mixin.py:188} INFO - [2025-11-27T08:09:22.381+0000] {dag.py:3823} INFO - Setting next_dagrun for dataset_consumes_1_never_scheduled to None, run_after=None
[2025-11-27T08:09:22.382+0000] {logging_mixin.py:188} INFO - [2025-11-27T08:09:22.382+0000] {dag.py:3823} INFO - Setting next_dagrun for dataset_consumes_unknown_never_scheduled to None, run_after=None
[2025-11-27T08:09:22.384+0000] {logging_mixin.py:188} INFO - [2025-11-27T08:09:22.384+0000] {dag.py:3823} INFO - Setting next_dagrun for dataset_produces_1 to 2025-11-26 00:00:00+00:00, run_after=2025-11-27 00:00:00+00:00
[2025-11-27T08:09:22.386+0000] {logging_mixin.py:188} INFO - [2025-11-27T08:09:22.386+0000] {dag.py:3823} INFO - Setting next_dagrun for dataset_produces_2 to None, run_after=None
[2025-11-27T08:09:22.412+0000] {processor.py:183} INFO - Processing /home/airflow/.local/lib/python3.8/site-packages/airflow/example_dags/example_datasets.py took 0.093 seconds
[2025-11-27T08:09:53.338+0000] {processor.py:161} INFO - Started process (PID=333) to work on /home/airflow/.local/lib/python3.8/site-packages/airflow/example_dags/example_datasets.py
[2025-11-27T08:09:53.340+0000] {processor.py:830} INFO - Processing file /home/airflow/.local/lib/python3.8/site-packages/airflow/example_dags/example_datasets.py for tasks to queue
[2025-11-27T08:09:53.343+0000] {logging_mixin.py:188} INFO - [2025-11-27T08:09:53.342+0000] {dagbag.py:538} INFO - Filling up the DagBag from /home/airflow/.local/lib/python3.8/site-packages/airflow/example_dags/example_datasets.py
[2025-11-27T08:09:53.351+0000] {processor.py:840} INFO - DAG(s) 'dataset_consumes_unknown_never_scheduled', 'dataset_consumes_1', 'dataset_consumes_1_and_2', 'dataset_consumes_1_never_scheduled', 'dataset_produces_1', 'dataset_produces_2' retrieved from /home/airflow/.local/lib/python3.8/site-packages/airflow/example_dags/example_datasets.py
[2025-11-27T08:09:53.385+0000] {logging_mixin.py:188} INFO - [2025-11-27T08:09:53.385+0000] {dag.py:3036} INFO - Sync 6 DAGs
[2025-11-27T08:09:53.402+0000] {logging_mixin.py:188} INFO - [2025-11-27T08:09:53.402+0000] {dag.py:3823} INFO - Setting next_dagrun for dataset_consumes_1 to None, run_after=None
[2025-11-27T08:09:53.405+0000] {logging_mixin.py:188} INFO - [2025-11-27T08:09:53.405+0000] {dag.py:3823} INFO - Setting next_dagrun for dataset_consumes_1_and_2 to None, run_after=None
[2025-11-27T08:09:53.407+0000] {logging_mixin.py:188} INFO - [2025-11-27T08:09:53.407+0000] {dag.py:3823} INFO - Setting next_dagrun for dataset_consumes_1_never_scheduled to None, run_after=None
[2025-11-27T08:09:53.408+0000] {logging_mixin.py:188} INFO - [2025-11-27T08:09:53.408+0000] {dag.py:3823} INFO - Setting next_dagrun for dataset_consumes_unknown_never_scheduled to None, run_after=None
[2025-11-27T08:09:53.410+0000] {logging_mixin.py:188} INFO - [2025-11-27T08:09:53.410+0000] {dag.py:3823} INFO - Setting next_dagrun for dataset_produces_1 to 2025-11-26 00:00:00+00:00, run_after=2025-11-27 00:00:00+00:00
[2025-11-27T08:09:53.412+0000] {logging_mixin.py:188} INFO - [2025-11-27T08:09:53.412+0000] {dag.py:3823} INFO - Setting next_dagrun for dataset_produces_2 to None, run_after=None
[2025-11-27T08:09:53.764+0000] {processor.py:183} INFO - Processing /home/airflow/.local/lib/python3.8/site-packages/airflow/example_dags/example_datasets.py took 0.429 seconds
[2025-11-27T08:10:24.432+0000] {processor.py:161} INFO - Started process (PID=383) to work on /home/airflow/.local/lib/python3.8/site-packages/airflow/example_dags/example_datasets.py
[2025-11-27T08:10:24.433+0000] {processor.py:830} INFO - Processing file /home/airflow/.local/lib/python3.8/site-packages/airflow/example_dags/example_datasets.py for tasks to queue
[2025-11-27T08:10:24.435+0000] {logging_mixin.py:188} INFO - [2025-11-27T08:10:24.435+0000] {dagbag.py:538} INFO - Filling up the DagBag from /home/airflow/.local/lib/python3.8/site-packages/airflow/example_dags/example_datasets.py
[2025-11-27T08:10:24.442+0000] {processor.py:840} INFO - DAG(s) 'dataset_consumes_1_never_scheduled', 'dataset_consumes_1', 'dataset_consumes_unknown_never_scheduled', 'dataset_produces_1', 'dataset_consumes_1_and_2', 'dataset_produces_2' retrieved from /home/airflow/.local/lib/python3.8/site-packages/airflow/example_dags/example_datasets.py
[2025-11-27T08:10:24.468+0000] {logging_mixin.py:188} INFO - [2025-11-27T08:10:24.468+0000] {dag.py:3036} INFO - Sync 6 DAGs
[2025-11-27T08:10:24.484+0000] {logging_mixin.py:188} INFO - [2025-11-27T08:10:24.483+0000] {dag.py:3823} INFO - Setting next_dagrun for dataset_consumes_1 to None, run_after=None
[2025-11-27T08:10:24.487+0000] {logging_mixin.py:188} INFO - [2025-11-27T08:10:24.487+0000] {dag.py:3823} INFO - Setting next_dagrun for dataset_consumes_1_and_2 to None, run_after=None
[2025-11-27T08:10:24.489+0000] {logging_mixin.py:188} INFO - [2025-11-27T08:10:24.488+0000] {dag.py:3823} INFO - Setting next_dagrun for dataset_consumes_1_never_scheduled to None, run_after=None
[2025-11-27T08:10:24.490+0000] {logging_mixin.py:188} INFO - [2025-11-27T08:10:24.490+0000] {dag.py:3823} INFO - Setting next_dagrun for dataset_consumes_unknown_never_scheduled to None, run_after=None
[2025-11-27T08:10:24.492+0000] {logging_mixin.py:188} INFO - [2025-11-27T08:10:24.492+0000] {dag.py:3823} INFO - Setting next_dagrun for dataset_produces_1 to 2025-11-26 00:00:00+00:00, run_after=2025-11-27 00:00:00+00:00
[2025-11-27T08:10:24.493+0000] {logging_mixin.py:188} INFO - [2025-11-27T08:10:24.493+0000] {dag.py:3823} INFO - Setting next_dagrun for dataset_produces_2 to None, run_after=None
[2025-11-27T08:10:24.520+0000] {processor.py:183} INFO - Processing /home/airflow/.local/lib/python3.8/site-packages/airflow/example_dags/example_datasets.py took 0.091 seconds
[2025-11-27T08:10:54.613+0000] {processor.py:161} INFO - Started process (PID=440) to work on /home/airflow/.local/lib/python3.8/site-packages/airflow/example_dags/example_datasets.py
[2025-11-27T08:10:54.614+0000] {processor.py:830} INFO - Processing file /home/airflow/.local/lib/python3.8/site-packages/airflow/example_dags/example_datasets.py for tasks to queue
[2025-11-27T08:10:54.616+0000] {logging_mixin.py:188} INFO - [2025-11-27T08:10:54.616+0000] {dagbag.py:538} INFO - Filling up the DagBag from /home/airflow/.local/lib/python3.8/site-packages/airflow/example_dags/example_datasets.py
[2025-11-27T08:10:54.624+0000] {processor.py:840} INFO - DAG(s) 'dataset_produces_2', 'dataset_consumes_1', 'dataset_consumes_1_never_scheduled', 'dataset_consumes_1_and_2', 'dataset_consumes_unknown_never_scheduled', 'dataset_produces_1' retrieved from /home/airflow/.local/lib/python3.8/site-packages/airflow/example_dags/example_datasets.py
[2025-11-27T08:10:54.653+0000] {logging_mixin.py:188} INFO - [2025-11-27T08:10:54.653+0000] {dag.py:3036} INFO - Sync 6 DAGs
[2025-11-27T08:10:54.669+0000] {logging_mixin.py:188} INFO - [2025-11-27T08:10:54.669+0000] {dag.py:3823} INFO - Setting next_dagrun for dataset_consumes_1 to None, run_after=None
[2025-11-27T08:10:54.672+0000] {logging_mixin.py:188} INFO - [2025-11-27T08:10:54.672+0000] {dag.py:3823} INFO - Setting next_dagrun for dataset_consumes_1_and_2 to None, run_after=None
[2025-11-27T08:10:54.674+0000] {logging_mixin.py:188} INFO - [2025-11-27T08:10:54.674+0000] {dag.py:3823} INFO - Setting next_dagrun for dataset_consumes_1_never_scheduled to None, run_after=None
[2025-11-27T08:10:54.675+0000] {logging_mixin.py:188} INFO - [2025-11-27T08:10:54.675+0000] {dag.py:3823} INFO - Setting next_dagrun for dataset_consumes_unknown_never_scheduled to None, run_after=None
[2025-11-27T08:10:54.678+0000] {logging_mixin.py:188} INFO - [2025-11-27T08:10:54.678+0000] {dag.py:3823} INFO - Setting next_dagrun for dataset_produces_1 to 2025-11-26 00:00:00+00:00, run_after=2025-11-27 00:00:00+00:00
[2025-11-27T08:10:54.679+0000] {logging_mixin.py:188} INFO - [2025-11-27T08:10:54.679+0000] {dag.py:3823} INFO - Setting next_dagrun for dataset_produces_2 to None, run_after=None
[2025-11-27T08:10:55.020+0000] {processor.py:183} INFO - Processing /home/airflow/.local/lib/python3.8/site-packages/airflow/example_dags/example_datasets.py took 0.411 seconds
[2025-11-27T08:11:25.947+0000] {processor.py:161} INFO - Started process (PID=496) to work on /home/airflow/.local/lib/python3.8/site-packages/airflow/example_dags/example_datasets.py
[2025-11-27T08:11:25.948+0000] {processor.py:830} INFO - Processing file /home/airflow/.local/lib/python3.8/site-packages/airflow/example_dags/example_datasets.py for tasks to queue
[2025-11-27T08:11:25.949+0000] {logging_mixin.py:188} INFO - [2025-11-27T08:11:25.949+0000] {dagbag.py:538} INFO - Filling up the DagBag from /home/airflow/.local/lib/python3.8/site-packages/airflow/example_dags/example_datasets.py
[2025-11-27T08:11:25.955+0000] {processor.py:840} INFO - DAG(s) 'dataset_produces_1', 'dataset_produces_2', 'dataset_consumes_unknown_never_scheduled', 'dataset_consumes_1_never_scheduled', 'dataset_consumes_1_and_2', 'dataset_consumes_1' retrieved from /home/airflow/.local/lib/python3.8/site-packages/airflow/example_dags/example_datasets.py
[2025-11-27T08:11:25.980+0000] {logging_mixin.py:188} INFO - [2025-11-27T08:11:25.979+0000] {dag.py:3036} INFO - Sync 6 DAGs
[2025-11-27T08:11:25.996+0000] {logging_mixin.py:188} INFO - [2025-11-27T08:11:25.995+0000] {dag.py:3823} INFO - Setting next_dagrun for dataset_consumes_1 to None, run_after=None
[2025-11-27T08:11:25.999+0000] {logging_mixin.py:188} INFO - [2025-11-27T08:11:25.998+0000] {dag.py:3823} INFO - Setting next_dagrun for dataset_consumes_1_and_2 to None, run_after=None
[2025-11-27T08:11:26.000+0000] {logging_mixin.py:188} INFO - [2025-11-27T08:11:26.000+0000] {dag.py:3823} INFO - Setting next_dagrun for dataset_consumes_1_never_scheduled to None, run_after=None
[2025-11-27T08:11:26.002+0000] {logging_mixin.py:188} INFO - [2025-11-27T08:11:26.001+0000] {dag.py:3823} INFO - Setting next_dagrun for dataset_consumes_unknown_never_scheduled to None, run_after=None
[2025-11-27T08:11:26.004+0000] {logging_mixin.py:188} INFO - [2025-11-27T08:11:26.004+0000] {dag.py:3823} INFO - Setting next_dagrun for dataset_produces_1 to 2025-11-26 00:00:00+00:00, run_after=2025-11-27 00:00:00+00:00
[2025-11-27T08:11:26.006+0000] {logging_mixin.py:188} INFO - [2025-11-27T08:11:26.006+0000] {dag.py:3823} INFO - Setting next_dagrun for dataset_produces_2 to None, run_after=None
[2025-11-27T08:11:26.028+0000] {processor.py:183} INFO - Processing /home/airflow/.local/lib/python3.8/site-packages/airflow/example_dags/example_datasets.py took 0.084 seconds
[2025-11-27T08:11:56.223+0000] {processor.py:161} INFO - Started process (PID=552) to work on /home/airflow/.local/lib/python3.8/site-packages/airflow/example_dags/example_datasets.py
[2025-11-27T08:11:56.224+0000] {processor.py:830} INFO - Processing file /home/airflow/.local/lib/python3.8/site-packages/airflow/example_dags/example_datasets.py for tasks to queue
[2025-11-27T08:11:56.227+0000] {logging_mixin.py:188} INFO - [2025-11-27T08:11:56.226+0000] {dagbag.py:538} INFO - Filling up the DagBag from /home/airflow/.local/lib/python3.8/site-packages/airflow/example_dags/example_datasets.py
[2025-11-27T08:11:56.236+0000] {processor.py:840} INFO - DAG(s) 'dataset_consumes_unknown_never_scheduled', 'dataset_consumes_1_and_2', 'dataset_produces_1', 'dataset_consumes_1_never_scheduled', 'dataset_consumes_1', 'dataset_produces_2' retrieved from /home/airflow/.local/lib/python3.8/site-packages/airflow/example_dags/example_datasets.py
[2025-11-27T08:11:56.270+0000] {logging_mixin.py:188} INFO - [2025-11-27T08:11:56.270+0000] {dag.py:3036} INFO - Sync 6 DAGs
[2025-11-27T08:11:56.287+0000] {logging_mixin.py:188} INFO - [2025-11-27T08:11:56.287+0000] {dag.py:3823} INFO - Setting next_dagrun for dataset_consumes_1 to None, run_after=None
[2025-11-27T08:11:56.290+0000] {logging_mixin.py:188} INFO - [2025-11-27T08:11:56.290+0000] {dag.py:3823} INFO - Setting next_dagrun for dataset_consumes_1_and_2 to None, run_after=None
[2025-11-27T08:11:56.292+0000] {logging_mixin.py:188} INFO - [2025-11-27T08:11:56.292+0000] {dag.py:3823} INFO - Setting next_dagrun for dataset_consumes_1_never_scheduled to None, run_after=None
[2025-11-27T08:11:56.293+0000] {logging_mixin.py:188} INFO - [2025-11-27T08:11:56.293+0000] {dag.py:3823} INFO - Setting next_dagrun for dataset_consumes_unknown_never_scheduled to None, run_after=None
[2025-11-27T08:11:56.296+0000] {logging_mixin.py:188} INFO - [2025-11-27T08:11:56.296+0000] {dag.py:3823} INFO - Setting next_dagrun for dataset_produces_1 to 2025-11-26 00:00:00+00:00, run_after=2025-11-27 00:00:00+00:00
[2025-11-27T08:11:56.298+0000] {logging_mixin.py:188} INFO - [2025-11-27T08:11:56.298+0000] {dag.py:3823} INFO - Setting next_dagrun for dataset_produces_2 to None, run_after=None
[2025-11-27T08:11:56.323+0000] {processor.py:183} INFO - Processing /home/airflow/.local/lib/python3.8/site-packages/airflow/example_dags/example_datasets.py took 0.104 seconds
[2025-11-27T08:12:26.791+0000] {processor.py:161} INFO - Started process (PID=608) to work on /home/airflow/.local/lib/python3.8/site-packages/airflow/example_dags/example_datasets.py
[2025-11-27T08:12:26.792+0000] {processor.py:830} INFO - Processing file /home/airflow/.local/lib/python3.8/site-packages/airflow/example_dags/example_datasets.py for tasks to queue
[2025-11-27T08:12:26.795+0000] {logging_mixin.py:188} INFO - [2025-11-27T08:12:26.794+0000] {dagbag.py:538} INFO - Filling up the DagBag from /home/airflow/.local/lib/python3.8/site-packages/airflow/example_dags/example_datasets.py
[2025-11-27T08:12:26.804+0000] {processor.py:840} INFO - DAG(s) 'dataset_consumes_1', 'dataset_produces_2', 'dataset_consumes_unknown_never_scheduled', 'dataset_produces_1', 'dataset_consumes_1_never_scheduled', 'dataset_consumes_1_and_2' retrieved from /home/airflow/.local/lib/python3.8/site-packages/airflow/example_dags/example_datasets.py
[2025-11-27T08:12:26.830+0000] {logging_mixin.py:188} INFO - [2025-11-27T08:12:26.829+0000] {dag.py:3036} INFO - Sync 6 DAGs
[2025-11-27T08:12:26.849+0000] {logging_mixin.py:188} INFO - [2025-11-27T08:12:26.849+0000] {dag.py:3823} INFO - Setting next_dagrun for dataset_consumes_1 to None, run_after=None
[2025-11-27T08:12:26.852+0000] {logging_mixin.py:188} INFO - [2025-11-27T08:12:26.852+0000] {dag.py:3823} INFO - Setting next_dagrun for dataset_consumes_1_and_2 to None, run_after=None
[2025-11-27T08:12:26.853+0000] {logging_mixin.py:188} INFO - [2025-11-27T08:12:26.853+0000] {dag.py:3823} INFO - Setting next_dagrun for dataset_consumes_1_never_scheduled to None, run_after=None
[2025-11-27T08:12:26.855+0000] {logging_mixin.py:188} INFO - [2025-11-27T08:12:26.855+0000] {dag.py:3823} INFO - Setting next_dagrun for dataset_consumes_unknown_never_scheduled to None, run_after=None
[2025-11-27T08:12:26.857+0000] {logging_mixin.py:188} INFO - [2025-11-27T08:12:26.857+0000] {dag.py:3823} INFO - Setting next_dagrun for dataset_produces_1 to 2025-11-26 00:00:00+00:00, run_after=2025-11-27 00:00:00+00:00
[2025-11-27T08:12:26.858+0000] {logging_mixin.py:188} INFO - [2025-11-27T08:12:26.858+0000] {dag.py:3823} INFO - Setting next_dagrun for dataset_produces_2 to None, run_after=None
[2025-11-27T08:12:26.884+0000] {processor.py:183} INFO - Processing /home/airflow/.local/lib/python3.8/site-packages/airflow/example_dags/example_datasets.py took 0.096 seconds
[2025-11-27T08:12:57.445+0000] {processor.py:161} INFO - Started process (PID=664) to work on /home/airflow/.local/lib/python3.8/site-packages/airflow/example_dags/example_datasets.py
[2025-11-27T08:12:57.446+0000] {processor.py:830} INFO - Processing file /home/airflow/.local/lib/python3.8/site-packages/airflow/example_dags/example_datasets.py for tasks to queue
[2025-11-27T08:12:57.448+0000] {logging_mixin.py:188} INFO - [2025-11-27T08:12:57.448+0000] {dagbag.py:538} INFO - Filling up the DagBag from /home/airflow/.local/lib/python3.8/site-packages/airflow/example_dags/example_datasets.py
[2025-11-27T08:12:57.457+0000] {processor.py:840} INFO - DAG(s) 'dataset_produces_1', 'dataset_consumes_1_never_scheduled', 'dataset_consumes_1', 'dataset_consumes_1_and_2', 'dataset_produces_2', 'dataset_consumes_unknown_never_scheduled' retrieved from /home/airflow/.local/lib/python3.8/site-packages/airflow/example_dags/example_datasets.py
[2025-11-27T08:12:57.489+0000] {logging_mixin.py:188} INFO - [2025-11-27T08:12:57.489+0000] {dag.py:3036} INFO - Sync 6 DAGs
[2025-11-27T08:12:57.507+0000] {logging_mixin.py:188} INFO - [2025-11-27T08:12:57.507+0000] {dag.py:3823} INFO - Setting next_dagrun for dataset_consumes_1 to None, run_after=None
[2025-11-27T08:12:57.511+0000] {logging_mixin.py:188} INFO - [2025-11-27T08:12:57.511+0000] {dag.py:3823} INFO - Setting next_dagrun for dataset_consumes_1_and_2 to None, run_after=None
[2025-11-27T08:12:57.513+0000] {logging_mixin.py:188} INFO - [2025-11-27T08:12:57.512+0000] {dag.py:3823} INFO - Setting next_dagrun for dataset_consumes_1_never_scheduled to None, run_after=None
[2025-11-27T08:12:57.514+0000] {logging_mixin.py:188} INFO - [2025-11-27T08:12:57.514+0000] {dag.py:3823} INFO - Setting next_dagrun for dataset_consumes_unknown_never_scheduled to None, run_after=None
[2025-11-27T08:12:57.516+0000] {logging_mixin.py:188} INFO - [2025-11-27T08:12:57.516+0000] {dag.py:3823} INFO - Setting next_dagrun for dataset_produces_1 to 2025-11-26 00:00:00+00:00, run_after=2025-11-27 00:00:00+00:00
[2025-11-27T08:12:57.518+0000] {logging_mixin.py:188} INFO - [2025-11-27T08:12:57.518+0000] {dag.py:3823} INFO - Setting next_dagrun for dataset_produces_2 to None, run_after=None
[2025-11-27T08:12:57.552+0000] {processor.py:183} INFO - Processing /home/airflow/.local/lib/python3.8/site-packages/airflow/example_dags/example_datasets.py took 0.110 seconds
[2025-11-27T08:13:27.765+0000] {processor.py:161} INFO - Started process (PID=720) to work on /home/airflow/.local/lib/python3.8/site-packages/airflow/example_dags/example_datasets.py
[2025-11-27T08:13:27.767+0000] {processor.py:830} INFO - Processing file /home/airflow/.local/lib/python3.8/site-packages/airflow/example_dags/example_datasets.py for tasks to queue
[2025-11-27T08:13:27.768+0000] {logging_mixin.py:188} INFO - [2025-11-27T08:13:27.768+0000] {dagbag.py:538} INFO - Filling up the DagBag from /home/airflow/.local/lib/python3.8/site-packages/airflow/example_dags/example_datasets.py
[2025-11-27T08:13:27.777+0000] {processor.py:840} INFO - DAG(s) 'dataset_produces_2', 'dataset_consumes_1_and_2', 'dataset_consumes_1_never_scheduled', 'dataset_produces_1', 'dataset_consumes_1', 'dataset_consumes_unknown_never_scheduled' retrieved from /home/airflow/.local/lib/python3.8/site-packages/airflow/example_dags/example_datasets.py
[2025-11-27T08:13:27.806+0000] {logging_mixin.py:188} INFO - [2025-11-27T08:13:27.806+0000] {dag.py:3036} INFO - Sync 6 DAGs
[2025-11-27T08:13:27.830+0000] {logging_mixin.py:188} INFO - [2025-11-27T08:13:27.830+0000] {dag.py:3823} INFO - Setting next_dagrun for dataset_consumes_1 to None, run_after=None
[2025-11-27T08:13:27.834+0000] {logging_mixin.py:188} INFO - [2025-11-27T08:13:27.833+0000] {dag.py:3823} INFO - Setting next_dagrun for dataset_consumes_1_and_2 to None, run_after=None
[2025-11-27T08:13:27.835+0000] {logging_mixin.py:188} INFO - [2025-11-27T08:13:27.835+0000] {dag.py:3823} INFO - Setting next_dagrun for dataset_consumes_1_never_scheduled to None, run_after=None
[2025-11-27T08:13:27.837+0000] {logging_mixin.py:188} INFO - [2025-11-27T08:13:27.837+0000] {dag.py:3823} INFO - Setting next_dagrun for dataset_consumes_unknown_never_scheduled to None, run_after=None
[2025-11-27T08:13:27.840+0000] {logging_mixin.py:188} INFO - [2025-11-27T08:13:27.840+0000] {dag.py:3823} INFO - Setting next_dagrun for dataset_produces_1 to 2025-11-26 00:00:00+00:00, run_after=2025-11-27 00:00:00+00:00
[2025-11-27T08:13:27.841+0000] {logging_mixin.py:188} INFO - [2025-11-27T08:13:27.841+0000] {dag.py:3823} INFO - Setting next_dagrun for dataset_produces_2 to None, run_after=None
[2025-11-27T08:13:27.865+0000] {processor.py:183} INFO - Processing /home/airflow/.local/lib/python3.8/site-packages/airflow/example_dags/example_datasets.py took 0.103 seconds
[2025-11-27T08:13:58.178+0000] {processor.py:161} INFO - Started process (PID=776) to work on /home/airflow/.local/lib/python3.8/site-packages/airflow/example_dags/example_datasets.py
[2025-11-27T08:13:58.180+0000] {processor.py:830} INFO - Processing file /home/airflow/.local/lib/python3.8/site-packages/airflow/example_dags/example_datasets.py for tasks to queue
[2025-11-27T08:13:58.181+0000] {logging_mixin.py:188} INFO - [2025-11-27T08:13:58.181+0000] {dagbag.py:538} INFO - Filling up the DagBag from /home/airflow/.local/lib/python3.8/site-packages/airflow/example_dags/example_datasets.py
[2025-11-27T08:13:58.189+0000] {processor.py:840} INFO - DAG(s) 'dataset_produces_2', 'dataset_produces_1', 'dataset_consumes_unknown_never_scheduled', 'dataset_consumes_1_never_scheduled', 'dataset_consumes_1_and_2', 'dataset_consumes_1' retrieved from /home/airflow/.local/lib/python3.8/site-packages/airflow/example_dags/example_datasets.py
[2025-11-27T08:13:58.220+0000] {logging_mixin.py:188} INFO - [2025-11-27T08:13:58.220+0000] {dag.py:3036} INFO - Sync 6 DAGs
[2025-11-27T08:13:58.244+0000] {logging_mixin.py:188} INFO - [2025-11-27T08:13:58.244+0000] {dag.py:3823} INFO - Setting next_dagrun for dataset_consumes_1 to None, run_after=None
[2025-11-27T08:13:58.248+0000] {logging_mixin.py:188} INFO - [2025-11-27T08:13:58.247+0000] {dag.py:3823} INFO - Setting next_dagrun for dataset_consumes_1_and_2 to None, run_after=None
[2025-11-27T08:13:58.249+0000] {logging_mixin.py:188} INFO - [2025-11-27T08:13:58.249+0000] {dag.py:3823} INFO - Setting next_dagrun for dataset_consumes_1_never_scheduled to None, run_after=None
[2025-11-27T08:13:58.251+0000] {logging_mixin.py:188} INFO - [2025-11-27T08:13:58.251+0000] {dag.py:3823} INFO - Setting next_dagrun for dataset_consumes_unknown_never_scheduled to None, run_after=None
[2025-11-27T08:13:58.254+0000] {logging_mixin.py:188} INFO - [2025-11-27T08:13:58.254+0000] {dag.py:3823} INFO - Setting next_dagrun for dataset_produces_1 to 2025-11-26 00:00:00+00:00, run_after=2025-11-27 00:00:00+00:00
[2025-11-27T08:13:58.255+0000] {logging_mixin.py:188} INFO - [2025-11-27T08:13:58.255+0000] {dag.py:3823} INFO - Setting next_dagrun for dataset_produces_2 to None, run_after=None
[2025-11-27T08:13:58.283+0000] {processor.py:183} INFO - Processing /home/airflow/.local/lib/python3.8/site-packages/airflow/example_dags/example_datasets.py took 0.107 seconds
[2025-11-27T08:14:28.609+0000] {processor.py:161} INFO - Started process (PID=832) to work on /home/airflow/.local/lib/python3.8/site-packages/airflow/example_dags/example_datasets.py
[2025-11-27T08:14:28.610+0000] {processor.py:830} INFO - Processing file /home/airflow/.local/lib/python3.8/site-packages/airflow/example_dags/example_datasets.py for tasks to queue
[2025-11-27T08:14:28.614+0000] {logging_mixin.py:188} INFO - [2025-11-27T08:14:28.613+0000] {dagbag.py:538} INFO - Filling up the DagBag from /home/airflow/.local/lib/python3.8/site-packages/airflow/example_dags/example_datasets.py
[2025-11-27T08:14:28.623+0000] {processor.py:840} INFO - DAG(s) 'dataset_consumes_unknown_never_scheduled', 'dataset_produces_2', 'dataset_consumes_1', 'dataset_consumes_1_never_scheduled', 'dataset_consumes_1_and_2', 'dataset_produces_1' retrieved from /home/airflow/.local/lib/python3.8/site-packages/airflow/example_dags/example_datasets.py
[2025-11-27T08:14:28.654+0000] {logging_mixin.py:188} INFO - [2025-11-27T08:14:28.653+0000] {dag.py:3036} INFO - Sync 6 DAGs
[2025-11-27T08:14:28.675+0000] {logging_mixin.py:188} INFO - [2025-11-27T08:14:28.675+0000] {dag.py:3823} INFO - Setting next_dagrun for dataset_consumes_1 to None, run_after=None
[2025-11-27T08:14:28.679+0000] {logging_mixin.py:188} INFO - [2025-11-27T08:14:28.679+0000] {dag.py:3823} INFO - Setting next_dagrun for dataset_consumes_1_and_2 to None, run_after=None
[2025-11-27T08:14:28.681+0000] {logging_mixin.py:188} INFO - [2025-11-27T08:14:28.680+0000] {dag.py:3823} INFO - Setting next_dagrun for dataset_consumes_1_never_scheduled to None, run_after=None
[2025-11-27T08:14:28.682+0000] {logging_mixin.py:188} INFO - [2025-11-27T08:14:28.682+0000] {dag.py:3823} INFO - Setting next_dagrun for dataset_consumes_unknown_never_scheduled to None, run_after=None
[2025-11-27T08:14:28.685+0000] {logging_mixin.py:188} INFO - [2025-11-27T08:14:28.685+0000] {dag.py:3823} INFO - Setting next_dagrun for dataset_produces_1 to 2025-11-26 00:00:00+00:00, run_after=2025-11-27 00:00:00+00:00
[2025-11-27T08:14:28.686+0000] {logging_mixin.py:188} INFO - [2025-11-27T08:14:28.686+0000] {dag.py:3823} INFO - Setting next_dagrun for dataset_produces_2 to None, run_after=None
[2025-11-27T08:14:28.712+0000] {processor.py:183} INFO - Processing /home/airflow/.local/lib/python3.8/site-packages/airflow/example_dags/example_datasets.py took 0.107 seconds
[2025-11-27T08:14:59.628+0000] {processor.py:161} INFO - Started process (PID=888) to work on /home/airflow/.local/lib/python3.8/site-packages/airflow/example_dags/example_datasets.py
[2025-11-27T08:14:59.630+0000] {processor.py:830} INFO - Processing file /home/airflow/.local/lib/python3.8/site-packages/airflow/example_dags/example_datasets.py for tasks to queue
[2025-11-27T08:14:59.632+0000] {logging_mixin.py:188} INFO - [2025-11-27T08:14:59.632+0000] {dagbag.py:538} INFO - Filling up the DagBag from /home/airflow/.local/lib/python3.8/site-packages/airflow/example_dags/example_datasets.py
[2025-11-27T08:14:59.639+0000] {processor.py:840} INFO - DAG(s) 'dataset_produces_1', 'dataset_consumes_unknown_never_scheduled', 'dataset_consumes_1', 'dataset_produces_2', 'dataset_consumes_1_never_scheduled', 'dataset_consumes_1_and_2' retrieved from /home/airflow/.local/lib/python3.8/site-packages/airflow/example_dags/example_datasets.py
[2025-11-27T08:14:59.665+0000] {logging_mixin.py:188} INFO - [2025-11-27T08:14:59.665+0000] {dag.py:3036} INFO - Sync 6 DAGs
[2025-11-27T08:14:59.681+0000] {logging_mixin.py:188} INFO - [2025-11-27T08:14:59.681+0000] {dag.py:3823} INFO - Setting next_dagrun for dataset_consumes_1 to None, run_after=None
[2025-11-27T08:14:59.684+0000] {logging_mixin.py:188} INFO - [2025-11-27T08:14:59.684+0000] {dag.py:3823} INFO - Setting next_dagrun for dataset_consumes_1_and_2 to None, run_after=None
[2025-11-27T08:14:59.686+0000] {logging_mixin.py:188} INFO - [2025-11-27T08:14:59.685+0000] {dag.py:3823} INFO - Setting next_dagrun for dataset_consumes_1_never_scheduled to None, run_after=None
[2025-11-27T08:14:59.687+0000] {logging_mixin.py:188} INFO - [2025-11-27T08:14:59.687+0000] {dag.py:3823} INFO - Setting next_dagrun for dataset_consumes_unknown_never_scheduled to None, run_after=None
[2025-11-27T08:14:59.689+0000] {logging_mixin.py:188} INFO - [2025-11-27T08:14:59.689+0000] {dag.py:3823} INFO - Setting next_dagrun for dataset_produces_1 to 2025-11-26 00:00:00+00:00, run_after=2025-11-27 00:00:00+00:00
[2025-11-27T08:14:59.690+0000] {logging_mixin.py:188} INFO - [2025-11-27T08:14:59.690+0000] {dag.py:3823} INFO - Setting next_dagrun for dataset_produces_2 to None, run_after=None
[2025-11-27T08:14:59.714+0000] {processor.py:183} INFO - Processing /home/airflow/.local/lib/python3.8/site-packages/airflow/example_dags/example_datasets.py took 0.089 seconds
[2025-11-27T08:16:33.477+0000] {processor.py:161} INFO - Started process (PID=166) to work on /home/airflow/.local/lib/python3.8/site-packages/airflow/example_dags/example_datasets.py
[2025-11-27T08:16:33.478+0000] {processor.py:830} INFO - Processing file /home/airflow/.local/lib/python3.8/site-packages/airflow/example_dags/example_datasets.py for tasks to queue
[2025-11-27T08:16:33.480+0000] {logging_mixin.py:188} INFO - [2025-11-27T08:16:33.480+0000] {dagbag.py:538} INFO - Filling up the DagBag from /home/airflow/.local/lib/python3.8/site-packages/airflow/example_dags/example_datasets.py
[2025-11-27T08:16:33.492+0000] {processor.py:840} INFO - DAG(s) 'dataset_produces_2', 'dataset_consumes_1', 'dataset_consumes_1_and_2', 'dataset_consumes_1_never_scheduled', 'dataset_produces_1', 'dataset_consumes_unknown_never_scheduled' retrieved from /home/airflow/.local/lib/python3.8/site-packages/airflow/example_dags/example_datasets.py
[2025-11-27T08:16:33.507+0000] {logging_mixin.py:188} INFO - [2025-11-27T08:16:33.506+0000] {dag.py:3036} INFO - Sync 6 DAGs
[2025-11-27T08:16:33.524+0000] {logging_mixin.py:188} INFO - [2025-11-27T08:16:33.524+0000] {dag.py:3823} INFO - Setting next_dagrun for dataset_consumes_1 to None, run_after=None
[2025-11-27T08:16:33.528+0000] {logging_mixin.py:188} INFO - [2025-11-27T08:16:33.527+0000] {dag.py:3823} INFO - Setting next_dagrun for dataset_consumes_1_and_2 to None, run_after=None
[2025-11-27T08:16:33.529+0000] {logging_mixin.py:188} INFO - [2025-11-27T08:16:33.529+0000] {dag.py:3823} INFO - Setting next_dagrun for dataset_consumes_1_never_scheduled to None, run_after=None
[2025-11-27T08:16:33.530+0000] {logging_mixin.py:188} INFO - [2025-11-27T08:16:33.530+0000] {dag.py:3823} INFO - Setting next_dagrun for dataset_consumes_unknown_never_scheduled to None, run_after=None
[2025-11-27T08:16:33.534+0000] {logging_mixin.py:188} INFO - [2025-11-27T08:16:33.534+0000] {dag.py:3823} INFO - Setting next_dagrun for dataset_produces_1 to 2025-11-26 00:00:00+00:00, run_after=2025-11-27 00:00:00+00:00
[2025-11-27T08:16:33.536+0000] {logging_mixin.py:188} INFO - [2025-11-27T08:16:33.536+0000] {dag.py:3823} INFO - Setting next_dagrun for dataset_produces_2 to None, run_after=None
[2025-11-27T08:16:33.564+0000] {processor.py:183} INFO - Processing /home/airflow/.local/lib/python3.8/site-packages/airflow/example_dags/example_datasets.py took 0.090 seconds
[2025-11-27T08:17:07.804+0000] {processor.py:161} INFO - Started process (PID=222) to work on /home/airflow/.local/lib/python3.8/site-packages/airflow/example_dags/example_datasets.py
[2025-11-27T08:17:07.805+0000] {processor.py:830} INFO - Processing file /home/airflow/.local/lib/python3.8/site-packages/airflow/example_dags/example_datasets.py for tasks to queue
[2025-11-27T08:17:07.807+0000] {logging_mixin.py:188} INFO - [2025-11-27T08:17:07.807+0000] {dagbag.py:538} INFO - Filling up the DagBag from /home/airflow/.local/lib/python3.8/site-packages/airflow/example_dags/example_datasets.py
[2025-11-27T08:17:07.815+0000] {processor.py:840} INFO - DAG(s) 'dataset_produces_1', 'dataset_consumes_unknown_never_scheduled', 'dataset_consumes_1', 'dataset_consumes_1_and_2', 'dataset_consumes_1_never_scheduled', 'dataset_produces_2' retrieved from /home/airflow/.local/lib/python3.8/site-packages/airflow/example_dags/example_datasets.py
[2025-11-27T08:17:08.050+0000] {logging_mixin.py:188} INFO - [2025-11-27T08:17:08.049+0000] {dag.py:3036} INFO - Sync 6 DAGs
[2025-11-27T08:17:08.065+0000] {logging_mixin.py:188} INFO - [2025-11-27T08:17:08.065+0000] {dag.py:3823} INFO - Setting next_dagrun for dataset_consumes_1 to None, run_after=None
[2025-11-27T08:17:08.069+0000] {logging_mixin.py:188} INFO - [2025-11-27T08:17:08.068+0000] {dag.py:3823} INFO - Setting next_dagrun for dataset_consumes_1_and_2 to None, run_after=None
[2025-11-27T08:17:08.070+0000] {logging_mixin.py:188} INFO - [2025-11-27T08:17:08.070+0000] {dag.py:3823} INFO - Setting next_dagrun for dataset_consumes_1_never_scheduled to None, run_after=None
[2025-11-27T08:17:08.071+0000] {logging_mixin.py:188} INFO - [2025-11-27T08:17:08.071+0000] {dag.py:3823} INFO - Setting next_dagrun for dataset_consumes_unknown_never_scheduled to None, run_after=None
[2025-11-27T08:17:08.073+0000] {logging_mixin.py:188} INFO - [2025-11-27T08:17:08.073+0000] {dag.py:3823} INFO - Setting next_dagrun for dataset_produces_1 to 2025-11-26 00:00:00+00:00, run_after=2025-11-27 00:00:00+00:00
[2025-11-27T08:17:08.074+0000] {logging_mixin.py:188} INFO - [2025-11-27T08:17:08.074+0000] {dag.py:3823} INFO - Setting next_dagrun for dataset_produces_2 to None, run_after=None
[2025-11-27T08:17:08.105+0000] {processor.py:183} INFO - Processing /home/airflow/.local/lib/python3.8/site-packages/airflow/example_dags/example_datasets.py took 0.303 seconds
[2025-11-27T08:17:39.560+0000] {processor.py:161} INFO - Started process (PID=278) to work on /home/airflow/.local/lib/python3.8/site-packages/airflow/example_dags/example_datasets.py
[2025-11-27T08:17:39.562+0000] {processor.py:830} INFO - Processing file /home/airflow/.local/lib/python3.8/site-packages/airflow/example_dags/example_datasets.py for tasks to queue
[2025-11-27T08:17:39.564+0000] {logging_mixin.py:188} INFO - [2025-11-27T08:17:39.563+0000] {dagbag.py:538} INFO - Filling up the DagBag from /home/airflow/.local/lib/python3.8/site-packages/airflow/example_dags/example_datasets.py
[2025-11-27T08:17:39.573+0000] {processor.py:840} INFO - DAG(s) 'dataset_consumes_1_and_2', 'dataset_produces_1', 'dataset_consumes_1', 'dataset_produces_2', 'dataset_consumes_1_never_scheduled', 'dataset_consumes_unknown_never_scheduled' retrieved from /home/airflow/.local/lib/python3.8/site-packages/airflow/example_dags/example_datasets.py
[2025-11-27T08:17:39.607+0000] {logging_mixin.py:188} INFO - [2025-11-27T08:17:39.607+0000] {dag.py:3036} INFO - Sync 6 DAGs
[2025-11-27T08:17:39.624+0000] {logging_mixin.py:188} INFO - [2025-11-27T08:17:39.623+0000] {dag.py:3823} INFO - Setting next_dagrun for dataset_consumes_1 to None, run_after=None
[2025-11-27T08:17:39.627+0000] {logging_mixin.py:188} INFO - [2025-11-27T08:17:39.626+0000] {dag.py:3823} INFO - Setting next_dagrun for dataset_consumes_1_and_2 to None, run_after=None
[2025-11-27T08:17:39.628+0000] {logging_mixin.py:188} INFO - [2025-11-27T08:17:39.628+0000] {dag.py:3823} INFO - Setting next_dagrun for dataset_consumes_1_never_scheduled to None, run_after=None
[2025-11-27T08:17:39.629+0000] {logging_mixin.py:188} INFO - [2025-11-27T08:17:39.629+0000] {dag.py:3823} INFO - Setting next_dagrun for dataset_consumes_unknown_never_scheduled to None, run_after=None
[2025-11-27T08:17:39.632+0000] {logging_mixin.py:188} INFO - [2025-11-27T08:17:39.631+0000] {dag.py:3823} INFO - Setting next_dagrun for dataset_produces_1 to 2025-11-26 00:00:00+00:00, run_after=2025-11-27 00:00:00+00:00
[2025-11-27T08:17:39.633+0000] {logging_mixin.py:188} INFO - [2025-11-27T08:17:39.633+0000] {dag.py:3823} INFO - Setting next_dagrun for dataset_produces_2 to None, run_after=None
[2025-11-27T08:17:39.664+0000] {processor.py:183} INFO - Processing /home/airflow/.local/lib/python3.8/site-packages/airflow/example_dags/example_datasets.py took 0.107 seconds
[2025-11-27T08:18:12.537+0000] {processor.py:161} INFO - Started process (PID=334) to work on /home/airflow/.local/lib/python3.8/site-packages/airflow/example_dags/example_datasets.py
[2025-11-27T08:18:12.538+0000] {processor.py:830} INFO - Processing file /home/airflow/.local/lib/python3.8/site-packages/airflow/example_dags/example_datasets.py for tasks to queue
[2025-11-27T08:18:12.540+0000] {logging_mixin.py:188} INFO - [2025-11-27T08:18:12.540+0000] {dagbag.py:538} INFO - Filling up the DagBag from /home/airflow/.local/lib/python3.8/site-packages/airflow/example_dags/example_datasets.py
[2025-11-27T08:18:12.547+0000] {processor.py:840} INFO - DAG(s) 'dataset_consumes_unknown_never_scheduled', 'dataset_consumes_1_never_scheduled', 'dataset_consumes_1_and_2', 'dataset_produces_2', 'dataset_produces_1', 'dataset_consumes_1' retrieved from /home/airflow/.local/lib/python3.8/site-packages/airflow/example_dags/example_datasets.py
[2025-11-27T08:18:12.574+0000] {logging_mixin.py:188} INFO - [2025-11-27T08:18:12.574+0000] {dag.py:3036} INFO - Sync 6 DAGs
[2025-11-27T08:18:12.590+0000] {logging_mixin.py:188} INFO - [2025-11-27T08:18:12.589+0000] {dag.py:3823} INFO - Setting next_dagrun for dataset_consumes_1 to None, run_after=None
[2025-11-27T08:18:12.593+0000] {logging_mixin.py:188} INFO - [2025-11-27T08:18:12.593+0000] {dag.py:3823} INFO - Setting next_dagrun for dataset_consumes_1_and_2 to None, run_after=None
[2025-11-27T08:18:12.594+0000] {logging_mixin.py:188} INFO - [2025-11-27T08:18:12.594+0000] {dag.py:3823} INFO - Setting next_dagrun for dataset_consumes_1_never_scheduled to None, run_after=None
[2025-11-27T08:18:12.596+0000] {logging_mixin.py:188} INFO - [2025-11-27T08:18:12.596+0000] {dag.py:3823} INFO - Setting next_dagrun for dataset_consumes_unknown_never_scheduled to None, run_after=None
[2025-11-27T08:18:12.598+0000] {logging_mixin.py:188} INFO - [2025-11-27T08:18:12.598+0000] {dag.py:3823} INFO - Setting next_dagrun for dataset_produces_1 to 2025-11-26 00:00:00+00:00, run_after=2025-11-27 00:00:00+00:00
[2025-11-27T08:18:12.599+0000] {logging_mixin.py:188} INFO - [2025-11-27T08:18:12.599+0000] {dag.py:3823} INFO - Setting next_dagrun for dataset_produces_2 to None, run_after=None
[2025-11-27T08:18:12.625+0000] {processor.py:183} INFO - Processing /home/airflow/.local/lib/python3.8/site-packages/airflow/example_dags/example_datasets.py took 0.090 seconds
[2025-11-27T08:18:42.669+0000] {processor.py:161} INFO - Started process (PID=390) to work on /home/airflow/.local/lib/python3.8/site-packages/airflow/example_dags/example_datasets.py
[2025-11-27T08:18:42.670+0000] {processor.py:830} INFO - Processing file /home/airflow/.local/lib/python3.8/site-packages/airflow/example_dags/example_datasets.py for tasks to queue
[2025-11-27T08:18:42.672+0000] {logging_mixin.py:188} INFO - [2025-11-27T08:18:42.672+0000] {dagbag.py:538} INFO - Filling up the DagBag from /home/airflow/.local/lib/python3.8/site-packages/airflow/example_dags/example_datasets.py
[2025-11-27T08:18:42.679+0000] {processor.py:840} INFO - DAG(s) 'dataset_consumes_1', 'dataset_produces_1', 'dataset_consumes_1_never_scheduled', 'dataset_consumes_unknown_never_scheduled', 'dataset_produces_2', 'dataset_consumes_1_and_2' retrieved from /home/airflow/.local/lib/python3.8/site-packages/airflow/example_dags/example_datasets.py
[2025-11-27T08:18:42.708+0000] {logging_mixin.py:188} INFO - [2025-11-27T08:18:42.708+0000] {dag.py:3036} INFO - Sync 6 DAGs
[2025-11-27T08:18:42.724+0000] {logging_mixin.py:188} INFO - [2025-11-27T08:18:42.724+0000] {dag.py:3823} INFO - Setting next_dagrun for dataset_consumes_1 to None, run_after=None
[2025-11-27T08:18:42.727+0000] {logging_mixin.py:188} INFO - [2025-11-27T08:18:42.727+0000] {dag.py:3823} INFO - Setting next_dagrun for dataset_consumes_1_and_2 to None, run_after=None
[2025-11-27T08:18:42.729+0000] {logging_mixin.py:188} INFO - [2025-11-27T08:18:42.729+0000] {dag.py:3823} INFO - Setting next_dagrun for dataset_consumes_1_never_scheduled to None, run_after=None
[2025-11-27T08:18:42.730+0000] {logging_mixin.py:188} INFO - [2025-11-27T08:18:42.730+0000] {dag.py:3823} INFO - Setting next_dagrun for dataset_consumes_unknown_never_scheduled to None, run_after=None
[2025-11-27T08:18:42.732+0000] {logging_mixin.py:188} INFO - [2025-11-27T08:18:42.732+0000] {dag.py:3823} INFO - Setting next_dagrun for dataset_produces_1 to 2025-11-26 00:00:00+00:00, run_after=2025-11-27 00:00:00+00:00
[2025-11-27T08:18:42.734+0000] {logging_mixin.py:188} INFO - [2025-11-27T08:18:42.734+0000] {dag.py:3823} INFO - Setting next_dagrun for dataset_produces_2 to None, run_after=None
[2025-11-27T08:18:42.764+0000] {processor.py:183} INFO - Processing /home/airflow/.local/lib/python3.8/site-packages/airflow/example_dags/example_datasets.py took 0.098 seconds
[2025-11-27T08:19:16.859+0000] {processor.py:161} INFO - Started process (PID=446) to work on /home/airflow/.local/lib/python3.8/site-packages/airflow/example_dags/example_datasets.py
[2025-11-27T08:19:16.860+0000] {processor.py:830} INFO - Processing file /home/airflow/.local/lib/python3.8/site-packages/airflow/example_dags/example_datasets.py for tasks to queue
[2025-11-27T08:19:16.862+0000] {logging_mixin.py:188} INFO - [2025-11-27T08:19:16.862+0000] {dagbag.py:538} INFO - Filling up the DagBag from /home/airflow/.local/lib/python3.8/site-packages/airflow/example_dags/example_datasets.py
[2025-11-27T08:19:16.871+0000] {processor.py:840} INFO - DAG(s) 'dataset_consumes_1_never_scheduled', 'dataset_consumes_unknown_never_scheduled', 'dataset_produces_2', 'dataset_produces_1', 'dataset_consumes_1', 'dataset_consumes_1_and_2' retrieved from /home/airflow/.local/lib/python3.8/site-packages/airflow/example_dags/example_datasets.py
[2025-11-27T08:19:16.901+0000] {logging_mixin.py:188} INFO - [2025-11-27T08:19:16.901+0000] {dag.py:3036} INFO - Sync 6 DAGs
[2025-11-27T08:19:16.918+0000] {logging_mixin.py:188} INFO - [2025-11-27T08:19:16.918+0000] {dag.py:3823} INFO - Setting next_dagrun for dataset_consumes_1 to None, run_after=None
[2025-11-27T08:19:16.922+0000] {logging_mixin.py:188} INFO - [2025-11-27T08:19:16.922+0000] {dag.py:3823} INFO - Setting next_dagrun for dataset_consumes_1_and_2 to None, run_after=None
[2025-11-27T08:19:16.925+0000] {logging_mixin.py:188} INFO - [2025-11-27T08:19:16.925+0000] {dag.py:3823} INFO - Setting next_dagrun for dataset_consumes_1_never_scheduled to None, run_after=None
[2025-11-27T08:19:16.926+0000] {logging_mixin.py:188} INFO - [2025-11-27T08:19:16.926+0000] {dag.py:3823} INFO - Setting next_dagrun for dataset_consumes_unknown_never_scheduled to None, run_after=None
[2025-11-27T08:19:16.928+0000] {logging_mixin.py:188} INFO - [2025-11-27T08:19:16.928+0000] {dag.py:3823} INFO - Setting next_dagrun for dataset_produces_1 to 2025-11-26 00:00:00+00:00, run_after=2025-11-27 00:00:00+00:00
[2025-11-27T08:19:16.929+0000] {logging_mixin.py:188} INFO - [2025-11-27T08:19:16.929+0000] {dag.py:3823} INFO - Setting next_dagrun for dataset_produces_2 to None, run_after=None
[2025-11-27T08:19:16.957+0000] {processor.py:183} INFO - Processing /home/airflow/.local/lib/python3.8/site-packages/airflow/example_dags/example_datasets.py took 0.101 seconds
[2025-11-27T08:19:48.112+0000] {processor.py:161} INFO - Started process (PID=502) to work on /home/airflow/.local/lib/python3.8/site-packages/airflow/example_dags/example_datasets.py
[2025-11-27T08:19:48.113+0000] {processor.py:830} INFO - Processing file /home/airflow/.local/lib/python3.8/site-packages/airflow/example_dags/example_datasets.py for tasks to queue
[2025-11-27T08:19:48.115+0000] {logging_mixin.py:188} INFO - [2025-11-27T08:19:48.115+0000] {dagbag.py:538} INFO - Filling up the DagBag from /home/airflow/.local/lib/python3.8/site-packages/airflow/example_dags/example_datasets.py
[2025-11-27T08:19:48.127+0000] {processor.py:840} INFO - DAG(s) 'dataset_produces_2', 'dataset_consumes_1_and_2', 'dataset_consumes_1', 'dataset_consumes_unknown_never_scheduled', 'dataset_consumes_1_never_scheduled', 'dataset_produces_1' retrieved from /home/airflow/.local/lib/python3.8/site-packages/airflow/example_dags/example_datasets.py
[2025-11-27T08:19:48.162+0000] {logging_mixin.py:188} INFO - [2025-11-27T08:19:48.162+0000] {dag.py:3036} INFO - Sync 6 DAGs
[2025-11-27T08:19:48.180+0000] {logging_mixin.py:188} INFO - [2025-11-27T08:19:48.179+0000] {dag.py:3823} INFO - Setting next_dagrun for dataset_consumes_1 to None, run_after=None
[2025-11-27T08:19:48.183+0000] {logging_mixin.py:188} INFO - [2025-11-27T08:19:48.182+0000] {dag.py:3823} INFO - Setting next_dagrun for dataset_consumes_1_and_2 to None, run_after=None
[2025-11-27T08:19:48.185+0000] {logging_mixin.py:188} INFO - [2025-11-27T08:19:48.184+0000] {dag.py:3823} INFO - Setting next_dagrun for dataset_consumes_1_never_scheduled to None, run_after=None
[2025-11-27T08:19:48.187+0000] {logging_mixin.py:188} INFO - [2025-11-27T08:19:48.187+0000] {dag.py:3823} INFO - Setting next_dagrun for dataset_consumes_unknown_never_scheduled to None, run_after=None
[2025-11-27T08:19:48.189+0000] {logging_mixin.py:188} INFO - [2025-11-27T08:19:48.189+0000] {dag.py:3823} INFO - Setting next_dagrun for dataset_produces_1 to 2025-11-26 00:00:00+00:00, run_after=2025-11-27 00:00:00+00:00
[2025-11-27T08:19:48.191+0000] {logging_mixin.py:188} INFO - [2025-11-27T08:19:48.190+0000] {dag.py:3823} INFO - Setting next_dagrun for dataset_produces_2 to None, run_after=None
[2025-11-27T08:19:48.220+0000] {processor.py:183} INFO - Processing /home/airflow/.local/lib/python3.8/site-packages/airflow/example_dags/example_datasets.py took 0.111 seconds
[2025-11-27T08:20:19.734+0000] {processor.py:161} INFO - Started process (PID=558) to work on /home/airflow/.local/lib/python3.8/site-packages/airflow/example_dags/example_datasets.py
[2025-11-27T08:20:19.735+0000] {processor.py:830} INFO - Processing file /home/airflow/.local/lib/python3.8/site-packages/airflow/example_dags/example_datasets.py for tasks to queue
[2025-11-27T08:20:19.737+0000] {logging_mixin.py:188} INFO - [2025-11-27T08:20:19.737+0000] {dagbag.py:538} INFO - Filling up the DagBag from /home/airflow/.local/lib/python3.8/site-packages/airflow/example_dags/example_datasets.py
[2025-11-27T08:20:19.746+0000] {processor.py:840} INFO - DAG(s) 'dataset_consumes_1_never_scheduled', 'dataset_consumes_unknown_never_scheduled', 'dataset_produces_1', 'dataset_consumes_1', 'dataset_consumes_1_and_2', 'dataset_produces_2' retrieved from /home/airflow/.local/lib/python3.8/site-packages/airflow/example_dags/example_datasets.py
[2025-11-27T08:20:19.776+0000] {logging_mixin.py:188} INFO - [2025-11-27T08:20:19.775+0000] {dag.py:3036} INFO - Sync 6 DAGs
[2025-11-27T08:20:19.792+0000] {logging_mixin.py:188} INFO - [2025-11-27T08:20:19.791+0000] {dag.py:3823} INFO - Setting next_dagrun for dataset_consumes_1 to None, run_after=None
[2025-11-27T08:20:19.795+0000] {logging_mixin.py:188} INFO - [2025-11-27T08:20:19.795+0000] {dag.py:3823} INFO - Setting next_dagrun for dataset_consumes_1_and_2 to None, run_after=None
[2025-11-27T08:20:19.797+0000] {logging_mixin.py:188} INFO - [2025-11-27T08:20:19.797+0000] {dag.py:3823} INFO - Setting next_dagrun for dataset_consumes_1_never_scheduled to None, run_after=None
[2025-11-27T08:20:19.799+0000] {logging_mixin.py:188} INFO - [2025-11-27T08:20:19.798+0000] {dag.py:3823} INFO - Setting next_dagrun for dataset_consumes_unknown_never_scheduled to None, run_after=None
[2025-11-27T08:20:19.801+0000] {logging_mixin.py:188} INFO - [2025-11-27T08:20:19.801+0000] {dag.py:3823} INFO - Setting next_dagrun for dataset_produces_1 to 2025-11-26 00:00:00+00:00, run_after=2025-11-27 00:00:00+00:00
[2025-11-27T08:20:19.802+0000] {logging_mixin.py:188} INFO - [2025-11-27T08:20:19.802+0000] {dag.py:3823} INFO - Setting next_dagrun for dataset_produces_2 to None, run_after=None
[2025-11-27T08:20:19.833+0000] {processor.py:183} INFO - Processing /home/airflow/.local/lib/python3.8/site-packages/airflow/example_dags/example_datasets.py took 0.102 seconds
[2025-11-27T08:20:51.688+0000] {processor.py:161} INFO - Started process (PID=614) to work on /home/airflow/.local/lib/python3.8/site-packages/airflow/example_dags/example_datasets.py
[2025-11-27T08:20:51.689+0000] {processor.py:830} INFO - Processing file /home/airflow/.local/lib/python3.8/site-packages/airflow/example_dags/example_datasets.py for tasks to queue
[2025-11-27T08:20:51.691+0000] {logging_mixin.py:188} INFO - [2025-11-27T08:20:51.691+0000] {dagbag.py:538} INFO - Filling up the DagBag from /home/airflow/.local/lib/python3.8/site-packages/airflow/example_dags/example_datasets.py
[2025-11-27T08:20:51.698+0000] {processor.py:840} INFO - DAG(s) 'dataset_produces_1', 'dataset_consumes_unknown_never_scheduled', 'dataset_consumes_1_never_scheduled', 'dataset_consumes_1_and_2', 'dataset_produces_2', 'dataset_consumes_1' retrieved from /home/airflow/.local/lib/python3.8/site-packages/airflow/example_dags/example_datasets.py
[2025-11-27T08:20:51.726+0000] {logging_mixin.py:188} INFO - [2025-11-27T08:20:51.726+0000] {dag.py:3036} INFO - Sync 6 DAGs
[2025-11-27T08:20:51.746+0000] {logging_mixin.py:188} INFO - [2025-11-27T08:20:51.746+0000] {dag.py:3823} INFO - Setting next_dagrun for dataset_consumes_1 to None, run_after=None
[2025-11-27T08:20:51.750+0000] {logging_mixin.py:188} INFO - [2025-11-27T08:20:51.750+0000] {dag.py:3823} INFO - Setting next_dagrun for dataset_consumes_1_and_2 to None, run_after=None
[2025-11-27T08:20:51.751+0000] {logging_mixin.py:188} INFO - [2025-11-27T08:20:51.751+0000] {dag.py:3823} INFO - Setting next_dagrun for dataset_consumes_1_never_scheduled to None, run_after=None
[2025-11-27T08:20:51.753+0000] {logging_mixin.py:188} INFO - [2025-11-27T08:20:51.753+0000] {dag.py:3823} INFO - Setting next_dagrun for dataset_consumes_unknown_never_scheduled to None, run_after=None
[2025-11-27T08:20:51.756+0000] {logging_mixin.py:188} INFO - [2025-11-27T08:20:51.756+0000] {dag.py:3823} INFO - Setting next_dagrun for dataset_produces_1 to 2025-11-26 00:00:00+00:00, run_after=2025-11-27 00:00:00+00:00
[2025-11-27T08:20:51.759+0000] {logging_mixin.py:188} INFO - [2025-11-27T08:20:51.759+0000] {dag.py:3823} INFO - Setting next_dagrun for dataset_produces_2 to None, run_after=None
[2025-11-27T08:20:51.790+0000] {processor.py:183} INFO - Processing /home/airflow/.local/lib/python3.8/site-packages/airflow/example_dags/example_datasets.py took 0.104 seconds
[2025-11-27T08:21:24.450+0000] {processor.py:161} INFO - Started process (PID=670) to work on /home/airflow/.local/lib/python3.8/site-packages/airflow/example_dags/example_datasets.py
[2025-11-27T08:21:24.452+0000] {processor.py:830} INFO - Processing file /home/airflow/.local/lib/python3.8/site-packages/airflow/example_dags/example_datasets.py for tasks to queue
[2025-11-27T08:21:24.454+0000] {logging_mixin.py:188} INFO - [2025-11-27T08:21:24.453+0000] {dagbag.py:538} INFO - Filling up the DagBag from /home/airflow/.local/lib/python3.8/site-packages/airflow/example_dags/example_datasets.py
[2025-11-27T08:21:24.461+0000] {processor.py:840} INFO - DAG(s) 'dataset_produces_1', 'dataset_consumes_unknown_never_scheduled', 'dataset_consumes_1', 'dataset_produces_2', 'dataset_consumes_1_and_2', 'dataset_consumes_1_never_scheduled' retrieved from /home/airflow/.local/lib/python3.8/site-packages/airflow/example_dags/example_datasets.py
[2025-11-27T08:21:24.489+0000] {logging_mixin.py:188} INFO - [2025-11-27T08:21:24.489+0000] {dag.py:3036} INFO - Sync 6 DAGs
[2025-11-27T08:21:24.507+0000] {logging_mixin.py:188} INFO - [2025-11-27T08:21:24.506+0000] {dag.py:3823} INFO - Setting next_dagrun for dataset_consumes_1 to None, run_after=None
[2025-11-27T08:21:24.510+0000] {logging_mixin.py:188} INFO - [2025-11-27T08:21:24.510+0000] {dag.py:3823} INFO - Setting next_dagrun for dataset_consumes_1_and_2 to None, run_after=None
[2025-11-27T08:21:24.512+0000] {logging_mixin.py:188} INFO - [2025-11-27T08:21:24.511+0000] {dag.py:3823} INFO - Setting next_dagrun for dataset_consumes_1_never_scheduled to None, run_after=None
[2025-11-27T08:21:24.513+0000] {logging_mixin.py:188} INFO - [2025-11-27T08:21:24.513+0000] {dag.py:3823} INFO - Setting next_dagrun for dataset_consumes_unknown_never_scheduled to None, run_after=None
[2025-11-27T08:21:24.515+0000] {logging_mixin.py:188} INFO - [2025-11-27T08:21:24.515+0000] {dag.py:3823} INFO - Setting next_dagrun for dataset_produces_1 to 2025-11-26 00:00:00+00:00, run_after=2025-11-27 00:00:00+00:00
[2025-11-27T08:21:24.517+0000] {logging_mixin.py:188} INFO - [2025-11-27T08:21:24.516+0000] {dag.py:3823} INFO - Setting next_dagrun for dataset_produces_2 to None, run_after=None
[2025-11-27T08:21:24.542+0000] {processor.py:183} INFO - Processing /home/airflow/.local/lib/python3.8/site-packages/airflow/example_dags/example_datasets.py took 0.095 seconds
