[2025-11-27T07:49:59.221+0000] {processor.py:161} INFO - Started process (PID=76) to work on /home/airflow/.local/lib/python3.8/site-packages/airflow/example_dags/example_sensors.py
[2025-11-27T07:49:59.222+0000] {processor.py:830} INFO - Processing file /home/airflow/.local/lib/python3.8/site-packages/airflow/example_dags/example_sensors.py for tasks to queue
[2025-11-27T07:49:59.224+0000] {logging_mixin.py:188} INFO - [2025-11-27T07:49:59.224+0000] {dagbag.py:538} INFO - Filling up the DagBag from /home/airflow/.local/lib/python3.8/site-packages/airflow/example_dags/example_sensors.py
[2025-11-27T07:49:59.234+0000] {processor.py:840} INFO - DAG(s) 'example_sensors' retrieved from /home/airflow/.local/lib/python3.8/site-packages/airflow/example_dags/example_sensors.py
[2025-11-27T07:49:59.246+0000] {logging_mixin.py:188} INFO - [2025-11-27T07:49:59.246+0000] {dag.py:3036} INFO - Sync 1 DAGs
[2025-11-27T07:49:59.258+0000] {logging_mixin.py:188} INFO - [2025-11-27T07:49:59.258+0000] {dag.py:3823} INFO - Setting next_dagrun for example_sensors to None, run_after=None
[2025-11-27T07:49:59.279+0000] {processor.py:183} INFO - Processing /home/airflow/.local/lib/python3.8/site-packages/airflow/example_dags/example_sensors.py took 0.060 seconds
[2025-11-27T07:50:32.612+0000] {processor.py:161} INFO - Started process (PID=138) to work on /home/airflow/.local/lib/python3.8/site-packages/airflow/example_dags/example_sensors.py
[2025-11-27T07:50:32.613+0000] {processor.py:830} INFO - Processing file /home/airflow/.local/lib/python3.8/site-packages/airflow/example_dags/example_sensors.py for tasks to queue
[2025-11-27T07:50:32.615+0000] {logging_mixin.py:188} INFO - [2025-11-27T07:50:32.615+0000] {dagbag.py:538} INFO - Filling up the DagBag from /home/airflow/.local/lib/python3.8/site-packages/airflow/example_dags/example_sensors.py
[2025-11-27T07:50:32.621+0000] {processor.py:840} INFO - DAG(s) 'example_sensors' retrieved from /home/airflow/.local/lib/python3.8/site-packages/airflow/example_dags/example_sensors.py
[2025-11-27T07:50:32.702+0000] {logging_mixin.py:188} INFO - [2025-11-27T07:50:32.702+0000] {dag.py:3036} INFO - Sync 1 DAGs
[2025-11-27T07:50:32.711+0000] {logging_mixin.py:188} INFO - [2025-11-27T07:50:32.711+0000] {dag.py:3823} INFO - Setting next_dagrun for example_sensors to None, run_after=None
[2025-11-27T07:50:32.731+0000] {processor.py:183} INFO - Processing /home/airflow/.local/lib/python3.8/site-packages/airflow/example_dags/example_sensors.py took 0.121 seconds
[2025-11-27T07:51:04.440+0000] {processor.py:161} INFO - Started process (PID=188) to work on /home/airflow/.local/lib/python3.8/site-packages/airflow/example_dags/example_sensors.py
[2025-11-27T07:51:04.442+0000] {processor.py:830} INFO - Processing file /home/airflow/.local/lib/python3.8/site-packages/airflow/example_dags/example_sensors.py for tasks to queue
[2025-11-27T07:51:04.443+0000] {logging_mixin.py:188} INFO - [2025-11-27T07:51:04.443+0000] {dagbag.py:538} INFO - Filling up the DagBag from /home/airflow/.local/lib/python3.8/site-packages/airflow/example_dags/example_sensors.py
[2025-11-27T07:51:04.450+0000] {processor.py:840} INFO - DAG(s) 'example_sensors' retrieved from /home/airflow/.local/lib/python3.8/site-packages/airflow/example_dags/example_sensors.py
[2025-11-27T07:51:04.471+0000] {logging_mixin.py:188} INFO - [2025-11-27T07:51:04.470+0000] {dag.py:3036} INFO - Sync 1 DAGs
[2025-11-27T07:51:04.479+0000] {logging_mixin.py:188} INFO - [2025-11-27T07:51:04.479+0000] {dag.py:3823} INFO - Setting next_dagrun for example_sensors to None, run_after=None
[2025-11-27T07:51:04.496+0000] {processor.py:183} INFO - Processing /home/airflow/.local/lib/python3.8/site-packages/airflow/example_dags/example_sensors.py took 0.058 seconds
[2025-11-27T07:51:36.489+0000] {processor.py:161} INFO - Started process (PID=244) to work on /home/airflow/.local/lib/python3.8/site-packages/airflow/example_dags/example_sensors.py
[2025-11-27T07:51:36.490+0000] {processor.py:830} INFO - Processing file /home/airflow/.local/lib/python3.8/site-packages/airflow/example_dags/example_sensors.py for tasks to queue
[2025-11-27T07:51:36.492+0000] {logging_mixin.py:188} INFO - [2025-11-27T07:51:36.492+0000] {dagbag.py:538} INFO - Filling up the DagBag from /home/airflow/.local/lib/python3.8/site-packages/airflow/example_dags/example_sensors.py
[2025-11-27T07:51:36.499+0000] {processor.py:840} INFO - DAG(s) 'example_sensors' retrieved from /home/airflow/.local/lib/python3.8/site-packages/airflow/example_dags/example_sensors.py
[2025-11-27T07:51:36.519+0000] {logging_mixin.py:188} INFO - [2025-11-27T07:51:36.519+0000] {dag.py:3036} INFO - Sync 1 DAGs
[2025-11-27T07:51:36.529+0000] {logging_mixin.py:188} INFO - [2025-11-27T07:51:36.529+0000] {dag.py:3823} INFO - Setting next_dagrun for example_sensors to None, run_after=None
[2025-11-27T07:51:36.548+0000] {processor.py:183} INFO - Processing /home/airflow/.local/lib/python3.8/site-packages/airflow/example_dags/example_sensors.py took 0.061 seconds
[2025-11-27T07:52:09.638+0000] {processor.py:161} INFO - Started process (PID=300) to work on /home/airflow/.local/lib/python3.8/site-packages/airflow/example_dags/example_sensors.py
[2025-11-27T07:52:09.639+0000] {processor.py:830} INFO - Processing file /home/airflow/.local/lib/python3.8/site-packages/airflow/example_dags/example_sensors.py for tasks to queue
[2025-11-27T07:52:09.642+0000] {logging_mixin.py:188} INFO - [2025-11-27T07:52:09.641+0000] {dagbag.py:538} INFO - Filling up the DagBag from /home/airflow/.local/lib/python3.8/site-packages/airflow/example_dags/example_sensors.py
[2025-11-27T07:52:09.650+0000] {processor.py:840} INFO - DAG(s) 'example_sensors' retrieved from /home/airflow/.local/lib/python3.8/site-packages/airflow/example_dags/example_sensors.py
[2025-11-27T07:52:09.672+0000] {logging_mixin.py:188} INFO - [2025-11-27T07:52:09.672+0000] {dag.py:3036} INFO - Sync 1 DAGs
[2025-11-27T07:52:09.682+0000] {logging_mixin.py:188} INFO - [2025-11-27T07:52:09.682+0000] {dag.py:3823} INFO - Setting next_dagrun for example_sensors to None, run_after=None
[2025-11-27T07:52:09.700+0000] {processor.py:183} INFO - Processing /home/airflow/.local/lib/python3.8/site-packages/airflow/example_dags/example_sensors.py took 0.065 seconds
[2025-11-27T08:08:15.016+0000] {processor.py:161} INFO - Started process (PID=144) to work on /home/airflow/.local/lib/python3.8/site-packages/airflow/example_dags/example_sensors.py
[2025-11-27T08:08:15.018+0000] {processor.py:830} INFO - Processing file /home/airflow/.local/lib/python3.8/site-packages/airflow/example_dags/example_sensors.py for tasks to queue
[2025-11-27T08:08:15.019+0000] {logging_mixin.py:188} INFO - [2025-11-27T08:08:15.019+0000] {dagbag.py:538} INFO - Filling up the DagBag from /home/airflow/.local/lib/python3.8/site-packages/airflow/example_dags/example_sensors.py
[2025-11-27T08:08:15.029+0000] {processor.py:840} INFO - DAG(s) 'example_sensors' retrieved from /home/airflow/.local/lib/python3.8/site-packages/airflow/example_dags/example_sensors.py
[2025-11-27T08:08:15.044+0000] {logging_mixin.py:188} INFO - [2025-11-27T08:08:15.044+0000] {dag.py:3036} INFO - Sync 1 DAGs
[2025-11-27T08:08:15.058+0000] {logging_mixin.py:188} INFO - [2025-11-27T08:08:15.058+0000] {dag.py:3823} INFO - Setting next_dagrun for example_sensors to None, run_after=None
[2025-11-27T08:08:15.080+0000] {processor.py:183} INFO - Processing /home/airflow/.local/lib/python3.8/site-packages/airflow/example_dags/example_sensors.py took 0.066 seconds
[2025-11-27T08:08:48.859+0000] {processor.py:161} INFO - Started process (PID=200) to work on /home/airflow/.local/lib/python3.8/site-packages/airflow/example_dags/example_sensors.py
[2025-11-27T08:08:48.861+0000] {processor.py:830} INFO - Processing file /home/airflow/.local/lib/python3.8/site-packages/airflow/example_dags/example_sensors.py for tasks to queue
[2025-11-27T08:08:48.863+0000] {logging_mixin.py:188} INFO - [2025-11-27T08:08:48.862+0000] {dagbag.py:538} INFO - Filling up the DagBag from /home/airflow/.local/lib/python3.8/site-packages/airflow/example_dags/example_sensors.py
[2025-11-27T08:08:48.870+0000] {processor.py:840} INFO - DAG(s) 'example_sensors' retrieved from /home/airflow/.local/lib/python3.8/site-packages/airflow/example_dags/example_sensors.py
[2025-11-27T08:08:49.077+0000] {logging_mixin.py:188} INFO - [2025-11-27T08:08:49.077+0000] {dag.py:3036} INFO - Sync 1 DAGs
[2025-11-27T08:08:49.084+0000] {logging_mixin.py:188} INFO - [2025-11-27T08:08:49.083+0000] {dag.py:3823} INFO - Setting next_dagrun for example_sensors to None, run_after=None
[2025-11-27T08:08:49.099+0000] {processor.py:183} INFO - Processing /home/airflow/.local/lib/python3.8/site-packages/airflow/example_dags/example_sensors.py took 0.242 seconds
[2025-11-27T08:09:19.966+0000] {processor.py:161} INFO - Started process (PID=256) to work on /home/airflow/.local/lib/python3.8/site-packages/airflow/example_dags/example_sensors.py
[2025-11-27T08:09:19.968+0000] {processor.py:830} INFO - Processing file /home/airflow/.local/lib/python3.8/site-packages/airflow/example_dags/example_sensors.py for tasks to queue
[2025-11-27T08:09:19.971+0000] {logging_mixin.py:188} INFO - [2025-11-27T08:09:19.970+0000] {dagbag.py:538} INFO - Filling up the DagBag from /home/airflow/.local/lib/python3.8/site-packages/airflow/example_dags/example_sensors.py
[2025-11-27T08:09:19.977+0000] {processor.py:840} INFO - DAG(s) 'example_sensors' retrieved from /home/airflow/.local/lib/python3.8/site-packages/airflow/example_dags/example_sensors.py
[2025-11-27T08:09:20.000+0000] {logging_mixin.py:188} INFO - [2025-11-27T08:09:20.000+0000] {dag.py:3036} INFO - Sync 1 DAGs
[2025-11-27T08:09:20.010+0000] {logging_mixin.py:188} INFO - [2025-11-27T08:09:20.010+0000] {dag.py:3823} INFO - Setting next_dagrun for example_sensors to None, run_after=None
[2025-11-27T08:09:20.029+0000] {processor.py:183} INFO - Processing /home/airflow/.local/lib/python3.8/site-packages/airflow/example_dags/example_sensors.py took 0.065 seconds
[2025-11-27T08:09:50.116+0000] {processor.py:161} INFO - Started process (PID=306) to work on /home/airflow/.local/lib/python3.8/site-packages/airflow/example_dags/example_sensors.py
[2025-11-27T08:09:50.117+0000] {processor.py:830} INFO - Processing file /home/airflow/.local/lib/python3.8/site-packages/airflow/example_dags/example_sensors.py for tasks to queue
[2025-11-27T08:09:50.119+0000] {logging_mixin.py:188} INFO - [2025-11-27T08:09:50.119+0000] {dagbag.py:538} INFO - Filling up the DagBag from /home/airflow/.local/lib/python3.8/site-packages/airflow/example_dags/example_sensors.py
[2025-11-27T08:09:50.126+0000] {processor.py:840} INFO - DAG(s) 'example_sensors' retrieved from /home/airflow/.local/lib/python3.8/site-packages/airflow/example_dags/example_sensors.py
[2025-11-27T08:09:50.149+0000] {logging_mixin.py:188} INFO - [2025-11-27T08:09:50.149+0000] {dag.py:3036} INFO - Sync 1 DAGs
[2025-11-27T08:09:50.160+0000] {logging_mixin.py:188} INFO - [2025-11-27T08:09:50.160+0000] {dag.py:3823} INFO - Setting next_dagrun for example_sensors to None, run_after=None
[2025-11-27T08:09:50.178+0000] {processor.py:183} INFO - Processing /home/airflow/.local/lib/python3.8/site-packages/airflow/example_dags/example_sensors.py took 0.065 seconds
[2025-11-27T08:10:20.340+0000] {processor.py:161} INFO - Started process (PID=362) to work on /home/airflow/.local/lib/python3.8/site-packages/airflow/example_dags/example_sensors.py
[2025-11-27T08:10:20.341+0000] {processor.py:830} INFO - Processing file /home/airflow/.local/lib/python3.8/site-packages/airflow/example_dags/example_sensors.py for tasks to queue
[2025-11-27T08:10:20.343+0000] {logging_mixin.py:188} INFO - [2025-11-27T08:10:20.343+0000] {dagbag.py:538} INFO - Filling up the DagBag from /home/airflow/.local/lib/python3.8/site-packages/airflow/example_dags/example_sensors.py
[2025-11-27T08:10:20.349+0000] {processor.py:840} INFO - DAG(s) 'example_sensors' retrieved from /home/airflow/.local/lib/python3.8/site-packages/airflow/example_dags/example_sensors.py
[2025-11-27T08:10:20.368+0000] {logging_mixin.py:188} INFO - [2025-11-27T08:10:20.368+0000] {dag.py:3036} INFO - Sync 1 DAGs
[2025-11-27T08:10:20.379+0000] {logging_mixin.py:188} INFO - [2025-11-27T08:10:20.378+0000] {dag.py:3823} INFO - Setting next_dagrun for example_sensors to None, run_after=None
[2025-11-27T08:10:20.397+0000] {processor.py:183} INFO - Processing /home/airflow/.local/lib/python3.8/site-packages/airflow/example_dags/example_sensors.py took 0.059 seconds
[2025-11-27T08:10:51.360+0000] {processor.py:161} INFO - Started process (PID=419) to work on /home/airflow/.local/lib/python3.8/site-packages/airflow/example_dags/example_sensors.py
[2025-11-27T08:10:51.361+0000] {processor.py:830} INFO - Processing file /home/airflow/.local/lib/python3.8/site-packages/airflow/example_dags/example_sensors.py for tasks to queue
[2025-11-27T08:10:51.364+0000] {logging_mixin.py:188} INFO - [2025-11-27T08:10:51.364+0000] {dagbag.py:538} INFO - Filling up the DagBag from /home/airflow/.local/lib/python3.8/site-packages/airflow/example_dags/example_sensors.py
[2025-11-27T08:10:51.374+0000] {processor.py:840} INFO - DAG(s) 'example_sensors' retrieved from /home/airflow/.local/lib/python3.8/site-packages/airflow/example_dags/example_sensors.py
[2025-11-27T08:10:51.398+0000] {logging_mixin.py:188} INFO - [2025-11-27T08:10:51.398+0000] {dag.py:3036} INFO - Sync 1 DAGs
[2025-11-27T08:10:51.409+0000] {logging_mixin.py:188} INFO - [2025-11-27T08:10:51.409+0000] {dag.py:3823} INFO - Setting next_dagrun for example_sensors to None, run_after=None
[2025-11-27T08:10:51.429+0000] {processor.py:183} INFO - Processing /home/airflow/.local/lib/python3.8/site-packages/airflow/example_dags/example_sensors.py took 0.073 seconds
[2025-11-27T08:11:21.663+0000] {processor.py:161} INFO - Started process (PID=475) to work on /home/airflow/.local/lib/python3.8/site-packages/airflow/example_dags/example_sensors.py
[2025-11-27T08:11:21.664+0000] {processor.py:830} INFO - Processing file /home/airflow/.local/lib/python3.8/site-packages/airflow/example_dags/example_sensors.py for tasks to queue
[2025-11-27T08:11:21.666+0000] {logging_mixin.py:188} INFO - [2025-11-27T08:11:21.666+0000] {dagbag.py:538} INFO - Filling up the DagBag from /home/airflow/.local/lib/python3.8/site-packages/airflow/example_dags/example_sensors.py
[2025-11-27T08:11:21.672+0000] {processor.py:840} INFO - DAG(s) 'example_sensors' retrieved from /home/airflow/.local/lib/python3.8/site-packages/airflow/example_dags/example_sensors.py
[2025-11-27T08:11:21.692+0000] {logging_mixin.py:188} INFO - [2025-11-27T08:11:21.692+0000] {dag.py:3036} INFO - Sync 1 DAGs
[2025-11-27T08:11:21.702+0000] {logging_mixin.py:188} INFO - [2025-11-27T08:11:21.702+0000] {dag.py:3823} INFO - Setting next_dagrun for example_sensors to None, run_after=None
[2025-11-27T08:11:21.721+0000] {processor.py:183} INFO - Processing /home/airflow/.local/lib/python3.8/site-packages/airflow/example_dags/example_sensors.py took 0.062 seconds
[2025-11-27T08:11:52.066+0000] {processor.py:161} INFO - Started process (PID=531) to work on /home/airflow/.local/lib/python3.8/site-packages/airflow/example_dags/example_sensors.py
[2025-11-27T08:11:52.068+0000] {processor.py:830} INFO - Processing file /home/airflow/.local/lib/python3.8/site-packages/airflow/example_dags/example_sensors.py for tasks to queue
[2025-11-27T08:11:52.070+0000] {logging_mixin.py:188} INFO - [2025-11-27T08:11:52.070+0000] {dagbag.py:538} INFO - Filling up the DagBag from /home/airflow/.local/lib/python3.8/site-packages/airflow/example_dags/example_sensors.py
[2025-11-27T08:11:52.078+0000] {processor.py:840} INFO - DAG(s) 'example_sensors' retrieved from /home/airflow/.local/lib/python3.8/site-packages/airflow/example_dags/example_sensors.py
[2025-11-27T08:11:52.099+0000] {logging_mixin.py:188} INFO - [2025-11-27T08:11:52.099+0000] {dag.py:3036} INFO - Sync 1 DAGs
[2025-11-27T08:11:52.109+0000] {logging_mixin.py:188} INFO - [2025-11-27T08:11:52.108+0000] {dag.py:3823} INFO - Setting next_dagrun for example_sensors to None, run_after=None
[2025-11-27T08:11:52.128+0000] {processor.py:183} INFO - Processing /home/airflow/.local/lib/python3.8/site-packages/airflow/example_dags/example_sensors.py took 0.067 seconds
[2025-11-27T08:12:22.455+0000] {processor.py:161} INFO - Started process (PID=587) to work on /home/airflow/.local/lib/python3.8/site-packages/airflow/example_dags/example_sensors.py
[2025-11-27T08:12:22.456+0000] {processor.py:830} INFO - Processing file /home/airflow/.local/lib/python3.8/site-packages/airflow/example_dags/example_sensors.py for tasks to queue
[2025-11-27T08:12:22.458+0000] {logging_mixin.py:188} INFO - [2025-11-27T08:12:22.458+0000] {dagbag.py:538} INFO - Filling up the DagBag from /home/airflow/.local/lib/python3.8/site-packages/airflow/example_dags/example_sensors.py
[2025-11-27T08:12:22.465+0000] {processor.py:840} INFO - DAG(s) 'example_sensors' retrieved from /home/airflow/.local/lib/python3.8/site-packages/airflow/example_dags/example_sensors.py
[2025-11-27T08:12:22.486+0000] {logging_mixin.py:188} INFO - [2025-11-27T08:12:22.485+0000] {dag.py:3036} INFO - Sync 1 DAGs
[2025-11-27T08:12:22.494+0000] {logging_mixin.py:188} INFO - [2025-11-27T08:12:22.494+0000] {dag.py:3823} INFO - Setting next_dagrun for example_sensors to None, run_after=None
[2025-11-27T08:12:22.513+0000] {processor.py:183} INFO - Processing /home/airflow/.local/lib/python3.8/site-packages/airflow/example_dags/example_sensors.py took 0.060 seconds
[2025-11-27T08:12:53.152+0000] {processor.py:161} INFO - Started process (PID=643) to work on /home/airflow/.local/lib/python3.8/site-packages/airflow/example_dags/example_sensors.py
[2025-11-27T08:12:53.153+0000] {processor.py:830} INFO - Processing file /home/airflow/.local/lib/python3.8/site-packages/airflow/example_dags/example_sensors.py for tasks to queue
[2025-11-27T08:12:53.156+0000] {logging_mixin.py:188} INFO - [2025-11-27T08:12:53.156+0000] {dagbag.py:538} INFO - Filling up the DagBag from /home/airflow/.local/lib/python3.8/site-packages/airflow/example_dags/example_sensors.py
[2025-11-27T08:12:53.165+0000] {processor.py:840} INFO - DAG(s) 'example_sensors' retrieved from /home/airflow/.local/lib/python3.8/site-packages/airflow/example_dags/example_sensors.py
[2025-11-27T08:12:53.188+0000] {logging_mixin.py:188} INFO - [2025-11-27T08:12:53.187+0000] {dag.py:3036} INFO - Sync 1 DAGs
[2025-11-27T08:12:53.196+0000] {logging_mixin.py:188} INFO - [2025-11-27T08:12:53.196+0000] {dag.py:3823} INFO - Setting next_dagrun for example_sensors to None, run_after=None
[2025-11-27T08:12:53.215+0000] {processor.py:183} INFO - Processing /home/airflow/.local/lib/python3.8/site-packages/airflow/example_dags/example_sensors.py took 0.067 seconds
[2025-11-27T08:13:23.515+0000] {processor.py:161} INFO - Started process (PID=699) to work on /home/airflow/.local/lib/python3.8/site-packages/airflow/example_dags/example_sensors.py
[2025-11-27T08:13:23.517+0000] {processor.py:830} INFO - Processing file /home/airflow/.local/lib/python3.8/site-packages/airflow/example_dags/example_sensors.py for tasks to queue
[2025-11-27T08:13:23.518+0000] {logging_mixin.py:188} INFO - [2025-11-27T08:13:23.518+0000] {dagbag.py:538} INFO - Filling up the DagBag from /home/airflow/.local/lib/python3.8/site-packages/airflow/example_dags/example_sensors.py
[2025-11-27T08:13:23.525+0000] {processor.py:840} INFO - DAG(s) 'example_sensors' retrieved from /home/airflow/.local/lib/python3.8/site-packages/airflow/example_dags/example_sensors.py
[2025-11-27T08:13:23.545+0000] {logging_mixin.py:188} INFO - [2025-11-27T08:13:23.545+0000] {dag.py:3036} INFO - Sync 1 DAGs
[2025-11-27T08:13:23.555+0000] {logging_mixin.py:188} INFO - [2025-11-27T08:13:23.554+0000] {dag.py:3823} INFO - Setting next_dagrun for example_sensors to None, run_after=None
[2025-11-27T08:13:23.572+0000] {processor.py:183} INFO - Processing /home/airflow/.local/lib/python3.8/site-packages/airflow/example_dags/example_sensors.py took 0.060 seconds
[2025-11-27T08:13:54.015+0000] {processor.py:161} INFO - Started process (PID=755) to work on /home/airflow/.local/lib/python3.8/site-packages/airflow/example_dags/example_sensors.py
[2025-11-27T08:13:54.016+0000] {processor.py:830} INFO - Processing file /home/airflow/.local/lib/python3.8/site-packages/airflow/example_dags/example_sensors.py for tasks to queue
[2025-11-27T08:13:54.019+0000] {logging_mixin.py:188} INFO - [2025-11-27T08:13:54.018+0000] {dagbag.py:538} INFO - Filling up the DagBag from /home/airflow/.local/lib/python3.8/site-packages/airflow/example_dags/example_sensors.py
[2025-11-27T08:13:54.026+0000] {processor.py:840} INFO - DAG(s) 'example_sensors' retrieved from /home/airflow/.local/lib/python3.8/site-packages/airflow/example_dags/example_sensors.py
[2025-11-27T08:13:54.049+0000] {logging_mixin.py:188} INFO - [2025-11-27T08:13:54.049+0000] {dag.py:3036} INFO - Sync 1 DAGs
[2025-11-27T08:13:54.064+0000] {logging_mixin.py:188} INFO - [2025-11-27T08:13:54.064+0000] {dag.py:3823} INFO - Setting next_dagrun for example_sensors to None, run_after=None
[2025-11-27T08:13:54.088+0000] {processor.py:183} INFO - Processing /home/airflow/.local/lib/python3.8/site-packages/airflow/example_dags/example_sensors.py took 0.076 seconds
[2025-11-27T08:14:24.381+0000] {processor.py:161} INFO - Started process (PID=811) to work on /home/airflow/.local/lib/python3.8/site-packages/airflow/example_dags/example_sensors.py
[2025-11-27T08:14:24.383+0000] {processor.py:830} INFO - Processing file /home/airflow/.local/lib/python3.8/site-packages/airflow/example_dags/example_sensors.py for tasks to queue
[2025-11-27T08:14:24.385+0000] {logging_mixin.py:188} INFO - [2025-11-27T08:14:24.384+0000] {dagbag.py:538} INFO - Filling up the DagBag from /home/airflow/.local/lib/python3.8/site-packages/airflow/example_dags/example_sensors.py
[2025-11-27T08:14:24.392+0000] {processor.py:840} INFO - DAG(s) 'example_sensors' retrieved from /home/airflow/.local/lib/python3.8/site-packages/airflow/example_dags/example_sensors.py
[2025-11-27T08:14:24.412+0000] {logging_mixin.py:188} INFO - [2025-11-27T08:14:24.412+0000] {dag.py:3036} INFO - Sync 1 DAGs
[2025-11-27T08:14:24.421+0000] {logging_mixin.py:188} INFO - [2025-11-27T08:14:24.421+0000] {dag.py:3823} INFO - Setting next_dagrun for example_sensors to None, run_after=None
[2025-11-27T08:14:24.436+0000] {processor.py:183} INFO - Processing /home/airflow/.local/lib/python3.8/site-packages/airflow/example_dags/example_sensors.py took 0.057 seconds
[2025-11-27T08:14:56.658+0000] {processor.py:161} INFO - Started process (PID=867) to work on /home/airflow/.local/lib/python3.8/site-packages/airflow/example_dags/example_sensors.py
[2025-11-27T08:14:56.660+0000] {processor.py:830} INFO - Processing file /home/airflow/.local/lib/python3.8/site-packages/airflow/example_dags/example_sensors.py for tasks to queue
[2025-11-27T08:14:56.661+0000] {logging_mixin.py:188} INFO - [2025-11-27T08:14:56.661+0000] {dagbag.py:538} INFO - Filling up the DagBag from /home/airflow/.local/lib/python3.8/site-packages/airflow/example_dags/example_sensors.py
[2025-11-27T08:14:56.668+0000] {processor.py:840} INFO - DAG(s) 'example_sensors' retrieved from /home/airflow/.local/lib/python3.8/site-packages/airflow/example_dags/example_sensors.py
[2025-11-27T08:14:56.688+0000] {logging_mixin.py:188} INFO - [2025-11-27T08:14:56.688+0000] {dag.py:3036} INFO - Sync 1 DAGs
[2025-11-27T08:14:56.696+0000] {logging_mixin.py:188} INFO - [2025-11-27T08:14:56.696+0000] {dag.py:3823} INFO - Setting next_dagrun for example_sensors to None, run_after=None
[2025-11-27T08:14:56.713+0000] {processor.py:183} INFO - Processing /home/airflow/.local/lib/python3.8/site-packages/airflow/example_dags/example_sensors.py took 0.057 seconds
[2025-11-27T08:16:29.324+0000] {processor.py:161} INFO - Started process (PID=145) to work on /home/airflow/.local/lib/python3.8/site-packages/airflow/example_dags/example_sensors.py
[2025-11-27T08:16:29.325+0000] {processor.py:830} INFO - Processing file /home/airflow/.local/lib/python3.8/site-packages/airflow/example_dags/example_sensors.py for tasks to queue
[2025-11-27T08:16:29.327+0000] {logging_mixin.py:188} INFO - [2025-11-27T08:16:29.327+0000] {dagbag.py:538} INFO - Filling up the DagBag from /home/airflow/.local/lib/python3.8/site-packages/airflow/example_dags/example_sensors.py
[2025-11-27T08:16:29.336+0000] {processor.py:840} INFO - DAG(s) 'example_sensors' retrieved from /home/airflow/.local/lib/python3.8/site-packages/airflow/example_dags/example_sensors.py
[2025-11-27T08:16:29.348+0000] {logging_mixin.py:188} INFO - [2025-11-27T08:16:29.348+0000] {dag.py:3036} INFO - Sync 1 DAGs
[2025-11-27T08:16:29.360+0000] {logging_mixin.py:188} INFO - [2025-11-27T08:16:29.360+0000] {dag.py:3823} INFO - Setting next_dagrun for example_sensors to None, run_after=None
[2025-11-27T08:16:29.381+0000] {processor.py:183} INFO - Processing /home/airflow/.local/lib/python3.8/site-packages/airflow/example_dags/example_sensors.py took 0.059 seconds
[2025-11-27T08:17:02.385+0000] {processor.py:161} INFO - Started process (PID=201) to work on /home/airflow/.local/lib/python3.8/site-packages/airflow/example_dags/example_sensors.py
[2025-11-27T08:17:02.387+0000] {processor.py:830} INFO - Processing file /home/airflow/.local/lib/python3.8/site-packages/airflow/example_dags/example_sensors.py for tasks to queue
[2025-11-27T08:17:02.389+0000] {logging_mixin.py:188} INFO - [2025-11-27T08:17:02.389+0000] {dagbag.py:538} INFO - Filling up the DagBag from /home/airflow/.local/lib/python3.8/site-packages/airflow/example_dags/example_sensors.py
[2025-11-27T08:17:02.397+0000] {processor.py:840} INFO - DAG(s) 'example_sensors' retrieved from /home/airflow/.local/lib/python3.8/site-packages/airflow/example_dags/example_sensors.py
[2025-11-27T08:17:02.590+0000] {logging_mixin.py:188} INFO - [2025-11-27T08:17:02.590+0000] {dag.py:3036} INFO - Sync 1 DAGs
[2025-11-27T08:17:02.598+0000] {logging_mixin.py:188} INFO - [2025-11-27T08:17:02.598+0000] {dag.py:3823} INFO - Setting next_dagrun for example_sensors to None, run_after=None
[2025-11-27T08:17:02.617+0000] {processor.py:183} INFO - Processing /home/airflow/.local/lib/python3.8/site-packages/airflow/example_dags/example_sensors.py took 0.235 seconds
[2025-11-27T08:17:32.760+0000] {processor.py:161} INFO - Started process (PID=251) to work on /home/airflow/.local/lib/python3.8/site-packages/airflow/example_dags/example_sensors.py
[2025-11-27T08:17:32.761+0000] {processor.py:830} INFO - Processing file /home/airflow/.local/lib/python3.8/site-packages/airflow/example_dags/example_sensors.py for tasks to queue
[2025-11-27T08:17:32.763+0000] {logging_mixin.py:188} INFO - [2025-11-27T08:17:32.763+0000] {dagbag.py:538} INFO - Filling up the DagBag from /home/airflow/.local/lib/python3.8/site-packages/airflow/example_dags/example_sensors.py
[2025-11-27T08:17:32.772+0000] {processor.py:840} INFO - DAG(s) 'example_sensors' retrieved from /home/airflow/.local/lib/python3.8/site-packages/airflow/example_dags/example_sensors.py
[2025-11-27T08:17:32.792+0000] {logging_mixin.py:188} INFO - [2025-11-27T08:17:32.792+0000] {dag.py:3036} INFO - Sync 1 DAGs
[2025-11-27T08:17:32.803+0000] {logging_mixin.py:188} INFO - [2025-11-27T08:17:32.802+0000] {dag.py:3823} INFO - Setting next_dagrun for example_sensors to None, run_after=None
[2025-11-27T08:17:32.821+0000] {processor.py:183} INFO - Processing /home/airflow/.local/lib/python3.8/site-packages/airflow/example_dags/example_sensors.py took 0.064 seconds
[2025-11-27T08:18:03.291+0000] {processor.py:161} INFO - Started process (PID=307) to work on /home/airflow/.local/lib/python3.8/site-packages/airflow/example_dags/example_sensors.py
[2025-11-27T08:18:03.292+0000] {processor.py:830} INFO - Processing file /home/airflow/.local/lib/python3.8/site-packages/airflow/example_dags/example_sensors.py for tasks to queue
[2025-11-27T08:18:03.294+0000] {logging_mixin.py:188} INFO - [2025-11-27T08:18:03.294+0000] {dagbag.py:538} INFO - Filling up the DagBag from /home/airflow/.local/lib/python3.8/site-packages/airflow/example_dags/example_sensors.py
[2025-11-27T08:18:03.302+0000] {processor.py:840} INFO - DAG(s) 'example_sensors' retrieved from /home/airflow/.local/lib/python3.8/site-packages/airflow/example_dags/example_sensors.py
[2025-11-27T08:18:03.324+0000] {logging_mixin.py:188} INFO - [2025-11-27T08:18:03.324+0000] {dag.py:3036} INFO - Sync 1 DAGs
[2025-11-27T08:18:03.335+0000] {logging_mixin.py:188} INFO - [2025-11-27T08:18:03.334+0000] {dag.py:3823} INFO - Setting next_dagrun for example_sensors to None, run_after=None
[2025-11-27T08:18:03.359+0000] {processor.py:183} INFO - Processing /home/airflow/.local/lib/python3.8/site-packages/airflow/example_dags/example_sensors.py took 0.070 seconds
[2025-11-27T08:18:33.724+0000] {processor.py:161} INFO - Started process (PID=363) to work on /home/airflow/.local/lib/python3.8/site-packages/airflow/example_dags/example_sensors.py
[2025-11-27T08:18:33.725+0000] {processor.py:830} INFO - Processing file /home/airflow/.local/lib/python3.8/site-packages/airflow/example_dags/example_sensors.py for tasks to queue
[2025-11-27T08:18:33.727+0000] {logging_mixin.py:188} INFO - [2025-11-27T08:18:33.726+0000] {dagbag.py:538} INFO - Filling up the DagBag from /home/airflow/.local/lib/python3.8/site-packages/airflow/example_dags/example_sensors.py
[2025-11-27T08:18:33.734+0000] {processor.py:840} INFO - DAG(s) 'example_sensors' retrieved from /home/airflow/.local/lib/python3.8/site-packages/airflow/example_dags/example_sensors.py
[2025-11-27T08:18:33.753+0000] {logging_mixin.py:188} INFO - [2025-11-27T08:18:33.753+0000] {dag.py:3036} INFO - Sync 1 DAGs
[2025-11-27T08:18:33.761+0000] {logging_mixin.py:188} INFO - [2025-11-27T08:18:33.761+0000] {dag.py:3823} INFO - Setting next_dagrun for example_sensors to None, run_after=None
[2025-11-27T08:18:33.782+0000] {processor.py:183} INFO - Processing /home/airflow/.local/lib/python3.8/site-packages/airflow/example_dags/example_sensors.py took 0.061 seconds
[2025-11-27T08:19:04.306+0000] {processor.py:161} INFO - Started process (PID=419) to work on /home/airflow/.local/lib/python3.8/site-packages/airflow/example_dags/example_sensors.py
[2025-11-27T08:19:04.307+0000] {processor.py:830} INFO - Processing file /home/airflow/.local/lib/python3.8/site-packages/airflow/example_dags/example_sensors.py for tasks to queue
[2025-11-27T08:19:04.308+0000] {logging_mixin.py:188} INFO - [2025-11-27T08:19:04.308+0000] {dagbag.py:538} INFO - Filling up the DagBag from /home/airflow/.local/lib/python3.8/site-packages/airflow/example_dags/example_sensors.py
[2025-11-27T08:19:04.315+0000] {processor.py:840} INFO - DAG(s) 'example_sensors' retrieved from /home/airflow/.local/lib/python3.8/site-packages/airflow/example_dags/example_sensors.py
[2025-11-27T08:19:04.337+0000] {logging_mixin.py:188} INFO - [2025-11-27T08:19:04.337+0000] {dag.py:3036} INFO - Sync 1 DAGs
[2025-11-27T08:19:04.346+0000] {logging_mixin.py:188} INFO - [2025-11-27T08:19:04.346+0000] {dag.py:3823} INFO - Setting next_dagrun for example_sensors to None, run_after=None
[2025-11-27T08:19:04.361+0000] {processor.py:183} INFO - Processing /home/airflow/.local/lib/python3.8/site-packages/airflow/example_dags/example_sensors.py took 0.058 seconds
[2025-11-27T08:19:34.962+0000] {processor.py:161} INFO - Started process (PID=475) to work on /home/airflow/.local/lib/python3.8/site-packages/airflow/example_dags/example_sensors.py
[2025-11-27T08:19:34.963+0000] {processor.py:830} INFO - Processing file /home/airflow/.local/lib/python3.8/site-packages/airflow/example_dags/example_sensors.py for tasks to queue
[2025-11-27T08:19:34.965+0000] {logging_mixin.py:188} INFO - [2025-11-27T08:19:34.965+0000] {dagbag.py:538} INFO - Filling up the DagBag from /home/airflow/.local/lib/python3.8/site-packages/airflow/example_dags/example_sensors.py
[2025-11-27T08:19:34.972+0000] {processor.py:840} INFO - DAG(s) 'example_sensors' retrieved from /home/airflow/.local/lib/python3.8/site-packages/airflow/example_dags/example_sensors.py
[2025-11-27T08:19:34.996+0000] {logging_mixin.py:188} INFO - [2025-11-27T08:19:34.995+0000] {dag.py:3036} INFO - Sync 1 DAGs
[2025-11-27T08:19:35.006+0000] {logging_mixin.py:188} INFO - [2025-11-27T08:19:35.006+0000] {dag.py:3823} INFO - Setting next_dagrun for example_sensors to None, run_after=None
[2025-11-27T08:19:35.025+0000] {processor.py:183} INFO - Processing /home/airflow/.local/lib/python3.8/site-packages/airflow/example_dags/example_sensors.py took 0.066 seconds
[2025-11-27T08:20:05.332+0000] {processor.py:161} INFO - Started process (PID=531) to work on /home/airflow/.local/lib/python3.8/site-packages/airflow/example_dags/example_sensors.py
[2025-11-27T08:20:05.333+0000] {processor.py:830} INFO - Processing file /home/airflow/.local/lib/python3.8/site-packages/airflow/example_dags/example_sensors.py for tasks to queue
[2025-11-27T08:20:05.335+0000] {logging_mixin.py:188} INFO - [2025-11-27T08:20:05.335+0000] {dagbag.py:538} INFO - Filling up the DagBag from /home/airflow/.local/lib/python3.8/site-packages/airflow/example_dags/example_sensors.py
[2025-11-27T08:20:05.341+0000] {processor.py:840} INFO - DAG(s) 'example_sensors' retrieved from /home/airflow/.local/lib/python3.8/site-packages/airflow/example_dags/example_sensors.py
[2025-11-27T08:20:05.360+0000] {logging_mixin.py:188} INFO - [2025-11-27T08:20:05.360+0000] {dag.py:3036} INFO - Sync 1 DAGs
[2025-11-27T08:20:05.369+0000] {logging_mixin.py:188} INFO - [2025-11-27T08:20:05.369+0000] {dag.py:3823} INFO - Setting next_dagrun for example_sensors to None, run_after=None
[2025-11-27T08:20:05.387+0000] {processor.py:183} INFO - Processing /home/airflow/.local/lib/python3.8/site-packages/airflow/example_dags/example_sensors.py took 0.058 seconds
[2025-11-27T08:20:35.449+0000] {processor.py:161} INFO - Started process (PID=587) to work on /home/airflow/.local/lib/python3.8/site-packages/airflow/example_dags/example_sensors.py
[2025-11-27T08:20:35.451+0000] {processor.py:830} INFO - Processing file /home/airflow/.local/lib/python3.8/site-packages/airflow/example_dags/example_sensors.py for tasks to queue
[2025-11-27T08:20:35.453+0000] {logging_mixin.py:188} INFO - [2025-11-27T08:20:35.453+0000] {dagbag.py:538} INFO - Filling up the DagBag from /home/airflow/.local/lib/python3.8/site-packages/airflow/example_dags/example_sensors.py
[2025-11-27T08:20:35.459+0000] {processor.py:840} INFO - DAG(s) 'example_sensors' retrieved from /home/airflow/.local/lib/python3.8/site-packages/airflow/example_dags/example_sensors.py
[2025-11-27T08:20:35.481+0000] {logging_mixin.py:188} INFO - [2025-11-27T08:20:35.481+0000] {dag.py:3036} INFO - Sync 1 DAGs
[2025-11-27T08:20:35.492+0000] {logging_mixin.py:188} INFO - [2025-11-27T08:20:35.491+0000] {dag.py:3823} INFO - Setting next_dagrun for example_sensors to None, run_after=None
[2025-11-27T08:20:35.509+0000] {processor.py:183} INFO - Processing /home/airflow/.local/lib/python3.8/site-packages/airflow/example_dags/example_sensors.py took 0.062 seconds
[2025-11-27T08:21:06.721+0000] {processor.py:161} INFO - Started process (PID=643) to work on /home/airflow/.local/lib/python3.8/site-packages/airflow/example_dags/example_sensors.py
[2025-11-27T08:21:06.723+0000] {processor.py:830} INFO - Processing file /home/airflow/.local/lib/python3.8/site-packages/airflow/example_dags/example_sensors.py for tasks to queue
[2025-11-27T08:21:06.725+0000] {logging_mixin.py:188} INFO - [2025-11-27T08:21:06.724+0000] {dagbag.py:538} INFO - Filling up the DagBag from /home/airflow/.local/lib/python3.8/site-packages/airflow/example_dags/example_sensors.py
[2025-11-27T08:21:06.732+0000] {processor.py:840} INFO - DAG(s) 'example_sensors' retrieved from /home/airflow/.local/lib/python3.8/site-packages/airflow/example_dags/example_sensors.py
[2025-11-27T08:21:06.752+0000] {logging_mixin.py:188} INFO - [2025-11-27T08:21:06.752+0000] {dag.py:3036} INFO - Sync 1 DAGs
[2025-11-27T08:21:06.761+0000] {logging_mixin.py:188} INFO - [2025-11-27T08:21:06.760+0000] {dag.py:3823} INFO - Setting next_dagrun for example_sensors to None, run_after=None
[2025-11-27T08:21:06.778+0000] {processor.py:183} INFO - Processing /home/airflow/.local/lib/python3.8/site-packages/airflow/example_dags/example_sensors.py took 0.059 seconds
