[2025-11-27T07:50:00.072+0000] {processor.py:161} INFO - Started process (PID=96) to work on /home/airflow/.local/lib/python3.8/site-packages/airflow/example_dags/example_latest_only_with_trigger.py
[2025-11-27T07:50:00.073+0000] {processor.py:830} INFO - Processing file /home/airflow/.local/lib/python3.8/site-packages/airflow/example_dags/example_latest_only_with_trigger.py for tasks to queue
[2025-11-27T07:50:00.075+0000] {logging_mixin.py:188} INFO - [2025-11-27T07:50:00.075+0000] {dagbag.py:538} INFO - Filling up the DagBag from /home/airflow/.local/lib/python3.8/site-packages/airflow/example_dags/example_latest_only_with_trigger.py
[2025-11-27T07:50:00.082+0000] {processor.py:840} INFO - DAG(s) 'latest_only_with_trigger' retrieved from /home/airflow/.local/lib/python3.8/site-packages/airflow/example_dags/example_latest_only_with_trigger.py
[2025-11-27T07:50:00.094+0000] {logging_mixin.py:188} INFO - [2025-11-27T07:50:00.094+0000] {dag.py:3036} INFO - Sync 1 DAGs
[2025-11-27T07:50:00.111+0000] {logging_mixin.py:188} INFO - [2025-11-27T07:50:00.111+0000] {dag.py:3823} INFO - Setting next_dagrun for latest_only_with_trigger to 2025-11-27 00:00:00+00:00, run_after=2025-11-27 04:00:00+00:00
[2025-11-27T07:50:00.131+0000] {processor.py:183} INFO - Processing /home/airflow/.local/lib/python3.8/site-packages/airflow/example_dags/example_latest_only_with_trigger.py took 0.063 seconds
[2025-11-27T07:50:33.681+0000] {processor.py:161} INFO - Started process (PID=152) to work on /home/airflow/.local/lib/python3.8/site-packages/airflow/example_dags/example_latest_only_with_trigger.py
[2025-11-27T07:50:33.682+0000] {processor.py:830} INFO - Processing file /home/airflow/.local/lib/python3.8/site-packages/airflow/example_dags/example_latest_only_with_trigger.py for tasks to queue
[2025-11-27T07:50:33.684+0000] {logging_mixin.py:188} INFO - [2025-11-27T07:50:33.684+0000] {dagbag.py:538} INFO - Filling up the DagBag from /home/airflow/.local/lib/python3.8/site-packages/airflow/example_dags/example_latest_only_with_trigger.py
[2025-11-27T07:50:33.690+0000] {processor.py:840} INFO - DAG(s) 'latest_only_with_trigger' retrieved from /home/airflow/.local/lib/python3.8/site-packages/airflow/example_dags/example_latest_only_with_trigger.py
[2025-11-27T07:50:33.780+0000] {logging_mixin.py:188} INFO - [2025-11-27T07:50:33.780+0000] {dag.py:3036} INFO - Sync 1 DAGs
[2025-11-27T07:50:33.796+0000] {logging_mixin.py:188} INFO - [2025-11-27T07:50:33.796+0000] {dag.py:3823} INFO - Setting next_dagrun for latest_only_with_trigger to 2025-11-27 00:00:00+00:00, run_after=2025-11-27 04:00:00+00:00
[2025-11-27T07:50:34.195+0000] {processor.py:183} INFO - Processing /home/airflow/.local/lib/python3.8/site-packages/airflow/example_dags/example_latest_only_with_trigger.py took 0.516 seconds
[2025-11-27T07:51:05.178+0000] {processor.py:161} INFO - Started process (PID=208) to work on /home/airflow/.local/lib/python3.8/site-packages/airflow/example_dags/example_latest_only_with_trigger.py
[2025-11-27T07:51:05.179+0000] {processor.py:830} INFO - Processing file /home/airflow/.local/lib/python3.8/site-packages/airflow/example_dags/example_latest_only_with_trigger.py for tasks to queue
[2025-11-27T07:51:05.181+0000] {logging_mixin.py:188} INFO - [2025-11-27T07:51:05.181+0000] {dagbag.py:538} INFO - Filling up the DagBag from /home/airflow/.local/lib/python3.8/site-packages/airflow/example_dags/example_latest_only_with_trigger.py
[2025-11-27T07:51:05.185+0000] {processor.py:840} INFO - DAG(s) 'latest_only_with_trigger' retrieved from /home/airflow/.local/lib/python3.8/site-packages/airflow/example_dags/example_latest_only_with_trigger.py
[2025-11-27T07:51:05.202+0000] {logging_mixin.py:188} INFO - [2025-11-27T07:51:05.202+0000] {dag.py:3036} INFO - Sync 1 DAGs
[2025-11-27T07:51:05.218+0000] {logging_mixin.py:188} INFO - [2025-11-27T07:51:05.218+0000] {dag.py:3823} INFO - Setting next_dagrun for latest_only_with_trigger to 2025-11-27 00:00:00+00:00, run_after=2025-11-27 04:00:00+00:00
[2025-11-27T07:51:05.234+0000] {processor.py:183} INFO - Processing /home/airflow/.local/lib/python3.8/site-packages/airflow/example_dags/example_latest_only_with_trigger.py took 0.058 seconds
[2025-11-27T07:51:37.120+0000] {processor.py:161} INFO - Started process (PID=258) to work on /home/airflow/.local/lib/python3.8/site-packages/airflow/example_dags/example_latest_only_with_trigger.py
[2025-11-27T07:51:37.121+0000] {processor.py:830} INFO - Processing file /home/airflow/.local/lib/python3.8/site-packages/airflow/example_dags/example_latest_only_with_trigger.py for tasks to queue
[2025-11-27T07:51:37.123+0000] {logging_mixin.py:188} INFO - [2025-11-27T07:51:37.123+0000] {dagbag.py:538} INFO - Filling up the DagBag from /home/airflow/.local/lib/python3.8/site-packages/airflow/example_dags/example_latest_only_with_trigger.py
[2025-11-27T07:51:37.128+0000] {processor.py:840} INFO - DAG(s) 'latest_only_with_trigger' retrieved from /home/airflow/.local/lib/python3.8/site-packages/airflow/example_dags/example_latest_only_with_trigger.py
[2025-11-27T07:51:37.147+0000] {logging_mixin.py:188} INFO - [2025-11-27T07:51:37.147+0000] {dag.py:3036} INFO - Sync 1 DAGs
[2025-11-27T07:51:37.163+0000] {logging_mixin.py:188} INFO - [2025-11-27T07:51:37.162+0000] {dag.py:3823} INFO - Setting next_dagrun for latest_only_with_trigger to 2025-11-27 00:00:00+00:00, run_after=2025-11-27 04:00:00+00:00
[2025-11-27T07:51:37.179+0000] {processor.py:183} INFO - Processing /home/airflow/.local/lib/python3.8/site-packages/airflow/example_dags/example_latest_only_with_trigger.py took 0.062 seconds
[2025-11-27T07:52:10.501+0000] {processor.py:161} INFO - Started process (PID=320) to work on /home/airflow/.local/lib/python3.8/site-packages/airflow/example_dags/example_latest_only_with_trigger.py
[2025-11-27T07:52:10.503+0000] {processor.py:830} INFO - Processing file /home/airflow/.local/lib/python3.8/site-packages/airflow/example_dags/example_latest_only_with_trigger.py for tasks to queue
[2025-11-27T07:52:10.504+0000] {logging_mixin.py:188} INFO - [2025-11-27T07:52:10.504+0000] {dagbag.py:538} INFO - Filling up the DagBag from /home/airflow/.local/lib/python3.8/site-packages/airflow/example_dags/example_latest_only_with_trigger.py
[2025-11-27T07:52:10.509+0000] {processor.py:840} INFO - DAG(s) 'latest_only_with_trigger' retrieved from /home/airflow/.local/lib/python3.8/site-packages/airflow/example_dags/example_latest_only_with_trigger.py
[2025-11-27T07:52:10.527+0000] {logging_mixin.py:188} INFO - [2025-11-27T07:52:10.526+0000] {dag.py:3036} INFO - Sync 1 DAGs
[2025-11-27T07:52:10.543+0000] {logging_mixin.py:188} INFO - [2025-11-27T07:52:10.543+0000] {dag.py:3823} INFO - Setting next_dagrun for latest_only_with_trigger to 2025-11-27 00:00:00+00:00, run_after=2025-11-27 04:00:00+00:00
[2025-11-27T07:52:10.559+0000] {processor.py:183} INFO - Processing /home/airflow/.local/lib/python3.8/site-packages/airflow/example_dags/example_latest_only_with_trigger.py took 0.060 seconds
[2025-11-27T08:08:16.052+0000] {processor.py:161} INFO - Started process (PID=158) to work on /home/airflow/.local/lib/python3.8/site-packages/airflow/example_dags/example_latest_only_with_trigger.py
[2025-11-27T08:08:16.054+0000] {processor.py:830} INFO - Processing file /home/airflow/.local/lib/python3.8/site-packages/airflow/example_dags/example_latest_only_with_trigger.py for tasks to queue
[2025-11-27T08:08:16.056+0000] {logging_mixin.py:188} INFO - [2025-11-27T08:08:16.056+0000] {dagbag.py:538} INFO - Filling up the DagBag from /home/airflow/.local/lib/python3.8/site-packages/airflow/example_dags/example_latest_only_with_trigger.py
[2025-11-27T08:08:16.064+0000] {processor.py:840} INFO - DAG(s) 'latest_only_with_trigger' retrieved from /home/airflow/.local/lib/python3.8/site-packages/airflow/example_dags/example_latest_only_with_trigger.py
[2025-11-27T08:08:16.080+0000] {logging_mixin.py:188} INFO - [2025-11-27T08:08:16.080+0000] {dag.py:3036} INFO - Sync 1 DAGs
[2025-11-27T08:08:16.155+0000] {logging_mixin.py:188} INFO - [2025-11-27T08:08:16.155+0000] {dag.py:3823} INFO - Setting next_dagrun for latest_only_with_trigger to 2025-11-27 04:00:00+00:00, run_after=2025-11-27 08:00:00+00:00
[2025-11-27T08:08:16.390+0000] {processor.py:183} INFO - Processing /home/airflow/.local/lib/python3.8/site-packages/airflow/example_dags/example_latest_only_with_trigger.py took 0.342 seconds
[2025-11-27T08:08:50.789+0000] {processor.py:161} INFO - Started process (PID=214) to work on /home/airflow/.local/lib/python3.8/site-packages/airflow/example_dags/example_latest_only_with_trigger.py
[2025-11-27T08:08:50.790+0000] {processor.py:830} INFO - Processing file /home/airflow/.local/lib/python3.8/site-packages/airflow/example_dags/example_latest_only_with_trigger.py for tasks to queue
[2025-11-27T08:08:50.792+0000] {logging_mixin.py:188} INFO - [2025-11-27T08:08:50.792+0000] {dagbag.py:538} INFO - Filling up the DagBag from /home/airflow/.local/lib/python3.8/site-packages/airflow/example_dags/example_latest_only_with_trigger.py
[2025-11-27T08:08:50.797+0000] {processor.py:840} INFO - DAG(s) 'latest_only_with_trigger' retrieved from /home/airflow/.local/lib/python3.8/site-packages/airflow/example_dags/example_latest_only_with_trigger.py
[2025-11-27T08:08:50.988+0000] {logging_mixin.py:188} INFO - [2025-11-27T08:08:50.988+0000] {dag.py:3036} INFO - Sync 1 DAGs
[2025-11-27T08:08:51.000+0000] {logging_mixin.py:188} INFO - [2025-11-27T08:08:51.000+0000] {dag.py:3823} INFO - Setting next_dagrun for latest_only_with_trigger to 2025-11-27 04:00:00+00:00, run_after=2025-11-27 08:00:00+00:00
[2025-11-27T08:08:51.018+0000] {processor.py:183} INFO - Processing /home/airflow/.local/lib/python3.8/site-packages/airflow/example_dags/example_latest_only_with_trigger.py took 0.231 seconds
[2025-11-27T08:09:21.688+0000] {processor.py:161} INFO - Started process (PID=270) to work on /home/airflow/.local/lib/python3.8/site-packages/airflow/example_dags/example_latest_only_with_trigger.py
[2025-11-27T08:09:21.690+0000] {processor.py:830} INFO - Processing file /home/airflow/.local/lib/python3.8/site-packages/airflow/example_dags/example_latest_only_with_trigger.py for tasks to queue
[2025-11-27T08:09:21.691+0000] {logging_mixin.py:188} INFO - [2025-11-27T08:09:21.691+0000] {dagbag.py:538} INFO - Filling up the DagBag from /home/airflow/.local/lib/python3.8/site-packages/airflow/example_dags/example_latest_only_with_trigger.py
[2025-11-27T08:09:21.696+0000] {processor.py:840} INFO - DAG(s) 'latest_only_with_trigger' retrieved from /home/airflow/.local/lib/python3.8/site-packages/airflow/example_dags/example_latest_only_with_trigger.py
[2025-11-27T08:09:21.715+0000] {logging_mixin.py:188} INFO - [2025-11-27T08:09:21.715+0000] {dag.py:3036} INFO - Sync 1 DAGs
[2025-11-27T08:09:21.730+0000] {logging_mixin.py:188} INFO - [2025-11-27T08:09:21.730+0000] {dag.py:3823} INFO - Setting next_dagrun for latest_only_with_trigger to 2025-11-27 04:00:00+00:00, run_after=2025-11-27 08:00:00+00:00
[2025-11-27T08:09:21.751+0000] {processor.py:183} INFO - Processing /home/airflow/.local/lib/python3.8/site-packages/airflow/example_dags/example_latest_only_with_trigger.py took 0.066 seconds
[2025-11-27T08:09:51.975+0000] {processor.py:161} INFO - Started process (PID=320) to work on /home/airflow/.local/lib/python3.8/site-packages/airflow/example_dags/example_latest_only_with_trigger.py
[2025-11-27T08:09:51.977+0000] {processor.py:830} INFO - Processing file /home/airflow/.local/lib/python3.8/site-packages/airflow/example_dags/example_latest_only_with_trigger.py for tasks to queue
[2025-11-27T08:09:51.979+0000] {logging_mixin.py:188} INFO - [2025-11-27T08:09:51.979+0000] {dagbag.py:538} INFO - Filling up the DagBag from /home/airflow/.local/lib/python3.8/site-packages/airflow/example_dags/example_latest_only_with_trigger.py
[2025-11-27T08:09:51.983+0000] {processor.py:840} INFO - DAG(s) 'latest_only_with_trigger' retrieved from /home/airflow/.local/lib/python3.8/site-packages/airflow/example_dags/example_latest_only_with_trigger.py
[2025-11-27T08:09:52.002+0000] {logging_mixin.py:188} INFO - [2025-11-27T08:09:52.001+0000] {dag.py:3036} INFO - Sync 1 DAGs
[2025-11-27T08:09:52.022+0000] {logging_mixin.py:188} INFO - [2025-11-27T08:09:52.022+0000] {dag.py:3823} INFO - Setting next_dagrun for latest_only_with_trigger to 2025-11-27 04:00:00+00:00, run_after=2025-11-27 08:00:00+00:00
[2025-11-27T08:09:52.046+0000] {processor.py:183} INFO - Processing /home/airflow/.local/lib/python3.8/site-packages/airflow/example_dags/example_latest_only_with_trigger.py took 0.073 seconds
[2025-11-27T08:10:22.130+0000] {processor.py:161} INFO - Started process (PID=376) to work on /home/airflow/.local/lib/python3.8/site-packages/airflow/example_dags/example_latest_only_with_trigger.py
[2025-11-27T08:10:22.131+0000] {processor.py:830} INFO - Processing file /home/airflow/.local/lib/python3.8/site-packages/airflow/example_dags/example_latest_only_with_trigger.py for tasks to queue
[2025-11-27T08:10:22.133+0000] {logging_mixin.py:188} INFO - [2025-11-27T08:10:22.132+0000] {dagbag.py:538} INFO - Filling up the DagBag from /home/airflow/.local/lib/python3.8/site-packages/airflow/example_dags/example_latest_only_with_trigger.py
[2025-11-27T08:10:22.138+0000] {processor.py:840} INFO - DAG(s) 'latest_only_with_trigger' retrieved from /home/airflow/.local/lib/python3.8/site-packages/airflow/example_dags/example_latest_only_with_trigger.py
[2025-11-27T08:10:22.156+0000] {logging_mixin.py:188} INFO - [2025-11-27T08:10:22.156+0000] {dag.py:3036} INFO - Sync 1 DAGs
[2025-11-27T08:10:22.173+0000] {logging_mixin.py:188} INFO - [2025-11-27T08:10:22.172+0000] {dag.py:3823} INFO - Setting next_dagrun for latest_only_with_trigger to 2025-11-27 04:00:00+00:00, run_after=2025-11-27 08:00:00+00:00
[2025-11-27T08:10:22.190+0000] {processor.py:183} INFO - Processing /home/airflow/.local/lib/python3.8/site-packages/airflow/example_dags/example_latest_only_with_trigger.py took 0.063 seconds
[2025-11-27T08:10:53.082+0000] {processor.py:161} INFO - Started process (PID=433) to work on /home/airflow/.local/lib/python3.8/site-packages/airflow/example_dags/example_latest_only_with_trigger.py
[2025-11-27T08:10:53.083+0000] {processor.py:830} INFO - Processing file /home/airflow/.local/lib/python3.8/site-packages/airflow/example_dags/example_latest_only_with_trigger.py for tasks to queue
[2025-11-27T08:10:53.085+0000] {logging_mixin.py:188} INFO - [2025-11-27T08:10:53.085+0000] {dagbag.py:538} INFO - Filling up the DagBag from /home/airflow/.local/lib/python3.8/site-packages/airflow/example_dags/example_latest_only_with_trigger.py
[2025-11-27T08:10:53.091+0000] {processor.py:840} INFO - DAG(s) 'latest_only_with_trigger' retrieved from /home/airflow/.local/lib/python3.8/site-packages/airflow/example_dags/example_latest_only_with_trigger.py
[2025-11-27T08:10:53.114+0000] {logging_mixin.py:188} INFO - [2025-11-27T08:10:53.114+0000] {dag.py:3036} INFO - Sync 1 DAGs
[2025-11-27T08:10:53.131+0000] {logging_mixin.py:188} INFO - [2025-11-27T08:10:53.131+0000] {dag.py:3823} INFO - Setting next_dagrun for latest_only_with_trigger to 2025-11-27 04:00:00+00:00, run_after=2025-11-27 08:00:00+00:00
[2025-11-27T08:10:53.150+0000] {processor.py:183} INFO - Processing /home/airflow/.local/lib/python3.8/site-packages/airflow/example_dags/example_latest_only_with_trigger.py took 0.072 seconds
[2025-11-27T08:11:23.292+0000] {processor.py:161} INFO - Started process (PID=489) to work on /home/airflow/.local/lib/python3.8/site-packages/airflow/example_dags/example_latest_only_with_trigger.py
[2025-11-27T08:11:23.293+0000] {processor.py:830} INFO - Processing file /home/airflow/.local/lib/python3.8/site-packages/airflow/example_dags/example_latest_only_with_trigger.py for tasks to queue
[2025-11-27T08:11:23.294+0000] {logging_mixin.py:188} INFO - [2025-11-27T08:11:23.294+0000] {dagbag.py:538} INFO - Filling up the DagBag from /home/airflow/.local/lib/python3.8/site-packages/airflow/example_dags/example_latest_only_with_trigger.py
[2025-11-27T08:11:23.299+0000] {processor.py:840} INFO - DAG(s) 'latest_only_with_trigger' retrieved from /home/airflow/.local/lib/python3.8/site-packages/airflow/example_dags/example_latest_only_with_trigger.py
[2025-11-27T08:11:23.315+0000] {logging_mixin.py:188} INFO - [2025-11-27T08:11:23.315+0000] {dag.py:3036} INFO - Sync 1 DAGs
[2025-11-27T08:11:23.329+0000] {logging_mixin.py:188} INFO - [2025-11-27T08:11:23.329+0000] {dag.py:3823} INFO - Setting next_dagrun for latest_only_with_trigger to 2025-11-27 04:00:00+00:00, run_after=2025-11-27 08:00:00+00:00
[2025-11-27T08:11:23.688+0000] {processor.py:183} INFO - Processing /home/airflow/.local/lib/python3.8/site-packages/airflow/example_dags/example_latest_only_with_trigger.py took 0.399 seconds
[2025-11-27T08:11:53.902+0000] {processor.py:161} INFO - Started process (PID=545) to work on /home/airflow/.local/lib/python3.8/site-packages/airflow/example_dags/example_latest_only_with_trigger.py
[2025-11-27T08:11:53.904+0000] {processor.py:830} INFO - Processing file /home/airflow/.local/lib/python3.8/site-packages/airflow/example_dags/example_latest_only_with_trigger.py for tasks to queue
[2025-11-27T08:11:53.906+0000] {logging_mixin.py:188} INFO - [2025-11-27T08:11:53.906+0000] {dagbag.py:538} INFO - Filling up the DagBag from /home/airflow/.local/lib/python3.8/site-packages/airflow/example_dags/example_latest_only_with_trigger.py
[2025-11-27T08:11:53.914+0000] {processor.py:840} INFO - DAG(s) 'latest_only_with_trigger' retrieved from /home/airflow/.local/lib/python3.8/site-packages/airflow/example_dags/example_latest_only_with_trigger.py
[2025-11-27T08:11:53.938+0000] {logging_mixin.py:188} INFO - [2025-11-27T08:11:53.937+0000] {dag.py:3036} INFO - Sync 1 DAGs
[2025-11-27T08:11:53.954+0000] {logging_mixin.py:188} INFO - [2025-11-27T08:11:53.954+0000] {dag.py:3823} INFO - Setting next_dagrun for latest_only_with_trigger to 2025-11-27 04:00:00+00:00, run_after=2025-11-27 08:00:00+00:00
[2025-11-27T08:11:53.971+0000] {processor.py:183} INFO - Processing /home/airflow/.local/lib/python3.8/site-packages/airflow/example_dags/example_latest_only_with_trigger.py took 0.073 seconds
[2025-11-27T08:12:24.341+0000] {processor.py:161} INFO - Started process (PID=601) to work on /home/airflow/.local/lib/python3.8/site-packages/airflow/example_dags/example_latest_only_with_trigger.py
[2025-11-27T08:12:24.343+0000] {processor.py:830} INFO - Processing file /home/airflow/.local/lib/python3.8/site-packages/airflow/example_dags/example_latest_only_with_trigger.py for tasks to queue
[2025-11-27T08:12:24.344+0000] {logging_mixin.py:188} INFO - [2025-11-27T08:12:24.344+0000] {dagbag.py:538} INFO - Filling up the DagBag from /home/airflow/.local/lib/python3.8/site-packages/airflow/example_dags/example_latest_only_with_trigger.py
[2025-11-27T08:12:24.349+0000] {processor.py:840} INFO - DAG(s) 'latest_only_with_trigger' retrieved from /home/airflow/.local/lib/python3.8/site-packages/airflow/example_dags/example_latest_only_with_trigger.py
[2025-11-27T08:12:24.365+0000] {logging_mixin.py:188} INFO - [2025-11-27T08:12:24.365+0000] {dag.py:3036} INFO - Sync 1 DAGs
[2025-11-27T08:12:24.381+0000] {logging_mixin.py:188} INFO - [2025-11-27T08:12:24.381+0000] {dag.py:3823} INFO - Setting next_dagrun for latest_only_with_trigger to 2025-11-27 04:00:00+00:00, run_after=2025-11-27 08:00:00+00:00
[2025-11-27T08:12:24.400+0000] {processor.py:183} INFO - Processing /home/airflow/.local/lib/python3.8/site-packages/airflow/example_dags/example_latest_only_with_trigger.py took 0.061 seconds
[2025-11-27T08:12:55.005+0000] {processor.py:161} INFO - Started process (PID=657) to work on /home/airflow/.local/lib/python3.8/site-packages/airflow/example_dags/example_latest_only_with_trigger.py
[2025-11-27T08:12:55.006+0000] {processor.py:830} INFO - Processing file /home/airflow/.local/lib/python3.8/site-packages/airflow/example_dags/example_latest_only_with_trigger.py for tasks to queue
[2025-11-27T08:12:55.008+0000] {logging_mixin.py:188} INFO - [2025-11-27T08:12:55.007+0000] {dagbag.py:538} INFO - Filling up the DagBag from /home/airflow/.local/lib/python3.8/site-packages/airflow/example_dags/example_latest_only_with_trigger.py
[2025-11-27T08:12:55.013+0000] {processor.py:840} INFO - DAG(s) 'latest_only_with_trigger' retrieved from /home/airflow/.local/lib/python3.8/site-packages/airflow/example_dags/example_latest_only_with_trigger.py
[2025-11-27T08:12:55.035+0000] {logging_mixin.py:188} INFO - [2025-11-27T08:12:55.035+0000] {dag.py:3036} INFO - Sync 1 DAGs
[2025-11-27T08:12:55.053+0000] {logging_mixin.py:188} INFO - [2025-11-27T08:12:55.052+0000] {dag.py:3823} INFO - Setting next_dagrun for latest_only_with_trigger to 2025-11-27 04:00:00+00:00, run_after=2025-11-27 08:00:00+00:00
[2025-11-27T08:12:55.074+0000] {processor.py:183} INFO - Processing /home/airflow/.local/lib/python3.8/site-packages/airflow/example_dags/example_latest_only_with_trigger.py took 0.071 seconds
[2025-11-27T08:13:25.440+0000] {processor.py:161} INFO - Started process (PID=713) to work on /home/airflow/.local/lib/python3.8/site-packages/airflow/example_dags/example_latest_only_with_trigger.py
[2025-11-27T08:13:25.441+0000] {processor.py:830} INFO - Processing file /home/airflow/.local/lib/python3.8/site-packages/airflow/example_dags/example_latest_only_with_trigger.py for tasks to queue
[2025-11-27T08:13:25.443+0000] {logging_mixin.py:188} INFO - [2025-11-27T08:13:25.443+0000] {dagbag.py:538} INFO - Filling up the DagBag from /home/airflow/.local/lib/python3.8/site-packages/airflow/example_dags/example_latest_only_with_trigger.py
[2025-11-27T08:13:25.448+0000] {processor.py:840} INFO - DAG(s) 'latest_only_with_trigger' retrieved from /home/airflow/.local/lib/python3.8/site-packages/airflow/example_dags/example_latest_only_with_trigger.py
[2025-11-27T08:13:25.465+0000] {logging_mixin.py:188} INFO - [2025-11-27T08:13:25.465+0000] {dag.py:3036} INFO - Sync 1 DAGs
[2025-11-27T08:13:25.481+0000] {logging_mixin.py:188} INFO - [2025-11-27T08:13:25.481+0000] {dag.py:3823} INFO - Setting next_dagrun for latest_only_with_trigger to 2025-11-27 04:00:00+00:00, run_after=2025-11-27 08:00:00+00:00
[2025-11-27T08:13:25.499+0000] {processor.py:183} INFO - Processing /home/airflow/.local/lib/python3.8/site-packages/airflow/example_dags/example_latest_only_with_trigger.py took 0.061 seconds
[2025-11-27T08:13:55.739+0000] {processor.py:161} INFO - Started process (PID=769) to work on /home/airflow/.local/lib/python3.8/site-packages/airflow/example_dags/example_latest_only_with_trigger.py
[2025-11-27T08:13:55.740+0000] {processor.py:830} INFO - Processing file /home/airflow/.local/lib/python3.8/site-packages/airflow/example_dags/example_latest_only_with_trigger.py for tasks to queue
[2025-11-27T08:13:55.741+0000] {logging_mixin.py:188} INFO - [2025-11-27T08:13:55.741+0000] {dagbag.py:538} INFO - Filling up the DagBag from /home/airflow/.local/lib/python3.8/site-packages/airflow/example_dags/example_latest_only_with_trigger.py
[2025-11-27T08:13:55.746+0000] {processor.py:840} INFO - DAG(s) 'latest_only_with_trigger' retrieved from /home/airflow/.local/lib/python3.8/site-packages/airflow/example_dags/example_latest_only_with_trigger.py
[2025-11-27T08:13:55.770+0000] {logging_mixin.py:188} INFO - [2025-11-27T08:13:55.770+0000] {dag.py:3036} INFO - Sync 1 DAGs
[2025-11-27T08:13:55.787+0000] {logging_mixin.py:188} INFO - [2025-11-27T08:13:55.787+0000] {dag.py:3823} INFO - Setting next_dagrun for latest_only_with_trigger to 2025-11-27 04:00:00+00:00, run_after=2025-11-27 08:00:00+00:00
[2025-11-27T08:13:55.807+0000] {processor.py:183} INFO - Processing /home/airflow/.local/lib/python3.8/site-packages/airflow/example_dags/example_latest_only_with_trigger.py took 0.070 seconds
[2025-11-27T08:14:26.029+0000] {processor.py:161} INFO - Started process (PID=825) to work on /home/airflow/.local/lib/python3.8/site-packages/airflow/example_dags/example_latest_only_with_trigger.py
[2025-11-27T08:14:26.030+0000] {processor.py:830} INFO - Processing file /home/airflow/.local/lib/python3.8/site-packages/airflow/example_dags/example_latest_only_with_trigger.py for tasks to queue
[2025-11-27T08:14:26.032+0000] {logging_mixin.py:188} INFO - [2025-11-27T08:14:26.032+0000] {dagbag.py:538} INFO - Filling up the DagBag from /home/airflow/.local/lib/python3.8/site-packages/airflow/example_dags/example_latest_only_with_trigger.py
[2025-11-27T08:14:26.037+0000] {processor.py:840} INFO - DAG(s) 'latest_only_with_trigger' retrieved from /home/airflow/.local/lib/python3.8/site-packages/airflow/example_dags/example_latest_only_with_trigger.py
[2025-11-27T08:14:26.055+0000] {logging_mixin.py:188} INFO - [2025-11-27T08:14:26.054+0000] {dag.py:3036} INFO - Sync 1 DAGs
[2025-11-27T08:14:26.072+0000] {logging_mixin.py:188} INFO - [2025-11-27T08:14:26.071+0000] {dag.py:3823} INFO - Setting next_dagrun for latest_only_with_trigger to 2025-11-27 04:00:00+00:00, run_after=2025-11-27 08:00:00+00:00
[2025-11-27T08:14:26.091+0000] {processor.py:183} INFO - Processing /home/airflow/.local/lib/python3.8/site-packages/airflow/example_dags/example_latest_only_with_trigger.py took 0.065 seconds
[2025-11-27T08:14:57.275+0000] {processor.py:161} INFO - Started process (PID=881) to work on /home/airflow/.local/lib/python3.8/site-packages/airflow/example_dags/example_latest_only_with_trigger.py
[2025-11-27T08:14:57.276+0000] {processor.py:830} INFO - Processing file /home/airflow/.local/lib/python3.8/site-packages/airflow/example_dags/example_latest_only_with_trigger.py for tasks to queue
[2025-11-27T08:14:57.278+0000] {logging_mixin.py:188} INFO - [2025-11-27T08:14:57.278+0000] {dagbag.py:538} INFO - Filling up the DagBag from /home/airflow/.local/lib/python3.8/site-packages/airflow/example_dags/example_latest_only_with_trigger.py
[2025-11-27T08:14:57.282+0000] {processor.py:840} INFO - DAG(s) 'latest_only_with_trigger' retrieved from /home/airflow/.local/lib/python3.8/site-packages/airflow/example_dags/example_latest_only_with_trigger.py
[2025-11-27T08:14:57.300+0000] {logging_mixin.py:188} INFO - [2025-11-27T08:14:57.300+0000] {dag.py:3036} INFO - Sync 1 DAGs
[2025-11-27T08:14:57.317+0000] {logging_mixin.py:188} INFO - [2025-11-27T08:14:57.317+0000] {dag.py:3823} INFO - Setting next_dagrun for latest_only_with_trigger to 2025-11-27 04:00:00+00:00, run_after=2025-11-27 08:00:00+00:00
[2025-11-27T08:14:57.335+0000] {processor.py:183} INFO - Processing /home/airflow/.local/lib/python3.8/site-packages/airflow/example_dags/example_latest_only_with_trigger.py took 0.063 seconds
[2025-11-27T08:16:30.466+0000] {processor.py:161} INFO - Started process (PID=159) to work on /home/airflow/.local/lib/python3.8/site-packages/airflow/example_dags/example_latest_only_with_trigger.py
[2025-11-27T08:16:30.467+0000] {processor.py:830} INFO - Processing file /home/airflow/.local/lib/python3.8/site-packages/airflow/example_dags/example_latest_only_with_trigger.py for tasks to queue
[2025-11-27T08:16:30.469+0000] {logging_mixin.py:188} INFO - [2025-11-27T08:16:30.469+0000] {dagbag.py:538} INFO - Filling up the DagBag from /home/airflow/.local/lib/python3.8/site-packages/airflow/example_dags/example_latest_only_with_trigger.py
[2025-11-27T08:16:30.476+0000] {processor.py:840} INFO - DAG(s) 'latest_only_with_trigger' retrieved from /home/airflow/.local/lib/python3.8/site-packages/airflow/example_dags/example_latest_only_with_trigger.py
[2025-11-27T08:16:30.489+0000] {logging_mixin.py:188} INFO - [2025-11-27T08:16:30.489+0000] {dag.py:3036} INFO - Sync 1 DAGs
[2025-11-27T08:16:30.509+0000] {logging_mixin.py:188} INFO - [2025-11-27T08:16:30.509+0000] {dag.py:3823} INFO - Setting next_dagrun for latest_only_with_trigger to 2025-11-27 04:00:00+00:00, run_after=2025-11-27 08:00:00+00:00
[2025-11-27T08:16:31.561+0000] {processor.py:183} INFO - Processing /home/airflow/.local/lib/python3.8/site-packages/airflow/example_dags/example_latest_only_with_trigger.py took 0.065 seconds
[2025-11-27T08:17:06.800+0000] {processor.py:161} INFO - Started process (PID=215) to work on /home/airflow/.local/lib/python3.8/site-packages/airflow/example_dags/example_latest_only_with_trigger.py
[2025-11-27T08:17:06.801+0000] {processor.py:830} INFO - Processing file /home/airflow/.local/lib/python3.8/site-packages/airflow/example_dags/example_latest_only_with_trigger.py for tasks to queue
[2025-11-27T08:17:06.803+0000] {logging_mixin.py:188} INFO - [2025-11-27T08:17:06.803+0000] {dagbag.py:538} INFO - Filling up the DagBag from /home/airflow/.local/lib/python3.8/site-packages/airflow/example_dags/example_latest_only_with_trigger.py
[2025-11-27T08:17:06.808+0000] {processor.py:840} INFO - DAG(s) 'latest_only_with_trigger' retrieved from /home/airflow/.local/lib/python3.8/site-packages/airflow/example_dags/example_latest_only_with_trigger.py
[2025-11-27T08:17:06.987+0000] {logging_mixin.py:188} INFO - [2025-11-27T08:17:06.987+0000] {dag.py:3036} INFO - Sync 1 DAGs
[2025-11-27T08:17:07.000+0000] {logging_mixin.py:188} INFO - [2025-11-27T08:17:07.000+0000] {dag.py:3823} INFO - Setting next_dagrun for latest_only_with_trigger to 2025-11-27 04:00:00+00:00, run_after=2025-11-27 08:00:00+00:00
[2025-11-27T08:17:07.017+0000] {processor.py:183} INFO - Processing /home/airflow/.local/lib/python3.8/site-packages/airflow/example_dags/example_latest_only_with_trigger.py took 0.219 seconds
[2025-11-27T08:17:39.115+0000] {processor.py:161} INFO - Started process (PID=271) to work on /home/airflow/.local/lib/python3.8/site-packages/airflow/example_dags/example_latest_only_with_trigger.py
[2025-11-27T08:17:39.116+0000] {processor.py:830} INFO - Processing file /home/airflow/.local/lib/python3.8/site-packages/airflow/example_dags/example_latest_only_with_trigger.py for tasks to queue
[2025-11-27T08:17:39.118+0000] {logging_mixin.py:188} INFO - [2025-11-27T08:17:39.118+0000] {dagbag.py:538} INFO - Filling up the DagBag from /home/airflow/.local/lib/python3.8/site-packages/airflow/example_dags/example_latest_only_with_trigger.py
[2025-11-27T08:17:39.124+0000] {processor.py:840} INFO - DAG(s) 'latest_only_with_trigger' retrieved from /home/airflow/.local/lib/python3.8/site-packages/airflow/example_dags/example_latest_only_with_trigger.py
[2025-11-27T08:17:39.146+0000] {logging_mixin.py:188} INFO - [2025-11-27T08:17:39.146+0000] {dag.py:3036} INFO - Sync 1 DAGs
[2025-11-27T08:17:39.167+0000] {logging_mixin.py:188} INFO - [2025-11-27T08:17:39.167+0000] {dag.py:3823} INFO - Setting next_dagrun for latest_only_with_trigger to 2025-11-27 04:00:00+00:00, run_after=2025-11-27 08:00:00+00:00
[2025-11-27T08:17:39.190+0000] {processor.py:183} INFO - Processing /home/airflow/.local/lib/python3.8/site-packages/airflow/example_dags/example_latest_only_with_trigger.py took 0.079 seconds
[2025-11-27T08:18:11.485+0000] {processor.py:161} INFO - Started process (PID=327) to work on /home/airflow/.local/lib/python3.8/site-packages/airflow/example_dags/example_latest_only_with_trigger.py
[2025-11-27T08:18:11.486+0000] {processor.py:830} INFO - Processing file /home/airflow/.local/lib/python3.8/site-packages/airflow/example_dags/example_latest_only_with_trigger.py for tasks to queue
[2025-11-27T08:18:11.488+0000] {logging_mixin.py:188} INFO - [2025-11-27T08:18:11.488+0000] {dagbag.py:538} INFO - Filling up the DagBag from /home/airflow/.local/lib/python3.8/site-packages/airflow/example_dags/example_latest_only_with_trigger.py
[2025-11-27T08:18:11.494+0000] {processor.py:840} INFO - DAG(s) 'latest_only_with_trigger' retrieved from /home/airflow/.local/lib/python3.8/site-packages/airflow/example_dags/example_latest_only_with_trigger.py
[2025-11-27T08:18:11.514+0000] {logging_mixin.py:188} INFO - [2025-11-27T08:18:11.514+0000] {dag.py:3036} INFO - Sync 1 DAGs
[2025-11-27T08:18:11.532+0000] {logging_mixin.py:188} INFO - [2025-11-27T08:18:11.531+0000] {dag.py:3823} INFO - Setting next_dagrun for latest_only_with_trigger to 2025-11-27 04:00:00+00:00, run_after=2025-11-27 08:00:00+00:00
[2025-11-27T08:18:11.554+0000] {processor.py:183} INFO - Processing /home/airflow/.local/lib/python3.8/site-packages/airflow/example_dags/example_latest_only_with_trigger.py took 0.073 seconds
[2025-11-27T08:18:42.330+0000] {processor.py:161} INFO - Started process (PID=383) to work on /home/airflow/.local/lib/python3.8/site-packages/airflow/example_dags/example_latest_only_with_trigger.py
[2025-11-27T08:18:42.331+0000] {processor.py:830} INFO - Processing file /home/airflow/.local/lib/python3.8/site-packages/airflow/example_dags/example_latest_only_with_trigger.py for tasks to queue
[2025-11-27T08:18:42.334+0000] {logging_mixin.py:188} INFO - [2025-11-27T08:18:42.333+0000] {dagbag.py:538} INFO - Filling up the DagBag from /home/airflow/.local/lib/python3.8/site-packages/airflow/example_dags/example_latest_only_with_trigger.py
[2025-11-27T08:18:42.339+0000] {processor.py:840} INFO - DAG(s) 'latest_only_with_trigger' retrieved from /home/airflow/.local/lib/python3.8/site-packages/airflow/example_dags/example_latest_only_with_trigger.py
[2025-11-27T08:18:42.358+0000] {logging_mixin.py:188} INFO - [2025-11-27T08:18:42.358+0000] {dag.py:3036} INFO - Sync 1 DAGs
[2025-11-27T08:18:42.375+0000] {logging_mixin.py:188} INFO - [2025-11-27T08:18:42.375+0000] {dag.py:3823} INFO - Setting next_dagrun for latest_only_with_trigger to 2025-11-27 04:00:00+00:00, run_after=2025-11-27 08:00:00+00:00
[2025-11-27T08:18:42.393+0000] {processor.py:183} INFO - Processing /home/airflow/.local/lib/python3.8/site-packages/airflow/example_dags/example_latest_only_with_trigger.py took 0.065 seconds
[2025-11-27T08:19:16.272+0000] {processor.py:161} INFO - Started process (PID=439) to work on /home/airflow/.local/lib/python3.8/site-packages/airflow/example_dags/example_latest_only_with_trigger.py
[2025-11-27T08:19:16.273+0000] {processor.py:830} INFO - Processing file /home/airflow/.local/lib/python3.8/site-packages/airflow/example_dags/example_latest_only_with_trigger.py for tasks to queue
[2025-11-27T08:19:16.275+0000] {logging_mixin.py:188} INFO - [2025-11-27T08:19:16.275+0000] {dagbag.py:538} INFO - Filling up the DagBag from /home/airflow/.local/lib/python3.8/site-packages/airflow/example_dags/example_latest_only_with_trigger.py
[2025-11-27T08:19:16.281+0000] {processor.py:840} INFO - DAG(s) 'latest_only_with_trigger' retrieved from /home/airflow/.local/lib/python3.8/site-packages/airflow/example_dags/example_latest_only_with_trigger.py
[2025-11-27T08:19:16.300+0000] {logging_mixin.py:188} INFO - [2025-11-27T08:19:16.300+0000] {dag.py:3036} INFO - Sync 1 DAGs
[2025-11-27T08:19:16.317+0000] {logging_mixin.py:188} INFO - [2025-11-27T08:19:16.317+0000] {dag.py:3823} INFO - Setting next_dagrun for latest_only_with_trigger to 2025-11-27 04:00:00+00:00, run_after=2025-11-27 08:00:00+00:00
[2025-11-27T08:19:16.334+0000] {processor.py:183} INFO - Processing /home/airflow/.local/lib/python3.8/site-packages/airflow/example_dags/example_latest_only_with_trigger.py took 0.065 seconds
[2025-11-27T08:19:46.557+0000] {processor.py:161} INFO - Started process (PID=495) to work on /home/airflow/.local/lib/python3.8/site-packages/airflow/example_dags/example_latest_only_with_trigger.py
[2025-11-27T08:19:46.558+0000] {processor.py:830} INFO - Processing file /home/airflow/.local/lib/python3.8/site-packages/airflow/example_dags/example_latest_only_with_trigger.py for tasks to queue
[2025-11-27T08:19:46.560+0000] {logging_mixin.py:188} INFO - [2025-11-27T08:19:46.560+0000] {dagbag.py:538} INFO - Filling up the DagBag from /home/airflow/.local/lib/python3.8/site-packages/airflow/example_dags/example_latest_only_with_trigger.py
[2025-11-27T08:19:46.564+0000] {processor.py:840} INFO - DAG(s) 'latest_only_with_trigger' retrieved from /home/airflow/.local/lib/python3.8/site-packages/airflow/example_dags/example_latest_only_with_trigger.py
[2025-11-27T08:19:46.583+0000] {logging_mixin.py:188} INFO - [2025-11-27T08:19:46.582+0000] {dag.py:3036} INFO - Sync 1 DAGs
[2025-11-27T08:19:46.598+0000] {logging_mixin.py:188} INFO - [2025-11-27T08:19:46.598+0000] {dag.py:3823} INFO - Setting next_dagrun for latest_only_with_trigger to 2025-11-27 04:00:00+00:00, run_after=2025-11-27 08:00:00+00:00
[2025-11-27T08:19:46.616+0000] {processor.py:183} INFO - Processing /home/airflow/.local/lib/python3.8/site-packages/airflow/example_dags/example_latest_only_with_trigger.py took 0.061 seconds
[2025-11-27T08:20:19.347+0000] {processor.py:161} INFO - Started process (PID=551) to work on /home/airflow/.local/lib/python3.8/site-packages/airflow/example_dags/example_latest_only_with_trigger.py
[2025-11-27T08:20:19.349+0000] {processor.py:830} INFO - Processing file /home/airflow/.local/lib/python3.8/site-packages/airflow/example_dags/example_latest_only_with_trigger.py for tasks to queue
[2025-11-27T08:20:19.351+0000] {logging_mixin.py:188} INFO - [2025-11-27T08:20:19.351+0000] {dagbag.py:538} INFO - Filling up the DagBag from /home/airflow/.local/lib/python3.8/site-packages/airflow/example_dags/example_latest_only_with_trigger.py
[2025-11-27T08:20:19.356+0000] {processor.py:840} INFO - DAG(s) 'latest_only_with_trigger' retrieved from /home/airflow/.local/lib/python3.8/site-packages/airflow/example_dags/example_latest_only_with_trigger.py
[2025-11-27T08:20:19.376+0000] {logging_mixin.py:188} INFO - [2025-11-27T08:20:19.375+0000] {dag.py:3036} INFO - Sync 1 DAGs
[2025-11-27T08:20:19.391+0000] {logging_mixin.py:188} INFO - [2025-11-27T08:20:19.391+0000] {dag.py:3823} INFO - Setting next_dagrun for latest_only_with_trigger to 2025-11-27 04:00:00+00:00, run_after=2025-11-27 08:00:00+00:00
[2025-11-27T08:20:19.410+0000] {processor.py:183} INFO - Processing /home/airflow/.local/lib/python3.8/site-packages/airflow/example_dags/example_latest_only_with_trigger.py took 0.066 seconds
[2025-11-27T08:20:51.278+0000] {processor.py:161} INFO - Started process (PID=607) to work on /home/airflow/.local/lib/python3.8/site-packages/airflow/example_dags/example_latest_only_with_trigger.py
[2025-11-27T08:20:51.280+0000] {processor.py:830} INFO - Processing file /home/airflow/.local/lib/python3.8/site-packages/airflow/example_dags/example_latest_only_with_trigger.py for tasks to queue
[2025-11-27T08:20:51.282+0000] {logging_mixin.py:188} INFO - [2025-11-27T08:20:51.282+0000] {dagbag.py:538} INFO - Filling up the DagBag from /home/airflow/.local/lib/python3.8/site-packages/airflow/example_dags/example_latest_only_with_trigger.py
[2025-11-27T08:20:51.288+0000] {processor.py:840} INFO - DAG(s) 'latest_only_with_trigger' retrieved from /home/airflow/.local/lib/python3.8/site-packages/airflow/example_dags/example_latest_only_with_trigger.py
[2025-11-27T08:20:51.311+0000] {logging_mixin.py:188} INFO - [2025-11-27T08:20:51.311+0000] {dag.py:3036} INFO - Sync 1 DAGs
[2025-11-27T08:20:51.332+0000] {logging_mixin.py:188} INFO - [2025-11-27T08:20:51.332+0000] {dag.py:3823} INFO - Setting next_dagrun for latest_only_with_trigger to 2025-11-27 04:00:00+00:00, run_after=2025-11-27 08:00:00+00:00
[2025-11-27T08:20:51.354+0000] {processor.py:183} INFO - Processing /home/airflow/.local/lib/python3.8/site-packages/airflow/example_dags/example_latest_only_with_trigger.py took 0.079 seconds
[2025-11-27T08:21:24.116+0000] {processor.py:161} INFO - Started process (PID=663) to work on /home/airflow/.local/lib/python3.8/site-packages/airflow/example_dags/example_latest_only_with_trigger.py
[2025-11-27T08:21:24.117+0000] {processor.py:830} INFO - Processing file /home/airflow/.local/lib/python3.8/site-packages/airflow/example_dags/example_latest_only_with_trigger.py for tasks to queue
[2025-11-27T08:21:24.119+0000] {logging_mixin.py:188} INFO - [2025-11-27T08:21:24.119+0000] {dagbag.py:538} INFO - Filling up the DagBag from /home/airflow/.local/lib/python3.8/site-packages/airflow/example_dags/example_latest_only_with_trigger.py
[2025-11-27T08:21:24.124+0000] {processor.py:840} INFO - DAG(s) 'latest_only_with_trigger' retrieved from /home/airflow/.local/lib/python3.8/site-packages/airflow/example_dags/example_latest_only_with_trigger.py
[2025-11-27T08:21:24.144+0000] {logging_mixin.py:188} INFO - [2025-11-27T08:21:24.144+0000] {dag.py:3036} INFO - Sync 1 DAGs
[2025-11-27T08:21:24.163+0000] {logging_mixin.py:188} INFO - [2025-11-27T08:21:24.163+0000] {dag.py:3823} INFO - Setting next_dagrun for latest_only_with_trigger to 2025-11-27 04:00:00+00:00, run_after=2025-11-27 08:00:00+00:00
[2025-11-27T08:21:24.181+0000] {processor.py:183} INFO - Processing /home/airflow/.local/lib/python3.8/site-packages/airflow/example_dags/example_latest_only_with_trigger.py took 0.068 seconds
