[2025-11-27T07:50:00.848+0000] {processor.py:161} INFO - Started process (PID=102) to work on /home/airflow/.local/lib/python3.8/site-packages/airflow/example_dags/example_branch_operator.py
[2025-11-27T07:50:00.849+0000] {processor.py:830} INFO - Processing file /home/airflow/.local/lib/python3.8/site-packages/airflow/example_dags/example_branch_operator.py for tasks to queue
[2025-11-27T07:50:00.851+0000] {logging_mixin.py:188} INFO - [2025-11-27T07:50:00.850+0000] {dagbag.py:538} INFO - Filling up the DagBag from /home/airflow/.local/lib/python3.8/site-packages/airflow/example_dags/example_branch_operator.py
[2025-11-27T07:50:00.863+0000] {processor.py:840} INFO - DAG(s) 'example_branch_operator' retrieved from /home/airflow/.local/lib/python3.8/site-packages/airflow/example_dags/example_branch_operator.py
[2025-11-27T07:50:00.875+0000] {logging_mixin.py:188} INFO - [2025-11-27T07:50:00.875+0000] {dag.py:3036} INFO - Sync 1 DAGs
[2025-11-27T07:50:00.893+0000] {logging_mixin.py:188} INFO - [2025-11-27T07:50:00.893+0000] {dag.py:3823} INFO - Setting next_dagrun for example_branch_operator to 2025-11-26 00:00:00+00:00, run_after=2025-11-27 00:00:00+00:00
[2025-11-27T07:50:00.911+0000] {processor.py:183} INFO - Processing /home/airflow/.local/lib/python3.8/site-packages/airflow/example_dags/example_branch_operator.py took 0.065 seconds
[2025-11-27T07:50:34.775+0000] {processor.py:161} INFO - Started process (PID=158) to work on /home/airflow/.local/lib/python3.8/site-packages/airflow/example_dags/example_branch_operator.py
[2025-11-27T07:50:34.776+0000] {processor.py:830} INFO - Processing file /home/airflow/.local/lib/python3.8/site-packages/airflow/example_dags/example_branch_operator.py for tasks to queue
[2025-11-27T07:50:34.778+0000] {logging_mixin.py:188} INFO - [2025-11-27T07:50:34.778+0000] {dagbag.py:538} INFO - Filling up the DagBag from /home/airflow/.local/lib/python3.8/site-packages/airflow/example_dags/example_branch_operator.py
[2025-11-27T07:50:34.794+0000] {processor.py:840} INFO - DAG(s) 'example_branch_operator' retrieved from /home/airflow/.local/lib/python3.8/site-packages/airflow/example_dags/example_branch_operator.py
[2025-11-27T07:50:34.871+0000] {logging_mixin.py:188} INFO - [2025-11-27T07:50:34.871+0000] {dag.py:3036} INFO - Sync 1 DAGs
[2025-11-27T07:50:34.886+0000] {logging_mixin.py:188} INFO - [2025-11-27T07:50:34.886+0000] {dag.py:3823} INFO - Setting next_dagrun for example_branch_operator to 2025-11-26 00:00:00+00:00, run_after=2025-11-27 00:00:00+00:00
[2025-11-27T07:50:34.907+0000] {processor.py:183} INFO - Processing /home/airflow/.local/lib/python3.8/site-packages/airflow/example_dags/example_branch_operator.py took 0.134 seconds
[2025-11-27T07:51:05.450+0000] {processor.py:161} INFO - Started process (PID=214) to work on /home/airflow/.local/lib/python3.8/site-packages/airflow/example_dags/example_branch_operator.py
[2025-11-27T07:51:05.451+0000] {processor.py:830} INFO - Processing file /home/airflow/.local/lib/python3.8/site-packages/airflow/example_dags/example_branch_operator.py for tasks to queue
[2025-11-27T07:51:05.452+0000] {logging_mixin.py:188} INFO - [2025-11-27T07:51:05.452+0000] {dagbag.py:538} INFO - Filling up the DagBag from /home/airflow/.local/lib/python3.8/site-packages/airflow/example_dags/example_branch_operator.py
[2025-11-27T07:51:05.463+0000] {processor.py:840} INFO - DAG(s) 'example_branch_operator' retrieved from /home/airflow/.local/lib/python3.8/site-packages/airflow/example_dags/example_branch_operator.py
[2025-11-27T07:51:05.484+0000] {logging_mixin.py:188} INFO - [2025-11-27T07:51:05.484+0000] {dag.py:3036} INFO - Sync 1 DAGs
[2025-11-27T07:51:05.499+0000] {logging_mixin.py:188} INFO - [2025-11-27T07:51:05.499+0000] {dag.py:3823} INFO - Setting next_dagrun for example_branch_operator to 2025-11-26 00:00:00+00:00, run_after=2025-11-27 00:00:00+00:00
[2025-11-27T07:51:05.516+0000] {processor.py:183} INFO - Processing /home/airflow/.local/lib/python3.8/site-packages/airflow/example_dags/example_branch_operator.py took 0.069 seconds
[2025-11-27T07:51:37.391+0000] {processor.py:161} INFO - Started process (PID=264) to work on /home/airflow/.local/lib/python3.8/site-packages/airflow/example_dags/example_branch_operator.py
[2025-11-27T07:51:37.393+0000] {processor.py:830} INFO - Processing file /home/airflow/.local/lib/python3.8/site-packages/airflow/example_dags/example_branch_operator.py for tasks to queue
[2025-11-27T07:51:37.394+0000] {logging_mixin.py:188} INFO - [2025-11-27T07:51:37.394+0000] {dagbag.py:538} INFO - Filling up the DagBag from /home/airflow/.local/lib/python3.8/site-packages/airflow/example_dags/example_branch_operator.py
[2025-11-27T07:51:37.407+0000] {processor.py:840} INFO - DAG(s) 'example_branch_operator' retrieved from /home/airflow/.local/lib/python3.8/site-packages/airflow/example_dags/example_branch_operator.py
[2025-11-27T07:51:37.427+0000] {logging_mixin.py:188} INFO - [2025-11-27T07:51:37.427+0000] {dag.py:3036} INFO - Sync 1 DAGs
[2025-11-27T07:51:37.443+0000] {logging_mixin.py:188} INFO - [2025-11-27T07:51:37.443+0000] {dag.py:3823} INFO - Setting next_dagrun for example_branch_operator to 2025-11-26 00:00:00+00:00, run_after=2025-11-27 00:00:00+00:00
[2025-11-27T07:51:37.461+0000] {processor.py:183} INFO - Processing /home/airflow/.local/lib/python3.8/site-packages/airflow/example_dags/example_branch_operator.py took 0.072 seconds
[2025-11-27T07:52:10.896+0000] {processor.py:161} INFO - Started process (PID=326) to work on /home/airflow/.local/lib/python3.8/site-packages/airflow/example_dags/example_branch_operator.py
[2025-11-27T07:52:10.898+0000] {processor.py:830} INFO - Processing file /home/airflow/.local/lib/python3.8/site-packages/airflow/example_dags/example_branch_operator.py for tasks to queue
[2025-11-27T07:52:10.900+0000] {logging_mixin.py:188} INFO - [2025-11-27T07:52:10.900+0000] {dagbag.py:538} INFO - Filling up the DagBag from /home/airflow/.local/lib/python3.8/site-packages/airflow/example_dags/example_branch_operator.py
[2025-11-27T07:52:10.912+0000] {processor.py:840} INFO - DAG(s) 'example_branch_operator' retrieved from /home/airflow/.local/lib/python3.8/site-packages/airflow/example_dags/example_branch_operator.py
[2025-11-27T07:52:10.934+0000] {logging_mixin.py:188} INFO - [2025-11-27T07:52:10.934+0000] {dag.py:3036} INFO - Sync 1 DAGs
[2025-11-27T07:52:10.952+0000] {logging_mixin.py:188} INFO - [2025-11-27T07:52:10.951+0000] {dag.py:3823} INFO - Setting next_dagrun for example_branch_operator to 2025-11-26 00:00:00+00:00, run_after=2025-11-27 00:00:00+00:00
[2025-11-27T07:52:10.978+0000] {processor.py:183} INFO - Processing /home/airflow/.local/lib/python3.8/site-packages/airflow/example_dags/example_branch_operator.py took 0.085 seconds
[2025-11-27T08:08:16.823+0000] {processor.py:161} INFO - Started process (PID=164) to work on /home/airflow/.local/lib/python3.8/site-packages/airflow/example_dags/example_branch_operator.py
[2025-11-27T08:08:16.824+0000] {processor.py:830} INFO - Processing file /home/airflow/.local/lib/python3.8/site-packages/airflow/example_dags/example_branch_operator.py for tasks to queue
[2025-11-27T08:08:16.827+0000] {logging_mixin.py:188} INFO - [2025-11-27T08:08:16.827+0000] {dagbag.py:538} INFO - Filling up the DagBag from /home/airflow/.local/lib/python3.8/site-packages/airflow/example_dags/example_branch_operator.py
[2025-11-27T08:08:16.844+0000] {processor.py:840} INFO - DAG(s) 'example_branch_operator' retrieved from /home/airflow/.local/lib/python3.8/site-packages/airflow/example_dags/example_branch_operator.py
[2025-11-27T08:08:16.862+0000] {logging_mixin.py:188} INFO - [2025-11-27T08:08:16.861+0000] {dag.py:3036} INFO - Sync 1 DAGs
[2025-11-27T08:08:16.881+0000] {logging_mixin.py:188} INFO - [2025-11-27T08:08:16.881+0000] {dag.py:3823} INFO - Setting next_dagrun for example_branch_operator to 2025-11-26 00:00:00+00:00, run_after=2025-11-27 00:00:00+00:00
[2025-11-27T08:08:16.905+0000] {processor.py:183} INFO - Processing /home/airflow/.local/lib/python3.8/site-packages/airflow/example_dags/example_branch_operator.py took 0.086 seconds
[2025-11-27T08:08:51.927+0000] {processor.py:161} INFO - Started process (PID=220) to work on /home/airflow/.local/lib/python3.8/site-packages/airflow/example_dags/example_branch_operator.py
[2025-11-27T08:08:51.928+0000] {processor.py:830} INFO - Processing file /home/airflow/.local/lib/python3.8/site-packages/airflow/example_dags/example_branch_operator.py for tasks to queue
[2025-11-27T08:08:51.930+0000] {logging_mixin.py:188} INFO - [2025-11-27T08:08:51.930+0000] {dagbag.py:538} INFO - Filling up the DagBag from /home/airflow/.local/lib/python3.8/site-packages/airflow/example_dags/example_branch_operator.py
[2025-11-27T08:08:51.947+0000] {processor.py:840} INFO - DAG(s) 'example_branch_operator' retrieved from /home/airflow/.local/lib/python3.8/site-packages/airflow/example_dags/example_branch_operator.py
[2025-11-27T08:08:52.145+0000] {logging_mixin.py:188} INFO - [2025-11-27T08:08:52.145+0000] {dag.py:3036} INFO - Sync 1 DAGs
[2025-11-27T08:08:52.161+0000] {logging_mixin.py:188} INFO - [2025-11-27T08:08:52.161+0000] {dag.py:3823} INFO - Setting next_dagrun for example_branch_operator to 2025-11-26 00:00:00+00:00, run_after=2025-11-27 00:00:00+00:00
[2025-11-27T08:08:52.180+0000] {processor.py:183} INFO - Processing /home/airflow/.local/lib/python3.8/site-packages/airflow/example_dags/example_branch_operator.py took 0.256 seconds
[2025-11-27T08:09:22.319+0000] {processor.py:161} INFO - Started process (PID=276) to work on /home/airflow/.local/lib/python3.8/site-packages/airflow/example_dags/example_branch_operator.py
[2025-11-27T08:09:22.321+0000] {processor.py:830} INFO - Processing file /home/airflow/.local/lib/python3.8/site-packages/airflow/example_dags/example_branch_operator.py for tasks to queue
[2025-11-27T08:09:22.323+0000] {logging_mixin.py:188} INFO - [2025-11-27T08:09:22.322+0000] {dagbag.py:538} INFO - Filling up the DagBag from /home/airflow/.local/lib/python3.8/site-packages/airflow/example_dags/example_branch_operator.py
[2025-11-27T08:09:22.338+0000] {processor.py:840} INFO - DAG(s) 'example_branch_operator' retrieved from /home/airflow/.local/lib/python3.8/site-packages/airflow/example_dags/example_branch_operator.py
[2025-11-27T08:09:22.359+0000] {logging_mixin.py:188} INFO - [2025-11-27T08:09:22.359+0000] {dag.py:3036} INFO - Sync 1 DAGs
[2025-11-27T08:09:22.374+0000] {logging_mixin.py:188} INFO - [2025-11-27T08:09:22.374+0000] {dag.py:3823} INFO - Setting next_dagrun for example_branch_operator to 2025-11-26 00:00:00+00:00, run_after=2025-11-27 00:00:00+00:00
[2025-11-27T08:09:22.390+0000] {processor.py:183} INFO - Processing /home/airflow/.local/lib/python3.8/site-packages/airflow/example_dags/example_branch_operator.py took 0.074 seconds
[2025-11-27T08:09:53.226+0000] {processor.py:161} INFO - Started process (PID=326) to work on /home/airflow/.local/lib/python3.8/site-packages/airflow/example_dags/example_branch_operator.py
[2025-11-27T08:09:53.227+0000] {processor.py:830} INFO - Processing file /home/airflow/.local/lib/python3.8/site-packages/airflow/example_dags/example_branch_operator.py for tasks to queue
[2025-11-27T08:09:53.229+0000] {logging_mixin.py:188} INFO - [2025-11-27T08:09:53.229+0000] {dagbag.py:538} INFO - Filling up the DagBag from /home/airflow/.local/lib/python3.8/site-packages/airflow/example_dags/example_branch_operator.py
[2025-11-27T08:09:53.241+0000] {processor.py:840} INFO - DAG(s) 'example_branch_operator' retrieved from /home/airflow/.local/lib/python3.8/site-packages/airflow/example_dags/example_branch_operator.py
[2025-11-27T08:09:53.263+0000] {logging_mixin.py:188} INFO - [2025-11-27T08:09:53.262+0000] {dag.py:3036} INFO - Sync 1 DAGs
[2025-11-27T08:09:53.280+0000] {logging_mixin.py:188} INFO - [2025-11-27T08:09:53.280+0000] {dag.py:3823} INFO - Setting next_dagrun for example_branch_operator to 2025-11-26 00:00:00+00:00, run_after=2025-11-27 00:00:00+00:00
[2025-11-27T08:09:53.298+0000] {processor.py:183} INFO - Processing /home/airflow/.local/lib/python3.8/site-packages/airflow/example_dags/example_branch_operator.py took 0.075 seconds
[2025-11-27T08:10:23.351+0000] {processor.py:161} INFO - Started process (PID=382) to work on /home/airflow/.local/lib/python3.8/site-packages/airflow/example_dags/example_branch_operator.py
[2025-11-27T08:10:23.352+0000] {processor.py:830} INFO - Processing file /home/airflow/.local/lib/python3.8/site-packages/airflow/example_dags/example_branch_operator.py for tasks to queue
[2025-11-27T08:10:23.354+0000] {logging_mixin.py:188} INFO - [2025-11-27T08:10:23.354+0000] {dagbag.py:538} INFO - Filling up the DagBag from /home/airflow/.local/lib/python3.8/site-packages/airflow/example_dags/example_branch_operator.py
[2025-11-27T08:10:23.369+0000] {processor.py:840} INFO - DAG(s) 'example_branch_operator' retrieved from /home/airflow/.local/lib/python3.8/site-packages/airflow/example_dags/example_branch_operator.py
[2025-11-27T08:10:23.394+0000] {logging_mixin.py:188} INFO - [2025-11-27T08:10:23.393+0000] {dag.py:3036} INFO - Sync 1 DAGs
[2025-11-27T08:10:23.418+0000] {logging_mixin.py:188} INFO - [2025-11-27T08:10:23.417+0000] {dag.py:3823} INFO - Setting next_dagrun for example_branch_operator to 2025-11-26 00:00:00+00:00, run_after=2025-11-27 00:00:00+00:00
[2025-11-27T08:10:23.448+0000] {processor.py:183} INFO - Processing /home/airflow/.local/lib/python3.8/site-packages/airflow/example_dags/example_branch_operator.py took 0.100 seconds
[2025-11-27T08:10:53.501+0000] {processor.py:161} INFO - Started process (PID=439) to work on /home/airflow/.local/lib/python3.8/site-packages/airflow/example_dags/example_branch_operator.py
[2025-11-27T08:10:53.502+0000] {processor.py:830} INFO - Processing file /home/airflow/.local/lib/python3.8/site-packages/airflow/example_dags/example_branch_operator.py for tasks to queue
[2025-11-27T08:10:53.504+0000] {logging_mixin.py:188} INFO - [2025-11-27T08:10:53.504+0000] {dagbag.py:538} INFO - Filling up the DagBag from /home/airflow/.local/lib/python3.8/site-packages/airflow/example_dags/example_branch_operator.py
[2025-11-27T08:10:53.516+0000] {processor.py:840} INFO - DAG(s) 'example_branch_operator' retrieved from /home/airflow/.local/lib/python3.8/site-packages/airflow/example_dags/example_branch_operator.py
[2025-11-27T08:10:53.537+0000] {logging_mixin.py:188} INFO - [2025-11-27T08:10:53.537+0000] {dag.py:3036} INFO - Sync 1 DAGs
[2025-11-27T08:10:53.554+0000] {logging_mixin.py:188} INFO - [2025-11-27T08:10:53.554+0000] {dag.py:3823} INFO - Setting next_dagrun for example_branch_operator to 2025-11-26 00:00:00+00:00, run_after=2025-11-27 00:00:00+00:00
[2025-11-27T08:10:53.571+0000] {processor.py:183} INFO - Processing /home/airflow/.local/lib/python3.8/site-packages/airflow/example_dags/example_branch_operator.py took 0.073 seconds
[2025-11-27T08:11:23.912+0000] {processor.py:161} INFO - Started process (PID=495) to work on /home/airflow/.local/lib/python3.8/site-packages/airflow/example_dags/example_branch_operator.py
[2025-11-27T08:11:23.913+0000] {processor.py:830} INFO - Processing file /home/airflow/.local/lib/python3.8/site-packages/airflow/example_dags/example_branch_operator.py for tasks to queue
[2025-11-27T08:11:23.914+0000] {logging_mixin.py:188} INFO - [2025-11-27T08:11:23.914+0000] {dagbag.py:538} INFO - Filling up the DagBag from /home/airflow/.local/lib/python3.8/site-packages/airflow/example_dags/example_branch_operator.py
[2025-11-27T08:11:23.927+0000] {processor.py:840} INFO - DAG(s) 'example_branch_operator' retrieved from /home/airflow/.local/lib/python3.8/site-packages/airflow/example_dags/example_branch_operator.py
[2025-11-27T08:11:23.952+0000] {logging_mixin.py:188} INFO - [2025-11-27T08:11:23.952+0000] {dag.py:3036} INFO - Sync 1 DAGs
[2025-11-27T08:11:23.970+0000] {logging_mixin.py:188} INFO - [2025-11-27T08:11:23.970+0000] {dag.py:3823} INFO - Setting next_dagrun for example_branch_operator to 2025-11-26 00:00:00+00:00, run_after=2025-11-27 00:00:00+00:00
[2025-11-27T08:11:23.989+0000] {processor.py:183} INFO - Processing /home/airflow/.local/lib/python3.8/site-packages/airflow/example_dags/example_branch_operator.py took 0.079 seconds
[2025-11-27T08:11:54.181+0000] {processor.py:161} INFO - Started process (PID=551) to work on /home/airflow/.local/lib/python3.8/site-packages/airflow/example_dags/example_branch_operator.py
[2025-11-27T08:11:54.182+0000] {processor.py:830} INFO - Processing file /home/airflow/.local/lib/python3.8/site-packages/airflow/example_dags/example_branch_operator.py for tasks to queue
[2025-11-27T08:11:54.184+0000] {logging_mixin.py:188} INFO - [2025-11-27T08:11:54.184+0000] {dagbag.py:538} INFO - Filling up the DagBag from /home/airflow/.local/lib/python3.8/site-packages/airflow/example_dags/example_branch_operator.py
[2025-11-27T08:11:54.197+0000] {processor.py:840} INFO - DAG(s) 'example_branch_operator' retrieved from /home/airflow/.local/lib/python3.8/site-packages/airflow/example_dags/example_branch_operator.py
[2025-11-27T08:11:54.218+0000] {logging_mixin.py:188} INFO - [2025-11-27T08:11:54.218+0000] {dag.py:3036} INFO - Sync 1 DAGs
[2025-11-27T08:11:54.233+0000] {logging_mixin.py:188} INFO - [2025-11-27T08:11:54.233+0000] {dag.py:3823} INFO - Setting next_dagrun for example_branch_operator to 2025-11-26 00:00:00+00:00, run_after=2025-11-27 00:00:00+00:00
[2025-11-27T08:11:54.253+0000] {processor.py:183} INFO - Processing /home/airflow/.local/lib/python3.8/site-packages/airflow/example_dags/example_branch_operator.py took 0.074 seconds
[2025-11-27T08:12:24.765+0000] {processor.py:161} INFO - Started process (PID=607) to work on /home/airflow/.local/lib/python3.8/site-packages/airflow/example_dags/example_branch_operator.py
[2025-11-27T08:12:24.767+0000] {processor.py:830} INFO - Processing file /home/airflow/.local/lib/python3.8/site-packages/airflow/example_dags/example_branch_operator.py for tasks to queue
[2025-11-27T08:12:24.769+0000] {logging_mixin.py:188} INFO - [2025-11-27T08:12:24.768+0000] {dagbag.py:538} INFO - Filling up the DagBag from /home/airflow/.local/lib/python3.8/site-packages/airflow/example_dags/example_branch_operator.py
[2025-11-27T08:12:24.780+0000] {processor.py:840} INFO - DAG(s) 'example_branch_operator' retrieved from /home/airflow/.local/lib/python3.8/site-packages/airflow/example_dags/example_branch_operator.py
[2025-11-27T08:12:24.804+0000] {logging_mixin.py:188} INFO - [2025-11-27T08:12:24.804+0000] {dag.py:3036} INFO - Sync 1 DAGs
[2025-11-27T08:12:24.819+0000] {logging_mixin.py:188} INFO - [2025-11-27T08:12:24.819+0000] {dag.py:3823} INFO - Setting next_dagrun for example_branch_operator to 2025-11-26 00:00:00+00:00, run_after=2025-11-27 00:00:00+00:00
[2025-11-27T08:12:24.838+0000] {processor.py:183} INFO - Processing /home/airflow/.local/lib/python3.8/site-packages/airflow/example_dags/example_branch_operator.py took 0.075 seconds
[2025-11-27T08:12:55.417+0000] {processor.py:161} INFO - Started process (PID=663) to work on /home/airflow/.local/lib/python3.8/site-packages/airflow/example_dags/example_branch_operator.py
[2025-11-27T08:12:55.418+0000] {processor.py:830} INFO - Processing file /home/airflow/.local/lib/python3.8/site-packages/airflow/example_dags/example_branch_operator.py for tasks to queue
[2025-11-27T08:12:55.421+0000] {logging_mixin.py:188} INFO - [2025-11-27T08:12:55.420+0000] {dagbag.py:538} INFO - Filling up the DagBag from /home/airflow/.local/lib/python3.8/site-packages/airflow/example_dags/example_branch_operator.py
[2025-11-27T08:12:55.440+0000] {processor.py:840} INFO - DAG(s) 'example_branch_operator' retrieved from /home/airflow/.local/lib/python3.8/site-packages/airflow/example_dags/example_branch_operator.py
[2025-11-27T08:12:55.467+0000] {logging_mixin.py:188} INFO - [2025-11-27T08:12:55.467+0000] {dag.py:3036} INFO - Sync 1 DAGs
[2025-11-27T08:12:55.488+0000] {logging_mixin.py:188} INFO - [2025-11-27T08:12:55.488+0000] {dag.py:3823} INFO - Setting next_dagrun for example_branch_operator to 2025-11-26 00:00:00+00:00, run_after=2025-11-27 00:00:00+00:00
[2025-11-27T08:12:55.542+0000] {processor.py:183} INFO - Processing /home/airflow/.local/lib/python3.8/site-packages/airflow/example_dags/example_branch_operator.py took 0.128 seconds
[2025-11-27T08:13:25.727+0000] {processor.py:161} INFO - Started process (PID=719) to work on /home/airflow/.local/lib/python3.8/site-packages/airflow/example_dags/example_branch_operator.py
[2025-11-27T08:13:25.728+0000] {processor.py:830} INFO - Processing file /home/airflow/.local/lib/python3.8/site-packages/airflow/example_dags/example_branch_operator.py for tasks to queue
[2025-11-27T08:13:25.730+0000] {logging_mixin.py:188} INFO - [2025-11-27T08:13:25.730+0000] {dagbag.py:538} INFO - Filling up the DagBag from /home/airflow/.local/lib/python3.8/site-packages/airflow/example_dags/example_branch_operator.py
[2025-11-27T08:13:25.743+0000] {processor.py:840} INFO - DAG(s) 'example_branch_operator' retrieved from /home/airflow/.local/lib/python3.8/site-packages/airflow/example_dags/example_branch_operator.py
[2025-11-27T08:13:25.765+0000] {logging_mixin.py:188} INFO - [2025-11-27T08:13:25.765+0000] {dag.py:3036} INFO - Sync 1 DAGs
[2025-11-27T08:13:25.780+0000] {logging_mixin.py:188} INFO - [2025-11-27T08:13:25.780+0000] {dag.py:3823} INFO - Setting next_dagrun for example_branch_operator to 2025-11-26 00:00:00+00:00, run_after=2025-11-27 00:00:00+00:00
[2025-11-27T08:13:25.798+0000] {processor.py:183} INFO - Processing /home/airflow/.local/lib/python3.8/site-packages/airflow/example_dags/example_branch_operator.py took 0.073 seconds
[2025-11-27T08:13:56.147+0000] {processor.py:161} INFO - Started process (PID=775) to work on /home/airflow/.local/lib/python3.8/site-packages/airflow/example_dags/example_branch_operator.py
[2025-11-27T08:13:56.148+0000] {processor.py:830} INFO - Processing file /home/airflow/.local/lib/python3.8/site-packages/airflow/example_dags/example_branch_operator.py for tasks to queue
[2025-11-27T08:13:56.150+0000] {logging_mixin.py:188} INFO - [2025-11-27T08:13:56.150+0000] {dagbag.py:538} INFO - Filling up the DagBag from /home/airflow/.local/lib/python3.8/site-packages/airflow/example_dags/example_branch_operator.py
[2025-11-27T08:13:56.164+0000] {processor.py:840} INFO - DAG(s) 'example_branch_operator' retrieved from /home/airflow/.local/lib/python3.8/site-packages/airflow/example_dags/example_branch_operator.py
[2025-11-27T08:13:56.187+0000] {logging_mixin.py:188} INFO - [2025-11-27T08:13:56.187+0000] {dag.py:3036} INFO - Sync 1 DAGs
[2025-11-27T08:13:56.202+0000] {logging_mixin.py:188} INFO - [2025-11-27T08:13:56.202+0000] {dag.py:3823} INFO - Setting next_dagrun for example_branch_operator to 2025-11-26 00:00:00+00:00, run_after=2025-11-27 00:00:00+00:00
[2025-11-27T08:13:56.223+0000] {processor.py:183} INFO - Processing /home/airflow/.local/lib/python3.8/site-packages/airflow/example_dags/example_branch_operator.py took 0.079 seconds
[2025-11-27T08:14:26.569+0000] {processor.py:161} INFO - Started process (PID=831) to work on /home/airflow/.local/lib/python3.8/site-packages/airflow/example_dags/example_branch_operator.py
[2025-11-27T08:14:26.570+0000] {processor.py:830} INFO - Processing file /home/airflow/.local/lib/python3.8/site-packages/airflow/example_dags/example_branch_operator.py for tasks to queue
[2025-11-27T08:14:26.572+0000] {logging_mixin.py:188} INFO - [2025-11-27T08:14:26.571+0000] {dagbag.py:538} INFO - Filling up the DagBag from /home/airflow/.local/lib/python3.8/site-packages/airflow/example_dags/example_branch_operator.py
[2025-11-27T08:14:26.584+0000] {processor.py:840} INFO - DAG(s) 'example_branch_operator' retrieved from /home/airflow/.local/lib/python3.8/site-packages/airflow/example_dags/example_branch_operator.py
[2025-11-27T08:14:26.608+0000] {logging_mixin.py:188} INFO - [2025-11-27T08:14:26.607+0000] {dag.py:3036} INFO - Sync 1 DAGs
[2025-11-27T08:14:26.630+0000] {logging_mixin.py:188} INFO - [2025-11-27T08:14:26.630+0000] {dag.py:3823} INFO - Setting next_dagrun for example_branch_operator to 2025-11-26 00:00:00+00:00, run_after=2025-11-27 00:00:00+00:00
[2025-11-27T08:14:26.658+0000] {processor.py:183} INFO - Processing /home/airflow/.local/lib/python3.8/site-packages/airflow/example_dags/example_branch_operator.py took 0.092 seconds
[2025-11-27T08:14:57.550+0000] {processor.py:161} INFO - Started process (PID=887) to work on /home/airflow/.local/lib/python3.8/site-packages/airflow/example_dags/example_branch_operator.py
[2025-11-27T08:14:57.551+0000] {processor.py:830} INFO - Processing file /home/airflow/.local/lib/python3.8/site-packages/airflow/example_dags/example_branch_operator.py for tasks to queue
[2025-11-27T08:14:57.553+0000] {logging_mixin.py:188} INFO - [2025-11-27T08:14:57.553+0000] {dagbag.py:538} INFO - Filling up the DagBag from /home/airflow/.local/lib/python3.8/site-packages/airflow/example_dags/example_branch_operator.py
[2025-11-27T08:14:57.568+0000] {processor.py:840} INFO - DAG(s) 'example_branch_operator' retrieved from /home/airflow/.local/lib/python3.8/site-packages/airflow/example_dags/example_branch_operator.py
[2025-11-27T08:14:57.587+0000] {logging_mixin.py:188} INFO - [2025-11-27T08:14:57.587+0000] {dag.py:3036} INFO - Sync 1 DAGs
[2025-11-27T08:14:57.604+0000] {logging_mixin.py:188} INFO - [2025-11-27T08:14:57.603+0000] {dag.py:3823} INFO - Setting next_dagrun for example_branch_operator to 2025-11-26 00:00:00+00:00, run_after=2025-11-27 00:00:00+00:00
[2025-11-27T08:14:57.622+0000] {processor.py:183} INFO - Processing /home/airflow/.local/lib/python3.8/site-packages/airflow/example_dags/example_branch_operator.py took 0.074 seconds
[2025-11-27T08:16:33.404+0000] {processor.py:161} INFO - Started process (PID=165) to work on /home/airflow/.local/lib/python3.8/site-packages/airflow/example_dags/example_branch_operator.py
[2025-11-27T08:16:33.405+0000] {processor.py:830} INFO - Processing file /home/airflow/.local/lib/python3.8/site-packages/airflow/example_dags/example_branch_operator.py for tasks to queue
[2025-11-27T08:16:33.409+0000] {logging_mixin.py:188} INFO - [2025-11-27T08:16:33.408+0000] {dagbag.py:538} INFO - Filling up the DagBag from /home/airflow/.local/lib/python3.8/site-packages/airflow/example_dags/example_branch_operator.py
[2025-11-27T08:16:33.427+0000] {processor.py:840} INFO - DAG(s) 'example_branch_operator' retrieved from /home/airflow/.local/lib/python3.8/site-packages/airflow/example_dags/example_branch_operator.py
[2025-11-27T08:16:33.440+0000] {logging_mixin.py:188} INFO - [2025-11-27T08:16:33.440+0000] {dag.py:3036} INFO - Sync 1 DAGs
[2025-11-27T08:16:33.460+0000] {logging_mixin.py:188} INFO - [2025-11-27T08:16:33.460+0000] {dag.py:3823} INFO - Setting next_dagrun for example_branch_operator to 2025-11-26 00:00:00+00:00, run_after=2025-11-27 00:00:00+00:00
[2025-11-27T08:16:33.479+0000] {processor.py:183} INFO - Processing /home/airflow/.local/lib/python3.8/site-packages/airflow/example_dags/example_branch_operator.py took 0.079 seconds
[2025-11-27T08:17:07.564+0000] {processor.py:161} INFO - Started process (PID=221) to work on /home/airflow/.local/lib/python3.8/site-packages/airflow/example_dags/example_branch_operator.py
[2025-11-27T08:17:07.565+0000] {processor.py:830} INFO - Processing file /home/airflow/.local/lib/python3.8/site-packages/airflow/example_dags/example_branch_operator.py for tasks to queue
[2025-11-27T08:17:07.567+0000] {logging_mixin.py:188} INFO - [2025-11-27T08:17:07.567+0000] {dagbag.py:538} INFO - Filling up the DagBag from /home/airflow/.local/lib/python3.8/site-packages/airflow/example_dags/example_branch_operator.py
[2025-11-27T08:17:07.581+0000] {processor.py:840} INFO - DAG(s) 'example_branch_operator' retrieved from /home/airflow/.local/lib/python3.8/site-packages/airflow/example_dags/example_branch_operator.py
[2025-11-27T08:17:07.768+0000] {logging_mixin.py:188} INFO - [2025-11-27T08:17:07.768+0000] {dag.py:3036} INFO - Sync 1 DAGs
[2025-11-27T08:17:07.784+0000] {logging_mixin.py:188} INFO - [2025-11-27T08:17:07.784+0000] {dag.py:3823} INFO - Setting next_dagrun for example_branch_operator to 2025-11-26 00:00:00+00:00, run_after=2025-11-27 00:00:00+00:00
[2025-11-27T08:17:07.802+0000] {processor.py:183} INFO - Processing /home/airflow/.local/lib/python3.8/site-packages/airflow/example_dags/example_branch_operator.py took 0.241 seconds
[2025-11-27T08:17:39.537+0000] {processor.py:161} INFO - Started process (PID=277) to work on /home/airflow/.local/lib/python3.8/site-packages/airflow/example_dags/example_branch_operator.py
[2025-11-27T08:17:39.539+0000] {processor.py:830} INFO - Processing file /home/airflow/.local/lib/python3.8/site-packages/airflow/example_dags/example_branch_operator.py for tasks to queue
[2025-11-27T08:17:39.541+0000] {logging_mixin.py:188} INFO - [2025-11-27T08:17:39.541+0000] {dagbag.py:538} INFO - Filling up the DagBag from /home/airflow/.local/lib/python3.8/site-packages/airflow/example_dags/example_branch_operator.py
[2025-11-27T08:17:39.556+0000] {processor.py:840} INFO - DAG(s) 'example_branch_operator' retrieved from /home/airflow/.local/lib/python3.8/site-packages/airflow/example_dags/example_branch_operator.py
[2025-11-27T08:17:39.581+0000] {logging_mixin.py:188} INFO - [2025-11-27T08:17:39.581+0000] {dag.py:3036} INFO - Sync 1 DAGs
[2025-11-27T08:17:39.599+0000] {logging_mixin.py:188} INFO - [2025-11-27T08:17:39.598+0000] {dag.py:3823} INFO - Setting next_dagrun for example_branch_operator to 2025-11-26 00:00:00+00:00, run_after=2025-11-27 00:00:00+00:00
[2025-11-27T08:17:39.619+0000] {processor.py:183} INFO - Processing /home/airflow/.local/lib/python3.8/site-packages/airflow/example_dags/example_branch_operator.py took 0.084 seconds
[2025-11-27T08:18:12.537+0000] {processor.py:161} INFO - Started process (PID=333) to work on /home/airflow/.local/lib/python3.8/site-packages/airflow/example_dags/example_branch_operator.py
[2025-11-27T08:18:12.538+0000] {processor.py:830} INFO - Processing file /home/airflow/.local/lib/python3.8/site-packages/airflow/example_dags/example_branch_operator.py for tasks to queue
[2025-11-27T08:18:12.540+0000] {logging_mixin.py:188} INFO - [2025-11-27T08:18:12.540+0000] {dagbag.py:538} INFO - Filling up the DagBag from /home/airflow/.local/lib/python3.8/site-packages/airflow/example_dags/example_branch_operator.py
[2025-11-27T08:18:12.552+0000] {processor.py:840} INFO - DAG(s) 'example_branch_operator' retrieved from /home/airflow/.local/lib/python3.8/site-packages/airflow/example_dags/example_branch_operator.py
[2025-11-27T08:18:12.573+0000] {logging_mixin.py:188} INFO - [2025-11-27T08:18:12.572+0000] {dag.py:3036} INFO - Sync 1 DAGs
[2025-11-27T08:18:12.588+0000] {logging_mixin.py:188} INFO - [2025-11-27T08:18:12.588+0000] {dag.py:3823} INFO - Setting next_dagrun for example_branch_operator to 2025-11-26 00:00:00+00:00, run_after=2025-11-27 00:00:00+00:00
[2025-11-27T08:18:12.607+0000] {processor.py:183} INFO - Processing /home/airflow/.local/lib/python3.8/site-packages/airflow/example_dags/example_branch_operator.py took 0.072 seconds
[2025-11-27T08:18:42.667+0000] {processor.py:161} INFO - Started process (PID=389) to work on /home/airflow/.local/lib/python3.8/site-packages/airflow/example_dags/example_branch_operator.py
[2025-11-27T08:18:42.669+0000] {processor.py:830} INFO - Processing file /home/airflow/.local/lib/python3.8/site-packages/airflow/example_dags/example_branch_operator.py for tasks to queue
[2025-11-27T08:18:42.671+0000] {logging_mixin.py:188} INFO - [2025-11-27T08:18:42.670+0000] {dagbag.py:538} INFO - Filling up the DagBag from /home/airflow/.local/lib/python3.8/site-packages/airflow/example_dags/example_branch_operator.py
[2025-11-27T08:18:42.683+0000] {processor.py:840} INFO - DAG(s) 'example_branch_operator' retrieved from /home/airflow/.local/lib/python3.8/site-packages/airflow/example_dags/example_branch_operator.py
[2025-11-27T08:18:42.704+0000] {logging_mixin.py:188} INFO - [2025-11-27T08:18:42.704+0000] {dag.py:3036} INFO - Sync 1 DAGs
[2025-11-27T08:18:42.720+0000] {logging_mixin.py:188} INFO - [2025-11-27T08:18:42.720+0000] {dag.py:3823} INFO - Setting next_dagrun for example_branch_operator to 2025-11-26 00:00:00+00:00, run_after=2025-11-27 00:00:00+00:00
[2025-11-27T08:18:42.746+0000] {processor.py:183} INFO - Processing /home/airflow/.local/lib/python3.8/site-packages/airflow/example_dags/example_branch_operator.py took 0.081 seconds
[2025-11-27T08:19:16.732+0000] {processor.py:161} INFO - Started process (PID=445) to work on /home/airflow/.local/lib/python3.8/site-packages/airflow/example_dags/example_branch_operator.py
[2025-11-27T08:19:16.733+0000] {processor.py:830} INFO - Processing file /home/airflow/.local/lib/python3.8/site-packages/airflow/example_dags/example_branch_operator.py for tasks to queue
[2025-11-27T08:19:16.735+0000] {logging_mixin.py:188} INFO - [2025-11-27T08:19:16.734+0000] {dagbag.py:538} INFO - Filling up the DagBag from /home/airflow/.local/lib/python3.8/site-packages/airflow/example_dags/example_branch_operator.py
[2025-11-27T08:19:16.747+0000] {processor.py:840} INFO - DAG(s) 'example_branch_operator' retrieved from /home/airflow/.local/lib/python3.8/site-packages/airflow/example_dags/example_branch_operator.py
[2025-11-27T08:19:16.771+0000] {logging_mixin.py:188} INFO - [2025-11-27T08:19:16.771+0000] {dag.py:3036} INFO - Sync 1 DAGs
[2025-11-27T08:19:16.793+0000] {logging_mixin.py:188} INFO - [2025-11-27T08:19:16.793+0000] {dag.py:3823} INFO - Setting next_dagrun for example_branch_operator to 2025-11-26 00:00:00+00:00, run_after=2025-11-27 00:00:00+00:00
[2025-11-27T08:19:16.819+0000] {processor.py:183} INFO - Processing /home/airflow/.local/lib/python3.8/site-packages/airflow/example_dags/example_branch_operator.py took 0.090 seconds
[2025-11-27T08:19:47.819+0000] {processor.py:161} INFO - Started process (PID=501) to work on /home/airflow/.local/lib/python3.8/site-packages/airflow/example_dags/example_branch_operator.py
[2025-11-27T08:19:47.820+0000] {processor.py:830} INFO - Processing file /home/airflow/.local/lib/python3.8/site-packages/airflow/example_dags/example_branch_operator.py for tasks to queue
[2025-11-27T08:19:47.822+0000] {logging_mixin.py:188} INFO - [2025-11-27T08:19:47.822+0000] {dagbag.py:538} INFO - Filling up the DagBag from /home/airflow/.local/lib/python3.8/site-packages/airflow/example_dags/example_branch_operator.py
[2025-11-27T08:19:47.832+0000] {processor.py:840} INFO - DAG(s) 'example_branch_operator' retrieved from /home/airflow/.local/lib/python3.8/site-packages/airflow/example_dags/example_branch_operator.py
[2025-11-27T08:19:47.850+0000] {logging_mixin.py:188} INFO - [2025-11-27T08:19:47.850+0000] {dag.py:3036} INFO - Sync 1 DAGs
[2025-11-27T08:19:47.864+0000] {logging_mixin.py:188} INFO - [2025-11-27T08:19:47.863+0000] {dag.py:3823} INFO - Setting next_dagrun for example_branch_operator to 2025-11-26 00:00:00+00:00, run_after=2025-11-27 00:00:00+00:00
[2025-11-27T08:19:48.080+0000] {processor.py:183} INFO - Processing /home/airflow/.local/lib/python3.8/site-packages/airflow/example_dags/example_branch_operator.py took 0.264 seconds
[2025-11-27T08:20:19.663+0000] {processor.py:161} INFO - Started process (PID=557) to work on /home/airflow/.local/lib/python3.8/site-packages/airflow/example_dags/example_branch_operator.py
[2025-11-27T08:20:19.665+0000] {processor.py:830} INFO - Processing file /home/airflow/.local/lib/python3.8/site-packages/airflow/example_dags/example_branch_operator.py for tasks to queue
[2025-11-27T08:20:19.668+0000] {logging_mixin.py:188} INFO - [2025-11-27T08:20:19.667+0000] {dagbag.py:538} INFO - Filling up the DagBag from /home/airflow/.local/lib/python3.8/site-packages/airflow/example_dags/example_branch_operator.py
[2025-11-27T08:20:19.685+0000] {processor.py:840} INFO - DAG(s) 'example_branch_operator' retrieved from /home/airflow/.local/lib/python3.8/site-packages/airflow/example_dags/example_branch_operator.py
[2025-11-27T08:20:19.710+0000] {logging_mixin.py:188} INFO - [2025-11-27T08:20:19.710+0000] {dag.py:3036} INFO - Sync 1 DAGs
[2025-11-27T08:20:19.726+0000] {logging_mixin.py:188} INFO - [2025-11-27T08:20:19.726+0000] {dag.py:3823} INFO - Setting next_dagrun for example_branch_operator to 2025-11-26 00:00:00+00:00, run_after=2025-11-27 00:00:00+00:00
[2025-11-27T08:20:19.744+0000] {processor.py:183} INFO - Processing /home/airflow/.local/lib/python3.8/site-packages/airflow/example_dags/example_branch_operator.py took 0.087 seconds
[2025-11-27T08:20:51.593+0000] {processor.py:161} INFO - Started process (PID=613) to work on /home/airflow/.local/lib/python3.8/site-packages/airflow/example_dags/example_branch_operator.py
[2025-11-27T08:20:51.595+0000] {processor.py:830} INFO - Processing file /home/airflow/.local/lib/python3.8/site-packages/airflow/example_dags/example_branch_operator.py for tasks to queue
[2025-11-27T08:20:51.597+0000] {logging_mixin.py:188} INFO - [2025-11-27T08:20:51.597+0000] {dagbag.py:538} INFO - Filling up the DagBag from /home/airflow/.local/lib/python3.8/site-packages/airflow/example_dags/example_branch_operator.py
[2025-11-27T08:20:51.611+0000] {processor.py:840} INFO - DAG(s) 'example_branch_operator' retrieved from /home/airflow/.local/lib/python3.8/site-packages/airflow/example_dags/example_branch_operator.py
[2025-11-27T08:20:51.637+0000] {logging_mixin.py:188} INFO - [2025-11-27T08:20:51.637+0000] {dag.py:3036} INFO - Sync 1 DAGs
[2025-11-27T08:20:51.654+0000] {logging_mixin.py:188} INFO - [2025-11-27T08:20:51.654+0000] {dag.py:3823} INFO - Setting next_dagrun for example_branch_operator to 2025-11-26 00:00:00+00:00, run_after=2025-11-27 00:00:00+00:00
[2025-11-27T08:20:51.672+0000] {processor.py:183} INFO - Processing /home/airflow/.local/lib/python3.8/site-packages/airflow/example_dags/example_branch_operator.py took 0.081 seconds
[2025-11-27T08:21:24.407+0000] {processor.py:161} INFO - Started process (PID=669) to work on /home/airflow/.local/lib/python3.8/site-packages/airflow/example_dags/example_branch_operator.py
[2025-11-27T08:21:24.408+0000] {processor.py:830} INFO - Processing file /home/airflow/.local/lib/python3.8/site-packages/airflow/example_dags/example_branch_operator.py for tasks to queue
[2025-11-27T08:21:24.410+0000] {logging_mixin.py:188} INFO - [2025-11-27T08:21:24.410+0000] {dagbag.py:538} INFO - Filling up the DagBag from /home/airflow/.local/lib/python3.8/site-packages/airflow/example_dags/example_branch_operator.py
[2025-11-27T08:21:24.424+0000] {processor.py:840} INFO - DAG(s) 'example_branch_operator' retrieved from /home/airflow/.local/lib/python3.8/site-packages/airflow/example_dags/example_branch_operator.py
[2025-11-27T08:21:24.448+0000] {logging_mixin.py:188} INFO - [2025-11-27T08:21:24.448+0000] {dag.py:3036} INFO - Sync 1 DAGs
[2025-11-27T08:21:24.465+0000] {logging_mixin.py:188} INFO - [2025-11-27T08:21:24.465+0000] {dag.py:3823} INFO - Setting next_dagrun for example_branch_operator to 2025-11-26 00:00:00+00:00, run_after=2025-11-27 00:00:00+00:00
[2025-11-27T08:21:24.483+0000] {processor.py:183} INFO - Processing /home/airflow/.local/lib/python3.8/site-packages/airflow/example_dags/example_branch_operator.py took 0.079 seconds
