[2025-11-27T07:49:58.584+0000] {processor.py:161} INFO - Started process (PID=65) to work on /home/airflow/.local/lib/python3.8/site-packages/airflow/example_dags/example_kubernetes_executor.py
[2025-11-27T07:49:58.586+0000] {processor.py:830} INFO - Processing file /home/airflow/.local/lib/python3.8/site-packages/airflow/example_dags/example_kubernetes_executor.py for tasks to queue
[2025-11-27T07:49:58.589+0000] {logging_mixin.py:188} INFO - [2025-11-27T07:49:58.588+0000] {dagbag.py:538} INFO - Filling up the DagBag from /home/airflow/.local/lib/python3.8/site-packages/airflow/example_dags/example_kubernetes_executor.py
[2025-11-27T07:49:58.605+0000] {processor.py:840} INFO - DAG(s) 'example_kubernetes_executor' retrieved from /home/airflow/.local/lib/python3.8/site-packages/airflow/example_dags/example_kubernetes_executor.py
[2025-11-27T07:49:58.619+0000] {logging_mixin.py:188} INFO - [2025-11-27T07:49:58.619+0000] {dag.py:3036} INFO - Sync 1 DAGs
[2025-11-27T07:49:58.632+0000] {logging_mixin.py:188} INFO - [2025-11-27T07:49:58.632+0000] {dag.py:3823} INFO - Setting next_dagrun for example_kubernetes_executor to None, run_after=None
[2025-11-27T07:49:58.652+0000] {processor.py:183} INFO - Processing /home/airflow/.local/lib/python3.8/site-packages/airflow/example_dags/example_kubernetes_executor.py took 0.072 seconds
[2025-11-27T07:50:31.697+0000] {processor.py:161} INFO - Started process (PID=121) to work on /home/airflow/.local/lib/python3.8/site-packages/airflow/example_dags/example_kubernetes_executor.py
[2025-11-27T07:50:31.699+0000] {processor.py:830} INFO - Processing file /home/airflow/.local/lib/python3.8/site-packages/airflow/example_dags/example_kubernetes_executor.py for tasks to queue
[2025-11-27T07:50:31.701+0000] {logging_mixin.py:188} INFO - [2025-11-27T07:50:31.701+0000] {dagbag.py:538} INFO - Filling up the DagBag from /home/airflow/.local/lib/python3.8/site-packages/airflow/example_dags/example_kubernetes_executor.py
[2025-11-27T07:50:31.712+0000] {processor.py:840} INFO - DAG(s) 'example_kubernetes_executor' retrieved from /home/airflow/.local/lib/python3.8/site-packages/airflow/example_dags/example_kubernetes_executor.py
[2025-11-27T07:50:31.806+0000] {logging_mixin.py:188} INFO - [2025-11-27T07:50:31.806+0000] {dag.py:3036} INFO - Sync 1 DAGs
[2025-11-27T07:50:31.814+0000] {logging_mixin.py:188} INFO - [2025-11-27T07:50:31.814+0000] {dag.py:3823} INFO - Setting next_dagrun for example_kubernetes_executor to None, run_after=None
[2025-11-27T07:50:31.834+0000] {processor.py:183} INFO - Processing /home/airflow/.local/lib/python3.8/site-packages/airflow/example_dags/example_kubernetes_executor.py took 0.140 seconds
[2025-11-27T07:51:03.648+0000] {processor.py:161} INFO - Started process (PID=177) to work on /home/airflow/.local/lib/python3.8/site-packages/airflow/example_dags/example_kubernetes_executor.py
[2025-11-27T07:51:03.650+0000] {processor.py:830} INFO - Processing file /home/airflow/.local/lib/python3.8/site-packages/airflow/example_dags/example_kubernetes_executor.py for tasks to queue
[2025-11-27T07:51:03.651+0000] {logging_mixin.py:188} INFO - [2025-11-27T07:51:03.651+0000] {dagbag.py:538} INFO - Filling up the DagBag from /home/airflow/.local/lib/python3.8/site-packages/airflow/example_dags/example_kubernetes_executor.py
[2025-11-27T07:51:03.662+0000] {processor.py:840} INFO - DAG(s) 'example_kubernetes_executor' retrieved from /home/airflow/.local/lib/python3.8/site-packages/airflow/example_dags/example_kubernetes_executor.py
[2025-11-27T07:51:03.690+0000] {logging_mixin.py:188} INFO - [2025-11-27T07:51:03.690+0000] {dag.py:3036} INFO - Sync 1 DAGs
[2025-11-27T07:51:03.700+0000] {logging_mixin.py:188} INFO - [2025-11-27T07:51:03.700+0000] {dag.py:3823} INFO - Setting next_dagrun for example_kubernetes_executor to None, run_after=None
[2025-11-27T07:51:03.719+0000] {processor.py:183} INFO - Processing /home/airflow/.local/lib/python3.8/site-packages/airflow/example_dags/example_kubernetes_executor.py took 0.073 seconds
[2025-11-27T07:51:35.887+0000] {processor.py:161} INFO - Started process (PID=233) to work on /home/airflow/.local/lib/python3.8/site-packages/airflow/example_dags/example_kubernetes_executor.py
[2025-11-27T07:51:35.889+0000] {processor.py:830} INFO - Processing file /home/airflow/.local/lib/python3.8/site-packages/airflow/example_dags/example_kubernetes_executor.py for tasks to queue
[2025-11-27T07:51:35.892+0000] {logging_mixin.py:188} INFO - [2025-11-27T07:51:35.891+0000] {dagbag.py:538} INFO - Filling up the DagBag from /home/airflow/.local/lib/python3.8/site-packages/airflow/example_dags/example_kubernetes_executor.py
[2025-11-27T07:51:35.904+0000] {processor.py:840} INFO - DAG(s) 'example_kubernetes_executor' retrieved from /home/airflow/.local/lib/python3.8/site-packages/airflow/example_dags/example_kubernetes_executor.py
[2025-11-27T07:51:35.939+0000] {logging_mixin.py:188} INFO - [2025-11-27T07:51:35.939+0000] {dag.py:3036} INFO - Sync 1 DAGs
[2025-11-27T07:51:35.949+0000] {logging_mixin.py:188} INFO - [2025-11-27T07:51:35.949+0000] {dag.py:3823} INFO - Setting next_dagrun for example_kubernetes_executor to None, run_after=None
[2025-11-27T07:51:35.970+0000] {processor.py:183} INFO - Processing /home/airflow/.local/lib/python3.8/site-packages/airflow/example_dags/example_kubernetes_executor.py took 0.086 seconds
[2025-11-27T07:52:09.020+0000] {processor.py:161} INFO - Started process (PID=289) to work on /home/airflow/.local/lib/python3.8/site-packages/airflow/example_dags/example_kubernetes_executor.py
[2025-11-27T07:52:09.021+0000] {processor.py:830} INFO - Processing file /home/airflow/.local/lib/python3.8/site-packages/airflow/example_dags/example_kubernetes_executor.py for tasks to queue
[2025-11-27T07:52:09.022+0000] {logging_mixin.py:188} INFO - [2025-11-27T07:52:09.022+0000] {dagbag.py:538} INFO - Filling up the DagBag from /home/airflow/.local/lib/python3.8/site-packages/airflow/example_dags/example_kubernetes_executor.py
[2025-11-27T07:52:09.033+0000] {processor.py:840} INFO - DAG(s) 'example_kubernetes_executor' retrieved from /home/airflow/.local/lib/python3.8/site-packages/airflow/example_dags/example_kubernetes_executor.py
[2025-11-27T07:52:09.065+0000] {logging_mixin.py:188} INFO - [2025-11-27T07:52:09.064+0000] {dag.py:3036} INFO - Sync 1 DAGs
[2025-11-27T07:52:09.076+0000] {logging_mixin.py:188} INFO - [2025-11-27T07:52:09.076+0000] {dag.py:3823} INFO - Setting next_dagrun for example_kubernetes_executor to None, run_after=None
[2025-11-27T07:52:09.097+0000] {processor.py:183} INFO - Processing /home/airflow/.local/lib/python3.8/site-packages/airflow/example_dags/example_kubernetes_executor.py took 0.080 seconds
[2025-11-27T08:08:14.435+0000] {processor.py:161} INFO - Started process (PID=127) to work on /home/airflow/.local/lib/python3.8/site-packages/airflow/example_dags/example_kubernetes_executor.py
[2025-11-27T08:08:14.437+0000] {processor.py:830} INFO - Processing file /home/airflow/.local/lib/python3.8/site-packages/airflow/example_dags/example_kubernetes_executor.py for tasks to queue
[2025-11-27T08:08:14.439+0000] {logging_mixin.py:188} INFO - [2025-11-27T08:08:14.439+0000] {dagbag.py:538} INFO - Filling up the DagBag from /home/airflow/.local/lib/python3.8/site-packages/airflow/example_dags/example_kubernetes_executor.py
[2025-11-27T08:08:14.454+0000] {processor.py:840} INFO - DAG(s) 'example_kubernetes_executor' retrieved from /home/airflow/.local/lib/python3.8/site-packages/airflow/example_dags/example_kubernetes_executor.py
[2025-11-27T08:08:14.466+0000] {logging_mixin.py:188} INFO - [2025-11-27T08:08:14.465+0000] {dag.py:3036} INFO - Sync 1 DAGs
[2025-11-27T08:08:14.476+0000] {logging_mixin.py:188} INFO - [2025-11-27T08:08:14.476+0000] {dag.py:3823} INFO - Setting next_dagrun for example_kubernetes_executor to None, run_after=None
[2025-11-27T08:08:14.494+0000] {processor.py:183} INFO - Processing /home/airflow/.local/lib/python3.8/site-packages/airflow/example_dags/example_kubernetes_executor.py took 0.063 seconds
[2025-11-27T08:08:46.305+0000] {processor.py:161} INFO - Started process (PID=189) to work on /home/airflow/.local/lib/python3.8/site-packages/airflow/example_dags/example_kubernetes_executor.py
[2025-11-27T08:08:46.307+0000] {processor.py:830} INFO - Processing file /home/airflow/.local/lib/python3.8/site-packages/airflow/example_dags/example_kubernetes_executor.py for tasks to queue
[2025-11-27T08:08:46.310+0000] {logging_mixin.py:188} INFO - [2025-11-27T08:08:46.309+0000] {dagbag.py:538} INFO - Filling up the DagBag from /home/airflow/.local/lib/python3.8/site-packages/airflow/example_dags/example_kubernetes_executor.py
[2025-11-27T08:08:46.326+0000] {processor.py:840} INFO - DAG(s) 'example_kubernetes_executor' retrieved from /home/airflow/.local/lib/python3.8/site-packages/airflow/example_dags/example_kubernetes_executor.py
[2025-11-27T08:08:46.608+0000] {logging_mixin.py:188} INFO - [2025-11-27T08:08:46.608+0000] {dag.py:3036} INFO - Sync 1 DAGs
[2025-11-27T08:08:46.616+0000] {logging_mixin.py:188} INFO - [2025-11-27T08:08:46.616+0000] {dag.py:3823} INFO - Setting next_dagrun for example_kubernetes_executor to None, run_after=None
[2025-11-27T08:08:46.639+0000] {processor.py:183} INFO - Processing /home/airflow/.local/lib/python3.8/site-packages/airflow/example_dags/example_kubernetes_executor.py took 0.338 seconds
[2025-11-27T08:09:17.248+0000] {processor.py:161} INFO - Started process (PID=239) to work on /home/airflow/.local/lib/python3.8/site-packages/airflow/example_dags/example_kubernetes_executor.py
[2025-11-27T08:09:17.250+0000] {processor.py:830} INFO - Processing file /home/airflow/.local/lib/python3.8/site-packages/airflow/example_dags/example_kubernetes_executor.py for tasks to queue
[2025-11-27T08:09:17.252+0000] {logging_mixin.py:188} INFO - [2025-11-27T08:09:17.252+0000] {dagbag.py:538} INFO - Filling up the DagBag from /home/airflow/.local/lib/python3.8/site-packages/airflow/example_dags/example_kubernetes_executor.py
[2025-11-27T08:09:17.267+0000] {processor.py:840} INFO - DAG(s) 'example_kubernetes_executor' retrieved from /home/airflow/.local/lib/python3.8/site-packages/airflow/example_dags/example_kubernetes_executor.py
[2025-11-27T08:09:17.303+0000] {logging_mixin.py:188} INFO - [2025-11-27T08:09:17.303+0000] {dag.py:3036} INFO - Sync 1 DAGs
[2025-11-27T08:09:17.315+0000] {logging_mixin.py:188} INFO - [2025-11-27T08:09:17.315+0000] {dag.py:3823} INFO - Setting next_dagrun for example_kubernetes_executor to None, run_after=None
[2025-11-27T08:09:17.336+0000] {processor.py:183} INFO - Processing /home/airflow/.local/lib/python3.8/site-packages/airflow/example_dags/example_kubernetes_executor.py took 0.090 seconds
[2025-11-27T08:09:47.394+0000] {processor.py:161} INFO - Started process (PID=295) to work on /home/airflow/.local/lib/python3.8/site-packages/airflow/example_dags/example_kubernetes_executor.py
[2025-11-27T08:09:47.395+0000] {processor.py:830} INFO - Processing file /home/airflow/.local/lib/python3.8/site-packages/airflow/example_dags/example_kubernetes_executor.py for tasks to queue
[2025-11-27T08:09:47.397+0000] {logging_mixin.py:188} INFO - [2025-11-27T08:09:47.396+0000] {dagbag.py:538} INFO - Filling up the DagBag from /home/airflow/.local/lib/python3.8/site-packages/airflow/example_dags/example_kubernetes_executor.py
[2025-11-27T08:09:47.407+0000] {processor.py:840} INFO - DAG(s) 'example_kubernetes_executor' retrieved from /home/airflow/.local/lib/python3.8/site-packages/airflow/example_dags/example_kubernetes_executor.py
[2025-11-27T08:09:47.437+0000] {logging_mixin.py:188} INFO - [2025-11-27T08:09:47.436+0000] {dag.py:3036} INFO - Sync 1 DAGs
[2025-11-27T08:09:47.445+0000] {logging_mixin.py:188} INFO - [2025-11-27T08:09:47.445+0000] {dag.py:3823} INFO - Setting next_dagrun for example_kubernetes_executor to None, run_after=None
[2025-11-27T08:09:47.466+0000] {processor.py:183} INFO - Processing /home/airflow/.local/lib/python3.8/site-packages/airflow/example_dags/example_kubernetes_executor.py took 0.074 seconds
[2025-11-27T08:10:17.809+0000] {processor.py:161} INFO - Started process (PID=351) to work on /home/airflow/.local/lib/python3.8/site-packages/airflow/example_dags/example_kubernetes_executor.py
[2025-11-27T08:10:17.810+0000] {processor.py:830} INFO - Processing file /home/airflow/.local/lib/python3.8/site-packages/airflow/example_dags/example_kubernetes_executor.py for tasks to queue
[2025-11-27T08:10:17.812+0000] {logging_mixin.py:188} INFO - [2025-11-27T08:10:17.811+0000] {dagbag.py:538} INFO - Filling up the DagBag from /home/airflow/.local/lib/python3.8/site-packages/airflow/example_dags/example_kubernetes_executor.py
[2025-11-27T08:10:17.822+0000] {processor.py:840} INFO - DAG(s) 'example_kubernetes_executor' retrieved from /home/airflow/.local/lib/python3.8/site-packages/airflow/example_dags/example_kubernetes_executor.py
[2025-11-27T08:10:17.851+0000] {logging_mixin.py:188} INFO - [2025-11-27T08:10:17.851+0000] {dag.py:3036} INFO - Sync 1 DAGs
[2025-11-27T08:10:17.859+0000] {logging_mixin.py:188} INFO - [2025-11-27T08:10:17.859+0000] {dag.py:3823} INFO - Setting next_dagrun for example_kubernetes_executor to None, run_after=None
[2025-11-27T08:10:17.877+0000] {processor.py:183} INFO - Processing /home/airflow/.local/lib/python3.8/site-packages/airflow/example_dags/example_kubernetes_executor.py took 0.071 seconds
[2025-11-27T08:10:48.734+0000] {processor.py:161} INFO - Started process (PID=408) to work on /home/airflow/.local/lib/python3.8/site-packages/airflow/example_dags/example_kubernetes_executor.py
[2025-11-27T08:10:48.735+0000] {processor.py:830} INFO - Processing file /home/airflow/.local/lib/python3.8/site-packages/airflow/example_dags/example_kubernetes_executor.py for tasks to queue
[2025-11-27T08:10:48.738+0000] {logging_mixin.py:188} INFO - [2025-11-27T08:10:48.737+0000] {dagbag.py:538} INFO - Filling up the DagBag from /home/airflow/.local/lib/python3.8/site-packages/airflow/example_dags/example_kubernetes_executor.py
[2025-11-27T08:10:48.752+0000] {processor.py:840} INFO - DAG(s) 'example_kubernetes_executor' retrieved from /home/airflow/.local/lib/python3.8/site-packages/airflow/example_dags/example_kubernetes_executor.py
[2025-11-27T08:10:48.787+0000] {logging_mixin.py:188} INFO - [2025-11-27T08:10:48.787+0000] {dag.py:3036} INFO - Sync 1 DAGs
[2025-11-27T08:10:48.796+0000] {logging_mixin.py:188} INFO - [2025-11-27T08:10:48.796+0000] {dag.py:3823} INFO - Setting next_dagrun for example_kubernetes_executor to None, run_after=None
[2025-11-27T08:10:48.814+0000] {processor.py:183} INFO - Processing /home/airflow/.local/lib/python3.8/site-packages/airflow/example_dags/example_kubernetes_executor.py took 0.083 seconds
[2025-11-27T08:11:18.939+0000] {processor.py:161} INFO - Started process (PID=464) to work on /home/airflow/.local/lib/python3.8/site-packages/airflow/example_dags/example_kubernetes_executor.py
[2025-11-27T08:11:18.940+0000] {processor.py:830} INFO - Processing file /home/airflow/.local/lib/python3.8/site-packages/airflow/example_dags/example_kubernetes_executor.py for tasks to queue
[2025-11-27T08:11:18.943+0000] {logging_mixin.py:188} INFO - [2025-11-27T08:11:18.943+0000] {dagbag.py:538} INFO - Filling up the DagBag from /home/airflow/.local/lib/python3.8/site-packages/airflow/example_dags/example_kubernetes_executor.py
[2025-11-27T08:11:18.956+0000] {processor.py:840} INFO - DAG(s) 'example_kubernetes_executor' retrieved from /home/airflow/.local/lib/python3.8/site-packages/airflow/example_dags/example_kubernetes_executor.py
[2025-11-27T08:11:18.984+0000] {logging_mixin.py:188} INFO - [2025-11-27T08:11:18.984+0000] {dag.py:3036} INFO - Sync 1 DAGs
[2025-11-27T08:11:18.992+0000] {logging_mixin.py:188} INFO - [2025-11-27T08:11:18.992+0000] {dag.py:3823} INFO - Setting next_dagrun for example_kubernetes_executor to None, run_after=None
[2025-11-27T08:11:19.010+0000] {processor.py:183} INFO - Processing /home/airflow/.local/lib/python3.8/site-packages/airflow/example_dags/example_kubernetes_executor.py took 0.075 seconds
[2025-11-27T08:11:49.514+0000] {processor.py:161} INFO - Started process (PID=520) to work on /home/airflow/.local/lib/python3.8/site-packages/airflow/example_dags/example_kubernetes_executor.py
[2025-11-27T08:11:49.516+0000] {processor.py:830} INFO - Processing file /home/airflow/.local/lib/python3.8/site-packages/airflow/example_dags/example_kubernetes_executor.py for tasks to queue
[2025-11-27T08:11:49.518+0000] {logging_mixin.py:188} INFO - [2025-11-27T08:11:49.518+0000] {dagbag.py:538} INFO - Filling up the DagBag from /home/airflow/.local/lib/python3.8/site-packages/airflow/example_dags/example_kubernetes_executor.py
[2025-11-27T08:11:49.527+0000] {processor.py:840} INFO - DAG(s) 'example_kubernetes_executor' retrieved from /home/airflow/.local/lib/python3.8/site-packages/airflow/example_dags/example_kubernetes_executor.py
[2025-11-27T08:11:49.558+0000] {logging_mixin.py:188} INFO - [2025-11-27T08:11:49.558+0000] {dag.py:3036} INFO - Sync 1 DAGs
[2025-11-27T08:11:49.566+0000] {logging_mixin.py:188} INFO - [2025-11-27T08:11:49.566+0000] {dag.py:3823} INFO - Setting next_dagrun for example_kubernetes_executor to None, run_after=None
[2025-11-27T08:11:49.586+0000] {processor.py:183} INFO - Processing /home/airflow/.local/lib/python3.8/site-packages/airflow/example_dags/example_kubernetes_executor.py took 0.074 seconds
[2025-11-27T08:12:19.906+0000] {processor.py:161} INFO - Started process (PID=576) to work on /home/airflow/.local/lib/python3.8/site-packages/airflow/example_dags/example_kubernetes_executor.py
[2025-11-27T08:12:19.907+0000] {processor.py:830} INFO - Processing file /home/airflow/.local/lib/python3.8/site-packages/airflow/example_dags/example_kubernetes_executor.py for tasks to queue
[2025-11-27T08:12:19.909+0000] {logging_mixin.py:188} INFO - [2025-11-27T08:12:19.909+0000] {dagbag.py:538} INFO - Filling up the DagBag from /home/airflow/.local/lib/python3.8/site-packages/airflow/example_dags/example_kubernetes_executor.py
[2025-11-27T08:12:19.918+0000] {processor.py:840} INFO - DAG(s) 'example_kubernetes_executor' retrieved from /home/airflow/.local/lib/python3.8/site-packages/airflow/example_dags/example_kubernetes_executor.py
[2025-11-27T08:12:19.946+0000] {logging_mixin.py:188} INFO - [2025-11-27T08:12:19.945+0000] {dag.py:3036} INFO - Sync 1 DAGs
[2025-11-27T08:12:19.958+0000] {logging_mixin.py:188} INFO - [2025-11-27T08:12:19.958+0000] {dag.py:3823} INFO - Setting next_dagrun for example_kubernetes_executor to None, run_after=None
[2025-11-27T08:12:19.978+0000] {processor.py:183} INFO - Processing /home/airflow/.local/lib/python3.8/site-packages/airflow/example_dags/example_kubernetes_executor.py took 0.075 seconds
[2025-11-27T08:12:50.438+0000] {processor.py:161} INFO - Started process (PID=632) to work on /home/airflow/.local/lib/python3.8/site-packages/airflow/example_dags/example_kubernetes_executor.py
[2025-11-27T08:12:50.439+0000] {processor.py:830} INFO - Processing file /home/airflow/.local/lib/python3.8/site-packages/airflow/example_dags/example_kubernetes_executor.py for tasks to queue
[2025-11-27T08:12:50.441+0000] {logging_mixin.py:188} INFO - [2025-11-27T08:12:50.441+0000] {dagbag.py:538} INFO - Filling up the DagBag from /home/airflow/.local/lib/python3.8/site-packages/airflow/example_dags/example_kubernetes_executor.py
[2025-11-27T08:12:50.451+0000] {processor.py:840} INFO - DAG(s) 'example_kubernetes_executor' retrieved from /home/airflow/.local/lib/python3.8/site-packages/airflow/example_dags/example_kubernetes_executor.py
[2025-11-27T08:12:50.485+0000] {logging_mixin.py:188} INFO - [2025-11-27T08:12:50.485+0000] {dag.py:3036} INFO - Sync 1 DAGs
[2025-11-27T08:12:50.495+0000] {logging_mixin.py:188} INFO - [2025-11-27T08:12:50.495+0000] {dag.py:3823} INFO - Setting next_dagrun for example_kubernetes_executor to None, run_after=None
[2025-11-27T08:12:50.513+0000] {processor.py:183} INFO - Processing /home/airflow/.local/lib/python3.8/site-packages/airflow/example_dags/example_kubernetes_executor.py took 0.078 seconds
[2025-11-27T08:13:20.940+0000] {processor.py:161} INFO - Started process (PID=688) to work on /home/airflow/.local/lib/python3.8/site-packages/airflow/example_dags/example_kubernetes_executor.py
[2025-11-27T08:13:20.942+0000] {processor.py:830} INFO - Processing file /home/airflow/.local/lib/python3.8/site-packages/airflow/example_dags/example_kubernetes_executor.py for tasks to queue
[2025-11-27T08:13:20.944+0000] {logging_mixin.py:188} INFO - [2025-11-27T08:13:20.943+0000] {dagbag.py:538} INFO - Filling up the DagBag from /home/airflow/.local/lib/python3.8/site-packages/airflow/example_dags/example_kubernetes_executor.py
[2025-11-27T08:13:20.954+0000] {processor.py:840} INFO - DAG(s) 'example_kubernetes_executor' retrieved from /home/airflow/.local/lib/python3.8/site-packages/airflow/example_dags/example_kubernetes_executor.py
[2025-11-27T08:13:20.984+0000] {logging_mixin.py:188} INFO - [2025-11-27T08:13:20.984+0000] {dag.py:3036} INFO - Sync 1 DAGs
[2025-11-27T08:13:20.994+0000] {logging_mixin.py:188} INFO - [2025-11-27T08:13:20.993+0000] {dag.py:3823} INFO - Setting next_dagrun for example_kubernetes_executor to None, run_after=None
[2025-11-27T08:13:21.012+0000] {processor.py:183} INFO - Processing /home/airflow/.local/lib/python3.8/site-packages/airflow/example_dags/example_kubernetes_executor.py took 0.074 seconds
[2025-11-27T08:13:51.445+0000] {processor.py:161} INFO - Started process (PID=744) to work on /home/airflow/.local/lib/python3.8/site-packages/airflow/example_dags/example_kubernetes_executor.py
[2025-11-27T08:13:51.446+0000] {processor.py:830} INFO - Processing file /home/airflow/.local/lib/python3.8/site-packages/airflow/example_dags/example_kubernetes_executor.py for tasks to queue
[2025-11-27T08:13:51.448+0000] {logging_mixin.py:188} INFO - [2025-11-27T08:13:51.447+0000] {dagbag.py:538} INFO - Filling up the DagBag from /home/airflow/.local/lib/python3.8/site-packages/airflow/example_dags/example_kubernetes_executor.py
[2025-11-27T08:13:51.458+0000] {processor.py:840} INFO - DAG(s) 'example_kubernetes_executor' retrieved from /home/airflow/.local/lib/python3.8/site-packages/airflow/example_dags/example_kubernetes_executor.py
[2025-11-27T08:13:51.486+0000] {logging_mixin.py:188} INFO - [2025-11-27T08:13:51.486+0000] {dag.py:3036} INFO - Sync 1 DAGs
[2025-11-27T08:13:51.494+0000] {logging_mixin.py:188} INFO - [2025-11-27T08:13:51.494+0000] {dag.py:3823} INFO - Setting next_dagrun for example_kubernetes_executor to None, run_after=None
[2025-11-27T08:13:51.511+0000] {processor.py:183} INFO - Processing /home/airflow/.local/lib/python3.8/site-packages/airflow/example_dags/example_kubernetes_executor.py took 0.068 seconds
[2025-11-27T08:14:23.770+0000] {processor.py:161} INFO - Started process (PID=800) to work on /home/airflow/.local/lib/python3.8/site-packages/airflow/example_dags/example_kubernetes_executor.py
[2025-11-27T08:14:23.771+0000] {processor.py:830} INFO - Processing file /home/airflow/.local/lib/python3.8/site-packages/airflow/example_dags/example_kubernetes_executor.py for tasks to queue
[2025-11-27T08:14:23.774+0000] {logging_mixin.py:188} INFO - [2025-11-27T08:14:23.773+0000] {dagbag.py:538} INFO - Filling up the DagBag from /home/airflow/.local/lib/python3.8/site-packages/airflow/example_dags/example_kubernetes_executor.py
[2025-11-27T08:14:23.785+0000] {processor.py:840} INFO - DAG(s) 'example_kubernetes_executor' retrieved from /home/airflow/.local/lib/python3.8/site-packages/airflow/example_dags/example_kubernetes_executor.py
[2025-11-27T08:14:23.817+0000] {logging_mixin.py:188} INFO - [2025-11-27T08:14:23.817+0000] {dag.py:3036} INFO - Sync 1 DAGs
[2025-11-27T08:14:23.826+0000] {logging_mixin.py:188} INFO - [2025-11-27T08:14:23.826+0000] {dag.py:3823} INFO - Setting next_dagrun for example_kubernetes_executor to None, run_after=None
[2025-11-27T08:14:23.843+0000] {processor.py:183} INFO - Processing /home/airflow/.local/lib/python3.8/site-packages/airflow/example_dags/example_kubernetes_executor.py took 0.076 seconds
[2025-11-27T08:14:56.052+0000] {processor.py:161} INFO - Started process (PID=856) to work on /home/airflow/.local/lib/python3.8/site-packages/airflow/example_dags/example_kubernetes_executor.py
[2025-11-27T08:14:56.053+0000] {processor.py:830} INFO - Processing file /home/airflow/.local/lib/python3.8/site-packages/airflow/example_dags/example_kubernetes_executor.py for tasks to queue
[2025-11-27T08:14:56.055+0000] {logging_mixin.py:188} INFO - [2025-11-27T08:14:56.055+0000] {dagbag.py:538} INFO - Filling up the DagBag from /home/airflow/.local/lib/python3.8/site-packages/airflow/example_dags/example_kubernetes_executor.py
[2025-11-27T08:14:56.066+0000] {processor.py:840} INFO - DAG(s) 'example_kubernetes_executor' retrieved from /home/airflow/.local/lib/python3.8/site-packages/airflow/example_dags/example_kubernetes_executor.py
[2025-11-27T08:14:56.096+0000] {logging_mixin.py:188} INFO - [2025-11-27T08:14:56.096+0000] {dag.py:3036} INFO - Sync 1 DAGs
[2025-11-27T08:14:56.105+0000] {logging_mixin.py:188} INFO - [2025-11-27T08:14:56.105+0000] {dag.py:3823} INFO - Setting next_dagrun for example_kubernetes_executor to None, run_after=None
[2025-11-27T08:14:56.126+0000] {processor.py:183} INFO - Processing /home/airflow/.local/lib/python3.8/site-packages/airflow/example_dags/example_kubernetes_executor.py took 0.075 seconds
[2025-11-27T08:16:28.725+0000] {processor.py:161} INFO - Started process (PID=127) to work on /home/airflow/.local/lib/python3.8/site-packages/airflow/example_dags/example_kubernetes_executor.py
[2025-11-27T08:16:28.726+0000] {processor.py:830} INFO - Processing file /home/airflow/.local/lib/python3.8/site-packages/airflow/example_dags/example_kubernetes_executor.py for tasks to queue
[2025-11-27T08:16:28.728+0000] {logging_mixin.py:188} INFO - [2025-11-27T08:16:28.728+0000] {dagbag.py:538} INFO - Filling up the DagBag from /home/airflow/.local/lib/python3.8/site-packages/airflow/example_dags/example_kubernetes_executor.py
[2025-11-27T08:16:28.741+0000] {processor.py:840} INFO - DAG(s) 'example_kubernetes_executor' retrieved from /home/airflow/.local/lib/python3.8/site-packages/airflow/example_dags/example_kubernetes_executor.py
[2025-11-27T08:16:28.752+0000] {logging_mixin.py:188} INFO - [2025-11-27T08:16:28.752+0000] {dag.py:3036} INFO - Sync 1 DAGs
[2025-11-27T08:16:28.762+0000] {logging_mixin.py:188} INFO - [2025-11-27T08:16:28.761+0000] {dag.py:3823} INFO - Setting next_dagrun for example_kubernetes_executor to None, run_after=None
[2025-11-27T08:16:28.783+0000] {processor.py:183} INFO - Processing /home/airflow/.local/lib/python3.8/site-packages/airflow/example_dags/example_kubernetes_executor.py took 0.060 seconds
[2025-11-27T08:17:00.166+0000] {processor.py:161} INFO - Started process (PID=184) to work on /home/airflow/.local/lib/python3.8/site-packages/airflow/example_dags/example_kubernetes_executor.py
[2025-11-27T08:17:00.168+0000] {processor.py:830} INFO - Processing file /home/airflow/.local/lib/python3.8/site-packages/airflow/example_dags/example_kubernetes_executor.py for tasks to queue
[2025-11-27T08:17:00.171+0000] {logging_mixin.py:188} INFO - [2025-11-27T08:17:00.171+0000] {dagbag.py:538} INFO - Filling up the DagBag from /home/airflow/.local/lib/python3.8/site-packages/airflow/example_dags/example_kubernetes_executor.py
[2025-11-27T08:17:00.192+0000] {processor.py:840} INFO - DAG(s) 'example_kubernetes_executor' retrieved from /home/airflow/.local/lib/python3.8/site-packages/airflow/example_dags/example_kubernetes_executor.py
[2025-11-27T08:17:00.428+0000] {logging_mixin.py:188} INFO - [2025-11-27T08:17:00.428+0000] {dag.py:3036} INFO - Sync 1 DAGs
[2025-11-27T08:17:00.438+0000] {logging_mixin.py:188} INFO - [2025-11-27T08:17:00.438+0000] {dag.py:3823} INFO - Setting next_dagrun for example_kubernetes_executor to None, run_after=None
[2025-11-27T08:17:00.459+0000] {processor.py:183} INFO - Processing /home/airflow/.local/lib/python3.8/site-packages/airflow/example_dags/example_kubernetes_executor.py took 0.298 seconds
[2025-11-27T08:17:30.908+0000] {processor.py:161} INFO - Started process (PID=240) to work on /home/airflow/.local/lib/python3.8/site-packages/airflow/example_dags/example_kubernetes_executor.py
[2025-11-27T08:17:30.909+0000] {processor.py:830} INFO - Processing file /home/airflow/.local/lib/python3.8/site-packages/airflow/example_dags/example_kubernetes_executor.py for tasks to queue
[2025-11-27T08:17:30.911+0000] {logging_mixin.py:188} INFO - [2025-11-27T08:17:30.911+0000] {dagbag.py:538} INFO - Filling up the DagBag from /home/airflow/.local/lib/python3.8/site-packages/airflow/example_dags/example_kubernetes_executor.py
[2025-11-27T08:17:30.923+0000] {processor.py:840} INFO - DAG(s) 'example_kubernetes_executor' retrieved from /home/airflow/.local/lib/python3.8/site-packages/airflow/example_dags/example_kubernetes_executor.py
[2025-11-27T08:17:30.953+0000] {logging_mixin.py:188} INFO - [2025-11-27T08:17:30.953+0000] {dag.py:3036} INFO - Sync 1 DAGs
[2025-11-27T08:17:30.962+0000] {logging_mixin.py:188} INFO - [2025-11-27T08:17:30.961+0000] {dag.py:3823} INFO - Setting next_dagrun for example_kubernetes_executor to None, run_after=None
[2025-11-27T08:17:30.980+0000] {processor.py:183} INFO - Processing /home/airflow/.local/lib/python3.8/site-packages/airflow/example_dags/example_kubernetes_executor.py took 0.076 seconds
[2025-11-27T08:18:01.628+0000] {processor.py:161} INFO - Started process (PID=296) to work on /home/airflow/.local/lib/python3.8/site-packages/airflow/example_dags/example_kubernetes_executor.py
[2025-11-27T08:18:01.629+0000] {processor.py:830} INFO - Processing file /home/airflow/.local/lib/python3.8/site-packages/airflow/example_dags/example_kubernetes_executor.py for tasks to queue
[2025-11-27T08:18:01.631+0000] {logging_mixin.py:188} INFO - [2025-11-27T08:18:01.631+0000] {dagbag.py:538} INFO - Filling up the DagBag from /home/airflow/.local/lib/python3.8/site-packages/airflow/example_dags/example_kubernetes_executor.py
[2025-11-27T08:18:01.643+0000] {processor.py:840} INFO - DAG(s) 'example_kubernetes_executor' retrieved from /home/airflow/.local/lib/python3.8/site-packages/airflow/example_dags/example_kubernetes_executor.py
[2025-11-27T08:18:01.680+0000] {logging_mixin.py:188} INFO - [2025-11-27T08:18:01.680+0000] {dag.py:3036} INFO - Sync 1 DAGs
[2025-11-27T08:18:01.695+0000] {logging_mixin.py:188} INFO - [2025-11-27T08:18:01.694+0000] {dag.py:3823} INFO - Setting next_dagrun for example_kubernetes_executor to None, run_after=None
[2025-11-27T08:18:01.715+0000] {processor.py:183} INFO - Processing /home/airflow/.local/lib/python3.8/site-packages/airflow/example_dags/example_kubernetes_executor.py took 0.092 seconds
[2025-11-27T08:18:33.018+0000] {processor.py:161} INFO - Started process (PID=352) to work on /home/airflow/.local/lib/python3.8/site-packages/airflow/example_dags/example_kubernetes_executor.py
[2025-11-27T08:18:33.020+0000] {processor.py:830} INFO - Processing file /home/airflow/.local/lib/python3.8/site-packages/airflow/example_dags/example_kubernetes_executor.py for tasks to queue
[2025-11-27T08:18:33.022+0000] {logging_mixin.py:188} INFO - [2025-11-27T08:18:33.021+0000] {dagbag.py:538} INFO - Filling up the DagBag from /home/airflow/.local/lib/python3.8/site-packages/airflow/example_dags/example_kubernetes_executor.py
[2025-11-27T08:18:33.033+0000] {processor.py:840} INFO - DAG(s) 'example_kubernetes_executor' retrieved from /home/airflow/.local/lib/python3.8/site-packages/airflow/example_dags/example_kubernetes_executor.py
[2025-11-27T08:18:33.064+0000] {logging_mixin.py:188} INFO - [2025-11-27T08:18:33.064+0000] {dag.py:3036} INFO - Sync 1 DAGs
[2025-11-27T08:18:33.073+0000] {logging_mixin.py:188} INFO - [2025-11-27T08:18:33.072+0000] {dag.py:3823} INFO - Setting next_dagrun for example_kubernetes_executor to None, run_after=None
[2025-11-27T08:18:33.090+0000] {processor.py:183} INFO - Processing /home/airflow/.local/lib/python3.8/site-packages/airflow/example_dags/example_kubernetes_executor.py took 0.074 seconds
[2025-11-27T08:19:03.743+0000] {processor.py:161} INFO - Started process (PID=408) to work on /home/airflow/.local/lib/python3.8/site-packages/airflow/example_dags/example_kubernetes_executor.py
[2025-11-27T08:19:03.745+0000] {processor.py:830} INFO - Processing file /home/airflow/.local/lib/python3.8/site-packages/airflow/example_dags/example_kubernetes_executor.py for tasks to queue
[2025-11-27T08:19:03.746+0000] {logging_mixin.py:188} INFO - [2025-11-27T08:19:03.746+0000] {dagbag.py:538} INFO - Filling up the DagBag from /home/airflow/.local/lib/python3.8/site-packages/airflow/example_dags/example_kubernetes_executor.py
[2025-11-27T08:19:03.756+0000] {processor.py:840} INFO - DAG(s) 'example_kubernetes_executor' retrieved from /home/airflow/.local/lib/python3.8/site-packages/airflow/example_dags/example_kubernetes_executor.py
[2025-11-27T08:19:03.784+0000] {logging_mixin.py:188} INFO - [2025-11-27T08:19:03.784+0000] {dag.py:3036} INFO - Sync 1 DAGs
[2025-11-27T08:19:03.793+0000] {logging_mixin.py:188} INFO - [2025-11-27T08:19:03.793+0000] {dag.py:3823} INFO - Setting next_dagrun for example_kubernetes_executor to None, run_after=None
[2025-11-27T08:19:03.811+0000] {processor.py:183} INFO - Processing /home/airflow/.local/lib/python3.8/site-packages/airflow/example_dags/example_kubernetes_executor.py took 0.069 seconds
[2025-11-27T08:19:34.285+0000] {processor.py:161} INFO - Started process (PID=464) to work on /home/airflow/.local/lib/python3.8/site-packages/airflow/example_dags/example_kubernetes_executor.py
[2025-11-27T08:19:34.286+0000] {processor.py:830} INFO - Processing file /home/airflow/.local/lib/python3.8/site-packages/airflow/example_dags/example_kubernetes_executor.py for tasks to queue
[2025-11-27T08:19:34.288+0000] {logging_mixin.py:188} INFO - [2025-11-27T08:19:34.288+0000] {dagbag.py:538} INFO - Filling up the DagBag from /home/airflow/.local/lib/python3.8/site-packages/airflow/example_dags/example_kubernetes_executor.py
[2025-11-27T08:19:34.298+0000] {processor.py:840} INFO - DAG(s) 'example_kubernetes_executor' retrieved from /home/airflow/.local/lib/python3.8/site-packages/airflow/example_dags/example_kubernetes_executor.py
[2025-11-27T08:19:34.327+0000] {logging_mixin.py:188} INFO - [2025-11-27T08:19:34.327+0000] {dag.py:3036} INFO - Sync 1 DAGs
[2025-11-27T08:19:34.336+0000] {logging_mixin.py:188} INFO - [2025-11-27T08:19:34.336+0000] {dag.py:3823} INFO - Setting next_dagrun for example_kubernetes_executor to None, run_after=None
[2025-11-27T08:19:34.358+0000] {processor.py:183} INFO - Processing /home/airflow/.local/lib/python3.8/site-packages/airflow/example_dags/example_kubernetes_executor.py took 0.075 seconds
[2025-11-27T08:20:04.416+0000] {processor.py:161} INFO - Started process (PID=520) to work on /home/airflow/.local/lib/python3.8/site-packages/airflow/example_dags/example_kubernetes_executor.py
[2025-11-27T08:20:04.419+0000] {processor.py:830} INFO - Processing file /home/airflow/.local/lib/python3.8/site-packages/airflow/example_dags/example_kubernetes_executor.py for tasks to queue
[2025-11-27T08:20:04.420+0000] {logging_mixin.py:188} INFO - [2025-11-27T08:20:04.420+0000] {dagbag.py:538} INFO - Filling up the DagBag from /home/airflow/.local/lib/python3.8/site-packages/airflow/example_dags/example_kubernetes_executor.py
[2025-11-27T08:20:04.431+0000] {processor.py:840} INFO - DAG(s) 'example_kubernetes_executor' retrieved from /home/airflow/.local/lib/python3.8/site-packages/airflow/example_dags/example_kubernetes_executor.py
[2025-11-27T08:20:04.465+0000] {logging_mixin.py:188} INFO - [2025-11-27T08:20:04.465+0000] {dag.py:3036} INFO - Sync 1 DAGs
[2025-11-27T08:20:04.478+0000] {logging_mixin.py:188} INFO - [2025-11-27T08:20:04.478+0000] {dag.py:3823} INFO - Setting next_dagrun for example_kubernetes_executor to None, run_after=None
[2025-11-27T08:20:04.506+0000] {processor.py:183} INFO - Processing /home/airflow/.local/lib/python3.8/site-packages/airflow/example_dags/example_kubernetes_executor.py took 0.092 seconds
[2025-11-27T08:20:34.751+0000] {processor.py:161} INFO - Started process (PID=576) to work on /home/airflow/.local/lib/python3.8/site-packages/airflow/example_dags/example_kubernetes_executor.py
[2025-11-27T08:20:34.752+0000] {processor.py:830} INFO - Processing file /home/airflow/.local/lib/python3.8/site-packages/airflow/example_dags/example_kubernetes_executor.py for tasks to queue
[2025-11-27T08:20:34.755+0000] {logging_mixin.py:188} INFO - [2025-11-27T08:20:34.754+0000] {dagbag.py:538} INFO - Filling up the DagBag from /home/airflow/.local/lib/python3.8/site-packages/airflow/example_dags/example_kubernetes_executor.py
[2025-11-27T08:20:34.765+0000] {processor.py:840} INFO - DAG(s) 'example_kubernetes_executor' retrieved from /home/airflow/.local/lib/python3.8/site-packages/airflow/example_dags/example_kubernetes_executor.py
[2025-11-27T08:20:34.794+0000] {logging_mixin.py:188} INFO - [2025-11-27T08:20:34.794+0000] {dag.py:3036} INFO - Sync 1 DAGs
[2025-11-27T08:20:34.805+0000] {logging_mixin.py:188} INFO - [2025-11-27T08:20:34.805+0000] {dag.py:3823} INFO - Setting next_dagrun for example_kubernetes_executor to None, run_after=None
[2025-11-27T08:20:34.825+0000] {processor.py:183} INFO - Processing /home/airflow/.local/lib/python3.8/site-packages/airflow/example_dags/example_kubernetes_executor.py took 0.076 seconds
[2025-11-27T08:21:05.553+0000] {processor.py:161} INFO - Started process (PID=632) to work on /home/airflow/.local/lib/python3.8/site-packages/airflow/example_dags/example_kubernetes_executor.py
[2025-11-27T08:21:05.555+0000] {processor.py:830} INFO - Processing file /home/airflow/.local/lib/python3.8/site-packages/airflow/example_dags/example_kubernetes_executor.py for tasks to queue
[2025-11-27T08:21:05.556+0000] {logging_mixin.py:188} INFO - [2025-11-27T08:21:05.556+0000] {dagbag.py:538} INFO - Filling up the DagBag from /home/airflow/.local/lib/python3.8/site-packages/airflow/example_dags/example_kubernetes_executor.py
[2025-11-27T08:21:05.567+0000] {processor.py:840} INFO - DAG(s) 'example_kubernetes_executor' retrieved from /home/airflow/.local/lib/python3.8/site-packages/airflow/example_dags/example_kubernetes_executor.py
[2025-11-27T08:21:05.596+0000] {logging_mixin.py:188} INFO - [2025-11-27T08:21:05.596+0000] {dag.py:3036} INFO - Sync 1 DAGs
[2025-11-27T08:21:05.605+0000] {logging_mixin.py:188} INFO - [2025-11-27T08:21:05.605+0000] {dag.py:3823} INFO - Setting next_dagrun for example_kubernetes_executor to None, run_after=None
[2025-11-27T08:21:06.061+0000] {processor.py:183} INFO - Processing /home/airflow/.local/lib/python3.8/site-packages/airflow/example_dags/example_kubernetes_executor.py took 0.511 seconds
