[2025-11-27T07:49:58.229+0000] {processor.py:161} INFO - Started process (PID=58) to work on /home/airflow/.local/lib/python3.8/site-packages/airflow/example_dags/example_branch_day_of_week_operator.py
[2025-11-27T07:49:58.230+0000] {processor.py:830} INFO - Processing file /home/airflow/.local/lib/python3.8/site-packages/airflow/example_dags/example_branch_day_of_week_operator.py for tasks to queue
[2025-11-27T07:49:58.232+0000] {logging_mixin.py:188} INFO - [2025-11-27T07:49:58.232+0000] {dagbag.py:538} INFO - Filling up the DagBag from /home/airflow/.local/lib/python3.8/site-packages/airflow/example_dags/example_branch_day_of_week_operator.py
[2025-11-27T07:49:58.242+0000] {processor.py:840} INFO - DAG(s) 'example_weekday_branch_operator' retrieved from /home/airflow/.local/lib/python3.8/site-packages/airflow/example_dags/example_branch_day_of_week_operator.py
[2025-11-27T07:49:58.255+0000] {logging_mixin.py:188} INFO - [2025-11-27T07:49:58.254+0000] {dag.py:3036} INFO - Sync 1 DAGs
[2025-11-27T07:49:58.276+0000] {logging_mixin.py:188} INFO - [2025-11-27T07:49:58.275+0000] {dag.py:3823} INFO - Setting next_dagrun for example_weekday_branch_operator to 2025-11-26 00:00:00+00:00, run_after=2025-11-27 00:00:00+00:00
[2025-11-27T07:49:58.297+0000] {processor.py:183} INFO - Processing /home/airflow/.local/lib/python3.8/site-packages/airflow/example_dags/example_branch_day_of_week_operator.py took 0.071 seconds
[2025-11-27T07:50:31.031+0000] {processor.py:161} INFO - Started process (PID=114) to work on /home/airflow/.local/lib/python3.8/site-packages/airflow/example_dags/example_branch_day_of_week_operator.py
[2025-11-27T07:50:31.032+0000] {processor.py:830} INFO - Processing file /home/airflow/.local/lib/python3.8/site-packages/airflow/example_dags/example_branch_day_of_week_operator.py for tasks to queue
[2025-11-27T07:50:31.034+0000] {logging_mixin.py:188} INFO - [2025-11-27T07:50:31.034+0000] {dagbag.py:538} INFO - Filling up the DagBag from /home/airflow/.local/lib/python3.8/site-packages/airflow/example_dags/example_branch_day_of_week_operator.py
[2025-11-27T07:50:31.040+0000] {processor.py:840} INFO - DAG(s) 'example_weekday_branch_operator' retrieved from /home/airflow/.local/lib/python3.8/site-packages/airflow/example_dags/example_branch_day_of_week_operator.py
[2025-11-27T07:50:31.130+0000] {logging_mixin.py:188} INFO - [2025-11-27T07:50:31.130+0000] {dag.py:3036} INFO - Sync 1 DAGs
[2025-11-27T07:50:31.144+0000] {logging_mixin.py:188} INFO - [2025-11-27T07:50:31.144+0000] {dag.py:3823} INFO - Setting next_dagrun for example_weekday_branch_operator to 2025-11-26 00:00:00+00:00, run_after=2025-11-27 00:00:00+00:00
[2025-11-27T07:50:31.161+0000] {processor.py:183} INFO - Processing /home/airflow/.local/lib/python3.8/site-packages/airflow/example_dags/example_branch_day_of_week_operator.py took 0.133 seconds
[2025-11-27T07:51:03.237+0000] {processor.py:161} INFO - Started process (PID=170) to work on /home/airflow/.local/lib/python3.8/site-packages/airflow/example_dags/example_branch_day_of_week_operator.py
[2025-11-27T07:51:03.238+0000] {processor.py:830} INFO - Processing file /home/airflow/.local/lib/python3.8/site-packages/airflow/example_dags/example_branch_day_of_week_operator.py for tasks to queue
[2025-11-27T07:51:03.241+0000] {logging_mixin.py:188} INFO - [2025-11-27T07:51:03.241+0000] {dagbag.py:538} INFO - Filling up the DagBag from /home/airflow/.local/lib/python3.8/site-packages/airflow/example_dags/example_branch_day_of_week_operator.py
[2025-11-27T07:51:03.246+0000] {processor.py:840} INFO - DAG(s) 'example_weekday_branch_operator' retrieved from /home/airflow/.local/lib/python3.8/site-packages/airflow/example_dags/example_branch_day_of_week_operator.py
[2025-11-27T07:51:03.263+0000] {logging_mixin.py:188} INFO - [2025-11-27T07:51:03.263+0000] {dag.py:3036} INFO - Sync 1 DAGs
[2025-11-27T07:51:03.279+0000] {logging_mixin.py:188} INFO - [2025-11-27T07:51:03.278+0000] {dag.py:3823} INFO - Setting next_dagrun for example_weekday_branch_operator to 2025-11-26 00:00:00+00:00, run_after=2025-11-27 00:00:00+00:00
[2025-11-27T07:51:03.295+0000] {processor.py:183} INFO - Processing /home/airflow/.local/lib/python3.8/site-packages/airflow/example_dags/example_branch_day_of_week_operator.py took 0.061 seconds
[2025-11-27T07:51:33.979+0000] {processor.py:161} INFO - Started process (PID=226) to work on /home/airflow/.local/lib/python3.8/site-packages/airflow/example_dags/example_branch_day_of_week_operator.py
[2025-11-27T07:51:33.980+0000] {processor.py:830} INFO - Processing file /home/airflow/.local/lib/python3.8/site-packages/airflow/example_dags/example_branch_day_of_week_operator.py for tasks to queue
[2025-11-27T07:51:33.982+0000] {logging_mixin.py:188} INFO - [2025-11-27T07:51:33.982+0000] {dagbag.py:538} INFO - Filling up the DagBag from /home/airflow/.local/lib/python3.8/site-packages/airflow/example_dags/example_branch_day_of_week_operator.py
[2025-11-27T07:51:33.988+0000] {processor.py:840} INFO - DAG(s) 'example_weekday_branch_operator' retrieved from /home/airflow/.local/lib/python3.8/site-packages/airflow/example_dags/example_branch_day_of_week_operator.py
[2025-11-27T07:51:34.006+0000] {logging_mixin.py:188} INFO - [2025-11-27T07:51:34.006+0000] {dag.py:3036} INFO - Sync 1 DAGs
[2025-11-27T07:51:34.023+0000] {logging_mixin.py:188} INFO - [2025-11-27T07:51:34.023+0000] {dag.py:3823} INFO - Setting next_dagrun for example_weekday_branch_operator to 2025-11-26 00:00:00+00:00, run_after=2025-11-27 00:00:00+00:00
[2025-11-27T07:51:34.040+0000] {processor.py:183} INFO - Processing /home/airflow/.local/lib/python3.8/site-packages/airflow/example_dags/example_branch_day_of_week_operator.py took 0.063 seconds
[2025-11-27T07:52:04.106+0000] {processor.py:161} INFO - Started process (PID=282) to work on /home/airflow/.local/lib/python3.8/site-packages/airflow/example_dags/example_branch_day_of_week_operator.py
[2025-11-27T07:52:04.107+0000] {processor.py:830} INFO - Processing file /home/airflow/.local/lib/python3.8/site-packages/airflow/example_dags/example_branch_day_of_week_operator.py for tasks to queue
[2025-11-27T07:52:04.109+0000] {logging_mixin.py:188} INFO - [2025-11-27T07:52:04.108+0000] {dagbag.py:538} INFO - Filling up the DagBag from /home/airflow/.local/lib/python3.8/site-packages/airflow/example_dags/example_branch_day_of_week_operator.py
[2025-11-27T07:52:04.114+0000] {processor.py:840} INFO - DAG(s) 'example_weekday_branch_operator' retrieved from /home/airflow/.local/lib/python3.8/site-packages/airflow/example_dags/example_branch_day_of_week_operator.py
[2025-11-27T07:52:04.128+0000] {logging_mixin.py:188} INFO - [2025-11-27T07:52:04.128+0000] {dag.py:3036} INFO - Sync 1 DAGs
[2025-11-27T07:52:04.143+0000] {logging_mixin.py:188} INFO - [2025-11-27T07:52:04.142+0000] {dag.py:3823} INFO - Setting next_dagrun for example_weekday_branch_operator to 2025-11-26 00:00:00+00:00, run_after=2025-11-27 00:00:00+00:00
[2025-11-27T07:52:04.159+0000] {processor.py:183} INFO - Processing /home/airflow/.local/lib/python3.8/site-packages/airflow/example_dags/example_branch_day_of_week_operator.py took 0.056 seconds
[2025-11-27T07:52:34.774+0000] {processor.py:161} INFO - Started process (PID=338) to work on /home/airflow/.local/lib/python3.8/site-packages/airflow/example_dags/example_branch_day_of_week_operator.py
[2025-11-27T07:52:34.775+0000] {processor.py:830} INFO - Processing file /home/airflow/.local/lib/python3.8/site-packages/airflow/example_dags/example_branch_day_of_week_operator.py for tasks to queue
[2025-11-27T07:52:34.777+0000] {logging_mixin.py:188} INFO - [2025-11-27T07:52:34.776+0000] {dagbag.py:538} INFO - Filling up the DagBag from /home/airflow/.local/lib/python3.8/site-packages/airflow/example_dags/example_branch_day_of_week_operator.py
[2025-11-27T07:52:34.782+0000] {processor.py:840} INFO - DAG(s) 'example_weekday_branch_operator' retrieved from /home/airflow/.local/lib/python3.8/site-packages/airflow/example_dags/example_branch_day_of_week_operator.py
[2025-11-27T07:52:34.806+0000] {logging_mixin.py:188} INFO - [2025-11-27T07:52:34.806+0000] {dag.py:3036} INFO - Sync 1 DAGs
[2025-11-27T07:52:34.825+0000] {logging_mixin.py:188} INFO - [2025-11-27T07:52:34.825+0000] {dag.py:3823} INFO - Setting next_dagrun for example_weekday_branch_operator to 2025-11-26 00:00:00+00:00, run_after=2025-11-27 00:00:00+00:00
[2025-11-27T07:52:34.846+0000] {processor.py:183} INFO - Processing /home/airflow/.local/lib/python3.8/site-packages/airflow/example_dags/example_branch_day_of_week_operator.py took 0.074 seconds
[2025-11-27T08:08:14.129+0000] {processor.py:161} INFO - Started process (PID=120) to work on /home/airflow/.local/lib/python3.8/site-packages/airflow/example_dags/example_branch_day_of_week_operator.py
[2025-11-27T08:08:14.131+0000] {processor.py:830} INFO - Processing file /home/airflow/.local/lib/python3.8/site-packages/airflow/example_dags/example_branch_day_of_week_operator.py for tasks to queue
[2025-11-27T08:08:14.132+0000] {logging_mixin.py:188} INFO - [2025-11-27T08:08:14.132+0000] {dagbag.py:538} INFO - Filling up the DagBag from /home/airflow/.local/lib/python3.8/site-packages/airflow/example_dags/example_branch_day_of_week_operator.py
[2025-11-27T08:08:14.143+0000] {processor.py:840} INFO - DAG(s) 'example_weekday_branch_operator' retrieved from /home/airflow/.local/lib/python3.8/site-packages/airflow/example_dags/example_branch_day_of_week_operator.py
[2025-11-27T08:08:14.154+0000] {logging_mixin.py:188} INFO - [2025-11-27T08:08:14.154+0000] {dag.py:3036} INFO - Sync 1 DAGs
[2025-11-27T08:08:14.172+0000] {logging_mixin.py:188} INFO - [2025-11-27T08:08:14.171+0000] {dag.py:3823} INFO - Setting next_dagrun for example_weekday_branch_operator to 2025-11-26 00:00:00+00:00, run_after=2025-11-27 00:00:00+00:00
[2025-11-27T08:08:14.190+0000] {processor.py:183} INFO - Processing /home/airflow/.local/lib/python3.8/site-packages/airflow/example_dags/example_branch_day_of_week_operator.py took 0.063 seconds
[2025-11-27T08:08:44.411+0000] {processor.py:161} INFO - Started process (PID=176) to work on /home/airflow/.local/lib/python3.8/site-packages/airflow/example_dags/example_branch_day_of_week_operator.py
[2025-11-27T08:08:44.412+0000] {processor.py:830} INFO - Processing file /home/airflow/.local/lib/python3.8/site-packages/airflow/example_dags/example_branch_day_of_week_operator.py for tasks to queue
[2025-11-27T08:08:44.414+0000] {logging_mixin.py:188} INFO - [2025-11-27T08:08:44.414+0000] {dagbag.py:538} INFO - Filling up the DagBag from /home/airflow/.local/lib/python3.8/site-packages/airflow/example_dags/example_branch_day_of_week_operator.py
[2025-11-27T08:08:44.421+0000] {processor.py:840} INFO - DAG(s) 'example_weekday_branch_operator' retrieved from /home/airflow/.local/lib/python3.8/site-packages/airflow/example_dags/example_branch_day_of_week_operator.py
[2025-11-27T08:08:44.703+0000] {logging_mixin.py:188} INFO - [2025-11-27T08:08:44.703+0000] {dag.py:3036} INFO - Sync 1 DAGs
[2025-11-27T08:08:44.739+0000] {logging_mixin.py:188} INFO - [2025-11-27T08:08:44.738+0000] {dag.py:3823} INFO - Setting next_dagrun for example_weekday_branch_operator to 2025-11-26 00:00:00+00:00, run_after=2025-11-27 00:00:00+00:00
[2025-11-27T08:08:44.773+0000] {processor.py:183} INFO - Processing /home/airflow/.local/lib/python3.8/site-packages/airflow/example_dags/example_branch_day_of_week_operator.py took 0.365 seconds
[2025-11-27T08:09:15.540+0000] {processor.py:161} INFO - Started process (PID=232) to work on /home/airflow/.local/lib/python3.8/site-packages/airflow/example_dags/example_branch_day_of_week_operator.py
[2025-11-27T08:09:15.542+0000] {processor.py:830} INFO - Processing file /home/airflow/.local/lib/python3.8/site-packages/airflow/example_dags/example_branch_day_of_week_operator.py for tasks to queue
[2025-11-27T08:09:15.545+0000] {logging_mixin.py:188} INFO - [2025-11-27T08:09:15.544+0000] {dagbag.py:538} INFO - Filling up the DagBag from /home/airflow/.local/lib/python3.8/site-packages/airflow/example_dags/example_branch_day_of_week_operator.py
[2025-11-27T08:09:15.553+0000] {processor.py:840} INFO - DAG(s) 'example_weekday_branch_operator' retrieved from /home/airflow/.local/lib/python3.8/site-packages/airflow/example_dags/example_branch_day_of_week_operator.py
[2025-11-27T08:09:15.577+0000] {logging_mixin.py:188} INFO - [2025-11-27T08:09:15.577+0000] {dag.py:3036} INFO - Sync 1 DAGs
[2025-11-27T08:09:15.680+0000] {logging_mixin.py:188} INFO - [2025-11-27T08:09:15.680+0000] {dag.py:3823} INFO - Setting next_dagrun for example_weekday_branch_operator to 2025-11-26 00:00:00+00:00, run_after=2025-11-27 00:00:00+00:00
[2025-11-27T08:09:15.710+0000] {processor.py:183} INFO - Processing /home/airflow/.local/lib/python3.8/site-packages/airflow/example_dags/example_branch_day_of_week_operator.py took 0.174 seconds
[2025-11-27T08:09:45.987+0000] {processor.py:161} INFO - Started process (PID=288) to work on /home/airflow/.local/lib/python3.8/site-packages/airflow/example_dags/example_branch_day_of_week_operator.py
[2025-11-27T08:09:45.988+0000] {processor.py:830} INFO - Processing file /home/airflow/.local/lib/python3.8/site-packages/airflow/example_dags/example_branch_day_of_week_operator.py for tasks to queue
[2025-11-27T08:09:45.990+0000] {logging_mixin.py:188} INFO - [2025-11-27T08:09:45.989+0000] {dagbag.py:538} INFO - Filling up the DagBag from /home/airflow/.local/lib/python3.8/site-packages/airflow/example_dags/example_branch_day_of_week_operator.py
[2025-11-27T08:09:45.997+0000] {processor.py:840} INFO - DAG(s) 'example_weekday_branch_operator' retrieved from /home/airflow/.local/lib/python3.8/site-packages/airflow/example_dags/example_branch_day_of_week_operator.py
[2025-11-27T08:09:46.014+0000] {logging_mixin.py:188} INFO - [2025-11-27T08:09:46.014+0000] {dag.py:3036} INFO - Sync 1 DAGs
[2025-11-27T08:09:46.028+0000] {logging_mixin.py:188} INFO - [2025-11-27T08:09:46.028+0000] {dag.py:3823} INFO - Setting next_dagrun for example_weekday_branch_operator to 2025-11-26 00:00:00+00:00, run_after=2025-11-27 00:00:00+00:00
[2025-11-27T08:09:46.048+0000] {processor.py:183} INFO - Processing /home/airflow/.local/lib/python3.8/site-packages/airflow/example_dags/example_branch_day_of_week_operator.py took 0.064 seconds
[2025-11-27T08:10:16.125+0000] {processor.py:161} INFO - Started process (PID=344) to work on /home/airflow/.local/lib/python3.8/site-packages/airflow/example_dags/example_branch_day_of_week_operator.py
[2025-11-27T08:10:16.126+0000] {processor.py:830} INFO - Processing file /home/airflow/.local/lib/python3.8/site-packages/airflow/example_dags/example_branch_day_of_week_operator.py for tasks to queue
[2025-11-27T08:10:16.128+0000] {logging_mixin.py:188} INFO - [2025-11-27T08:10:16.128+0000] {dagbag.py:538} INFO - Filling up the DagBag from /home/airflow/.local/lib/python3.8/site-packages/airflow/example_dags/example_branch_day_of_week_operator.py
[2025-11-27T08:10:16.135+0000] {processor.py:840} INFO - DAG(s) 'example_weekday_branch_operator' retrieved from /home/airflow/.local/lib/python3.8/site-packages/airflow/example_dags/example_branch_day_of_week_operator.py
[2025-11-27T08:10:16.153+0000] {logging_mixin.py:188} INFO - [2025-11-27T08:10:16.153+0000] {dag.py:3036} INFO - Sync 1 DAGs
[2025-11-27T08:10:16.172+0000] {logging_mixin.py:188} INFO - [2025-11-27T08:10:16.172+0000] {dag.py:3823} INFO - Setting next_dagrun for example_weekday_branch_operator to 2025-11-26 00:00:00+00:00, run_after=2025-11-27 00:00:00+00:00
[2025-11-27T08:10:16.450+0000] {processor.py:183} INFO - Processing /home/airflow/.local/lib/python3.8/site-packages/airflow/example_dags/example_branch_day_of_week_operator.py took 0.327 seconds
[2025-11-27T08:10:47.304+0000] {processor.py:161} INFO - Started process (PID=401) to work on /home/airflow/.local/lib/python3.8/site-packages/airflow/example_dags/example_branch_day_of_week_operator.py
[2025-11-27T08:10:47.305+0000] {processor.py:830} INFO - Processing file /home/airflow/.local/lib/python3.8/site-packages/airflow/example_dags/example_branch_day_of_week_operator.py for tasks to queue
[2025-11-27T08:10:47.307+0000] {logging_mixin.py:188} INFO - [2025-11-27T08:10:47.306+0000] {dagbag.py:538} INFO - Filling up the DagBag from /home/airflow/.local/lib/python3.8/site-packages/airflow/example_dags/example_branch_day_of_week_operator.py
[2025-11-27T08:10:47.312+0000] {processor.py:840} INFO - DAG(s) 'example_weekday_branch_operator' retrieved from /home/airflow/.local/lib/python3.8/site-packages/airflow/example_dags/example_branch_day_of_week_operator.py
[2025-11-27T08:10:47.329+0000] {logging_mixin.py:188} INFO - [2025-11-27T08:10:47.329+0000] {dag.py:3036} INFO - Sync 1 DAGs
[2025-11-27T08:10:47.345+0000] {logging_mixin.py:188} INFO - [2025-11-27T08:10:47.345+0000] {dag.py:3823} INFO - Setting next_dagrun for example_weekday_branch_operator to 2025-11-26 00:00:00+00:00, run_after=2025-11-27 00:00:00+00:00
[2025-11-27T08:10:47.369+0000] {processor.py:183} INFO - Processing /home/airflow/.local/lib/python3.8/site-packages/airflow/example_dags/example_branch_day_of_week_operator.py took 0.067 seconds
[2025-11-27T08:11:18.225+0000] {processor.py:161} INFO - Started process (PID=457) to work on /home/airflow/.local/lib/python3.8/site-packages/airflow/example_dags/example_branch_day_of_week_operator.py
[2025-11-27T08:11:18.226+0000] {processor.py:830} INFO - Processing file /home/airflow/.local/lib/python3.8/site-packages/airflow/example_dags/example_branch_day_of_week_operator.py for tasks to queue
[2025-11-27T08:11:18.228+0000] {logging_mixin.py:188} INFO - [2025-11-27T08:11:18.228+0000] {dagbag.py:538} INFO - Filling up the DagBag from /home/airflow/.local/lib/python3.8/site-packages/airflow/example_dags/example_branch_day_of_week_operator.py
[2025-11-27T08:11:18.235+0000] {processor.py:840} INFO - DAG(s) 'example_weekday_branch_operator' retrieved from /home/airflow/.local/lib/python3.8/site-packages/airflow/example_dags/example_branch_day_of_week_operator.py
[2025-11-27T08:11:18.254+0000] {logging_mixin.py:188} INFO - [2025-11-27T08:11:18.253+0000] {dag.py:3036} INFO - Sync 1 DAGs
[2025-11-27T08:11:18.273+0000] {logging_mixin.py:188} INFO - [2025-11-27T08:11:18.273+0000] {dag.py:3823} INFO - Setting next_dagrun for example_weekday_branch_operator to 2025-11-26 00:00:00+00:00, run_after=2025-11-27 00:00:00+00:00
[2025-11-27T08:11:18.418+0000] {processor.py:183} INFO - Processing /home/airflow/.local/lib/python3.8/site-packages/airflow/example_dags/example_branch_day_of_week_operator.py took 0.196 seconds
[2025-11-27T08:11:49.004+0000] {processor.py:161} INFO - Started process (PID=513) to work on /home/airflow/.local/lib/python3.8/site-packages/airflow/example_dags/example_branch_day_of_week_operator.py
[2025-11-27T08:11:49.005+0000] {processor.py:830} INFO - Processing file /home/airflow/.local/lib/python3.8/site-packages/airflow/example_dags/example_branch_day_of_week_operator.py for tasks to queue
[2025-11-27T08:11:49.007+0000] {logging_mixin.py:188} INFO - [2025-11-27T08:11:49.006+0000] {dagbag.py:538} INFO - Filling up the DagBag from /home/airflow/.local/lib/python3.8/site-packages/airflow/example_dags/example_branch_day_of_week_operator.py
[2025-11-27T08:11:49.013+0000] {processor.py:840} INFO - DAG(s) 'example_weekday_branch_operator' retrieved from /home/airflow/.local/lib/python3.8/site-packages/airflow/example_dags/example_branch_day_of_week_operator.py
[2025-11-27T08:11:49.031+0000] {logging_mixin.py:188} INFO - [2025-11-27T08:11:49.031+0000] {dag.py:3036} INFO - Sync 1 DAGs
[2025-11-27T08:11:49.048+0000] {logging_mixin.py:188} INFO - [2025-11-27T08:11:49.048+0000] {dag.py:3823} INFO - Setting next_dagrun for example_weekday_branch_operator to 2025-11-26 00:00:00+00:00, run_after=2025-11-27 00:00:00+00:00
[2025-11-27T08:11:49.067+0000] {processor.py:183} INFO - Processing /home/airflow/.local/lib/python3.8/site-packages/airflow/example_dags/example_branch_day_of_week_operator.py took 0.065 seconds
[2025-11-27T08:12:19.215+0000] {processor.py:161} INFO - Started process (PID=569) to work on /home/airflow/.local/lib/python3.8/site-packages/airflow/example_dags/example_branch_day_of_week_operator.py
[2025-11-27T08:12:19.217+0000] {processor.py:830} INFO - Processing file /home/airflow/.local/lib/python3.8/site-packages/airflow/example_dags/example_branch_day_of_week_operator.py for tasks to queue
[2025-11-27T08:12:19.219+0000] {logging_mixin.py:188} INFO - [2025-11-27T08:12:19.219+0000] {dagbag.py:538} INFO - Filling up the DagBag from /home/airflow/.local/lib/python3.8/site-packages/airflow/example_dags/example_branch_day_of_week_operator.py
[2025-11-27T08:12:19.231+0000] {processor.py:840} INFO - DAG(s) 'example_weekday_branch_operator' retrieved from /home/airflow/.local/lib/python3.8/site-packages/airflow/example_dags/example_branch_day_of_week_operator.py
[2025-11-27T08:12:19.257+0000] {logging_mixin.py:188} INFO - [2025-11-27T08:12:19.257+0000] {dag.py:3036} INFO - Sync 1 DAGs
[2025-11-27T08:12:19.279+0000] {logging_mixin.py:188} INFO - [2025-11-27T08:12:19.279+0000] {dag.py:3823} INFO - Setting next_dagrun for example_weekday_branch_operator to 2025-11-26 00:00:00+00:00, run_after=2025-11-27 00:00:00+00:00
[2025-11-27T08:12:19.299+0000] {processor.py:183} INFO - Processing /home/airflow/.local/lib/python3.8/site-packages/airflow/example_dags/example_branch_day_of_week_operator.py took 0.087 seconds
[2025-11-27T08:12:49.848+0000] {processor.py:161} INFO - Started process (PID=625) to work on /home/airflow/.local/lib/python3.8/site-packages/airflow/example_dags/example_branch_day_of_week_operator.py
[2025-11-27T08:12:49.849+0000] {processor.py:830} INFO - Processing file /home/airflow/.local/lib/python3.8/site-packages/airflow/example_dags/example_branch_day_of_week_operator.py for tasks to queue
[2025-11-27T08:12:49.851+0000] {logging_mixin.py:188} INFO - [2025-11-27T08:12:49.851+0000] {dagbag.py:538} INFO - Filling up the DagBag from /home/airflow/.local/lib/python3.8/site-packages/airflow/example_dags/example_branch_day_of_week_operator.py
[2025-11-27T08:12:49.857+0000] {processor.py:840} INFO - DAG(s) 'example_weekday_branch_operator' retrieved from /home/airflow/.local/lib/python3.8/site-packages/airflow/example_dags/example_branch_day_of_week_operator.py
[2025-11-27T08:12:49.874+0000] {logging_mixin.py:188} INFO - [2025-11-27T08:12:49.874+0000] {dag.py:3036} INFO - Sync 1 DAGs
[2025-11-27T08:12:49.894+0000] {logging_mixin.py:188} INFO - [2025-11-27T08:12:49.894+0000] {dag.py:3823} INFO - Setting next_dagrun for example_weekday_branch_operator to 2025-11-26 00:00:00+00:00, run_after=2025-11-27 00:00:00+00:00
[2025-11-27T08:12:49.918+0000] {processor.py:183} INFO - Processing /home/airflow/.local/lib/python3.8/site-packages/airflow/example_dags/example_branch_day_of_week_operator.py took 0.073 seconds
[2025-11-27T08:13:20.528+0000] {processor.py:161} INFO - Started process (PID=681) to work on /home/airflow/.local/lib/python3.8/site-packages/airflow/example_dags/example_branch_day_of_week_operator.py
[2025-11-27T08:13:20.529+0000] {processor.py:830} INFO - Processing file /home/airflow/.local/lib/python3.8/site-packages/airflow/example_dags/example_branch_day_of_week_operator.py for tasks to queue
[2025-11-27T08:13:20.531+0000] {logging_mixin.py:188} INFO - [2025-11-27T08:13:20.530+0000] {dagbag.py:538} INFO - Filling up the DagBag from /home/airflow/.local/lib/python3.8/site-packages/airflow/example_dags/example_branch_day_of_week_operator.py
[2025-11-27T08:13:20.537+0000] {processor.py:840} INFO - DAG(s) 'example_weekday_branch_operator' retrieved from /home/airflow/.local/lib/python3.8/site-packages/airflow/example_dags/example_branch_day_of_week_operator.py
[2025-11-27T08:13:20.554+0000] {logging_mixin.py:188} INFO - [2025-11-27T08:13:20.554+0000] {dag.py:3036} INFO - Sync 1 DAGs
[2025-11-27T08:13:20.570+0000] {logging_mixin.py:188} INFO - [2025-11-27T08:13:20.570+0000] {dag.py:3823} INFO - Setting next_dagrun for example_weekday_branch_operator to 2025-11-26 00:00:00+00:00, run_after=2025-11-27 00:00:00+00:00
[2025-11-27T08:13:20.588+0000] {processor.py:183} INFO - Processing /home/airflow/.local/lib/python3.8/site-packages/airflow/example_dags/example_branch_day_of_week_operator.py took 0.063 seconds
[2025-11-27T08:13:50.922+0000] {processor.py:161} INFO - Started process (PID=737) to work on /home/airflow/.local/lib/python3.8/site-packages/airflow/example_dags/example_branch_day_of_week_operator.py
[2025-11-27T08:13:50.924+0000] {processor.py:830} INFO - Processing file /home/airflow/.local/lib/python3.8/site-packages/airflow/example_dags/example_branch_day_of_week_operator.py for tasks to queue
[2025-11-27T08:13:50.925+0000] {logging_mixin.py:188} INFO - [2025-11-27T08:13:50.925+0000] {dagbag.py:538} INFO - Filling up the DagBag from /home/airflow/.local/lib/python3.8/site-packages/airflow/example_dags/example_branch_day_of_week_operator.py
[2025-11-27T08:13:50.932+0000] {processor.py:840} INFO - DAG(s) 'example_weekday_branch_operator' retrieved from /home/airflow/.local/lib/python3.8/site-packages/airflow/example_dags/example_branch_day_of_week_operator.py
[2025-11-27T08:13:50.951+0000] {logging_mixin.py:188} INFO - [2025-11-27T08:13:50.951+0000] {dag.py:3036} INFO - Sync 1 DAGs
[2025-11-27T08:13:50.967+0000] {logging_mixin.py:188} INFO - [2025-11-27T08:13:50.966+0000] {dag.py:3823} INFO - Setting next_dagrun for example_weekday_branch_operator to 2025-11-26 00:00:00+00:00, run_after=2025-11-27 00:00:00+00:00
[2025-11-27T08:13:50.986+0000] {processor.py:183} INFO - Processing /home/airflow/.local/lib/python3.8/site-packages/airflow/example_dags/example_branch_day_of_week_operator.py took 0.067 seconds
[2025-11-27T08:14:23.317+0000] {processor.py:161} INFO - Started process (PID=793) to work on /home/airflow/.local/lib/python3.8/site-packages/airflow/example_dags/example_branch_day_of_week_operator.py
[2025-11-27T08:14:23.319+0000] {processor.py:830} INFO - Processing file /home/airflow/.local/lib/python3.8/site-packages/airflow/example_dags/example_branch_day_of_week_operator.py for tasks to queue
[2025-11-27T08:14:23.321+0000] {logging_mixin.py:188} INFO - [2025-11-27T08:14:23.320+0000] {dagbag.py:538} INFO - Filling up the DagBag from /home/airflow/.local/lib/python3.8/site-packages/airflow/example_dags/example_branch_day_of_week_operator.py
[2025-11-27T08:14:23.327+0000] {processor.py:840} INFO - DAG(s) 'example_weekday_branch_operator' retrieved from /home/airflow/.local/lib/python3.8/site-packages/airflow/example_dags/example_branch_day_of_week_operator.py
[2025-11-27T08:14:23.347+0000] {logging_mixin.py:188} INFO - [2025-11-27T08:14:23.347+0000] {dag.py:3036} INFO - Sync 1 DAGs
[2025-11-27T08:14:23.366+0000] {logging_mixin.py:188} INFO - [2025-11-27T08:14:23.366+0000] {dag.py:3823} INFO - Setting next_dagrun for example_weekday_branch_operator to 2025-11-26 00:00:00+00:00, run_after=2025-11-27 00:00:00+00:00
[2025-11-27T08:14:23.390+0000] {processor.py:183} INFO - Processing /home/airflow/.local/lib/python3.8/site-packages/airflow/example_dags/example_branch_day_of_week_operator.py took 0.075 seconds
[2025-11-27T08:14:55.661+0000] {processor.py:161} INFO - Started process (PID=849) to work on /home/airflow/.local/lib/python3.8/site-packages/airflow/example_dags/example_branch_day_of_week_operator.py
[2025-11-27T08:14:55.662+0000] {processor.py:830} INFO - Processing file /home/airflow/.local/lib/python3.8/site-packages/airflow/example_dags/example_branch_day_of_week_operator.py for tasks to queue
[2025-11-27T08:14:55.665+0000] {logging_mixin.py:188} INFO - [2025-11-27T08:14:55.664+0000] {dagbag.py:538} INFO - Filling up the DagBag from /home/airflow/.local/lib/python3.8/site-packages/airflow/example_dags/example_branch_day_of_week_operator.py
[2025-11-27T08:14:55.671+0000] {processor.py:840} INFO - DAG(s) 'example_weekday_branch_operator' retrieved from /home/airflow/.local/lib/python3.8/site-packages/airflow/example_dags/example_branch_day_of_week_operator.py
[2025-11-27T08:14:55.688+0000] {logging_mixin.py:188} INFO - [2025-11-27T08:14:55.688+0000] {dag.py:3036} INFO - Sync 1 DAGs
[2025-11-27T08:14:55.705+0000] {logging_mixin.py:188} INFO - [2025-11-27T08:14:55.705+0000] {dag.py:3823} INFO - Setting next_dagrun for example_weekday_branch_operator to 2025-11-26 00:00:00+00:00, run_after=2025-11-27 00:00:00+00:00
[2025-11-27T08:14:55.726+0000] {processor.py:183} INFO - Processing /home/airflow/.local/lib/python3.8/site-packages/airflow/example_dags/example_branch_day_of_week_operator.py took 0.068 seconds
[2025-11-27T08:16:28.405+0000] {processor.py:161} INFO - Started process (PID=120) to work on /home/airflow/.local/lib/python3.8/site-packages/airflow/example_dags/example_branch_day_of_week_operator.py
[2025-11-27T08:16:28.407+0000] {processor.py:830} INFO - Processing file /home/airflow/.local/lib/python3.8/site-packages/airflow/example_dags/example_branch_day_of_week_operator.py for tasks to queue
[2025-11-27T08:16:28.408+0000] {logging_mixin.py:188} INFO - [2025-11-27T08:16:28.408+0000] {dagbag.py:538} INFO - Filling up the DagBag from /home/airflow/.local/lib/python3.8/site-packages/airflow/example_dags/example_branch_day_of_week_operator.py
[2025-11-27T08:16:28.417+0000] {processor.py:840} INFO - DAG(s) 'example_weekday_branch_operator' retrieved from /home/airflow/.local/lib/python3.8/site-packages/airflow/example_dags/example_branch_day_of_week_operator.py
[2025-11-27T08:16:28.431+0000] {logging_mixin.py:188} INFO - [2025-11-27T08:16:28.431+0000] {dag.py:3036} INFO - Sync 1 DAGs
[2025-11-27T08:16:28.451+0000] {logging_mixin.py:188} INFO - [2025-11-27T08:16:28.451+0000] {dag.py:3823} INFO - Setting next_dagrun for example_weekday_branch_operator to 2025-11-26 00:00:00+00:00, run_after=2025-11-27 00:00:00+00:00
[2025-11-27T08:16:28.469+0000] {processor.py:183} INFO - Processing /home/airflow/.local/lib/python3.8/site-packages/airflow/example_dags/example_branch_day_of_week_operator.py took 0.066 seconds
[2025-11-27T08:16:58.893+0000] {processor.py:161} INFO - Started process (PID=177) to work on /home/airflow/.local/lib/python3.8/site-packages/airflow/example_dags/example_branch_day_of_week_operator.py
[2025-11-27T08:16:58.894+0000] {processor.py:830} INFO - Processing file /home/airflow/.local/lib/python3.8/site-packages/airflow/example_dags/example_branch_day_of_week_operator.py for tasks to queue
[2025-11-27T08:16:58.896+0000] {logging_mixin.py:188} INFO - [2025-11-27T08:16:58.896+0000] {dagbag.py:538} INFO - Filling up the DagBag from /home/airflow/.local/lib/python3.8/site-packages/airflow/example_dags/example_branch_day_of_week_operator.py
[2025-11-27T08:16:58.903+0000] {processor.py:840} INFO - DAG(s) 'example_weekday_branch_operator' retrieved from /home/airflow/.local/lib/python3.8/site-packages/airflow/example_dags/example_branch_day_of_week_operator.py
[2025-11-27T08:16:59.093+0000] {logging_mixin.py:188} INFO - [2025-11-27T08:16:59.093+0000] {dag.py:3036} INFO - Sync 1 DAGs
[2025-11-27T08:16:59.109+0000] {logging_mixin.py:188} INFO - [2025-11-27T08:16:59.109+0000] {dag.py:3823} INFO - Setting next_dagrun for example_weekday_branch_operator to 2025-11-26 00:00:00+00:00, run_after=2025-11-27 00:00:00+00:00
[2025-11-27T08:16:59.128+0000] {processor.py:183} INFO - Processing /home/airflow/.local/lib/python3.8/site-packages/airflow/example_dags/example_branch_day_of_week_operator.py took 0.238 seconds
[2025-11-27T08:17:29.976+0000] {processor.py:161} INFO - Started process (PID=233) to work on /home/airflow/.local/lib/python3.8/site-packages/airflow/example_dags/example_branch_day_of_week_operator.py
[2025-11-27T08:17:29.977+0000] {processor.py:830} INFO - Processing file /home/airflow/.local/lib/python3.8/site-packages/airflow/example_dags/example_branch_day_of_week_operator.py for tasks to queue
[2025-11-27T08:17:29.979+0000] {logging_mixin.py:188} INFO - [2025-11-27T08:17:29.978+0000] {dagbag.py:538} INFO - Filling up the DagBag from /home/airflow/.local/lib/python3.8/site-packages/airflow/example_dags/example_branch_day_of_week_operator.py
[2025-11-27T08:17:30.103+0000] {processor.py:840} INFO - DAG(s) 'example_weekday_branch_operator' retrieved from /home/airflow/.local/lib/python3.8/site-packages/airflow/example_dags/example_branch_day_of_week_operator.py
[2025-11-27T08:17:30.123+0000] {logging_mixin.py:188} INFO - [2025-11-27T08:17:30.123+0000] {dag.py:3036} INFO - Sync 1 DAGs
[2025-11-27T08:17:30.143+0000] {logging_mixin.py:188} INFO - [2025-11-27T08:17:30.143+0000] {dag.py:3823} INFO - Setting next_dagrun for example_weekday_branch_operator to 2025-11-26 00:00:00+00:00, run_after=2025-11-27 00:00:00+00:00
[2025-11-27T08:17:30.169+0000] {processor.py:183} INFO - Processing /home/airflow/.local/lib/python3.8/site-packages/airflow/example_dags/example_branch_day_of_week_operator.py took 0.196 seconds
[2025-11-27T08:18:00.235+0000] {processor.py:161} INFO - Started process (PID=289) to work on /home/airflow/.local/lib/python3.8/site-packages/airflow/example_dags/example_branch_day_of_week_operator.py
[2025-11-27T08:18:00.237+0000] {processor.py:830} INFO - Processing file /home/airflow/.local/lib/python3.8/site-packages/airflow/example_dags/example_branch_day_of_week_operator.py for tasks to queue
[2025-11-27T08:18:00.242+0000] {logging_mixin.py:188} INFO - [2025-11-27T08:18:00.241+0000] {dagbag.py:538} INFO - Filling up the DagBag from /home/airflow/.local/lib/python3.8/site-packages/airflow/example_dags/example_branch_day_of_week_operator.py
[2025-11-27T08:18:00.253+0000] {processor.py:840} INFO - DAG(s) 'example_weekday_branch_operator' retrieved from /home/airflow/.local/lib/python3.8/site-packages/airflow/example_dags/example_branch_day_of_week_operator.py
[2025-11-27T08:18:00.294+0000] {logging_mixin.py:188} INFO - [2025-11-27T08:18:00.294+0000] {dag.py:3036} INFO - Sync 1 DAGs
[2025-11-27T08:18:00.317+0000] {logging_mixin.py:188} INFO - [2025-11-27T08:18:00.317+0000] {dag.py:3823} INFO - Setting next_dagrun for example_weekday_branch_operator to 2025-11-26 00:00:00+00:00, run_after=2025-11-27 00:00:00+00:00
[2025-11-27T08:18:00.340+0000] {processor.py:183} INFO - Processing /home/airflow/.local/lib/python3.8/site-packages/airflow/example_dags/example_branch_day_of_week_operator.py took 0.109 seconds
[2025-11-27T08:18:31.172+0000] {processor.py:161} INFO - Started process (PID=345) to work on /home/airflow/.local/lib/python3.8/site-packages/airflow/example_dags/example_branch_day_of_week_operator.py
[2025-11-27T08:18:31.173+0000] {processor.py:830} INFO - Processing file /home/airflow/.local/lib/python3.8/site-packages/airflow/example_dags/example_branch_day_of_week_operator.py for tasks to queue
[2025-11-27T08:18:31.175+0000] {logging_mixin.py:188} INFO - [2025-11-27T08:18:31.175+0000] {dagbag.py:538} INFO - Filling up the DagBag from /home/airflow/.local/lib/python3.8/site-packages/airflow/example_dags/example_branch_day_of_week_operator.py
[2025-11-27T08:18:31.181+0000] {processor.py:840} INFO - DAG(s) 'example_weekday_branch_operator' retrieved from /home/airflow/.local/lib/python3.8/site-packages/airflow/example_dags/example_branch_day_of_week_operator.py
[2025-11-27T08:18:31.197+0000] {logging_mixin.py:188} INFO - [2025-11-27T08:18:31.197+0000] {dag.py:3036} INFO - Sync 1 DAGs
[2025-11-27T08:18:31.211+0000] {logging_mixin.py:188} INFO - [2025-11-27T08:18:31.211+0000] {dag.py:3823} INFO - Setting next_dagrun for example_weekday_branch_operator to 2025-11-26 00:00:00+00:00, run_after=2025-11-27 00:00:00+00:00
[2025-11-27T08:18:31.229+0000] {processor.py:183} INFO - Processing /home/airflow/.local/lib/python3.8/site-packages/airflow/example_dags/example_branch_day_of_week_operator.py took 0.060 seconds
[2025-11-27T08:19:01.432+0000] {processor.py:161} INFO - Started process (PID=401) to work on /home/airflow/.local/lib/python3.8/site-packages/airflow/example_dags/example_branch_day_of_week_operator.py
[2025-11-27T08:19:01.433+0000] {processor.py:830} INFO - Processing file /home/airflow/.local/lib/python3.8/site-packages/airflow/example_dags/example_branch_day_of_week_operator.py for tasks to queue
[2025-11-27T08:19:01.435+0000] {logging_mixin.py:188} INFO - [2025-11-27T08:19:01.435+0000] {dagbag.py:538} INFO - Filling up the DagBag from /home/airflow/.local/lib/python3.8/site-packages/airflow/example_dags/example_branch_day_of_week_operator.py
[2025-11-27T08:19:01.441+0000] {processor.py:840} INFO - DAG(s) 'example_weekday_branch_operator' retrieved from /home/airflow/.local/lib/python3.8/site-packages/airflow/example_dags/example_branch_day_of_week_operator.py
[2025-11-27T08:19:01.457+0000] {logging_mixin.py:188} INFO - [2025-11-27T08:19:01.457+0000] {dag.py:3036} INFO - Sync 1 DAGs
[2025-11-27T08:19:01.473+0000] {logging_mixin.py:188} INFO - [2025-11-27T08:19:01.473+0000] {dag.py:3823} INFO - Setting next_dagrun for example_weekday_branch_operator to 2025-11-26 00:00:00+00:00, run_after=2025-11-27 00:00:00+00:00
[2025-11-27T08:19:01.491+0000] {processor.py:183} INFO - Processing /home/airflow/.local/lib/python3.8/site-packages/airflow/example_dags/example_branch_day_of_week_operator.py took 0.061 seconds
[2025-11-27T08:19:31.909+0000] {processor.py:161} INFO - Started process (PID=457) to work on /home/airflow/.local/lib/python3.8/site-packages/airflow/example_dags/example_branch_day_of_week_operator.py
[2025-11-27T08:19:31.910+0000] {processor.py:830} INFO - Processing file /home/airflow/.local/lib/python3.8/site-packages/airflow/example_dags/example_branch_day_of_week_operator.py for tasks to queue
[2025-11-27T08:19:31.915+0000] {logging_mixin.py:188} INFO - [2025-11-27T08:19:31.914+0000] {dagbag.py:538} INFO - Filling up the DagBag from /home/airflow/.local/lib/python3.8/site-packages/airflow/example_dags/example_branch_day_of_week_operator.py
[2025-11-27T08:19:31.920+0000] {processor.py:840} INFO - DAG(s) 'example_weekday_branch_operator' retrieved from /home/airflow/.local/lib/python3.8/site-packages/airflow/example_dags/example_branch_day_of_week_operator.py
[2025-11-27T08:19:31.937+0000] {logging_mixin.py:188} INFO - [2025-11-27T08:19:31.937+0000] {dag.py:3036} INFO - Sync 1 DAGs
[2025-11-27T08:19:31.954+0000] {logging_mixin.py:188} INFO - [2025-11-27T08:19:31.954+0000] {dag.py:3823} INFO - Setting next_dagrun for example_weekday_branch_operator to 2025-11-26 00:00:00+00:00, run_after=2025-11-27 00:00:00+00:00
[2025-11-27T08:19:31.970+0000] {processor.py:183} INFO - Processing /home/airflow/.local/lib/python3.8/site-packages/airflow/example_dags/example_branch_day_of_week_operator.py took 0.064 seconds
[2025-11-27T08:20:03.002+0000] {processor.py:161} INFO - Started process (PID=513) to work on /home/airflow/.local/lib/python3.8/site-packages/airflow/example_dags/example_branch_day_of_week_operator.py
[2025-11-27T08:20:03.004+0000] {processor.py:830} INFO - Processing file /home/airflow/.local/lib/python3.8/site-packages/airflow/example_dags/example_branch_day_of_week_operator.py for tasks to queue
[2025-11-27T08:20:03.006+0000] {logging_mixin.py:188} INFO - [2025-11-27T08:20:03.006+0000] {dagbag.py:538} INFO - Filling up the DagBag from /home/airflow/.local/lib/python3.8/site-packages/airflow/example_dags/example_branch_day_of_week_operator.py
[2025-11-27T08:20:03.011+0000] {processor.py:840} INFO - DAG(s) 'example_weekday_branch_operator' retrieved from /home/airflow/.local/lib/python3.8/site-packages/airflow/example_dags/example_branch_day_of_week_operator.py
[2025-11-27T08:20:03.026+0000] {logging_mixin.py:188} INFO - [2025-11-27T08:20:03.026+0000] {dag.py:3036} INFO - Sync 1 DAGs
[2025-11-27T08:20:03.041+0000] {logging_mixin.py:188} INFO - [2025-11-27T08:20:03.040+0000] {dag.py:3823} INFO - Setting next_dagrun for example_weekday_branch_operator to 2025-11-26 00:00:00+00:00, run_after=2025-11-27 00:00:00+00:00
[2025-11-27T08:20:03.054+0000] {processor.py:183} INFO - Processing /home/airflow/.local/lib/python3.8/site-packages/airflow/example_dags/example_branch_day_of_week_operator.py took 0.054 seconds
[2025-11-27T08:20:33.329+0000] {processor.py:161} INFO - Started process (PID=569) to work on /home/airflow/.local/lib/python3.8/site-packages/airflow/example_dags/example_branch_day_of_week_operator.py
[2025-11-27T08:20:33.331+0000] {processor.py:830} INFO - Processing file /home/airflow/.local/lib/python3.8/site-packages/airflow/example_dags/example_branch_day_of_week_operator.py for tasks to queue
[2025-11-27T08:20:33.333+0000] {logging_mixin.py:188} INFO - [2025-11-27T08:20:33.332+0000] {dagbag.py:538} INFO - Filling up the DagBag from /home/airflow/.local/lib/python3.8/site-packages/airflow/example_dags/example_branch_day_of_week_operator.py
[2025-11-27T08:20:33.339+0000] {processor.py:840} INFO - DAG(s) 'example_weekday_branch_operator' retrieved from /home/airflow/.local/lib/python3.8/site-packages/airflow/example_dags/example_branch_day_of_week_operator.py
[2025-11-27T08:20:33.357+0000] {logging_mixin.py:188} INFO - [2025-11-27T08:20:33.357+0000] {dag.py:3036} INFO - Sync 1 DAGs
[2025-11-27T08:20:33.374+0000] {logging_mixin.py:188} INFO - [2025-11-27T08:20:33.374+0000] {dag.py:3823} INFO - Setting next_dagrun for example_weekday_branch_operator to 2025-11-26 00:00:00+00:00, run_after=2025-11-27 00:00:00+00:00
[2025-11-27T08:20:33.392+0000] {processor.py:183} INFO - Processing /home/airflow/.local/lib/python3.8/site-packages/airflow/example_dags/example_branch_day_of_week_operator.py took 0.066 seconds
[2025-11-27T08:21:04.245+0000] {processor.py:161} INFO - Started process (PID=625) to work on /home/airflow/.local/lib/python3.8/site-packages/airflow/example_dags/example_branch_day_of_week_operator.py
[2025-11-27T08:21:04.246+0000] {processor.py:830} INFO - Processing file /home/airflow/.local/lib/python3.8/site-packages/airflow/example_dags/example_branch_day_of_week_operator.py for tasks to queue
[2025-11-27T08:21:04.248+0000] {logging_mixin.py:188} INFO - [2025-11-27T08:21:04.248+0000] {dagbag.py:538} INFO - Filling up the DagBag from /home/airflow/.local/lib/python3.8/site-packages/airflow/example_dags/example_branch_day_of_week_operator.py
[2025-11-27T08:21:04.254+0000] {processor.py:840} INFO - DAG(s) 'example_weekday_branch_operator' retrieved from /home/airflow/.local/lib/python3.8/site-packages/airflow/example_dags/example_branch_day_of_week_operator.py
[2025-11-27T08:21:04.271+0000] {logging_mixin.py:188} INFO - [2025-11-27T08:21:04.271+0000] {dag.py:3036} INFO - Sync 1 DAGs
[2025-11-27T08:21:04.285+0000] {logging_mixin.py:188} INFO - [2025-11-27T08:21:04.285+0000] {dag.py:3823} INFO - Setting next_dagrun for example_weekday_branch_operator to 2025-11-26 00:00:00+00:00, run_after=2025-11-27 00:00:00+00:00
[2025-11-27T08:21:04.302+0000] {processor.py:183} INFO - Processing /home/airflow/.local/lib/python3.8/site-packages/airflow/example_dags/example_branch_day_of_week_operator.py took 0.059 seconds
