[2025-11-27T07:49:58.326+0000] {processor.py:161} INFO - Started process (PID=60) to work on /home/airflow/.local/lib/python3.8/site-packages/airflow/example_dags/example_python_decorator.py
[2025-11-27T07:49:58.327+0000] {processor.py:830} INFO - Processing file /home/airflow/.local/lib/python3.8/site-packages/airflow/example_dags/example_python_decorator.py for tasks to queue
[2025-11-27T07:49:58.329+0000] {logging_mixin.py:188} INFO - [2025-11-27T07:49:58.329+0000] {dagbag.py:538} INFO - Filling up the DagBag from /home/airflow/.local/lib/python3.8/site-packages/airflow/example_dags/example_python_decorator.py
[2025-11-27T07:49:58.347+0000] {processor.py:840} INFO - DAG(s) 'example_python_decorator' retrieved from /home/airflow/.local/lib/python3.8/site-packages/airflow/example_dags/example_python_decorator.py
[2025-11-27T07:49:58.362+0000] {logging_mixin.py:188} INFO - [2025-11-27T07:49:58.361+0000] {dag.py:3036} INFO - Sync 1 DAGs
[2025-11-27T07:49:58.373+0000] {logging_mixin.py:188} INFO - [2025-11-27T07:49:58.373+0000] {dag.py:3823} INFO - Setting next_dagrun for example_python_decorator to None, run_after=None
[2025-11-27T07:49:58.392+0000] {processor.py:183} INFO - Processing /home/airflow/.local/lib/python3.8/site-packages/airflow/example_dags/example_python_decorator.py took 0.069 seconds
[2025-11-27T07:50:31.376+0000] {processor.py:161} INFO - Started process (PID=116) to work on /home/airflow/.local/lib/python3.8/site-packages/airflow/example_dags/example_python_decorator.py
[2025-11-27T07:50:31.377+0000] {processor.py:830} INFO - Processing file /home/airflow/.local/lib/python3.8/site-packages/airflow/example_dags/example_python_decorator.py for tasks to queue
[2025-11-27T07:50:31.379+0000] {logging_mixin.py:188} INFO - [2025-11-27T07:50:31.378+0000] {dagbag.py:538} INFO - Filling up the DagBag from /home/airflow/.local/lib/python3.8/site-packages/airflow/example_dags/example_python_decorator.py
[2025-11-27T07:50:31.389+0000] {processor.py:840} INFO - DAG(s) 'example_python_decorator' retrieved from /home/airflow/.local/lib/python3.8/site-packages/airflow/example_dags/example_python_decorator.py
[2025-11-27T07:50:31.461+0000] {logging_mixin.py:188} INFO - [2025-11-27T07:50:31.461+0000] {dag.py:3036} INFO - Sync 1 DAGs
[2025-11-27T07:50:31.469+0000] {logging_mixin.py:188} INFO - [2025-11-27T07:50:31.468+0000] {dag.py:3823} INFO - Setting next_dagrun for example_python_decorator to None, run_after=None
[2025-11-27T07:50:31.491+0000] {processor.py:183} INFO - Processing /home/airflow/.local/lib/python3.8/site-packages/airflow/example_dags/example_python_decorator.py took 0.117 seconds
[2025-11-27T07:51:03.344+0000] {processor.py:161} INFO - Started process (PID=172) to work on /home/airflow/.local/lib/python3.8/site-packages/airflow/example_dags/example_python_decorator.py
[2025-11-27T07:51:03.345+0000] {processor.py:830} INFO - Processing file /home/airflow/.local/lib/python3.8/site-packages/airflow/example_dags/example_python_decorator.py for tasks to queue
[2025-11-27T07:51:03.347+0000] {logging_mixin.py:188} INFO - [2025-11-27T07:51:03.346+0000] {dagbag.py:538} INFO - Filling up the DagBag from /home/airflow/.local/lib/python3.8/site-packages/airflow/example_dags/example_python_decorator.py
[2025-11-27T07:51:03.357+0000] {processor.py:840} INFO - DAG(s) 'example_python_decorator' retrieved from /home/airflow/.local/lib/python3.8/site-packages/airflow/example_dags/example_python_decorator.py
[2025-11-27T07:51:03.375+0000] {logging_mixin.py:188} INFO - [2025-11-27T07:51:03.375+0000] {dag.py:3036} INFO - Sync 1 DAGs
[2025-11-27T07:51:03.385+0000] {logging_mixin.py:188} INFO - [2025-11-27T07:51:03.385+0000] {dag.py:3823} INFO - Setting next_dagrun for example_python_decorator to None, run_after=None
[2025-11-27T07:51:03.403+0000] {processor.py:183} INFO - Processing /home/airflow/.local/lib/python3.8/site-packages/airflow/example_dags/example_python_decorator.py took 0.062 seconds
[2025-11-27T07:51:34.066+0000] {processor.py:161} INFO - Started process (PID=228) to work on /home/airflow/.local/lib/python3.8/site-packages/airflow/example_dags/example_python_decorator.py
[2025-11-27T07:51:34.067+0000] {processor.py:830} INFO - Processing file /home/airflow/.local/lib/python3.8/site-packages/airflow/example_dags/example_python_decorator.py for tasks to queue
[2025-11-27T07:51:35.651+0000] {logging_mixin.py:188} INFO - [2025-11-27T07:51:35.651+0000] {dagbag.py:538} INFO - Filling up the DagBag from /home/airflow/.local/lib/python3.8/site-packages/airflow/example_dags/example_python_decorator.py
[2025-11-27T07:51:35.661+0000] {processor.py:840} INFO - DAG(s) 'example_python_decorator' retrieved from /home/airflow/.local/lib/python3.8/site-packages/airflow/example_dags/example_python_decorator.py
[2025-11-27T07:51:35.679+0000] {logging_mixin.py:188} INFO - [2025-11-27T07:51:35.679+0000] {dag.py:3036} INFO - Sync 1 DAGs
[2025-11-27T07:51:35.688+0000] {logging_mixin.py:188} INFO - [2025-11-27T07:51:35.688+0000] {dag.py:3823} INFO - Setting next_dagrun for example_python_decorator to None, run_after=None
[2025-11-27T07:51:35.706+0000] {processor.py:183} INFO - Processing /home/airflow/.local/lib/python3.8/site-packages/airflow/example_dags/example_python_decorator.py took 0.060 seconds
[2025-11-27T07:52:08.733+0000] {processor.py:161} INFO - Started process (PID=284) to work on /home/airflow/.local/lib/python3.8/site-packages/airflow/example_dags/example_python_decorator.py
[2025-11-27T07:52:08.734+0000] {processor.py:830} INFO - Processing file /home/airflow/.local/lib/python3.8/site-packages/airflow/example_dags/example_python_decorator.py for tasks to queue
[2025-11-27T07:52:08.736+0000] {logging_mixin.py:188} INFO - [2025-11-27T07:52:08.736+0000] {dagbag.py:538} INFO - Filling up the DagBag from /home/airflow/.local/lib/python3.8/site-packages/airflow/example_dags/example_python_decorator.py
[2025-11-27T07:52:08.745+0000] {processor.py:840} INFO - DAG(s) 'example_python_decorator' retrieved from /home/airflow/.local/lib/python3.8/site-packages/airflow/example_dags/example_python_decorator.py
[2025-11-27T07:52:08.762+0000] {logging_mixin.py:188} INFO - [2025-11-27T07:52:08.762+0000] {dag.py:3036} INFO - Sync 1 DAGs
[2025-11-27T07:52:08.772+0000] {logging_mixin.py:188} INFO - [2025-11-27T07:52:08.772+0000] {dag.py:3823} INFO - Setting next_dagrun for example_python_decorator to None, run_after=None
[2025-11-27T07:52:08.791+0000] {processor.py:183} INFO - Processing /home/airflow/.local/lib/python3.8/site-packages/airflow/example_dags/example_python_decorator.py took 0.061 seconds
[2025-11-27T08:08:14.217+0000] {processor.py:161} INFO - Started process (PID=122) to work on /home/airflow/.local/lib/python3.8/site-packages/airflow/example_dags/example_python_decorator.py
[2025-11-27T08:08:14.219+0000] {processor.py:830} INFO - Processing file /home/airflow/.local/lib/python3.8/site-packages/airflow/example_dags/example_python_decorator.py for tasks to queue
[2025-11-27T08:08:14.221+0000] {logging_mixin.py:188} INFO - [2025-11-27T08:08:14.220+0000] {dagbag.py:538} INFO - Filling up the DagBag from /home/airflow/.local/lib/python3.8/site-packages/airflow/example_dags/example_python_decorator.py
[2025-11-27T08:08:14.236+0000] {processor.py:840} INFO - DAG(s) 'example_python_decorator' retrieved from /home/airflow/.local/lib/python3.8/site-packages/airflow/example_dags/example_python_decorator.py
[2025-11-27T08:08:14.250+0000] {logging_mixin.py:188} INFO - [2025-11-27T08:08:14.250+0000] {dag.py:3036} INFO - Sync 1 DAGs
[2025-11-27T08:08:14.261+0000] {logging_mixin.py:188} INFO - [2025-11-27T08:08:14.261+0000] {dag.py:3823} INFO - Setting next_dagrun for example_python_decorator to None, run_after=None
[2025-11-27T08:08:14.281+0000] {processor.py:183} INFO - Processing /home/airflow/.local/lib/python3.8/site-packages/airflow/example_dags/example_python_decorator.py took 0.066 seconds
[2025-11-27T08:08:45.180+0000] {processor.py:161} INFO - Started process (PID=178) to work on /home/airflow/.local/lib/python3.8/site-packages/airflow/example_dags/example_python_decorator.py
[2025-11-27T08:08:45.181+0000] {processor.py:830} INFO - Processing file /home/airflow/.local/lib/python3.8/site-packages/airflow/example_dags/example_python_decorator.py for tasks to queue
[2025-11-27T08:08:45.183+0000] {logging_mixin.py:188} INFO - [2025-11-27T08:08:45.182+0000] {dagbag.py:538} INFO - Filling up the DagBag from /home/airflow/.local/lib/python3.8/site-packages/airflow/example_dags/example_python_decorator.py
[2025-11-27T08:08:45.194+0000] {processor.py:840} INFO - DAG(s) 'example_python_decorator' retrieved from /home/airflow/.local/lib/python3.8/site-packages/airflow/example_dags/example_python_decorator.py
[2025-11-27T08:08:45.379+0000] {logging_mixin.py:188} INFO - [2025-11-27T08:08:45.378+0000] {dag.py:3036} INFO - Sync 1 DAGs
[2025-11-27T08:08:45.385+0000] {logging_mixin.py:188} INFO - [2025-11-27T08:08:45.385+0000] {dag.py:3823} INFO - Setting next_dagrun for example_python_decorator to None, run_after=None
[2025-11-27T08:08:45.410+0000] {processor.py:183} INFO - Processing /home/airflow/.local/lib/python3.8/site-packages/airflow/example_dags/example_python_decorator.py took 0.233 seconds
[2025-11-27T08:09:15.753+0000] {processor.py:161} INFO - Started process (PID=234) to work on /home/airflow/.local/lib/python3.8/site-packages/airflow/example_dags/example_python_decorator.py
[2025-11-27T08:09:15.755+0000] {processor.py:830} INFO - Processing file /home/airflow/.local/lib/python3.8/site-packages/airflow/example_dags/example_python_decorator.py for tasks to queue
[2025-11-27T08:09:15.758+0000] {logging_mixin.py:188} INFO - [2025-11-27T08:09:15.757+0000] {dagbag.py:538} INFO - Filling up the DagBag from /home/airflow/.local/lib/python3.8/site-packages/airflow/example_dags/example_python_decorator.py
[2025-11-27T08:09:15.772+0000] {processor.py:840} INFO - DAG(s) 'example_python_decorator' retrieved from /home/airflow/.local/lib/python3.8/site-packages/airflow/example_dags/example_python_decorator.py
[2025-11-27T08:09:15.803+0000] {logging_mixin.py:188} INFO - [2025-11-27T08:09:15.802+0000] {dag.py:3036} INFO - Sync 1 DAGs
[2025-11-27T08:09:15.816+0000] {logging_mixin.py:188} INFO - [2025-11-27T08:09:15.816+0000] {dag.py:3823} INFO - Setting next_dagrun for example_python_decorator to None, run_after=None
[2025-11-27T08:09:15.839+0000] {processor.py:183} INFO - Processing /home/airflow/.local/lib/python3.8/site-packages/airflow/example_dags/example_python_decorator.py took 0.091 seconds
[2025-11-27T08:09:46.088+0000] {processor.py:161} INFO - Started process (PID=290) to work on /home/airflow/.local/lib/python3.8/site-packages/airflow/example_dags/example_python_decorator.py
[2025-11-27T08:09:46.089+0000] {processor.py:830} INFO - Processing file /home/airflow/.local/lib/python3.8/site-packages/airflow/example_dags/example_python_decorator.py for tasks to queue
[2025-11-27T08:09:46.091+0000] {logging_mixin.py:188} INFO - [2025-11-27T08:09:46.091+0000] {dagbag.py:538} INFO - Filling up the DagBag from /home/airflow/.local/lib/python3.8/site-packages/airflow/example_dags/example_python_decorator.py
[2025-11-27T08:09:46.101+0000] {processor.py:840} INFO - DAG(s) 'example_python_decorator' retrieved from /home/airflow/.local/lib/python3.8/site-packages/airflow/example_dags/example_python_decorator.py
[2025-11-27T08:09:46.119+0000] {logging_mixin.py:188} INFO - [2025-11-27T08:09:46.119+0000] {dag.py:3036} INFO - Sync 1 DAGs
[2025-11-27T08:09:46.129+0000] {logging_mixin.py:188} INFO - [2025-11-27T08:09:46.128+0000] {dag.py:3823} INFO - Setting next_dagrun for example_python_decorator to None, run_after=None
[2025-11-27T08:09:46.147+0000] {processor.py:183} INFO - Processing /home/airflow/.local/lib/python3.8/site-packages/airflow/example_dags/example_python_decorator.py took 0.061 seconds
[2025-11-27T08:10:16.592+0000] {processor.py:161} INFO - Started process (PID=346) to work on /home/airflow/.local/lib/python3.8/site-packages/airflow/example_dags/example_python_decorator.py
[2025-11-27T08:10:16.593+0000] {processor.py:830} INFO - Processing file /home/airflow/.local/lib/python3.8/site-packages/airflow/example_dags/example_python_decorator.py for tasks to queue
[2025-11-27T08:10:16.595+0000] {logging_mixin.py:188} INFO - [2025-11-27T08:10:16.595+0000] {dagbag.py:538} INFO - Filling up the DagBag from /home/airflow/.local/lib/python3.8/site-packages/airflow/example_dags/example_python_decorator.py
[2025-11-27T08:10:16.606+0000] {processor.py:840} INFO - DAG(s) 'example_python_decorator' retrieved from /home/airflow/.local/lib/python3.8/site-packages/airflow/example_dags/example_python_decorator.py
[2025-11-27T08:10:16.623+0000] {logging_mixin.py:188} INFO - [2025-11-27T08:10:16.623+0000] {dag.py:3036} INFO - Sync 1 DAGs
[2025-11-27T08:10:16.633+0000] {logging_mixin.py:188} INFO - [2025-11-27T08:10:16.632+0000] {dag.py:3823} INFO - Setting next_dagrun for example_python_decorator to None, run_after=None
[2025-11-27T08:10:16.650+0000] {processor.py:183} INFO - Processing /home/airflow/.local/lib/python3.8/site-packages/airflow/example_dags/example_python_decorator.py took 0.060 seconds
[2025-11-27T08:10:47.508+0000] {processor.py:161} INFO - Started process (PID=403) to work on /home/airflow/.local/lib/python3.8/site-packages/airflow/example_dags/example_python_decorator.py
[2025-11-27T08:10:47.509+0000] {processor.py:830} INFO - Processing file /home/airflow/.local/lib/python3.8/site-packages/airflow/example_dags/example_python_decorator.py for tasks to queue
[2025-11-27T08:10:47.511+0000] {logging_mixin.py:188} INFO - [2025-11-27T08:10:47.511+0000] {dagbag.py:538} INFO - Filling up the DagBag from /home/airflow/.local/lib/python3.8/site-packages/airflow/example_dags/example_python_decorator.py
[2025-11-27T08:10:47.523+0000] {processor.py:840} INFO - DAG(s) 'example_python_decorator' retrieved from /home/airflow/.local/lib/python3.8/site-packages/airflow/example_dags/example_python_decorator.py
[2025-11-27T08:10:47.546+0000] {logging_mixin.py:188} INFO - [2025-11-27T08:10:47.546+0000] {dag.py:3036} INFO - Sync 1 DAGs
[2025-11-27T08:10:47.557+0000] {logging_mixin.py:188} INFO - [2025-11-27T08:10:47.557+0000] {dag.py:3823} INFO - Setting next_dagrun for example_python_decorator to None, run_after=None
[2025-11-27T08:10:47.576+0000] {processor.py:183} INFO - Processing /home/airflow/.local/lib/python3.8/site-packages/airflow/example_dags/example_python_decorator.py took 0.072 seconds
[2025-11-27T08:11:18.450+0000] {processor.py:161} INFO - Started process (PID=459) to work on /home/airflow/.local/lib/python3.8/site-packages/airflow/example_dags/example_python_decorator.py
[2025-11-27T08:11:18.451+0000] {processor.py:830} INFO - Processing file /home/airflow/.local/lib/python3.8/site-packages/airflow/example_dags/example_python_decorator.py for tasks to queue
[2025-11-27T08:11:18.454+0000] {logging_mixin.py:188} INFO - [2025-11-27T08:11:18.453+0000] {dagbag.py:538} INFO - Filling up the DagBag from /home/airflow/.local/lib/python3.8/site-packages/airflow/example_dags/example_python_decorator.py
[2025-11-27T08:11:18.467+0000] {processor.py:840} INFO - DAG(s) 'example_python_decorator' retrieved from /home/airflow/.local/lib/python3.8/site-packages/airflow/example_dags/example_python_decorator.py
[2025-11-27T08:11:18.487+0000] {logging_mixin.py:188} INFO - [2025-11-27T08:11:18.487+0000] {dag.py:3036} INFO - Sync 1 DAGs
[2025-11-27T08:11:18.497+0000] {logging_mixin.py:188} INFO - [2025-11-27T08:11:18.497+0000] {dag.py:3823} INFO - Setting next_dagrun for example_python_decorator to None, run_after=None
[2025-11-27T08:11:18.520+0000] {processor.py:183} INFO - Processing /home/airflow/.local/lib/python3.8/site-packages/airflow/example_dags/example_python_decorator.py took 0.074 seconds
[2025-11-27T08:11:49.215+0000] {processor.py:161} INFO - Started process (PID=515) to work on /home/airflow/.local/lib/python3.8/site-packages/airflow/example_dags/example_python_decorator.py
[2025-11-27T08:11:49.216+0000] {processor.py:830} INFO - Processing file /home/airflow/.local/lib/python3.8/site-packages/airflow/example_dags/example_python_decorator.py for tasks to queue
[2025-11-27T08:11:49.218+0000] {logging_mixin.py:188} INFO - [2025-11-27T08:11:49.218+0000] {dagbag.py:538} INFO - Filling up the DagBag from /home/airflow/.local/lib/python3.8/site-packages/airflow/example_dags/example_python_decorator.py
[2025-11-27T08:11:49.228+0000] {processor.py:840} INFO - DAG(s) 'example_python_decorator' retrieved from /home/airflow/.local/lib/python3.8/site-packages/airflow/example_dags/example_python_decorator.py
[2025-11-27T08:11:49.248+0000] {logging_mixin.py:188} INFO - [2025-11-27T08:11:49.247+0000] {dag.py:3036} INFO - Sync 1 DAGs
[2025-11-27T08:11:49.258+0000] {logging_mixin.py:188} INFO - [2025-11-27T08:11:49.258+0000] {dag.py:3823} INFO - Setting next_dagrun for example_python_decorator to None, run_after=None
[2025-11-27T08:11:49.276+0000] {processor.py:183} INFO - Processing /home/airflow/.local/lib/python3.8/site-packages/airflow/example_dags/example_python_decorator.py took 0.064 seconds
[2025-11-27T08:12:19.454+0000] {processor.py:161} INFO - Started process (PID=571) to work on /home/airflow/.local/lib/python3.8/site-packages/airflow/example_dags/example_python_decorator.py
[2025-11-27T08:12:19.455+0000] {processor.py:830} INFO - Processing file /home/airflow/.local/lib/python3.8/site-packages/airflow/example_dags/example_python_decorator.py for tasks to queue
[2025-11-27T08:12:19.457+0000] {logging_mixin.py:188} INFO - [2025-11-27T08:12:19.457+0000] {dagbag.py:538} INFO - Filling up the DagBag from /home/airflow/.local/lib/python3.8/site-packages/airflow/example_dags/example_python_decorator.py
[2025-11-27T08:12:19.467+0000] {processor.py:840} INFO - DAG(s) 'example_python_decorator' retrieved from /home/airflow/.local/lib/python3.8/site-packages/airflow/example_dags/example_python_decorator.py
[2025-11-27T08:12:19.487+0000] {logging_mixin.py:188} INFO - [2025-11-27T08:12:19.486+0000] {dag.py:3036} INFO - Sync 1 DAGs
[2025-11-27T08:12:19.495+0000] {logging_mixin.py:188} INFO - [2025-11-27T08:12:19.495+0000] {dag.py:3823} INFO - Setting next_dagrun for example_python_decorator to None, run_after=None
[2025-11-27T08:12:19.511+0000] {processor.py:183} INFO - Processing /home/airflow/.local/lib/python3.8/site-packages/airflow/example_dags/example_python_decorator.py took 0.060 seconds
[2025-11-27T08:12:50.095+0000] {processor.py:161} INFO - Started process (PID=627) to work on /home/airflow/.local/lib/python3.8/site-packages/airflow/example_dags/example_python_decorator.py
[2025-11-27T08:12:50.096+0000] {processor.py:830} INFO - Processing file /home/airflow/.local/lib/python3.8/site-packages/airflow/example_dags/example_python_decorator.py for tasks to queue
[2025-11-27T08:12:50.098+0000] {logging_mixin.py:188} INFO - [2025-11-27T08:12:50.098+0000] {dagbag.py:538} INFO - Filling up the DagBag from /home/airflow/.local/lib/python3.8/site-packages/airflow/example_dags/example_python_decorator.py
[2025-11-27T08:12:50.109+0000] {processor.py:840} INFO - DAG(s) 'example_python_decorator' retrieved from /home/airflow/.local/lib/python3.8/site-packages/airflow/example_dags/example_python_decorator.py
[2025-11-27T08:12:50.130+0000] {logging_mixin.py:188} INFO - [2025-11-27T08:12:50.130+0000] {dag.py:3036} INFO - Sync 1 DAGs
[2025-11-27T08:12:50.140+0000] {logging_mixin.py:188} INFO - [2025-11-27T08:12:50.139+0000] {dag.py:3823} INFO - Setting next_dagrun for example_python_decorator to None, run_after=None
[2025-11-27T08:12:50.157+0000] {processor.py:183} INFO - Processing /home/airflow/.local/lib/python3.8/site-packages/airflow/example_dags/example_python_decorator.py took 0.066 seconds
[2025-11-27T08:13:20.734+0000] {processor.py:161} INFO - Started process (PID=683) to work on /home/airflow/.local/lib/python3.8/site-packages/airflow/example_dags/example_python_decorator.py
[2025-11-27T08:13:20.735+0000] {processor.py:830} INFO - Processing file /home/airflow/.local/lib/python3.8/site-packages/airflow/example_dags/example_python_decorator.py for tasks to queue
[2025-11-27T08:13:20.736+0000] {logging_mixin.py:188} INFO - [2025-11-27T08:13:20.736+0000] {dagbag.py:538} INFO - Filling up the DagBag from /home/airflow/.local/lib/python3.8/site-packages/airflow/example_dags/example_python_decorator.py
[2025-11-27T08:13:20.744+0000] {processor.py:840} INFO - DAG(s) 'example_python_decorator' retrieved from /home/airflow/.local/lib/python3.8/site-packages/airflow/example_dags/example_python_decorator.py
[2025-11-27T08:13:20.763+0000] {logging_mixin.py:188} INFO - [2025-11-27T08:13:20.763+0000] {dag.py:3036} INFO - Sync 1 DAGs
[2025-11-27T08:13:20.777+0000] {logging_mixin.py:188} INFO - [2025-11-27T08:13:20.777+0000] {dag.py:3823} INFO - Setting next_dagrun for example_python_decorator to None, run_after=None
[2025-11-27T08:13:20.795+0000] {processor.py:183} INFO - Processing /home/airflow/.local/lib/python3.8/site-packages/airflow/example_dags/example_python_decorator.py took 0.063 seconds
[2025-11-27T08:13:51.141+0000] {processor.py:161} INFO - Started process (PID=739) to work on /home/airflow/.local/lib/python3.8/site-packages/airflow/example_dags/example_python_decorator.py
[2025-11-27T08:13:51.143+0000] {processor.py:830} INFO - Processing file /home/airflow/.local/lib/python3.8/site-packages/airflow/example_dags/example_python_decorator.py for tasks to queue
[2025-11-27T08:13:51.145+0000] {logging_mixin.py:188} INFO - [2025-11-27T08:13:51.144+0000] {dagbag.py:538} INFO - Filling up the DagBag from /home/airflow/.local/lib/python3.8/site-packages/airflow/example_dags/example_python_decorator.py
[2025-11-27T08:13:51.155+0000] {processor.py:840} INFO - DAG(s) 'example_python_decorator' retrieved from /home/airflow/.local/lib/python3.8/site-packages/airflow/example_dags/example_python_decorator.py
[2025-11-27T08:13:51.175+0000] {logging_mixin.py:188} INFO - [2025-11-27T08:13:51.175+0000] {dag.py:3036} INFO - Sync 1 DAGs
[2025-11-27T08:13:51.184+0000] {logging_mixin.py:188} INFO - [2025-11-27T08:13:51.184+0000] {dag.py:3823} INFO - Setting next_dagrun for example_python_decorator to None, run_after=None
[2025-11-27T08:13:51.206+0000] {processor.py:183} INFO - Processing /home/airflow/.local/lib/python3.8/site-packages/airflow/example_dags/example_python_decorator.py took 0.067 seconds
[2025-11-27T08:14:23.424+0000] {processor.py:161} INFO - Started process (PID=795) to work on /home/airflow/.local/lib/python3.8/site-packages/airflow/example_dags/example_python_decorator.py
[2025-11-27T08:14:23.425+0000] {processor.py:830} INFO - Processing file /home/airflow/.local/lib/python3.8/site-packages/airflow/example_dags/example_python_decorator.py for tasks to queue
[2025-11-27T08:14:23.427+0000] {logging_mixin.py:188} INFO - [2025-11-27T08:14:23.427+0000] {dagbag.py:538} INFO - Filling up the DagBag from /home/airflow/.local/lib/python3.8/site-packages/airflow/example_dags/example_python_decorator.py
[2025-11-27T08:14:23.438+0000] {processor.py:840} INFO - DAG(s) 'example_python_decorator' retrieved from /home/airflow/.local/lib/python3.8/site-packages/airflow/example_dags/example_python_decorator.py
[2025-11-27T08:14:23.460+0000] {logging_mixin.py:188} INFO - [2025-11-27T08:14:23.460+0000] {dag.py:3036} INFO - Sync 1 DAGs
[2025-11-27T08:14:23.471+0000] {logging_mixin.py:188} INFO - [2025-11-27T08:14:23.471+0000] {dag.py:3823} INFO - Setting next_dagrun for example_python_decorator to None, run_after=None
[2025-11-27T08:14:23.495+0000] {processor.py:183} INFO - Processing /home/airflow/.local/lib/python3.8/site-packages/airflow/example_dags/example_python_decorator.py took 0.074 seconds
[2025-11-27T08:14:55.768+0000] {processor.py:161} INFO - Started process (PID=851) to work on /home/airflow/.local/lib/python3.8/site-packages/airflow/example_dags/example_python_decorator.py
[2025-11-27T08:14:55.769+0000] {processor.py:830} INFO - Processing file /home/airflow/.local/lib/python3.8/site-packages/airflow/example_dags/example_python_decorator.py for tasks to queue
[2025-11-27T08:14:55.771+0000] {logging_mixin.py:188} INFO - [2025-11-27T08:14:55.771+0000] {dagbag.py:538} INFO - Filling up the DagBag from /home/airflow/.local/lib/python3.8/site-packages/airflow/example_dags/example_python_decorator.py
[2025-11-27T08:14:55.782+0000] {processor.py:840} INFO - DAG(s) 'example_python_decorator' retrieved from /home/airflow/.local/lib/python3.8/site-packages/airflow/example_dags/example_python_decorator.py
[2025-11-27T08:14:55.802+0000] {logging_mixin.py:188} INFO - [2025-11-27T08:14:55.802+0000] {dag.py:3036} INFO - Sync 1 DAGs
[2025-11-27T08:14:55.814+0000] {logging_mixin.py:188} INFO - [2025-11-27T08:14:55.814+0000] {dag.py:3823} INFO - Setting next_dagrun for example_python_decorator to None, run_after=None
[2025-11-27T08:14:55.832+0000] {processor.py:183} INFO - Processing /home/airflow/.local/lib/python3.8/site-packages/airflow/example_dags/example_python_decorator.py took 0.067 seconds
[2025-11-27T08:16:28.499+0000] {processor.py:161} INFO - Started process (PID=122) to work on /home/airflow/.local/lib/python3.8/site-packages/airflow/example_dags/example_python_decorator.py
[2025-11-27T08:16:28.500+0000] {processor.py:830} INFO - Processing file /home/airflow/.local/lib/python3.8/site-packages/airflow/example_dags/example_python_decorator.py for tasks to queue
[2025-11-27T08:16:28.502+0000] {logging_mixin.py:188} INFO - [2025-11-27T08:16:28.501+0000] {dagbag.py:538} INFO - Filling up the DagBag from /home/airflow/.local/lib/python3.8/site-packages/airflow/example_dags/example_python_decorator.py
[2025-11-27T08:16:28.522+0000] {processor.py:840} INFO - DAG(s) 'example_python_decorator' retrieved from /home/airflow/.local/lib/python3.8/site-packages/airflow/example_dags/example_python_decorator.py
[2025-11-27T08:16:28.537+0000] {logging_mixin.py:188} INFO - [2025-11-27T08:16:28.536+0000] {dag.py:3036} INFO - Sync 1 DAGs
[2025-11-27T08:16:28.546+0000] {logging_mixin.py:188} INFO - [2025-11-27T08:16:28.546+0000] {dag.py:3823} INFO - Setting next_dagrun for example_python_decorator to None, run_after=None
[2025-11-27T08:16:28.565+0000] {processor.py:183} INFO - Processing /home/airflow/.local/lib/python3.8/site-packages/airflow/example_dags/example_python_decorator.py took 0.069 seconds
[2025-11-27T08:16:59.474+0000] {processor.py:161} INFO - Started process (PID=179) to work on /home/airflow/.local/lib/python3.8/site-packages/airflow/example_dags/example_python_decorator.py
[2025-11-27T08:16:59.476+0000] {processor.py:830} INFO - Processing file /home/airflow/.local/lib/python3.8/site-packages/airflow/example_dags/example_python_decorator.py for tasks to queue
[2025-11-27T08:16:59.478+0000] {logging_mixin.py:188} INFO - [2025-11-27T08:16:59.477+0000] {dagbag.py:538} INFO - Filling up the DagBag from /home/airflow/.local/lib/python3.8/site-packages/airflow/example_dags/example_python_decorator.py
[2025-11-27T08:16:59.487+0000] {processor.py:840} INFO - DAG(s) 'example_python_decorator' retrieved from /home/airflow/.local/lib/python3.8/site-packages/airflow/example_dags/example_python_decorator.py
[2025-11-27T08:16:59.712+0000] {logging_mixin.py:188} INFO - [2025-11-27T08:16:59.711+0000] {dag.py:3036} INFO - Sync 1 DAGs
[2025-11-27T08:16:59.720+0000] {logging_mixin.py:188} INFO - [2025-11-27T08:16:59.720+0000] {dag.py:3823} INFO - Setting next_dagrun for example_python_decorator to None, run_after=None
[2025-11-27T08:16:59.745+0000] {processor.py:183} INFO - Processing /home/airflow/.local/lib/python3.8/site-packages/airflow/example_dags/example_python_decorator.py took 0.274 seconds
[2025-11-27T08:17:30.335+0000] {processor.py:161} INFO - Started process (PID=235) to work on /home/airflow/.local/lib/python3.8/site-packages/airflow/example_dags/example_python_decorator.py
[2025-11-27T08:17:30.337+0000] {processor.py:830} INFO - Processing file /home/airflow/.local/lib/python3.8/site-packages/airflow/example_dags/example_python_decorator.py for tasks to queue
[2025-11-27T08:17:30.339+0000] {logging_mixin.py:188} INFO - [2025-11-27T08:17:30.339+0000] {dagbag.py:538} INFO - Filling up the DagBag from /home/airflow/.local/lib/python3.8/site-packages/airflow/example_dags/example_python_decorator.py
[2025-11-27T08:17:30.350+0000] {processor.py:840} INFO - DAG(s) 'example_python_decorator' retrieved from /home/airflow/.local/lib/python3.8/site-packages/airflow/example_dags/example_python_decorator.py
[2025-11-27T08:17:30.371+0000] {logging_mixin.py:188} INFO - [2025-11-27T08:17:30.370+0000] {dag.py:3036} INFO - Sync 1 DAGs
[2025-11-27T08:17:30.380+0000] {logging_mixin.py:188} INFO - [2025-11-27T08:17:30.379+0000] {dag.py:3823} INFO - Setting next_dagrun for example_python_decorator to None, run_after=None
[2025-11-27T08:17:30.646+0000] {processor.py:183} INFO - Processing /home/airflow/.local/lib/python3.8/site-packages/airflow/example_dags/example_python_decorator.py took 0.313 seconds
[2025-11-27T08:18:01.389+0000] {processor.py:161} INFO - Started process (PID=291) to work on /home/airflow/.local/lib/python3.8/site-packages/airflow/example_dags/example_python_decorator.py
[2025-11-27T08:18:01.390+0000] {processor.py:830} INFO - Processing file /home/airflow/.local/lib/python3.8/site-packages/airflow/example_dags/example_python_decorator.py for tasks to queue
[2025-11-27T08:18:01.392+0000] {logging_mixin.py:188} INFO - [2025-11-27T08:18:01.392+0000] {dagbag.py:538} INFO - Filling up the DagBag from /home/airflow/.local/lib/python3.8/site-packages/airflow/example_dags/example_python_decorator.py
[2025-11-27T08:18:01.403+0000] {processor.py:840} INFO - DAG(s) 'example_python_decorator' retrieved from /home/airflow/.local/lib/python3.8/site-packages/airflow/example_dags/example_python_decorator.py
[2025-11-27T08:18:01.429+0000] {logging_mixin.py:188} INFO - [2025-11-27T08:18:01.429+0000] {dag.py:3036} INFO - Sync 1 DAGs
[2025-11-27T08:18:01.439+0000] {logging_mixin.py:188} INFO - [2025-11-27T08:18:01.439+0000] {dag.py:3823} INFO - Setting next_dagrun for example_python_decorator to None, run_after=None
[2025-11-27T08:18:01.461+0000] {processor.py:183} INFO - Processing /home/airflow/.local/lib/python3.8/site-packages/airflow/example_dags/example_python_decorator.py took 0.076 seconds
[2025-11-27T08:18:32.273+0000] {processor.py:161} INFO - Started process (PID=347) to work on /home/airflow/.local/lib/python3.8/site-packages/airflow/example_dags/example_python_decorator.py
[2025-11-27T08:18:32.275+0000] {processor.py:830} INFO - Processing file /home/airflow/.local/lib/python3.8/site-packages/airflow/example_dags/example_python_decorator.py for tasks to queue
[2025-11-27T08:18:32.276+0000] {logging_mixin.py:188} INFO - [2025-11-27T08:18:32.276+0000] {dagbag.py:538} INFO - Filling up the DagBag from /home/airflow/.local/lib/python3.8/site-packages/airflow/example_dags/example_python_decorator.py
[2025-11-27T08:18:32.290+0000] {processor.py:840} INFO - DAG(s) 'example_python_decorator' retrieved from /home/airflow/.local/lib/python3.8/site-packages/airflow/example_dags/example_python_decorator.py
[2025-11-27T08:18:32.312+0000] {logging_mixin.py:188} INFO - [2025-11-27T08:18:32.312+0000] {dag.py:3036} INFO - Sync 1 DAGs
[2025-11-27T08:18:32.322+0000] {logging_mixin.py:188} INFO - [2025-11-27T08:18:32.322+0000] {dag.py:3823} INFO - Setting next_dagrun for example_python_decorator to None, run_after=None
[2025-11-27T08:18:32.346+0000] {processor.py:183} INFO - Processing /home/airflow/.local/lib/python3.8/site-packages/airflow/example_dags/example_python_decorator.py took 0.076 seconds
[2025-11-27T08:19:02.536+0000] {processor.py:161} INFO - Started process (PID=403) to work on /home/airflow/.local/lib/python3.8/site-packages/airflow/example_dags/example_python_decorator.py
[2025-11-27T08:19:02.537+0000] {processor.py:830} INFO - Processing file /home/airflow/.local/lib/python3.8/site-packages/airflow/example_dags/example_python_decorator.py for tasks to queue
[2025-11-27T08:19:02.539+0000] {logging_mixin.py:188} INFO - [2025-11-27T08:19:02.538+0000] {dagbag.py:538} INFO - Filling up the DagBag from /home/airflow/.local/lib/python3.8/site-packages/airflow/example_dags/example_python_decorator.py
[2025-11-27T08:19:02.548+0000] {processor.py:840} INFO - DAG(s) 'example_python_decorator' retrieved from /home/airflow/.local/lib/python3.8/site-packages/airflow/example_dags/example_python_decorator.py
[2025-11-27T08:19:02.565+0000] {logging_mixin.py:188} INFO - [2025-11-27T08:19:02.565+0000] {dag.py:3036} INFO - Sync 1 DAGs
[2025-11-27T08:19:02.575+0000] {logging_mixin.py:188} INFO - [2025-11-27T08:19:02.575+0000] {dag.py:3823} INFO - Setting next_dagrun for example_python_decorator to None, run_after=None
[2025-11-27T08:19:02.595+0000] {processor.py:183} INFO - Processing /home/airflow/.local/lib/python3.8/site-packages/airflow/example_dags/example_python_decorator.py took 0.062 seconds
[2025-11-27T08:19:33.020+0000] {processor.py:161} INFO - Started process (PID=459) to work on /home/airflow/.local/lib/python3.8/site-packages/airflow/example_dags/example_python_decorator.py
[2025-11-27T08:19:33.022+0000] {processor.py:830} INFO - Processing file /home/airflow/.local/lib/python3.8/site-packages/airflow/example_dags/example_python_decorator.py for tasks to queue
[2025-11-27T08:19:33.023+0000] {logging_mixin.py:188} INFO - [2025-11-27T08:19:33.023+0000] {dagbag.py:538} INFO - Filling up the DagBag from /home/airflow/.local/lib/python3.8/site-packages/airflow/example_dags/example_python_decorator.py
[2025-11-27T08:19:33.032+0000] {processor.py:840} INFO - DAG(s) 'example_python_decorator' retrieved from /home/airflow/.local/lib/python3.8/site-packages/airflow/example_dags/example_python_decorator.py
[2025-11-27T08:19:33.054+0000] {logging_mixin.py:188} INFO - [2025-11-27T08:19:33.054+0000] {dag.py:3036} INFO - Sync 1 DAGs
[2025-11-27T08:19:33.068+0000] {logging_mixin.py:188} INFO - [2025-11-27T08:19:33.068+0000] {dag.py:3823} INFO - Setting next_dagrun for example_python_decorator to None, run_after=None
[2025-11-27T08:19:33.097+0000] {processor.py:183} INFO - Processing /home/airflow/.local/lib/python3.8/site-packages/airflow/example_dags/example_python_decorator.py took 0.079 seconds
[2025-11-27T08:20:04.109+0000] {processor.py:161} INFO - Started process (PID=515) to work on /home/airflow/.local/lib/python3.8/site-packages/airflow/example_dags/example_python_decorator.py
[2025-11-27T08:20:04.110+0000] {processor.py:830} INFO - Processing file /home/airflow/.local/lib/python3.8/site-packages/airflow/example_dags/example_python_decorator.py for tasks to queue
[2025-11-27T08:20:04.112+0000] {logging_mixin.py:188} INFO - [2025-11-27T08:20:04.112+0000] {dagbag.py:538} INFO - Filling up the DagBag from /home/airflow/.local/lib/python3.8/site-packages/airflow/example_dags/example_python_decorator.py
[2025-11-27T08:20:04.120+0000] {processor.py:840} INFO - DAG(s) 'example_python_decorator' retrieved from /home/airflow/.local/lib/python3.8/site-packages/airflow/example_dags/example_python_decorator.py
[2025-11-27T08:20:04.135+0000] {logging_mixin.py:188} INFO - [2025-11-27T08:20:04.135+0000] {dag.py:3036} INFO - Sync 1 DAGs
[2025-11-27T08:20:04.142+0000] {logging_mixin.py:188} INFO - [2025-11-27T08:20:04.142+0000] {dag.py:3823} INFO - Setting next_dagrun for example_python_decorator to None, run_after=None
[2025-11-27T08:20:04.163+0000] {processor.py:183} INFO - Processing /home/airflow/.local/lib/python3.8/site-packages/airflow/example_dags/example_python_decorator.py took 0.056 seconds
[2025-11-27T08:20:34.432+0000] {processor.py:161} INFO - Started process (PID=571) to work on /home/airflow/.local/lib/python3.8/site-packages/airflow/example_dags/example_python_decorator.py
[2025-11-27T08:20:34.433+0000] {processor.py:830} INFO - Processing file /home/airflow/.local/lib/python3.8/site-packages/airflow/example_dags/example_python_decorator.py for tasks to queue
[2025-11-27T08:20:34.435+0000] {logging_mixin.py:188} INFO - [2025-11-27T08:20:34.434+0000] {dagbag.py:538} INFO - Filling up the DagBag from /home/airflow/.local/lib/python3.8/site-packages/airflow/example_dags/example_python_decorator.py
[2025-11-27T08:20:34.443+0000] {processor.py:840} INFO - DAG(s) 'example_python_decorator' retrieved from /home/airflow/.local/lib/python3.8/site-packages/airflow/example_dags/example_python_decorator.py
[2025-11-27T08:20:34.460+0000] {logging_mixin.py:188} INFO - [2025-11-27T08:20:34.460+0000] {dag.py:3036} INFO - Sync 1 DAGs
[2025-11-27T08:20:34.469+0000] {logging_mixin.py:188} INFO - [2025-11-27T08:20:34.469+0000] {dag.py:3823} INFO - Setting next_dagrun for example_python_decorator to None, run_after=None
[2025-11-27T08:20:34.486+0000] {processor.py:183} INFO - Processing /home/airflow/.local/lib/python3.8/site-packages/airflow/example_dags/example_python_decorator.py took 0.056 seconds
[2025-11-27T08:21:05.345+0000] {processor.py:161} INFO - Started process (PID=627) to work on /home/airflow/.local/lib/python3.8/site-packages/airflow/example_dags/example_python_decorator.py
[2025-11-27T08:21:05.347+0000] {processor.py:830} INFO - Processing file /home/airflow/.local/lib/python3.8/site-packages/airflow/example_dags/example_python_decorator.py for tasks to queue
[2025-11-27T08:21:05.348+0000] {logging_mixin.py:188} INFO - [2025-11-27T08:21:05.348+0000] {dagbag.py:538} INFO - Filling up the DagBag from /home/airflow/.local/lib/python3.8/site-packages/airflow/example_dags/example_python_decorator.py
[2025-11-27T08:21:05.357+0000] {processor.py:840} INFO - DAG(s) 'example_python_decorator' retrieved from /home/airflow/.local/lib/python3.8/site-packages/airflow/example_dags/example_python_decorator.py
[2025-11-27T08:21:05.376+0000] {logging_mixin.py:188} INFO - [2025-11-27T08:21:05.375+0000] {dag.py:3036} INFO - Sync 1 DAGs
[2025-11-27T08:21:05.385+0000] {logging_mixin.py:188} INFO - [2025-11-27T08:21:05.385+0000] {dag.py:3823} INFO - Setting next_dagrun for example_python_decorator to None, run_after=None
[2025-11-27T08:21:05.404+0000] {processor.py:183} INFO - Processing /home/airflow/.local/lib/python3.8/site-packages/airflow/example_dags/example_python_decorator.py took 0.061 seconds
