[2025-11-27T07:49:59.001+0000] {processor.py:161} INFO - Started process (PID=72) to work on /home/airflow/.local/lib/python3.8/site-packages/airflow/example_dags/example_xcom.py
[2025-11-27T07:49:59.003+0000] {processor.py:830} INFO - Processing file /home/airflow/.local/lib/python3.8/site-packages/airflow/example_dags/example_xcom.py for tasks to queue
[2025-11-27T07:49:59.005+0000] {logging_mixin.py:188} INFO - [2025-11-27T07:49:59.005+0000] {dagbag.py:538} INFO - Filling up the DagBag from /home/airflow/.local/lib/python3.8/site-packages/airflow/example_dags/example_xcom.py
[2025-11-27T07:49:59.014+0000] {processor.py:840} INFO - DAG(s) 'example_xcom' retrieved from /home/airflow/.local/lib/python3.8/site-packages/airflow/example_dags/example_xcom.py
[2025-11-27T07:49:59.028+0000] {logging_mixin.py:188} INFO - [2025-11-27T07:49:59.028+0000] {dag.py:3036} INFO - Sync 1 DAGs
[2025-11-27T07:49:59.046+0000] {logging_mixin.py:188} INFO - [2025-11-27T07:49:59.045+0000] {dag.py:3823} INFO - Setting next_dagrun for example_xcom to 2021-01-01 00:00:00+00:00, run_after=2021-01-01 00:00:00+00:00
[2025-11-27T07:49:59.070+0000] {processor.py:183} INFO - Processing /home/airflow/.local/lib/python3.8/site-packages/airflow/example_dags/example_xcom.py took 0.072 seconds
[2025-11-27T07:50:32.292+0000] {processor.py:161} INFO - Started process (PID=128) to work on /home/airflow/.local/lib/python3.8/site-packages/airflow/example_dags/example_xcom.py
[2025-11-27T07:50:32.293+0000] {processor.py:830} INFO - Processing file /home/airflow/.local/lib/python3.8/site-packages/airflow/example_dags/example_xcom.py for tasks to queue
[2025-11-27T07:50:32.295+0000] {logging_mixin.py:188} INFO - [2025-11-27T07:50:32.295+0000] {dagbag.py:538} INFO - Filling up the DagBag from /home/airflow/.local/lib/python3.8/site-packages/airflow/example_dags/example_xcom.py
[2025-11-27T07:50:32.301+0000] {processor.py:840} INFO - DAG(s) 'example_xcom' retrieved from /home/airflow/.local/lib/python3.8/site-packages/airflow/example_dags/example_xcom.py
[2025-11-27T07:50:32.374+0000] {logging_mixin.py:188} INFO - [2025-11-27T07:50:32.374+0000] {dag.py:3036} INFO - Sync 1 DAGs
[2025-11-27T07:50:32.389+0000] {logging_mixin.py:188} INFO - [2025-11-27T07:50:32.389+0000] {dag.py:3823} INFO - Setting next_dagrun for example_xcom to 2021-01-01 00:00:00+00:00, run_after=2021-01-01 00:00:00+00:00
[2025-11-27T07:50:32.412+0000] {processor.py:183} INFO - Processing /home/airflow/.local/lib/python3.8/site-packages/airflow/example_dags/example_xcom.py took 0.123 seconds
[2025-11-27T07:51:04.231+0000] {processor.py:161} INFO - Started process (PID=184) to work on /home/airflow/.local/lib/python3.8/site-packages/airflow/example_dags/example_xcom.py
[2025-11-27T07:51:04.232+0000] {processor.py:830} INFO - Processing file /home/airflow/.local/lib/python3.8/site-packages/airflow/example_dags/example_xcom.py for tasks to queue
[2025-11-27T07:51:04.234+0000] {logging_mixin.py:188} INFO - [2025-11-27T07:51:04.234+0000] {dagbag.py:538} INFO - Filling up the DagBag from /home/airflow/.local/lib/python3.8/site-packages/airflow/example_dags/example_xcom.py
[2025-11-27T07:51:04.240+0000] {processor.py:840} INFO - DAG(s) 'example_xcom' retrieved from /home/airflow/.local/lib/python3.8/site-packages/airflow/example_dags/example_xcom.py
[2025-11-27T07:51:04.255+0000] {logging_mixin.py:188} INFO - [2025-11-27T07:51:04.255+0000] {dag.py:3036} INFO - Sync 1 DAGs
[2025-11-27T07:51:04.268+0000] {logging_mixin.py:188} INFO - [2025-11-27T07:51:04.267+0000] {dag.py:3823} INFO - Setting next_dagrun for example_xcom to 2021-01-01 00:00:00+00:00, run_after=2021-01-01 00:00:00+00:00
[2025-11-27T07:51:04.285+0000] {processor.py:183} INFO - Processing /home/airflow/.local/lib/python3.8/site-packages/airflow/example_dags/example_xcom.py took 0.056 seconds
[2025-11-27T07:51:36.290+0000] {processor.py:161} INFO - Started process (PID=240) to work on /home/airflow/.local/lib/python3.8/site-packages/airflow/example_dags/example_xcom.py
[2025-11-27T07:51:36.292+0000] {processor.py:830} INFO - Processing file /home/airflow/.local/lib/python3.8/site-packages/airflow/example_dags/example_xcom.py for tasks to queue
[2025-11-27T07:51:36.294+0000] {logging_mixin.py:188} INFO - [2025-11-27T07:51:36.293+0000] {dagbag.py:538} INFO - Filling up the DagBag from /home/airflow/.local/lib/python3.8/site-packages/airflow/example_dags/example_xcom.py
[2025-11-27T07:51:36.301+0000] {processor.py:840} INFO - DAG(s) 'example_xcom' retrieved from /home/airflow/.local/lib/python3.8/site-packages/airflow/example_dags/example_xcom.py
[2025-11-27T07:51:36.318+0000] {logging_mixin.py:188} INFO - [2025-11-27T07:51:36.318+0000] {dag.py:3036} INFO - Sync 1 DAGs
[2025-11-27T07:51:36.334+0000] {logging_mixin.py:188} INFO - [2025-11-27T07:51:36.334+0000] {dag.py:3823} INFO - Setting next_dagrun for example_xcom to 2021-01-01 00:00:00+00:00, run_after=2021-01-01 00:00:00+00:00
[2025-11-27T07:51:36.354+0000] {processor.py:183} INFO - Processing /home/airflow/.local/lib/python3.8/site-packages/airflow/example_dags/example_xcom.py took 0.067 seconds
[2025-11-27T07:52:09.412+0000] {processor.py:161} INFO - Started process (PID=296) to work on /home/airflow/.local/lib/python3.8/site-packages/airflow/example_dags/example_xcom.py
[2025-11-27T07:52:09.413+0000] {processor.py:830} INFO - Processing file /home/airflow/.local/lib/python3.8/site-packages/airflow/example_dags/example_xcom.py for tasks to queue
[2025-11-27T07:52:09.415+0000] {logging_mixin.py:188} INFO - [2025-11-27T07:52:09.415+0000] {dagbag.py:538} INFO - Filling up the DagBag from /home/airflow/.local/lib/python3.8/site-packages/airflow/example_dags/example_xcom.py
[2025-11-27T07:52:09.421+0000] {processor.py:840} INFO - DAG(s) 'example_xcom' retrieved from /home/airflow/.local/lib/python3.8/site-packages/airflow/example_dags/example_xcom.py
[2025-11-27T07:52:09.440+0000] {logging_mixin.py:188} INFO - [2025-11-27T07:52:09.440+0000] {dag.py:3036} INFO - Sync 1 DAGs
[2025-11-27T07:52:09.458+0000] {logging_mixin.py:188} INFO - [2025-11-27T07:52:09.458+0000] {dag.py:3823} INFO - Setting next_dagrun for example_xcom to 2021-01-01 00:00:00+00:00, run_after=2021-01-01 00:00:00+00:00
[2025-11-27T07:52:09.477+0000] {processor.py:183} INFO - Processing /home/airflow/.local/lib/python3.8/site-packages/airflow/example_dags/example_xcom.py took 0.068 seconds
[2025-11-27T08:08:14.813+0000] {processor.py:161} INFO - Started process (PID=140) to work on /home/airflow/.local/lib/python3.8/site-packages/airflow/example_dags/example_xcom.py
[2025-11-27T08:08:14.814+0000] {processor.py:830} INFO - Processing file /home/airflow/.local/lib/python3.8/site-packages/airflow/example_dags/example_xcom.py for tasks to queue
[2025-11-27T08:08:14.816+0000] {logging_mixin.py:188} INFO - [2025-11-27T08:08:14.816+0000] {dagbag.py:538} INFO - Filling up the DagBag from /home/airflow/.local/lib/python3.8/site-packages/airflow/example_dags/example_xcom.py
[2025-11-27T08:08:14.825+0000] {processor.py:840} INFO - DAG(s) 'example_xcom' retrieved from /home/airflow/.local/lib/python3.8/site-packages/airflow/example_dags/example_xcom.py
[2025-11-27T08:08:14.836+0000] {logging_mixin.py:188} INFO - [2025-11-27T08:08:14.836+0000] {dag.py:3036} INFO - Sync 1 DAGs
[2025-11-27T08:08:14.853+0000] {logging_mixin.py:188} INFO - [2025-11-27T08:08:14.853+0000] {dag.py:3823} INFO - Setting next_dagrun for example_xcom to 2021-01-01 00:00:00+00:00, run_after=2021-01-01 00:00:00+00:00
[2025-11-27T08:08:14.876+0000] {processor.py:183} INFO - Processing /home/airflow/.local/lib/python3.8/site-packages/airflow/example_dags/example_xcom.py took 0.066 seconds
[2025-11-27T08:08:48.049+0000] {processor.py:161} INFO - Started process (PID=196) to work on /home/airflow/.local/lib/python3.8/site-packages/airflow/example_dags/example_xcom.py
[2025-11-27T08:08:48.052+0000] {processor.py:830} INFO - Processing file /home/airflow/.local/lib/python3.8/site-packages/airflow/example_dags/example_xcom.py for tasks to queue
[2025-11-27T08:08:48.054+0000] {logging_mixin.py:188} INFO - [2025-11-27T08:08:48.053+0000] {dagbag.py:538} INFO - Filling up the DagBag from /home/airflow/.local/lib/python3.8/site-packages/airflow/example_dags/example_xcom.py
[2025-11-27T08:08:48.061+0000] {processor.py:840} INFO - DAG(s) 'example_xcom' retrieved from /home/airflow/.local/lib/python3.8/site-packages/airflow/example_dags/example_xcom.py
[2025-11-27T08:08:48.260+0000] {logging_mixin.py:188} INFO - [2025-11-27T08:08:48.260+0000] {dag.py:3036} INFO - Sync 1 DAGs
[2025-11-27T08:08:48.273+0000] {logging_mixin.py:188} INFO - [2025-11-27T08:08:48.273+0000] {dag.py:3823} INFO - Setting next_dagrun for example_xcom to 2021-01-01 00:00:00+00:00, run_after=2021-01-01 00:00:00+00:00
[2025-11-27T08:08:48.290+0000] {processor.py:183} INFO - Processing /home/airflow/.local/lib/python3.8/site-packages/airflow/example_dags/example_xcom.py took 0.244 seconds
[2025-11-27T08:09:18.729+0000] {processor.py:161} INFO - Started process (PID=252) to work on /home/airflow/.local/lib/python3.8/site-packages/airflow/example_dags/example_xcom.py
[2025-11-27T08:09:18.730+0000] {processor.py:830} INFO - Processing file /home/airflow/.local/lib/python3.8/site-packages/airflow/example_dags/example_xcom.py for tasks to queue
[2025-11-27T08:09:18.732+0000] {logging_mixin.py:188} INFO - [2025-11-27T08:09:18.732+0000] {dagbag.py:538} INFO - Filling up the DagBag from /home/airflow/.local/lib/python3.8/site-packages/airflow/example_dags/example_xcom.py
[2025-11-27T08:09:18.739+0000] {processor.py:840} INFO - DAG(s) 'example_xcom' retrieved from /home/airflow/.local/lib/python3.8/site-packages/airflow/example_dags/example_xcom.py
[2025-11-27T08:09:18.757+0000] {logging_mixin.py:188} INFO - [2025-11-27T08:09:18.757+0000] {dag.py:3036} INFO - Sync 1 DAGs
[2025-11-27T08:09:18.777+0000] {logging_mixin.py:188} INFO - [2025-11-27T08:09:18.777+0000] {dag.py:3823} INFO - Setting next_dagrun for example_xcom to 2021-01-01 00:00:00+00:00, run_after=2021-01-01 00:00:00+00:00
[2025-11-27T08:09:18.802+0000] {processor.py:183} INFO - Processing /home/airflow/.local/lib/python3.8/site-packages/airflow/example_dags/example_xcom.py took 0.076 seconds
[2025-11-27T08:09:48.885+0000] {processor.py:161} INFO - Started process (PID=302) to work on /home/airflow/.local/lib/python3.8/site-packages/airflow/example_dags/example_xcom.py
[2025-11-27T08:09:48.886+0000] {processor.py:830} INFO - Processing file /home/airflow/.local/lib/python3.8/site-packages/airflow/example_dags/example_xcom.py for tasks to queue
[2025-11-27T08:09:48.888+0000] {logging_mixin.py:188} INFO - [2025-11-27T08:09:48.888+0000] {dagbag.py:538} INFO - Filling up the DagBag from /home/airflow/.local/lib/python3.8/site-packages/airflow/example_dags/example_xcom.py
[2025-11-27T08:09:48.895+0000] {processor.py:840} INFO - DAG(s) 'example_xcom' retrieved from /home/airflow/.local/lib/python3.8/site-packages/airflow/example_dags/example_xcom.py
[2025-11-27T08:09:48.915+0000] {logging_mixin.py:188} INFO - [2025-11-27T08:09:48.915+0000] {dag.py:3036} INFO - Sync 1 DAGs
[2025-11-27T08:09:48.931+0000] {logging_mixin.py:188} INFO - [2025-11-27T08:09:48.930+0000] {dag.py:3823} INFO - Setting next_dagrun for example_xcom to 2021-01-01 00:00:00+00:00, run_after=2021-01-01 00:00:00+00:00
[2025-11-27T08:09:48.948+0000] {processor.py:183} INFO - Processing /home/airflow/.local/lib/python3.8/site-packages/airflow/example_dags/example_xcom.py took 0.066 seconds
[2025-11-27T08:10:19.130+0000] {processor.py:161} INFO - Started process (PID=358) to work on /home/airflow/.local/lib/python3.8/site-packages/airflow/example_dags/example_xcom.py
[2025-11-27T08:10:19.131+0000] {processor.py:830} INFO - Processing file /home/airflow/.local/lib/python3.8/site-packages/airflow/example_dags/example_xcom.py for tasks to queue
[2025-11-27T08:10:19.134+0000] {logging_mixin.py:188} INFO - [2025-11-27T08:10:19.134+0000] {dagbag.py:538} INFO - Filling up the DagBag from /home/airflow/.local/lib/python3.8/site-packages/airflow/example_dags/example_xcom.py
[2025-11-27T08:10:19.140+0000] {processor.py:840} INFO - DAG(s) 'example_xcom' retrieved from /home/airflow/.local/lib/python3.8/site-packages/airflow/example_dags/example_xcom.py
[2025-11-27T08:10:19.159+0000] {logging_mixin.py:188} INFO - [2025-11-27T08:10:19.159+0000] {dag.py:3036} INFO - Sync 1 DAGs
[2025-11-27T08:10:19.175+0000] {logging_mixin.py:188} INFO - [2025-11-27T08:10:19.175+0000] {dag.py:3823} INFO - Setting next_dagrun for example_xcom to 2021-01-01 00:00:00+00:00, run_after=2021-01-01 00:00:00+00:00
[2025-11-27T08:10:19.197+0000] {processor.py:183} INFO - Processing /home/airflow/.local/lib/python3.8/site-packages/airflow/example_dags/example_xcom.py took 0.069 seconds
[2025-11-27T08:10:50.128+0000] {processor.py:161} INFO - Started process (PID=415) to work on /home/airflow/.local/lib/python3.8/site-packages/airflow/example_dags/example_xcom.py
[2025-11-27T08:10:50.129+0000] {processor.py:830} INFO - Processing file /home/airflow/.local/lib/python3.8/site-packages/airflow/example_dags/example_xcom.py for tasks to queue
[2025-11-27T08:10:50.131+0000] {logging_mixin.py:188} INFO - [2025-11-27T08:10:50.131+0000] {dagbag.py:538} INFO - Filling up the DagBag from /home/airflow/.local/lib/python3.8/site-packages/airflow/example_dags/example_xcom.py
[2025-11-27T08:10:50.137+0000] {processor.py:840} INFO - DAG(s) 'example_xcom' retrieved from /home/airflow/.local/lib/python3.8/site-packages/airflow/example_dags/example_xcom.py
[2025-11-27T08:10:50.158+0000] {logging_mixin.py:188} INFO - [2025-11-27T08:10:50.158+0000] {dag.py:3036} INFO - Sync 1 DAGs
[2025-11-27T08:10:50.175+0000] {logging_mixin.py:188} INFO - [2025-11-27T08:10:50.174+0000] {dag.py:3823} INFO - Setting next_dagrun for example_xcom to 2021-01-01 00:00:00+00:00, run_after=2021-01-01 00:00:00+00:00
[2025-11-27T08:10:50.192+0000] {processor.py:183} INFO - Processing /home/airflow/.local/lib/python3.8/site-packages/airflow/example_dags/example_xcom.py took 0.067 seconds
[2025-11-27T08:11:20.355+0000] {processor.py:161} INFO - Started process (PID=471) to work on /home/airflow/.local/lib/python3.8/site-packages/airflow/example_dags/example_xcom.py
[2025-11-27T08:11:20.356+0000] {processor.py:830} INFO - Processing file /home/airflow/.local/lib/python3.8/site-packages/airflow/example_dags/example_xcom.py for tasks to queue
[2025-11-27T08:11:20.358+0000] {logging_mixin.py:188} INFO - [2025-11-27T08:11:20.357+0000] {dagbag.py:538} INFO - Filling up the DagBag from /home/airflow/.local/lib/python3.8/site-packages/airflow/example_dags/example_xcom.py
[2025-11-27T08:11:20.364+0000] {processor.py:840} INFO - DAG(s) 'example_xcom' retrieved from /home/airflow/.local/lib/python3.8/site-packages/airflow/example_dags/example_xcom.py
[2025-11-27T08:11:20.381+0000] {logging_mixin.py:188} INFO - [2025-11-27T08:11:20.380+0000] {dag.py:3036} INFO - Sync 1 DAGs
[2025-11-27T08:11:20.394+0000] {logging_mixin.py:188} INFO - [2025-11-27T08:11:20.394+0000] {dag.py:3823} INFO - Setting next_dagrun for example_xcom to 2021-01-01 00:00:00+00:00, run_after=2021-01-01 00:00:00+00:00
[2025-11-27T08:11:20.410+0000] {processor.py:183} INFO - Processing /home/airflow/.local/lib/python3.8/site-packages/airflow/example_dags/example_xcom.py took 0.058 seconds
[2025-11-27T08:11:50.846+0000] {processor.py:161} INFO - Started process (PID=527) to work on /home/airflow/.local/lib/python3.8/site-packages/airflow/example_dags/example_xcom.py
[2025-11-27T08:11:50.848+0000] {processor.py:830} INFO - Processing file /home/airflow/.local/lib/python3.8/site-packages/airflow/example_dags/example_xcom.py for tasks to queue
[2025-11-27T08:11:50.850+0000] {logging_mixin.py:188} INFO - [2025-11-27T08:11:50.850+0000] {dagbag.py:538} INFO - Filling up the DagBag from /home/airflow/.local/lib/python3.8/site-packages/airflow/example_dags/example_xcom.py
[2025-11-27T08:11:50.857+0000] {processor.py:840} INFO - DAG(s) 'example_xcom' retrieved from /home/airflow/.local/lib/python3.8/site-packages/airflow/example_dags/example_xcom.py
[2025-11-27T08:11:50.877+0000] {logging_mixin.py:188} INFO - [2025-11-27T08:11:50.877+0000] {dag.py:3036} INFO - Sync 1 DAGs
[2025-11-27T08:11:50.894+0000] {logging_mixin.py:188} INFO - [2025-11-27T08:11:50.894+0000] {dag.py:3823} INFO - Setting next_dagrun for example_xcom to 2021-01-01 00:00:00+00:00, run_after=2021-01-01 00:00:00+00:00
[2025-11-27T08:11:50.910+0000] {processor.py:183} INFO - Processing /home/airflow/.local/lib/python3.8/site-packages/airflow/example_dags/example_xcom.py took 0.067 seconds
[2025-11-27T08:12:21.311+0000] {processor.py:161} INFO - Started process (PID=583) to work on /home/airflow/.local/lib/python3.8/site-packages/airflow/example_dags/example_xcom.py
[2025-11-27T08:12:21.312+0000] {processor.py:830} INFO - Processing file /home/airflow/.local/lib/python3.8/site-packages/airflow/example_dags/example_xcom.py for tasks to queue
[2025-11-27T08:12:21.314+0000] {logging_mixin.py:188} INFO - [2025-11-27T08:12:21.314+0000] {dagbag.py:538} INFO - Filling up the DagBag from /home/airflow/.local/lib/python3.8/site-packages/airflow/example_dags/example_xcom.py
[2025-11-27T08:12:21.320+0000] {processor.py:840} INFO - DAG(s) 'example_xcom' retrieved from /home/airflow/.local/lib/python3.8/site-packages/airflow/example_dags/example_xcom.py
[2025-11-27T08:12:21.339+0000] {logging_mixin.py:188} INFO - [2025-11-27T08:12:21.339+0000] {dag.py:3036} INFO - Sync 1 DAGs
[2025-11-27T08:12:21.355+0000] {logging_mixin.py:188} INFO - [2025-11-27T08:12:21.355+0000] {dag.py:3823} INFO - Setting next_dagrun for example_xcom to 2021-01-01 00:00:00+00:00, run_after=2021-01-01 00:00:00+00:00
[2025-11-27T08:12:21.373+0000] {processor.py:183} INFO - Processing /home/airflow/.local/lib/python3.8/site-packages/airflow/example_dags/example_xcom.py took 0.064 seconds
[2025-11-27T08:12:51.908+0000] {processor.py:161} INFO - Started process (PID=639) to work on /home/airflow/.local/lib/python3.8/site-packages/airflow/example_dags/example_xcom.py
[2025-11-27T08:12:51.910+0000] {processor.py:830} INFO - Processing file /home/airflow/.local/lib/python3.8/site-packages/airflow/example_dags/example_xcom.py for tasks to queue
[2025-11-27T08:12:51.912+0000] {logging_mixin.py:188} INFO - [2025-11-27T08:12:51.911+0000] {dagbag.py:538} INFO - Filling up the DagBag from /home/airflow/.local/lib/python3.8/site-packages/airflow/example_dags/example_xcom.py
[2025-11-27T08:12:51.919+0000] {processor.py:840} INFO - DAG(s) 'example_xcom' retrieved from /home/airflow/.local/lib/python3.8/site-packages/airflow/example_dags/example_xcom.py
[2025-11-27T08:12:51.942+0000] {logging_mixin.py:188} INFO - [2025-11-27T08:12:51.942+0000] {dag.py:3036} INFO - Sync 1 DAGs
[2025-11-27T08:12:51.963+0000] {logging_mixin.py:188} INFO - [2025-11-27T08:12:51.963+0000] {dag.py:3823} INFO - Setting next_dagrun for example_xcom to 2021-01-01 00:00:00+00:00, run_after=2021-01-01 00:00:00+00:00
[2025-11-27T08:12:51.986+0000] {processor.py:183} INFO - Processing /home/airflow/.local/lib/python3.8/site-packages/airflow/example_dags/example_xcom.py took 0.081 seconds
[2025-11-27T08:13:22.306+0000] {processor.py:161} INFO - Started process (PID=695) to work on /home/airflow/.local/lib/python3.8/site-packages/airflow/example_dags/example_xcom.py
[2025-11-27T08:13:22.307+0000] {processor.py:830} INFO - Processing file /home/airflow/.local/lib/python3.8/site-packages/airflow/example_dags/example_xcom.py for tasks to queue
[2025-11-27T08:13:22.309+0000] {logging_mixin.py:188} INFO - [2025-11-27T08:13:22.309+0000] {dagbag.py:538} INFO - Filling up the DagBag from /home/airflow/.local/lib/python3.8/site-packages/airflow/example_dags/example_xcom.py
[2025-11-27T08:13:22.315+0000] {processor.py:840} INFO - DAG(s) 'example_xcom' retrieved from /home/airflow/.local/lib/python3.8/site-packages/airflow/example_dags/example_xcom.py
[2025-11-27T08:13:22.333+0000] {logging_mixin.py:188} INFO - [2025-11-27T08:13:22.333+0000] {dag.py:3036} INFO - Sync 1 DAGs
[2025-11-27T08:13:22.349+0000] {logging_mixin.py:188} INFO - [2025-11-27T08:13:22.349+0000] {dag.py:3823} INFO - Setting next_dagrun for example_xcom to 2021-01-01 00:00:00+00:00, run_after=2021-01-01 00:00:00+00:00
[2025-11-27T08:13:22.365+0000] {processor.py:183} INFO - Processing /home/airflow/.local/lib/python3.8/site-packages/airflow/example_dags/example_xcom.py took 0.062 seconds
[2025-11-27T08:13:52.798+0000] {processor.py:161} INFO - Started process (PID=751) to work on /home/airflow/.local/lib/python3.8/site-packages/airflow/example_dags/example_xcom.py
[2025-11-27T08:13:52.799+0000] {processor.py:830} INFO - Processing file /home/airflow/.local/lib/python3.8/site-packages/airflow/example_dags/example_xcom.py for tasks to queue
[2025-11-27T08:13:52.801+0000] {logging_mixin.py:188} INFO - [2025-11-27T08:13:52.801+0000] {dagbag.py:538} INFO - Filling up the DagBag from /home/airflow/.local/lib/python3.8/site-packages/airflow/example_dags/example_xcom.py
[2025-11-27T08:13:52.807+0000] {processor.py:840} INFO - DAG(s) 'example_xcom' retrieved from /home/airflow/.local/lib/python3.8/site-packages/airflow/example_dags/example_xcom.py
[2025-11-27T08:13:52.826+0000] {logging_mixin.py:188} INFO - [2025-11-27T08:13:52.826+0000] {dag.py:3036} INFO - Sync 1 DAGs
[2025-11-27T08:13:52.842+0000] {logging_mixin.py:188} INFO - [2025-11-27T08:13:52.841+0000] {dag.py:3823} INFO - Setting next_dagrun for example_xcom to 2021-01-01 00:00:00+00:00, run_after=2021-01-01 00:00:00+00:00
[2025-11-27T08:13:52.858+0000] {processor.py:183} INFO - Processing /home/airflow/.local/lib/python3.8/site-packages/airflow/example_dags/example_xcom.py took 0.063 seconds
[2025-11-27T08:14:24.186+0000] {processor.py:161} INFO - Started process (PID=807) to work on /home/airflow/.local/lib/python3.8/site-packages/airflow/example_dags/example_xcom.py
[2025-11-27T08:14:24.187+0000] {processor.py:830} INFO - Processing file /home/airflow/.local/lib/python3.8/site-packages/airflow/example_dags/example_xcom.py for tasks to queue
[2025-11-27T08:14:24.189+0000] {logging_mixin.py:188} INFO - [2025-11-27T08:14:24.189+0000] {dagbag.py:538} INFO - Filling up the DagBag from /home/airflow/.local/lib/python3.8/site-packages/airflow/example_dags/example_xcom.py
[2025-11-27T08:14:24.195+0000] {processor.py:840} INFO - DAG(s) 'example_xcom' retrieved from /home/airflow/.local/lib/python3.8/site-packages/airflow/example_dags/example_xcom.py
[2025-11-27T08:14:24.214+0000] {logging_mixin.py:188} INFO - [2025-11-27T08:14:24.214+0000] {dag.py:3036} INFO - Sync 1 DAGs
[2025-11-27T08:14:24.230+0000] {logging_mixin.py:188} INFO - [2025-11-27T08:14:24.230+0000] {dag.py:3823} INFO - Setting next_dagrun for example_xcom to 2021-01-01 00:00:00+00:00, run_after=2021-01-01 00:00:00+00:00
[2025-11-27T08:14:24.246+0000] {processor.py:183} INFO - Processing /home/airflow/.local/lib/python3.8/site-packages/airflow/example_dags/example_xcom.py took 0.063 seconds
[2025-11-27T08:14:56.456+0000] {processor.py:161} INFO - Started process (PID=863) to work on /home/airflow/.local/lib/python3.8/site-packages/airflow/example_dags/example_xcom.py
[2025-11-27T08:14:56.458+0000] {processor.py:830} INFO - Processing file /home/airflow/.local/lib/python3.8/site-packages/airflow/example_dags/example_xcom.py for tasks to queue
[2025-11-27T08:14:56.460+0000] {logging_mixin.py:188} INFO - [2025-11-27T08:14:56.459+0000] {dagbag.py:538} INFO - Filling up the DagBag from /home/airflow/.local/lib/python3.8/site-packages/airflow/example_dags/example_xcom.py
[2025-11-27T08:14:56.466+0000] {processor.py:840} INFO - DAG(s) 'example_xcom' retrieved from /home/airflow/.local/lib/python3.8/site-packages/airflow/example_dags/example_xcom.py
[2025-11-27T08:14:56.485+0000] {logging_mixin.py:188} INFO - [2025-11-27T08:14:56.484+0000] {dag.py:3036} INFO - Sync 1 DAGs
[2025-11-27T08:14:56.500+0000] {logging_mixin.py:188} INFO - [2025-11-27T08:14:56.499+0000] {dag.py:3823} INFO - Setting next_dagrun for example_xcom to 2021-01-01 00:00:00+00:00, run_after=2021-01-01 00:00:00+00:00
[2025-11-27T08:14:56.517+0000] {processor.py:183} INFO - Processing /home/airflow/.local/lib/python3.8/site-packages/airflow/example_dags/example_xcom.py took 0.063 seconds
[2025-11-27T08:16:29.122+0000] {processor.py:161} INFO - Started process (PID=134) to work on /home/airflow/.local/lib/python3.8/site-packages/airflow/example_dags/example_xcom.py
[2025-11-27T08:16:29.123+0000] {processor.py:830} INFO - Processing file /home/airflow/.local/lib/python3.8/site-packages/airflow/example_dags/example_xcom.py for tasks to queue
[2025-11-27T08:16:29.126+0000] {logging_mixin.py:188} INFO - [2025-11-27T08:16:29.125+0000] {dagbag.py:538} INFO - Filling up the DagBag from /home/airflow/.local/lib/python3.8/site-packages/airflow/example_dags/example_xcom.py
[2025-11-27T08:16:29.137+0000] {processor.py:840} INFO - DAG(s) 'example_xcom' retrieved from /home/airflow/.local/lib/python3.8/site-packages/airflow/example_dags/example_xcom.py
[2025-11-27T08:16:29.151+0000] {logging_mixin.py:188} INFO - [2025-11-27T08:16:29.150+0000] {dag.py:3036} INFO - Sync 1 DAGs
[2025-11-27T08:16:29.168+0000] {logging_mixin.py:188} INFO - [2025-11-27T08:16:29.168+0000] {dag.py:3823} INFO - Setting next_dagrun for example_xcom to 2021-01-01 00:00:00+00:00, run_after=2021-01-01 00:00:00+00:00
[2025-11-27T08:16:29.187+0000] {processor.py:183} INFO - Processing /home/airflow/.local/lib/python3.8/site-packages/airflow/example_dags/example_xcom.py took 0.069 seconds
[2025-11-27T08:17:01.560+0000] {processor.py:161} INFO - Started process (PID=191) to work on /home/airflow/.local/lib/python3.8/site-packages/airflow/example_dags/example_xcom.py
[2025-11-27T08:17:01.561+0000] {processor.py:830} INFO - Processing file /home/airflow/.local/lib/python3.8/site-packages/airflow/example_dags/example_xcom.py for tasks to queue
[2025-11-27T08:17:01.564+0000] {logging_mixin.py:188} INFO - [2025-11-27T08:17:01.564+0000] {dagbag.py:538} INFO - Filling up the DagBag from /home/airflow/.local/lib/python3.8/site-packages/airflow/example_dags/example_xcom.py
[2025-11-27T08:17:01.570+0000] {processor.py:840} INFO - DAG(s) 'example_xcom' retrieved from /home/airflow/.local/lib/python3.8/site-packages/airflow/example_dags/example_xcom.py
[2025-11-27T08:17:01.743+0000] {logging_mixin.py:188} INFO - [2025-11-27T08:17:01.742+0000] {dag.py:3036} INFO - Sync 1 DAGs
[2025-11-27T08:17:01.755+0000] {logging_mixin.py:188} INFO - [2025-11-27T08:17:01.755+0000] {dag.py:3823} INFO - Setting next_dagrun for example_xcom to 2021-01-01 00:00:00+00:00, run_after=2021-01-01 00:00:00+00:00
[2025-11-27T08:17:02.071+0000] {processor.py:183} INFO - Processing /home/airflow/.local/lib/python3.8/site-packages/airflow/example_dags/example_xcom.py took 0.514 seconds
[2025-11-27T08:17:32.463+0000] {processor.py:161} INFO - Started process (PID=247) to work on /home/airflow/.local/lib/python3.8/site-packages/airflow/example_dags/example_xcom.py
[2025-11-27T08:17:32.464+0000] {processor.py:830} INFO - Processing file /home/airflow/.local/lib/python3.8/site-packages/airflow/example_dags/example_xcom.py for tasks to queue
[2025-11-27T08:17:32.465+0000] {logging_mixin.py:188} INFO - [2025-11-27T08:17:32.465+0000] {dagbag.py:538} INFO - Filling up the DagBag from /home/airflow/.local/lib/python3.8/site-packages/airflow/example_dags/example_xcom.py
[2025-11-27T08:17:32.471+0000] {processor.py:840} INFO - DAG(s) 'example_xcom' retrieved from /home/airflow/.local/lib/python3.8/site-packages/airflow/example_dags/example_xcom.py
[2025-11-27T08:17:32.488+0000] {logging_mixin.py:188} INFO - [2025-11-27T08:17:32.488+0000] {dag.py:3036} INFO - Sync 1 DAGs
[2025-11-27T08:17:32.504+0000] {logging_mixin.py:188} INFO - [2025-11-27T08:17:32.504+0000] {dag.py:3823} INFO - Setting next_dagrun for example_xcom to 2021-01-01 00:00:00+00:00, run_after=2021-01-01 00:00:00+00:00
[2025-11-27T08:17:32.524+0000] {processor.py:183} INFO - Processing /home/airflow/.local/lib/python3.8/site-packages/airflow/example_dags/example_xcom.py took 0.064 seconds
[2025-11-27T08:18:03.086+0000] {processor.py:161} INFO - Started process (PID=303) to work on /home/airflow/.local/lib/python3.8/site-packages/airflow/example_dags/example_xcom.py
[2025-11-27T08:18:03.087+0000] {processor.py:830} INFO - Processing file /home/airflow/.local/lib/python3.8/site-packages/airflow/example_dags/example_xcom.py for tasks to queue
[2025-11-27T08:18:03.088+0000] {logging_mixin.py:188} INFO - [2025-11-27T08:18:03.088+0000] {dagbag.py:538} INFO - Filling up the DagBag from /home/airflow/.local/lib/python3.8/site-packages/airflow/example_dags/example_xcom.py
[2025-11-27T08:18:03.094+0000] {processor.py:840} INFO - DAG(s) 'example_xcom' retrieved from /home/airflow/.local/lib/python3.8/site-packages/airflow/example_dags/example_xcom.py
[2025-11-27T08:18:03.111+0000] {logging_mixin.py:188} INFO - [2025-11-27T08:18:03.111+0000] {dag.py:3036} INFO - Sync 1 DAGs
[2025-11-27T08:18:03.129+0000] {logging_mixin.py:188} INFO - [2025-11-27T08:18:03.128+0000] {dag.py:3823} INFO - Setting next_dagrun for example_xcom to 2021-01-01 00:00:00+00:00, run_after=2021-01-01 00:00:00+00:00
[2025-11-27T08:18:03.150+0000] {processor.py:183} INFO - Processing /home/airflow/.local/lib/python3.8/site-packages/airflow/example_dags/example_xcom.py took 0.067 seconds
[2025-11-27T08:18:33.435+0000] {processor.py:161} INFO - Started process (PID=359) to work on /home/airflow/.local/lib/python3.8/site-packages/airflow/example_dags/example_xcom.py
[2025-11-27T08:18:33.436+0000] {processor.py:830} INFO - Processing file /home/airflow/.local/lib/python3.8/site-packages/airflow/example_dags/example_xcom.py for tasks to queue
[2025-11-27T08:18:33.438+0000] {logging_mixin.py:188} INFO - [2025-11-27T08:18:33.438+0000] {dagbag.py:538} INFO - Filling up the DagBag from /home/airflow/.local/lib/python3.8/site-packages/airflow/example_dags/example_xcom.py
[2025-11-27T08:18:33.444+0000] {processor.py:840} INFO - DAG(s) 'example_xcom' retrieved from /home/airflow/.local/lib/python3.8/site-packages/airflow/example_dags/example_xcom.py
[2025-11-27T08:18:33.462+0000] {logging_mixin.py:188} INFO - [2025-11-27T08:18:33.462+0000] {dag.py:3036} INFO - Sync 1 DAGs
[2025-11-27T08:18:33.477+0000] {logging_mixin.py:188} INFO - [2025-11-27T08:18:33.477+0000] {dag.py:3823} INFO - Setting next_dagrun for example_xcom to 2021-01-01 00:00:00+00:00, run_after=2021-01-01 00:00:00+00:00
[2025-11-27T08:18:33.493+0000] {processor.py:183} INFO - Processing /home/airflow/.local/lib/python3.8/site-packages/airflow/example_dags/example_xcom.py took 0.061 seconds
[2025-11-27T08:19:04.101+0000] {processor.py:161} INFO - Started process (PID=415) to work on /home/airflow/.local/lib/python3.8/site-packages/airflow/example_dags/example_xcom.py
[2025-11-27T08:19:04.102+0000] {processor.py:830} INFO - Processing file /home/airflow/.local/lib/python3.8/site-packages/airflow/example_dags/example_xcom.py for tasks to queue
[2025-11-27T08:19:04.104+0000] {logging_mixin.py:188} INFO - [2025-11-27T08:19:04.104+0000] {dagbag.py:538} INFO - Filling up the DagBag from /home/airflow/.local/lib/python3.8/site-packages/airflow/example_dags/example_xcom.py
[2025-11-27T08:19:04.110+0000] {processor.py:840} INFO - DAG(s) 'example_xcom' retrieved from /home/airflow/.local/lib/python3.8/site-packages/airflow/example_dags/example_xcom.py
[2025-11-27T08:19:04.128+0000] {logging_mixin.py:188} INFO - [2025-11-27T08:19:04.127+0000] {dag.py:3036} INFO - Sync 1 DAGs
[2025-11-27T08:19:04.143+0000] {logging_mixin.py:188} INFO - [2025-11-27T08:19:04.143+0000] {dag.py:3823} INFO - Setting next_dagrun for example_xcom to 2021-01-01 00:00:00+00:00, run_after=2021-01-01 00:00:00+00:00
[2025-11-27T08:19:04.159+0000] {processor.py:183} INFO - Processing /home/airflow/.local/lib/python3.8/site-packages/airflow/example_dags/example_xcom.py took 0.061 seconds
[2025-11-27T08:19:34.734+0000] {processor.py:161} INFO - Started process (PID=471) to work on /home/airflow/.local/lib/python3.8/site-packages/airflow/example_dags/example_xcom.py
[2025-11-27T08:19:34.735+0000] {processor.py:830} INFO - Processing file /home/airflow/.local/lib/python3.8/site-packages/airflow/example_dags/example_xcom.py for tasks to queue
[2025-11-27T08:19:34.737+0000] {logging_mixin.py:188} INFO - [2025-11-27T08:19:34.737+0000] {dagbag.py:538} INFO - Filling up the DagBag from /home/airflow/.local/lib/python3.8/site-packages/airflow/example_dags/example_xcom.py
[2025-11-27T08:19:34.745+0000] {processor.py:840} INFO - DAG(s) 'example_xcom' retrieved from /home/airflow/.local/lib/python3.8/site-packages/airflow/example_dags/example_xcom.py
[2025-11-27T08:19:34.767+0000] {logging_mixin.py:188} INFO - [2025-11-27T08:19:34.767+0000] {dag.py:3036} INFO - Sync 1 DAGs
[2025-11-27T08:19:34.785+0000] {logging_mixin.py:188} INFO - [2025-11-27T08:19:34.785+0000] {dag.py:3823} INFO - Setting next_dagrun for example_xcom to 2021-01-01 00:00:00+00:00, run_after=2021-01-01 00:00:00+00:00
[2025-11-27T08:19:34.805+0000] {processor.py:183} INFO - Processing /home/airflow/.local/lib/python3.8/site-packages/airflow/example_dags/example_xcom.py took 0.075 seconds
[2025-11-27T08:20:05.048+0000] {processor.py:161} INFO - Started process (PID=527) to work on /home/airflow/.local/lib/python3.8/site-packages/airflow/example_dags/example_xcom.py
[2025-11-27T08:20:05.049+0000] {processor.py:830} INFO - Processing file /home/airflow/.local/lib/python3.8/site-packages/airflow/example_dags/example_xcom.py for tasks to queue
[2025-11-27T08:20:05.051+0000] {logging_mixin.py:188} INFO - [2025-11-27T08:20:05.051+0000] {dagbag.py:538} INFO - Filling up the DagBag from /home/airflow/.local/lib/python3.8/site-packages/airflow/example_dags/example_xcom.py
[2025-11-27T08:20:05.056+0000] {processor.py:840} INFO - DAG(s) 'example_xcom' retrieved from /home/airflow/.local/lib/python3.8/site-packages/airflow/example_dags/example_xcom.py
[2025-11-27T08:20:05.072+0000] {logging_mixin.py:188} INFO - [2025-11-27T08:20:05.071+0000] {dag.py:3036} INFO - Sync 1 DAGs
[2025-11-27T08:20:05.085+0000] {logging_mixin.py:188} INFO - [2025-11-27T08:20:05.085+0000] {dag.py:3823} INFO - Setting next_dagrun for example_xcom to 2021-01-01 00:00:00+00:00, run_after=2021-01-01 00:00:00+00:00
[2025-11-27T08:20:05.102+0000] {processor.py:183} INFO - Processing /home/airflow/.local/lib/python3.8/site-packages/airflow/example_dags/example_xcom.py took 0.057 seconds
[2025-11-27T08:20:35.170+0000] {processor.py:161} INFO - Started process (PID=583) to work on /home/airflow/.local/lib/python3.8/site-packages/airflow/example_dags/example_xcom.py
[2025-11-27T08:20:35.172+0000] {processor.py:830} INFO - Processing file /home/airflow/.local/lib/python3.8/site-packages/airflow/example_dags/example_xcom.py for tasks to queue
[2025-11-27T08:20:35.173+0000] {logging_mixin.py:188} INFO - [2025-11-27T08:20:35.173+0000] {dagbag.py:538} INFO - Filling up the DagBag from /home/airflow/.local/lib/python3.8/site-packages/airflow/example_dags/example_xcom.py
[2025-11-27T08:20:35.180+0000] {processor.py:840} INFO - DAG(s) 'example_xcom' retrieved from /home/airflow/.local/lib/python3.8/site-packages/airflow/example_dags/example_xcom.py
[2025-11-27T08:20:35.197+0000] {logging_mixin.py:188} INFO - [2025-11-27T08:20:35.197+0000] {dag.py:3036} INFO - Sync 1 DAGs
[2025-11-27T08:20:35.213+0000] {logging_mixin.py:188} INFO - [2025-11-27T08:20:35.213+0000] {dag.py:3823} INFO - Setting next_dagrun for example_xcom to 2021-01-01 00:00:00+00:00, run_after=2021-01-01 00:00:00+00:00
[2025-11-27T08:20:35.229+0000] {processor.py:183} INFO - Processing /home/airflow/.local/lib/python3.8/site-packages/airflow/example_dags/example_xcom.py took 0.062 seconds
[2025-11-27T08:21:06.424+0000] {processor.py:161} INFO - Started process (PID=639) to work on /home/airflow/.local/lib/python3.8/site-packages/airflow/example_dags/example_xcom.py
[2025-11-27T08:21:06.425+0000] {processor.py:830} INFO - Processing file /home/airflow/.local/lib/python3.8/site-packages/airflow/example_dags/example_xcom.py for tasks to queue
[2025-11-27T08:21:06.427+0000] {logging_mixin.py:188} INFO - [2025-11-27T08:21:06.427+0000] {dagbag.py:538} INFO - Filling up the DagBag from /home/airflow/.local/lib/python3.8/site-packages/airflow/example_dags/example_xcom.py
[2025-11-27T08:21:06.435+0000] {processor.py:840} INFO - DAG(s) 'example_xcom' retrieved from /home/airflow/.local/lib/python3.8/site-packages/airflow/example_dags/example_xcom.py
[2025-11-27T08:21:06.454+0000] {logging_mixin.py:188} INFO - [2025-11-27T08:21:06.453+0000] {dag.py:3036} INFO - Sync 1 DAGs
[2025-11-27T08:21:06.471+0000] {logging_mixin.py:188} INFO - [2025-11-27T08:21:06.471+0000] {dag.py:3823} INFO - Setting next_dagrun for example_xcom to 2021-01-01 00:00:00+00:00, run_after=2021-01-01 00:00:00+00:00
[2025-11-27T08:21:06.492+0000] {processor.py:183} INFO - Processing /home/airflow/.local/lib/python3.8/site-packages/airflow/example_dags/example_xcom.py took 0.071 seconds
