[2025-11-27T07:49:59.336+0000] {processor.py:161} INFO - Started process (PID=79) to work on /home/airflow/.local/lib/python3.8/site-packages/airflow/example_dags/example_task_group_decorator.py
[2025-11-27T07:49:59.337+0000] {processor.py:830} INFO - Processing file /home/airflow/.local/lib/python3.8/site-packages/airflow/example_dags/example_task_group_decorator.py for tasks to queue
[2025-11-27T07:49:59.339+0000] {logging_mixin.py:188} INFO - [2025-11-27T07:49:59.338+0000] {dagbag.py:538} INFO - Filling up the DagBag from /home/airflow/.local/lib/python3.8/site-packages/airflow/example_dags/example_task_group_decorator.py
[2025-11-27T07:49:59.351+0000] {processor.py:840} INFO - DAG(s) 'example_task_group_decorator' retrieved from /home/airflow/.local/lib/python3.8/site-packages/airflow/example_dags/example_task_group_decorator.py
[2025-11-27T07:49:59.364+0000] {logging_mixin.py:188} INFO - [2025-11-27T07:49:59.364+0000] {dag.py:3036} INFO - Sync 1 DAGs
[2025-11-27T07:49:59.382+0000] {logging_mixin.py:188} INFO - [2025-11-27T07:49:59.382+0000] {dag.py:3823} INFO - Setting next_dagrun for example_task_group_decorator to 2025-11-26 00:00:00+00:00, run_after=2025-11-27 00:00:00+00:00
[2025-11-27T07:49:59.399+0000] {processor.py:183} INFO - Processing /home/airflow/.local/lib/python3.8/site-packages/airflow/example_dags/example_task_group_decorator.py took 0.066 seconds
[2025-11-27T07:50:32.768+0000] {processor.py:161} INFO - Started process (PID=141) to work on /home/airflow/.local/lib/python3.8/site-packages/airflow/example_dags/example_task_group_decorator.py
[2025-11-27T07:50:32.772+0000] {processor.py:830} INFO - Processing file /home/airflow/.local/lib/python3.8/site-packages/airflow/example_dags/example_task_group_decorator.py for tasks to queue
[2025-11-27T07:50:32.773+0000] {logging_mixin.py:188} INFO - [2025-11-27T07:50:32.773+0000] {dagbag.py:538} INFO - Filling up the DagBag from /home/airflow/.local/lib/python3.8/site-packages/airflow/example_dags/example_task_group_decorator.py
[2025-11-27T07:50:32.784+0000] {processor.py:840} INFO - DAG(s) 'example_task_group_decorator' retrieved from /home/airflow/.local/lib/python3.8/site-packages/airflow/example_dags/example_task_group_decorator.py
[2025-11-27T07:50:32.861+0000] {logging_mixin.py:188} INFO - [2025-11-27T07:50:32.861+0000] {dag.py:3036} INFO - Sync 1 DAGs
[2025-11-27T07:50:32.876+0000] {logging_mixin.py:188} INFO - [2025-11-27T07:50:32.876+0000] {dag.py:3823} INFO - Setting next_dagrun for example_task_group_decorator to 2025-11-26 00:00:00+00:00, run_after=2025-11-27 00:00:00+00:00
[2025-11-27T07:50:32.896+0000] {processor.py:183} INFO - Processing /home/airflow/.local/lib/python3.8/site-packages/airflow/example_dags/example_task_group_decorator.py took 0.131 seconds
[2025-11-27T07:51:04.635+0000] {processor.py:161} INFO - Started process (PID=191) to work on /home/airflow/.local/lib/python3.8/site-packages/airflow/example_dags/example_task_group_decorator.py
[2025-11-27T07:51:04.636+0000] {processor.py:830} INFO - Processing file /home/airflow/.local/lib/python3.8/site-packages/airflow/example_dags/example_task_group_decorator.py for tasks to queue
[2025-11-27T07:51:04.638+0000] {logging_mixin.py:188} INFO - [2025-11-27T07:51:04.637+0000] {dagbag.py:538} INFO - Filling up the DagBag from /home/airflow/.local/lib/python3.8/site-packages/airflow/example_dags/example_task_group_decorator.py
[2025-11-27T07:51:04.647+0000] {processor.py:840} INFO - DAG(s) 'example_task_group_decorator' retrieved from /home/airflow/.local/lib/python3.8/site-packages/airflow/example_dags/example_task_group_decorator.py
[2025-11-27T07:51:04.666+0000] {logging_mixin.py:188} INFO - [2025-11-27T07:51:04.666+0000] {dag.py:3036} INFO - Sync 1 DAGs
[2025-11-27T07:51:04.683+0000] {logging_mixin.py:188} INFO - [2025-11-27T07:51:04.682+0000] {dag.py:3823} INFO - Setting next_dagrun for example_task_group_decorator to 2025-11-26 00:00:00+00:00, run_after=2025-11-27 00:00:00+00:00
[2025-11-27T07:51:04.703+0000] {processor.py:183} INFO - Processing /home/airflow/.local/lib/python3.8/site-packages/airflow/example_dags/example_task_group_decorator.py took 0.071 seconds
[2025-11-27T07:51:36.594+0000] {processor.py:161} INFO - Started process (PID=247) to work on /home/airflow/.local/lib/python3.8/site-packages/airflow/example_dags/example_task_group_decorator.py
[2025-11-27T07:51:36.595+0000] {processor.py:830} INFO - Processing file /home/airflow/.local/lib/python3.8/site-packages/airflow/example_dags/example_task_group_decorator.py for tasks to queue
[2025-11-27T07:51:36.597+0000] {logging_mixin.py:188} INFO - [2025-11-27T07:51:36.597+0000] {dagbag.py:538} INFO - Filling up the DagBag from /home/airflow/.local/lib/python3.8/site-packages/airflow/example_dags/example_task_group_decorator.py
[2025-11-27T07:51:36.608+0000] {processor.py:840} INFO - DAG(s) 'example_task_group_decorator' retrieved from /home/airflow/.local/lib/python3.8/site-packages/airflow/example_dags/example_task_group_decorator.py
[2025-11-27T07:51:36.629+0000] {logging_mixin.py:188} INFO - [2025-11-27T07:51:36.629+0000] {dag.py:3036} INFO - Sync 1 DAGs
[2025-11-27T07:51:36.646+0000] {logging_mixin.py:188} INFO - [2025-11-27T07:51:36.645+0000] {dag.py:3823} INFO - Setting next_dagrun for example_task_group_decorator to 2025-11-26 00:00:00+00:00, run_after=2025-11-27 00:00:00+00:00
[2025-11-27T07:51:36.663+0000] {processor.py:183} INFO - Processing /home/airflow/.local/lib/python3.8/site-packages/airflow/example_dags/example_task_group_decorator.py took 0.072 seconds
[2025-11-27T07:52:09.828+0000] {processor.py:161} INFO - Started process (PID=303) to work on /home/airflow/.local/lib/python3.8/site-packages/airflow/example_dags/example_task_group_decorator.py
[2025-11-27T07:52:09.829+0000] {processor.py:830} INFO - Processing file /home/airflow/.local/lib/python3.8/site-packages/airflow/example_dags/example_task_group_decorator.py for tasks to queue
[2025-11-27T07:52:09.831+0000] {logging_mixin.py:188} INFO - [2025-11-27T07:52:09.831+0000] {dagbag.py:538} INFO - Filling up the DagBag from /home/airflow/.local/lib/python3.8/site-packages/airflow/example_dags/example_task_group_decorator.py
[2025-11-27T07:52:09.841+0000] {processor.py:840} INFO - DAG(s) 'example_task_group_decorator' retrieved from /home/airflow/.local/lib/python3.8/site-packages/airflow/example_dags/example_task_group_decorator.py
[2025-11-27T07:52:09.861+0000] {logging_mixin.py:188} INFO - [2025-11-27T07:52:09.860+0000] {dag.py:3036} INFO - Sync 1 DAGs
[2025-11-27T07:52:09.875+0000] {logging_mixin.py:188} INFO - [2025-11-27T07:52:09.875+0000] {dag.py:3823} INFO - Setting next_dagrun for example_task_group_decorator to 2025-11-26 00:00:00+00:00, run_after=2025-11-27 00:00:00+00:00
[2025-11-27T07:52:09.893+0000] {processor.py:183} INFO - Processing /home/airflow/.local/lib/python3.8/site-packages/airflow/example_dags/example_task_group_decorator.py took 0.067 seconds
[2025-11-27T08:08:15.130+0000] {processor.py:161} INFO - Started process (PID=147) to work on /home/airflow/.local/lib/python3.8/site-packages/airflow/example_dags/example_task_group_decorator.py
[2025-11-27T08:08:15.132+0000] {processor.py:830} INFO - Processing file /home/airflow/.local/lib/python3.8/site-packages/airflow/example_dags/example_task_group_decorator.py for tasks to queue
[2025-11-27T08:08:15.135+0000] {logging_mixin.py:188} INFO - [2025-11-27T08:08:15.135+0000] {dagbag.py:538} INFO - Filling up the DagBag from /home/airflow/.local/lib/python3.8/site-packages/airflow/example_dags/example_task_group_decorator.py
[2025-11-27T08:08:15.150+0000] {processor.py:840} INFO - DAG(s) 'example_task_group_decorator' retrieved from /home/airflow/.local/lib/python3.8/site-packages/airflow/example_dags/example_task_group_decorator.py
[2025-11-27T08:08:15.168+0000] {logging_mixin.py:188} INFO - [2025-11-27T08:08:15.168+0000] {dag.py:3036} INFO - Sync 1 DAGs
[2025-11-27T08:08:15.200+0000] {logging_mixin.py:188} INFO - [2025-11-27T08:08:15.199+0000] {dag.py:3823} INFO - Setting next_dagrun for example_task_group_decorator to 2025-11-26 00:00:00+00:00, run_after=2025-11-27 00:00:00+00:00
[2025-11-27T08:08:15.234+0000] {processor.py:183} INFO - Processing /home/airflow/.local/lib/python3.8/site-packages/airflow/example_dags/example_task_group_decorator.py took 0.107 seconds
[2025-11-27T08:08:49.127+0000] {processor.py:161} INFO - Started process (PID=203) to work on /home/airflow/.local/lib/python3.8/site-packages/airflow/example_dags/example_task_group_decorator.py
[2025-11-27T08:08:49.128+0000] {processor.py:830} INFO - Processing file /home/airflow/.local/lib/python3.8/site-packages/airflow/example_dags/example_task_group_decorator.py for tasks to queue
[2025-11-27T08:08:49.130+0000] {logging_mixin.py:188} INFO - [2025-11-27T08:08:49.130+0000] {dagbag.py:538} INFO - Filling up the DagBag from /home/airflow/.local/lib/python3.8/site-packages/airflow/example_dags/example_task_group_decorator.py
[2025-11-27T08:08:49.140+0000] {processor.py:840} INFO - DAG(s) 'example_task_group_decorator' retrieved from /home/airflow/.local/lib/python3.8/site-packages/airflow/example_dags/example_task_group_decorator.py
[2025-11-27T08:08:49.312+0000] {logging_mixin.py:188} INFO - [2025-11-27T08:08:49.312+0000] {dag.py:3036} INFO - Sync 1 DAGs
[2025-11-27T08:08:49.324+0000] {logging_mixin.py:188} INFO - [2025-11-27T08:08:49.323+0000] {dag.py:3823} INFO - Setting next_dagrun for example_task_group_decorator to 2025-11-26 00:00:00+00:00, run_after=2025-11-27 00:00:00+00:00
[2025-11-27T08:08:49.339+0000] {processor.py:183} INFO - Processing /home/airflow/.local/lib/python3.8/site-packages/airflow/example_dags/example_task_group_decorator.py took 0.216 seconds
[2025-11-27T08:09:20.065+0000] {processor.py:161} INFO - Started process (PID=259) to work on /home/airflow/.local/lib/python3.8/site-packages/airflow/example_dags/example_task_group_decorator.py
[2025-11-27T08:09:20.066+0000] {processor.py:830} INFO - Processing file /home/airflow/.local/lib/python3.8/site-packages/airflow/example_dags/example_task_group_decorator.py for tasks to queue
[2025-11-27T08:09:20.068+0000] {logging_mixin.py:188} INFO - [2025-11-27T08:09:20.068+0000] {dagbag.py:538} INFO - Filling up the DagBag from /home/airflow/.local/lib/python3.8/site-packages/airflow/example_dags/example_task_group_decorator.py
[2025-11-27T08:09:20.078+0000] {processor.py:840} INFO - DAG(s) 'example_task_group_decorator' retrieved from /home/airflow/.local/lib/python3.8/site-packages/airflow/example_dags/example_task_group_decorator.py
[2025-11-27T08:09:20.102+0000] {logging_mixin.py:188} INFO - [2025-11-27T08:09:20.102+0000] {dag.py:3036} INFO - Sync 1 DAGs
[2025-11-27T08:09:20.123+0000] {logging_mixin.py:188} INFO - [2025-11-27T08:09:20.122+0000] {dag.py:3823} INFO - Setting next_dagrun for example_task_group_decorator to 2025-11-26 00:00:00+00:00, run_after=2025-11-27 00:00:00+00:00
[2025-11-27T08:09:20.142+0000] {processor.py:183} INFO - Processing /home/airflow/.local/lib/python3.8/site-packages/airflow/example_dags/example_task_group_decorator.py took 0.080 seconds
[2025-11-27T08:09:50.336+0000] {processor.py:161} INFO - Started process (PID=309) to work on /home/airflow/.local/lib/python3.8/site-packages/airflow/example_dags/example_task_group_decorator.py
[2025-11-27T08:09:50.338+0000] {processor.py:830} INFO - Processing file /home/airflow/.local/lib/python3.8/site-packages/airflow/example_dags/example_task_group_decorator.py for tasks to queue
[2025-11-27T08:09:50.340+0000] {logging_mixin.py:188} INFO - [2025-11-27T08:09:50.339+0000] {dagbag.py:538} INFO - Filling up the DagBag from /home/airflow/.local/lib/python3.8/site-packages/airflow/example_dags/example_task_group_decorator.py
[2025-11-27T08:09:50.354+0000] {processor.py:840} INFO - DAG(s) 'example_task_group_decorator' retrieved from /home/airflow/.local/lib/python3.8/site-packages/airflow/example_dags/example_task_group_decorator.py
[2025-11-27T08:09:50.378+0000] {logging_mixin.py:188} INFO - [2025-11-27T08:09:50.377+0000] {dag.py:3036} INFO - Sync 1 DAGs
[2025-11-27T08:09:50.398+0000] {logging_mixin.py:188} INFO - [2025-11-27T08:09:50.398+0000] {dag.py:3823} INFO - Setting next_dagrun for example_task_group_decorator to 2025-11-26 00:00:00+00:00, run_after=2025-11-27 00:00:00+00:00
[2025-11-27T08:09:50.418+0000] {processor.py:183} INFO - Processing /home/airflow/.local/lib/python3.8/site-packages/airflow/example_dags/example_task_group_decorator.py took 0.085 seconds
[2025-11-27T08:10:20.541+0000] {processor.py:161} INFO - Started process (PID=365) to work on /home/airflow/.local/lib/python3.8/site-packages/airflow/example_dags/example_task_group_decorator.py
[2025-11-27T08:10:20.542+0000] {processor.py:830} INFO - Processing file /home/airflow/.local/lib/python3.8/site-packages/airflow/example_dags/example_task_group_decorator.py for tasks to queue
[2025-11-27T08:10:20.544+0000] {logging_mixin.py:188} INFO - [2025-11-27T08:10:20.544+0000] {dagbag.py:538} INFO - Filling up the DagBag from /home/airflow/.local/lib/python3.8/site-packages/airflow/example_dags/example_task_group_decorator.py
[2025-11-27T08:10:20.555+0000] {processor.py:840} INFO - DAG(s) 'example_task_group_decorator' retrieved from /home/airflow/.local/lib/python3.8/site-packages/airflow/example_dags/example_task_group_decorator.py
[2025-11-27T08:10:20.575+0000] {logging_mixin.py:188} INFO - [2025-11-27T08:10:20.575+0000] {dag.py:3036} INFO - Sync 1 DAGs
[2025-11-27T08:10:20.590+0000] {logging_mixin.py:188} INFO - [2025-11-27T08:10:20.590+0000] {dag.py:3823} INFO - Setting next_dagrun for example_task_group_decorator to 2025-11-26 00:00:00+00:00, run_after=2025-11-27 00:00:00+00:00
[2025-11-27T08:10:20.609+0000] {processor.py:183} INFO - Processing /home/airflow/.local/lib/python3.8/site-packages/airflow/example_dags/example_task_group_decorator.py took 0.071 seconds
[2025-11-27T08:10:51.567+0000] {processor.py:161} INFO - Started process (PID=422) to work on /home/airflow/.local/lib/python3.8/site-packages/airflow/example_dags/example_task_group_decorator.py
[2025-11-27T08:10:51.568+0000] {processor.py:830} INFO - Processing file /home/airflow/.local/lib/python3.8/site-packages/airflow/example_dags/example_task_group_decorator.py for tasks to queue
[2025-11-27T08:10:51.570+0000] {logging_mixin.py:188} INFO - [2025-11-27T08:10:51.570+0000] {dagbag.py:538} INFO - Filling up the DagBag from /home/airflow/.local/lib/python3.8/site-packages/airflow/example_dags/example_task_group_decorator.py
[2025-11-27T08:10:51.584+0000] {processor.py:840} INFO - DAG(s) 'example_task_group_decorator' retrieved from /home/airflow/.local/lib/python3.8/site-packages/airflow/example_dags/example_task_group_decorator.py
[2025-11-27T08:10:51.608+0000] {logging_mixin.py:188} INFO - [2025-11-27T08:10:51.608+0000] {dag.py:3036} INFO - Sync 1 DAGs
[2025-11-27T08:10:51.628+0000] {logging_mixin.py:188} INFO - [2025-11-27T08:10:51.628+0000] {dag.py:3823} INFO - Setting next_dagrun for example_task_group_decorator to 2025-11-26 00:00:00+00:00, run_after=2025-11-27 00:00:00+00:00
[2025-11-27T08:10:51.649+0000] {processor.py:183} INFO - Processing /home/airflow/.local/lib/python3.8/site-packages/airflow/example_dags/example_task_group_decorator.py took 0.085 seconds
[2025-11-27T08:11:21.757+0000] {processor.py:161} INFO - Started process (PID=478) to work on /home/airflow/.local/lib/python3.8/site-packages/airflow/example_dags/example_task_group_decorator.py
[2025-11-27T08:11:21.758+0000] {processor.py:830} INFO - Processing file /home/airflow/.local/lib/python3.8/site-packages/airflow/example_dags/example_task_group_decorator.py for tasks to queue
[2025-11-27T08:11:21.759+0000] {logging_mixin.py:188} INFO - [2025-11-27T08:11:21.759+0000] {dagbag.py:538} INFO - Filling up the DagBag from /home/airflow/.local/lib/python3.8/site-packages/airflow/example_dags/example_task_group_decorator.py
[2025-11-27T08:11:21.769+0000] {processor.py:840} INFO - DAG(s) 'example_task_group_decorator' retrieved from /home/airflow/.local/lib/python3.8/site-packages/airflow/example_dags/example_task_group_decorator.py
[2025-11-27T08:11:21.789+0000] {logging_mixin.py:188} INFO - [2025-11-27T08:11:21.789+0000] {dag.py:3036} INFO - Sync 1 DAGs
[2025-11-27T08:11:21.805+0000] {logging_mixin.py:188} INFO - [2025-11-27T08:11:21.804+0000] {dag.py:3823} INFO - Setting next_dagrun for example_task_group_decorator to 2025-11-26 00:00:00+00:00, run_after=2025-11-27 00:00:00+00:00
[2025-11-27T08:11:21.822+0000] {processor.py:183} INFO - Processing /home/airflow/.local/lib/python3.8/site-packages/airflow/example_dags/example_task_group_decorator.py took 0.068 seconds
[2025-11-27T08:11:52.281+0000] {processor.py:161} INFO - Started process (PID=534) to work on /home/airflow/.local/lib/python3.8/site-packages/airflow/example_dags/example_task_group_decorator.py
[2025-11-27T08:11:52.282+0000] {processor.py:830} INFO - Processing file /home/airflow/.local/lib/python3.8/site-packages/airflow/example_dags/example_task_group_decorator.py for tasks to queue
[2025-11-27T08:11:52.284+0000] {logging_mixin.py:188} INFO - [2025-11-27T08:11:52.284+0000] {dagbag.py:538} INFO - Filling up the DagBag from /home/airflow/.local/lib/python3.8/site-packages/airflow/example_dags/example_task_group_decorator.py
[2025-11-27T08:11:52.298+0000] {processor.py:840} INFO - DAG(s) 'example_task_group_decorator' retrieved from /home/airflow/.local/lib/python3.8/site-packages/airflow/example_dags/example_task_group_decorator.py
[2025-11-27T08:11:52.323+0000] {logging_mixin.py:188} INFO - [2025-11-27T08:11:52.323+0000] {dag.py:3036} INFO - Sync 1 DAGs
[2025-11-27T08:11:52.341+0000] {logging_mixin.py:188} INFO - [2025-11-27T08:11:52.341+0000] {dag.py:3823} INFO - Setting next_dagrun for example_task_group_decorator to 2025-11-26 00:00:00+00:00, run_after=2025-11-27 00:00:00+00:00
[2025-11-27T08:11:52.360+0000] {processor.py:183} INFO - Processing /home/airflow/.local/lib/python3.8/site-packages/airflow/example_dags/example_task_group_decorator.py took 0.081 seconds
[2025-11-27T08:12:22.656+0000] {processor.py:161} INFO - Started process (PID=590) to work on /home/airflow/.local/lib/python3.8/site-packages/airflow/example_dags/example_task_group_decorator.py
[2025-11-27T08:12:22.658+0000] {processor.py:830} INFO - Processing file /home/airflow/.local/lib/python3.8/site-packages/airflow/example_dags/example_task_group_decorator.py for tasks to queue
[2025-11-27T08:12:22.660+0000] {logging_mixin.py:188} INFO - [2025-11-27T08:12:22.660+0000] {dagbag.py:538} INFO - Filling up the DagBag from /home/airflow/.local/lib/python3.8/site-packages/airflow/example_dags/example_task_group_decorator.py
[2025-11-27T08:12:22.673+0000] {processor.py:840} INFO - DAG(s) 'example_task_group_decorator' retrieved from /home/airflow/.local/lib/python3.8/site-packages/airflow/example_dags/example_task_group_decorator.py
[2025-11-27T08:12:22.695+0000] {logging_mixin.py:188} INFO - [2025-11-27T08:12:22.695+0000] {dag.py:3036} INFO - Sync 1 DAGs
[2025-11-27T08:12:22.709+0000] {logging_mixin.py:188} INFO - [2025-11-27T08:12:22.709+0000] {dag.py:3823} INFO - Setting next_dagrun for example_task_group_decorator to 2025-11-26 00:00:00+00:00, run_after=2025-11-27 00:00:00+00:00
[2025-11-27T08:12:22.727+0000] {processor.py:183} INFO - Processing /home/airflow/.local/lib/python3.8/site-packages/airflow/example_dags/example_task_group_decorator.py took 0.074 seconds
[2025-11-27T08:12:53.337+0000] {processor.py:161} INFO - Started process (PID=646) to work on /home/airflow/.local/lib/python3.8/site-packages/airflow/example_dags/example_task_group_decorator.py
[2025-11-27T08:12:53.339+0000] {processor.py:830} INFO - Processing file /home/airflow/.local/lib/python3.8/site-packages/airflow/example_dags/example_task_group_decorator.py for tasks to queue
[2025-11-27T08:12:53.341+0000] {logging_mixin.py:188} INFO - [2025-11-27T08:12:53.341+0000] {dagbag.py:538} INFO - Filling up the DagBag from /home/airflow/.local/lib/python3.8/site-packages/airflow/example_dags/example_task_group_decorator.py
[2025-11-27T08:12:53.354+0000] {processor.py:840} INFO - DAG(s) 'example_task_group_decorator' retrieved from /home/airflow/.local/lib/python3.8/site-packages/airflow/example_dags/example_task_group_decorator.py
[2025-11-27T08:12:53.381+0000] {logging_mixin.py:188} INFO - [2025-11-27T08:12:53.380+0000] {dag.py:3036} INFO - Sync 1 DAGs
[2025-11-27T08:12:53.398+0000] {logging_mixin.py:188} INFO - [2025-11-27T08:12:53.398+0000] {dag.py:3823} INFO - Setting next_dagrun for example_task_group_decorator to 2025-11-26 00:00:00+00:00, run_after=2025-11-27 00:00:00+00:00
[2025-11-27T08:12:53.422+0000] {processor.py:183} INFO - Processing /home/airflow/.local/lib/python3.8/site-packages/airflow/example_dags/example_task_group_decorator.py took 0.088 seconds
[2025-11-27T08:13:23.700+0000] {processor.py:161} INFO - Started process (PID=702) to work on /home/airflow/.local/lib/python3.8/site-packages/airflow/example_dags/example_task_group_decorator.py
[2025-11-27T08:13:23.702+0000] {processor.py:830} INFO - Processing file /home/airflow/.local/lib/python3.8/site-packages/airflow/example_dags/example_task_group_decorator.py for tasks to queue
[2025-11-27T08:13:23.703+0000] {logging_mixin.py:188} INFO - [2025-11-27T08:13:23.703+0000] {dagbag.py:538} INFO - Filling up the DagBag from /home/airflow/.local/lib/python3.8/site-packages/airflow/example_dags/example_task_group_decorator.py
[2025-11-27T08:13:23.713+0000] {processor.py:840} INFO - DAG(s) 'example_task_group_decorator' retrieved from /home/airflow/.local/lib/python3.8/site-packages/airflow/example_dags/example_task_group_decorator.py
[2025-11-27T08:13:23.732+0000] {logging_mixin.py:188} INFO - [2025-11-27T08:13:23.732+0000] {dag.py:3036} INFO - Sync 1 DAGs
[2025-11-27T08:13:23.748+0000] {logging_mixin.py:188} INFO - [2025-11-27T08:13:23.748+0000] {dag.py:3823} INFO - Setting next_dagrun for example_task_group_decorator to 2025-11-26 00:00:00+00:00, run_after=2025-11-27 00:00:00+00:00
[2025-11-27T08:13:23.771+0000] {processor.py:183} INFO - Processing /home/airflow/.local/lib/python3.8/site-packages/airflow/example_dags/example_task_group_decorator.py took 0.073 seconds
[2025-11-27T08:13:54.224+0000] {processor.py:161} INFO - Started process (PID=758) to work on /home/airflow/.local/lib/python3.8/site-packages/airflow/example_dags/example_task_group_decorator.py
[2025-11-27T08:13:54.225+0000] {processor.py:830} INFO - Processing file /home/airflow/.local/lib/python3.8/site-packages/airflow/example_dags/example_task_group_decorator.py for tasks to queue
[2025-11-27T08:13:54.228+0000] {logging_mixin.py:188} INFO - [2025-11-27T08:13:54.228+0000] {dagbag.py:538} INFO - Filling up the DagBag from /home/airflow/.local/lib/python3.8/site-packages/airflow/example_dags/example_task_group_decorator.py
[2025-11-27T08:13:54.240+0000] {processor.py:840} INFO - DAG(s) 'example_task_group_decorator' retrieved from /home/airflow/.local/lib/python3.8/site-packages/airflow/example_dags/example_task_group_decorator.py
[2025-11-27T08:13:54.262+0000] {logging_mixin.py:188} INFO - [2025-11-27T08:13:54.262+0000] {dag.py:3036} INFO - Sync 1 DAGs
[2025-11-27T08:13:54.281+0000] {logging_mixin.py:188} INFO - [2025-11-27T08:13:54.281+0000] {dag.py:3823} INFO - Setting next_dagrun for example_task_group_decorator to 2025-11-26 00:00:00+00:00, run_after=2025-11-27 00:00:00+00:00
[2025-11-27T08:13:54.300+0000] {processor.py:183} INFO - Processing /home/airflow/.local/lib/python3.8/site-packages/airflow/example_dags/example_task_group_decorator.py took 0.080 seconds
[2025-11-27T08:14:24.508+0000] {processor.py:161} INFO - Started process (PID=814) to work on /home/airflow/.local/lib/python3.8/site-packages/airflow/example_dags/example_task_group_decorator.py
[2025-11-27T08:14:24.509+0000] {processor.py:830} INFO - Processing file /home/airflow/.local/lib/python3.8/site-packages/airflow/example_dags/example_task_group_decorator.py for tasks to queue
[2025-11-27T08:14:24.512+0000] {logging_mixin.py:188} INFO - [2025-11-27T08:14:24.511+0000] {dagbag.py:538} INFO - Filling up the DagBag from /home/airflow/.local/lib/python3.8/site-packages/airflow/example_dags/example_task_group_decorator.py
[2025-11-27T08:14:24.523+0000] {processor.py:840} INFO - DAG(s) 'example_task_group_decorator' retrieved from /home/airflow/.local/lib/python3.8/site-packages/airflow/example_dags/example_task_group_decorator.py
[2025-11-27T08:14:24.547+0000] {logging_mixin.py:188} INFO - [2025-11-27T08:14:24.547+0000] {dag.py:3036} INFO - Sync 1 DAGs
[2025-11-27T08:14:24.564+0000] {logging_mixin.py:188} INFO - [2025-11-27T08:14:24.564+0000] {dag.py:3823} INFO - Setting next_dagrun for example_task_group_decorator to 2025-11-26 00:00:00+00:00, run_after=2025-11-27 00:00:00+00:00
[2025-11-27T08:14:24.585+0000] {processor.py:183} INFO - Processing /home/airflow/.local/lib/python3.8/site-packages/airflow/example_dags/example_task_group_decorator.py took 0.080 seconds
[2025-11-27T08:14:56.808+0000] {processor.py:161} INFO - Started process (PID=870) to work on /home/airflow/.local/lib/python3.8/site-packages/airflow/example_dags/example_task_group_decorator.py
[2025-11-27T08:14:56.809+0000] {processor.py:830} INFO - Processing file /home/airflow/.local/lib/python3.8/site-packages/airflow/example_dags/example_task_group_decorator.py for tasks to queue
[2025-11-27T08:14:56.810+0000] {logging_mixin.py:188} INFO - [2025-11-27T08:14:56.810+0000] {dagbag.py:538} INFO - Filling up the DagBag from /home/airflow/.local/lib/python3.8/site-packages/airflow/example_dags/example_task_group_decorator.py
[2025-11-27T08:14:56.820+0000] {processor.py:840} INFO - DAG(s) 'example_task_group_decorator' retrieved from /home/airflow/.local/lib/python3.8/site-packages/airflow/example_dags/example_task_group_decorator.py
[2025-11-27T08:14:56.840+0000] {logging_mixin.py:188} INFO - [2025-11-27T08:14:56.840+0000] {dag.py:3036} INFO - Sync 1 DAGs
[2025-11-27T08:14:56.854+0000] {logging_mixin.py:188} INFO - [2025-11-27T08:14:56.854+0000] {dag.py:3823} INFO - Setting next_dagrun for example_task_group_decorator to 2025-11-26 00:00:00+00:00, run_after=2025-11-27 00:00:00+00:00
[2025-11-27T08:14:56.870+0000] {processor.py:183} INFO - Processing /home/airflow/.local/lib/python3.8/site-packages/airflow/example_dags/example_task_group_decorator.py took 0.066 seconds
[2025-11-27T08:16:29.508+0000] {processor.py:161} INFO - Started process (PID=148) to work on /home/airflow/.local/lib/python3.8/site-packages/airflow/example_dags/example_task_group_decorator.py
[2025-11-27T08:16:29.510+0000] {processor.py:830} INFO - Processing file /home/airflow/.local/lib/python3.8/site-packages/airflow/example_dags/example_task_group_decorator.py for tasks to queue
[2025-11-27T08:16:29.512+0000] {logging_mixin.py:188} INFO - [2025-11-27T08:16:29.511+0000] {dagbag.py:538} INFO - Filling up the DagBag from /home/airflow/.local/lib/python3.8/site-packages/airflow/example_dags/example_task_group_decorator.py
[2025-11-27T08:16:29.523+0000] {processor.py:840} INFO - DAG(s) 'example_task_group_decorator' retrieved from /home/airflow/.local/lib/python3.8/site-packages/airflow/example_dags/example_task_group_decorator.py
[2025-11-27T08:16:29.535+0000] {logging_mixin.py:188} INFO - [2025-11-27T08:16:29.535+0000] {dag.py:3036} INFO - Sync 1 DAGs
[2025-11-27T08:16:29.552+0000] {logging_mixin.py:188} INFO - [2025-11-27T08:16:29.551+0000] {dag.py:3823} INFO - Setting next_dagrun for example_task_group_decorator to 2025-11-26 00:00:00+00:00, run_after=2025-11-27 00:00:00+00:00
[2025-11-27T08:16:29.569+0000] {processor.py:183} INFO - Processing /home/airflow/.local/lib/python3.8/site-packages/airflow/example_dags/example_task_group_decorator.py took 0.064 seconds
[2025-11-27T08:17:02.857+0000] {processor.py:161} INFO - Started process (PID=204) to work on /home/airflow/.local/lib/python3.8/site-packages/airflow/example_dags/example_task_group_decorator.py
[2025-11-27T08:17:02.858+0000] {processor.py:830} INFO - Processing file /home/airflow/.local/lib/python3.8/site-packages/airflow/example_dags/example_task_group_decorator.py for tasks to queue
[2025-11-27T08:17:02.860+0000] {logging_mixin.py:188} INFO - [2025-11-27T08:17:02.860+0000] {dagbag.py:538} INFO - Filling up the DagBag from /home/airflow/.local/lib/python3.8/site-packages/airflow/example_dags/example_task_group_decorator.py
[2025-11-27T08:17:02.872+0000] {processor.py:840} INFO - DAG(s) 'example_task_group_decorator' retrieved from /home/airflow/.local/lib/python3.8/site-packages/airflow/example_dags/example_task_group_decorator.py
[2025-11-27T08:17:03.054+0000] {logging_mixin.py:188} INFO - [2025-11-27T08:17:03.053+0000] {dag.py:3036} INFO - Sync 1 DAGs
[2025-11-27T08:17:03.067+0000] {logging_mixin.py:188} INFO - [2025-11-27T08:17:03.067+0000] {dag.py:3823} INFO - Setting next_dagrun for example_task_group_decorator to 2025-11-26 00:00:00+00:00, run_after=2025-11-27 00:00:00+00:00
[2025-11-27T08:17:03.084+0000] {processor.py:183} INFO - Processing /home/airflow/.local/lib/python3.8/site-packages/airflow/example_dags/example_task_group_decorator.py took 0.231 seconds
[2025-11-27T08:17:33.907+0000] {processor.py:161} INFO - Started process (PID=254) to work on /home/airflow/.local/lib/python3.8/site-packages/airflow/example_dags/example_task_group_decorator.py
[2025-11-27T08:17:33.908+0000] {processor.py:830} INFO - Processing file /home/airflow/.local/lib/python3.8/site-packages/airflow/example_dags/example_task_group_decorator.py for tasks to queue
[2025-11-27T08:17:33.910+0000] {logging_mixin.py:188} INFO - [2025-11-27T08:17:33.910+0000] {dagbag.py:538} INFO - Filling up the DagBag from /home/airflow/.local/lib/python3.8/site-packages/airflow/example_dags/example_task_group_decorator.py
[2025-11-27T08:17:33.920+0000] {processor.py:840} INFO - DAG(s) 'example_task_group_decorator' retrieved from /home/airflow/.local/lib/python3.8/site-packages/airflow/example_dags/example_task_group_decorator.py
[2025-11-27T08:17:33.941+0000] {logging_mixin.py:188} INFO - [2025-11-27T08:17:33.941+0000] {dag.py:3036} INFO - Sync 1 DAGs
[2025-11-27T08:17:33.956+0000] {logging_mixin.py:188} INFO - [2025-11-27T08:17:33.956+0000] {dag.py:3823} INFO - Setting next_dagrun for example_task_group_decorator to 2025-11-26 00:00:00+00:00, run_after=2025-11-27 00:00:00+00:00
[2025-11-27T08:17:33.972+0000] {processor.py:183} INFO - Processing /home/airflow/.local/lib/python3.8/site-packages/airflow/example_dags/example_task_group_decorator.py took 0.068 seconds
[2025-11-27T08:18:04.394+0000] {processor.py:161} INFO - Started process (PID=310) to work on /home/airflow/.local/lib/python3.8/site-packages/airflow/example_dags/example_task_group_decorator.py
[2025-11-27T08:18:04.396+0000] {processor.py:830} INFO - Processing file /home/airflow/.local/lib/python3.8/site-packages/airflow/example_dags/example_task_group_decorator.py for tasks to queue
[2025-11-27T08:18:04.397+0000] {logging_mixin.py:188} INFO - [2025-11-27T08:18:04.397+0000] {dagbag.py:538} INFO - Filling up the DagBag from /home/airflow/.local/lib/python3.8/site-packages/airflow/example_dags/example_task_group_decorator.py
[2025-11-27T08:18:04.408+0000] {processor.py:840} INFO - DAG(s) 'example_task_group_decorator' retrieved from /home/airflow/.local/lib/python3.8/site-packages/airflow/example_dags/example_task_group_decorator.py
[2025-11-27T08:18:04.430+0000] {logging_mixin.py:188} INFO - [2025-11-27T08:18:04.430+0000] {dag.py:3036} INFO - Sync 1 DAGs
[2025-11-27T08:18:04.448+0000] {logging_mixin.py:188} INFO - [2025-11-27T08:18:04.448+0000] {dag.py:3823} INFO - Setting next_dagrun for example_task_group_decorator to 2025-11-26 00:00:00+00:00, run_after=2025-11-27 00:00:00+00:00
[2025-11-27T08:18:04.468+0000] {processor.py:183} INFO - Processing /home/airflow/.local/lib/python3.8/site-packages/airflow/example_dags/example_task_group_decorator.py took 0.077 seconds
[2025-11-27T08:18:34.859+0000] {processor.py:161} INFO - Started process (PID=366) to work on /home/airflow/.local/lib/python3.8/site-packages/airflow/example_dags/example_task_group_decorator.py
[2025-11-27T08:18:34.861+0000] {processor.py:830} INFO - Processing file /home/airflow/.local/lib/python3.8/site-packages/airflow/example_dags/example_task_group_decorator.py for tasks to queue
[2025-11-27T08:18:34.863+0000] {logging_mixin.py:188} INFO - [2025-11-27T08:18:34.863+0000] {dagbag.py:538} INFO - Filling up the DagBag from /home/airflow/.local/lib/python3.8/site-packages/airflow/example_dags/example_task_group_decorator.py
[2025-11-27T08:18:34.873+0000] {processor.py:840} INFO - DAG(s) 'example_task_group_decorator' retrieved from /home/airflow/.local/lib/python3.8/site-packages/airflow/example_dags/example_task_group_decorator.py
[2025-11-27T08:18:34.893+0000] {logging_mixin.py:188} INFO - [2025-11-27T08:18:34.893+0000] {dag.py:3036} INFO - Sync 1 DAGs
[2025-11-27T08:18:34.908+0000] {logging_mixin.py:188} INFO - [2025-11-27T08:18:34.907+0000] {dag.py:3823} INFO - Setting next_dagrun for example_task_group_decorator to 2025-11-26 00:00:00+00:00, run_after=2025-11-27 00:00:00+00:00
[2025-11-27T08:18:34.924+0000] {processor.py:183} INFO - Processing /home/airflow/.local/lib/python3.8/site-packages/airflow/example_dags/example_task_group_decorator.py took 0.067 seconds
[2025-11-27T08:19:05.426+0000] {processor.py:161} INFO - Started process (PID=422) to work on /home/airflow/.local/lib/python3.8/site-packages/airflow/example_dags/example_task_group_decorator.py
[2025-11-27T08:19:05.428+0000] {processor.py:830} INFO - Processing file /home/airflow/.local/lib/python3.8/site-packages/airflow/example_dags/example_task_group_decorator.py for tasks to queue
[2025-11-27T08:19:05.430+0000] {logging_mixin.py:188} INFO - [2025-11-27T08:19:05.430+0000] {dagbag.py:538} INFO - Filling up the DagBag from /home/airflow/.local/lib/python3.8/site-packages/airflow/example_dags/example_task_group_decorator.py
[2025-11-27T08:19:05.441+0000] {processor.py:840} INFO - DAG(s) 'example_task_group_decorator' retrieved from /home/airflow/.local/lib/python3.8/site-packages/airflow/example_dags/example_task_group_decorator.py
[2025-11-27T08:19:05.465+0000] {logging_mixin.py:188} INFO - [2025-11-27T08:19:05.465+0000] {dag.py:3036} INFO - Sync 1 DAGs
[2025-11-27T08:19:05.487+0000] {logging_mixin.py:188} INFO - [2025-11-27T08:19:05.486+0000] {dag.py:3823} INFO - Setting next_dagrun for example_task_group_decorator to 2025-11-26 00:00:00+00:00, run_after=2025-11-27 00:00:00+00:00
[2025-11-27T08:19:05.902+0000] {processor.py:183} INFO - Processing /home/airflow/.local/lib/python3.8/site-packages/airflow/example_dags/example_task_group_decorator.py took 0.479 seconds
[2025-11-27T08:19:36.169+0000] {processor.py:161} INFO - Started process (PID=478) to work on /home/airflow/.local/lib/python3.8/site-packages/airflow/example_dags/example_task_group_decorator.py
[2025-11-27T08:19:36.171+0000] {processor.py:830} INFO - Processing file /home/airflow/.local/lib/python3.8/site-packages/airflow/example_dags/example_task_group_decorator.py for tasks to queue
[2025-11-27T08:19:36.174+0000] {logging_mixin.py:188} INFO - [2025-11-27T08:19:36.174+0000] {dagbag.py:538} INFO - Filling up the DagBag from /home/airflow/.local/lib/python3.8/site-packages/airflow/example_dags/example_task_group_decorator.py
[2025-11-27T08:19:36.187+0000] {processor.py:840} INFO - DAG(s) 'example_task_group_decorator' retrieved from /home/airflow/.local/lib/python3.8/site-packages/airflow/example_dags/example_task_group_decorator.py
[2025-11-27T08:19:36.210+0000] {logging_mixin.py:188} INFO - [2025-11-27T08:19:36.209+0000] {dag.py:3036} INFO - Sync 1 DAGs
[2025-11-27T08:19:36.226+0000] {logging_mixin.py:188} INFO - [2025-11-27T08:19:36.226+0000] {dag.py:3823} INFO - Setting next_dagrun for example_task_group_decorator to 2025-11-26 00:00:00+00:00, run_after=2025-11-27 00:00:00+00:00
[2025-11-27T08:19:36.245+0000] {processor.py:183} INFO - Processing /home/airflow/.local/lib/python3.8/site-packages/airflow/example_dags/example_task_group_decorator.py took 0.079 seconds
[2025-11-27T08:20:06.485+0000] {processor.py:161} INFO - Started process (PID=534) to work on /home/airflow/.local/lib/python3.8/site-packages/airflow/example_dags/example_task_group_decorator.py
[2025-11-27T08:20:06.486+0000] {processor.py:830} INFO - Processing file /home/airflow/.local/lib/python3.8/site-packages/airflow/example_dags/example_task_group_decorator.py for tasks to queue
[2025-11-27T08:20:06.488+0000] {logging_mixin.py:188} INFO - [2025-11-27T08:20:06.488+0000] {dagbag.py:538} INFO - Filling up the DagBag from /home/airflow/.local/lib/python3.8/site-packages/airflow/example_dags/example_task_group_decorator.py
[2025-11-27T08:20:06.498+0000] {processor.py:840} INFO - DAG(s) 'example_task_group_decorator' retrieved from /home/airflow/.local/lib/python3.8/site-packages/airflow/example_dags/example_task_group_decorator.py
[2025-11-27T08:20:06.520+0000] {logging_mixin.py:188} INFO - [2025-11-27T08:20:06.519+0000] {dag.py:3036} INFO - Sync 1 DAGs
[2025-11-27T08:20:06.538+0000] {logging_mixin.py:188} INFO - [2025-11-27T08:20:06.537+0000] {dag.py:3823} INFO - Setting next_dagrun for example_task_group_decorator to 2025-11-26 00:00:00+00:00, run_after=2025-11-27 00:00:00+00:00
[2025-11-27T08:20:06.557+0000] {processor.py:183} INFO - Processing /home/airflow/.local/lib/python3.8/site-packages/airflow/example_dags/example_task_group_decorator.py took 0.076 seconds
[2025-11-27T08:20:36.879+0000] {processor.py:161} INFO - Started process (PID=590) to work on /home/airflow/.local/lib/python3.8/site-packages/airflow/example_dags/example_task_group_decorator.py
[2025-11-27T08:20:36.880+0000] {processor.py:830} INFO - Processing file /home/airflow/.local/lib/python3.8/site-packages/airflow/example_dags/example_task_group_decorator.py for tasks to queue
[2025-11-27T08:20:36.882+0000] {logging_mixin.py:188} INFO - [2025-11-27T08:20:36.882+0000] {dagbag.py:538} INFO - Filling up the DagBag from /home/airflow/.local/lib/python3.8/site-packages/airflow/example_dags/example_task_group_decorator.py
[2025-11-27T08:20:36.894+0000] {processor.py:840} INFO - DAG(s) 'example_task_group_decorator' retrieved from /home/airflow/.local/lib/python3.8/site-packages/airflow/example_dags/example_task_group_decorator.py
[2025-11-27T08:20:36.916+0000] {logging_mixin.py:188} INFO - [2025-11-27T08:20:36.916+0000] {dag.py:3036} INFO - Sync 1 DAGs
[2025-11-27T08:20:36.933+0000] {logging_mixin.py:188} INFO - [2025-11-27T08:20:36.932+0000] {dag.py:3823} INFO - Setting next_dagrun for example_task_group_decorator to 2025-11-26 00:00:00+00:00, run_after=2025-11-27 00:00:00+00:00
[2025-11-27T08:20:36.952+0000] {processor.py:183} INFO - Processing /home/airflow/.local/lib/python3.8/site-packages/airflow/example_dags/example_task_group_decorator.py took 0.076 seconds
[2025-11-27T08:21:07.910+0000] {processor.py:161} INFO - Started process (PID=646) to work on /home/airflow/.local/lib/python3.8/site-packages/airflow/example_dags/example_task_group_decorator.py
[2025-11-27T08:21:07.912+0000] {processor.py:830} INFO - Processing file /home/airflow/.local/lib/python3.8/site-packages/airflow/example_dags/example_task_group_decorator.py for tasks to queue
[2025-11-27T08:21:07.916+0000] {logging_mixin.py:188} INFO - [2025-11-27T08:21:07.915+0000] {dagbag.py:538} INFO - Filling up the DagBag from /home/airflow/.local/lib/python3.8/site-packages/airflow/example_dags/example_task_group_decorator.py
[2025-11-27T08:21:07.934+0000] {processor.py:840} INFO - DAG(s) 'example_task_group_decorator' retrieved from /home/airflow/.local/lib/python3.8/site-packages/airflow/example_dags/example_task_group_decorator.py
[2025-11-27T08:21:07.961+0000] {logging_mixin.py:188} INFO - [2025-11-27T08:21:07.961+0000] {dag.py:3036} INFO - Sync 1 DAGs
[2025-11-27T08:21:07.980+0000] {logging_mixin.py:188} INFO - [2025-11-27T08:21:07.979+0000] {dag.py:3823} INFO - Setting next_dagrun for example_task_group_decorator to 2025-11-26 00:00:00+00:00, run_after=2025-11-27 00:00:00+00:00
[2025-11-27T08:21:07.999+0000] {processor.py:183} INFO - Processing /home/airflow/.local/lib/python3.8/site-packages/airflow/example_dags/example_task_group_decorator.py took 0.093 seconds
