[2025-11-27T07:49:59.149+0000] {processor.py:161} INFO - Started process (PID=75) to work on /home/airflow/.local/lib/python3.8/site-packages/airflow/example_dags/tutorial_taskflow_api.py
[2025-11-27T07:49:59.150+0000] {processor.py:830} INFO - Processing file /home/airflow/.local/lib/python3.8/site-packages/airflow/example_dags/tutorial_taskflow_api.py for tasks to queue
[2025-11-27T07:49:59.152+0000] {logging_mixin.py:188} INFO - [2025-11-27T07:49:59.152+0000] {dagbag.py:538} INFO - Filling up the DagBag from /home/airflow/.local/lib/python3.8/site-packages/airflow/example_dags/tutorial_taskflow_api.py
[2025-11-27T07:49:59.160+0000] {processor.py:840} INFO - DAG(s) 'tutorial_taskflow_api' retrieved from /home/airflow/.local/lib/python3.8/site-packages/airflow/example_dags/tutorial_taskflow_api.py
[2025-11-27T07:49:59.177+0000] {logging_mixin.py:188} INFO - [2025-11-27T07:49:59.177+0000] {dag.py:3036} INFO - Sync 1 DAGs
[2025-11-27T07:49:59.190+0000] {logging_mixin.py:188} INFO - [2025-11-27T07:49:59.189+0000] {dag.py:3823} INFO - Setting next_dagrun for tutorial_taskflow_api to None, run_after=None
[2025-11-27T07:49:59.208+0000] {processor.py:183} INFO - Processing /home/airflow/.local/lib/python3.8/site-packages/airflow/example_dags/tutorial_taskflow_api.py took 0.061 seconds
[2025-11-27T07:50:32.477+0000] {processor.py:161} INFO - Started process (PID=137) to work on /home/airflow/.local/lib/python3.8/site-packages/airflow/example_dags/tutorial_taskflow_api.py
[2025-11-27T07:50:32.478+0000] {processor.py:830} INFO - Processing file /home/airflow/.local/lib/python3.8/site-packages/airflow/example_dags/tutorial_taskflow_api.py for tasks to queue
[2025-11-27T07:50:32.480+0000] {logging_mixin.py:188} INFO - [2025-11-27T07:50:32.479+0000] {dagbag.py:538} INFO - Filling up the DagBag from /home/airflow/.local/lib/python3.8/site-packages/airflow/example_dags/tutorial_taskflow_api.py
[2025-11-27T07:50:32.485+0000] {processor.py:840} INFO - DAG(s) 'tutorial_taskflow_api' retrieved from /home/airflow/.local/lib/python3.8/site-packages/airflow/example_dags/tutorial_taskflow_api.py
[2025-11-27T07:50:32.557+0000] {logging_mixin.py:188} INFO - [2025-11-27T07:50:32.557+0000] {dag.py:3036} INFO - Sync 1 DAGs
[2025-11-27T07:50:32.564+0000] {logging_mixin.py:188} INFO - [2025-11-27T07:50:32.564+0000] {dag.py:3823} INFO - Setting next_dagrun for tutorial_taskflow_api to None, run_after=None
[2025-11-27T07:50:32.589+0000] {processor.py:183} INFO - Processing /home/airflow/.local/lib/python3.8/site-packages/airflow/example_dags/tutorial_taskflow_api.py took 0.115 seconds
[2025-11-27T07:51:04.440+0000] {processor.py:161} INFO - Started process (PID=187) to work on /home/airflow/.local/lib/python3.8/site-packages/airflow/example_dags/tutorial_taskflow_api.py
[2025-11-27T07:51:04.441+0000] {processor.py:830} INFO - Processing file /home/airflow/.local/lib/python3.8/site-packages/airflow/example_dags/tutorial_taskflow_api.py for tasks to queue
[2025-11-27T07:51:04.443+0000] {logging_mixin.py:188} INFO - [2025-11-27T07:51:04.443+0000] {dagbag.py:538} INFO - Filling up the DagBag from /home/airflow/.local/lib/python3.8/site-packages/airflow/example_dags/tutorial_taskflow_api.py
[2025-11-27T07:51:04.448+0000] {processor.py:840} INFO - DAG(s) 'tutorial_taskflow_api' retrieved from /home/airflow/.local/lib/python3.8/site-packages/airflow/example_dags/tutorial_taskflow_api.py
[2025-11-27T07:51:04.467+0000] {logging_mixin.py:188} INFO - [2025-11-27T07:51:04.467+0000] {dag.py:3036} INFO - Sync 1 DAGs
[2025-11-27T07:51:04.476+0000] {logging_mixin.py:188} INFO - [2025-11-27T07:51:04.475+0000] {dag.py:3823} INFO - Setting next_dagrun for tutorial_taskflow_api to None, run_after=None
[2025-11-27T07:51:04.495+0000] {processor.py:183} INFO - Processing /home/airflow/.local/lib/python3.8/site-packages/airflow/example_dags/tutorial_taskflow_api.py took 0.057 seconds
[2025-11-27T07:51:36.418+0000] {processor.py:161} INFO - Started process (PID=243) to work on /home/airflow/.local/lib/python3.8/site-packages/airflow/example_dags/tutorial_taskflow_api.py
[2025-11-27T07:51:36.419+0000] {processor.py:830} INFO - Processing file /home/airflow/.local/lib/python3.8/site-packages/airflow/example_dags/tutorial_taskflow_api.py for tasks to queue
[2025-11-27T07:51:36.421+0000] {logging_mixin.py:188} INFO - [2025-11-27T07:51:36.421+0000] {dagbag.py:538} INFO - Filling up the DagBag from /home/airflow/.local/lib/python3.8/site-packages/airflow/example_dags/tutorial_taskflow_api.py
[2025-11-27T07:51:36.427+0000] {processor.py:840} INFO - DAG(s) 'tutorial_taskflow_api' retrieved from /home/airflow/.local/lib/python3.8/site-packages/airflow/example_dags/tutorial_taskflow_api.py
[2025-11-27T07:51:36.447+0000] {logging_mixin.py:188} INFO - [2025-11-27T07:51:36.446+0000] {dag.py:3036} INFO - Sync 1 DAGs
[2025-11-27T07:51:36.456+0000] {logging_mixin.py:188} INFO - [2025-11-27T07:51:36.455+0000] {dag.py:3823} INFO - Setting next_dagrun for tutorial_taskflow_api to None, run_after=None
[2025-11-27T07:51:36.474+0000] {processor.py:183} INFO - Processing /home/airflow/.local/lib/python3.8/site-packages/airflow/example_dags/tutorial_taskflow_api.py took 0.058 seconds
[2025-11-27T07:52:09.526+0000] {processor.py:161} INFO - Started process (PID=299) to work on /home/airflow/.local/lib/python3.8/site-packages/airflow/example_dags/tutorial_taskflow_api.py
[2025-11-27T07:52:09.528+0000] {processor.py:830} INFO - Processing file /home/airflow/.local/lib/python3.8/site-packages/airflow/example_dags/tutorial_taskflow_api.py for tasks to queue
[2025-11-27T07:52:09.530+0000] {logging_mixin.py:188} INFO - [2025-11-27T07:52:09.530+0000] {dagbag.py:538} INFO - Filling up the DagBag from /home/airflow/.local/lib/python3.8/site-packages/airflow/example_dags/tutorial_taskflow_api.py
[2025-11-27T07:52:09.540+0000] {processor.py:840} INFO - DAG(s) 'tutorial_taskflow_api' retrieved from /home/airflow/.local/lib/python3.8/site-packages/airflow/example_dags/tutorial_taskflow_api.py
[2025-11-27T07:52:09.572+0000] {logging_mixin.py:188} INFO - [2025-11-27T07:52:09.572+0000] {dag.py:3036} INFO - Sync 1 DAGs
[2025-11-27T07:52:09.586+0000] {logging_mixin.py:188} INFO - [2025-11-27T07:52:09.586+0000] {dag.py:3823} INFO - Setting next_dagrun for tutorial_taskflow_api to None, run_after=None
[2025-11-27T07:52:09.609+0000] {processor.py:183} INFO - Processing /home/airflow/.local/lib/python3.8/site-packages/airflow/example_dags/tutorial_taskflow_api.py took 0.086 seconds
[2025-11-27T08:08:14.938+0000] {processor.py:161} INFO - Started process (PID=143) to work on /home/airflow/.local/lib/python3.8/site-packages/airflow/example_dags/tutorial_taskflow_api.py
[2025-11-27T08:08:14.939+0000] {processor.py:830} INFO - Processing file /home/airflow/.local/lib/python3.8/site-packages/airflow/example_dags/tutorial_taskflow_api.py for tasks to queue
[2025-11-27T08:08:14.941+0000] {logging_mixin.py:188} INFO - [2025-11-27T08:08:14.941+0000] {dagbag.py:538} INFO - Filling up the DagBag from /home/airflow/.local/lib/python3.8/site-packages/airflow/example_dags/tutorial_taskflow_api.py
[2025-11-27T08:08:14.948+0000] {processor.py:840} INFO - DAG(s) 'tutorial_taskflow_api' retrieved from /home/airflow/.local/lib/python3.8/site-packages/airflow/example_dags/tutorial_taskflow_api.py
[2025-11-27T08:08:14.961+0000] {logging_mixin.py:188} INFO - [2025-11-27T08:08:14.961+0000] {dag.py:3036} INFO - Sync 1 DAGs
[2025-11-27T08:08:14.974+0000] {logging_mixin.py:188} INFO - [2025-11-27T08:08:14.973+0000] {dag.py:3823} INFO - Setting next_dagrun for tutorial_taskflow_api to None, run_after=None
[2025-11-27T08:08:14.997+0000] {processor.py:183} INFO - Processing /home/airflow/.local/lib/python3.8/site-packages/airflow/example_dags/tutorial_taskflow_api.py took 0.062 seconds
[2025-11-27T08:08:48.606+0000] {processor.py:161} INFO - Started process (PID=199) to work on /home/airflow/.local/lib/python3.8/site-packages/airflow/example_dags/tutorial_taskflow_api.py
[2025-11-27T08:08:48.608+0000] {processor.py:830} INFO - Processing file /home/airflow/.local/lib/python3.8/site-packages/airflow/example_dags/tutorial_taskflow_api.py for tasks to queue
[2025-11-27T08:08:48.610+0000] {logging_mixin.py:188} INFO - [2025-11-27T08:08:48.609+0000] {dagbag.py:538} INFO - Filling up the DagBag from /home/airflow/.local/lib/python3.8/site-packages/airflow/example_dags/tutorial_taskflow_api.py
[2025-11-27T08:08:48.615+0000] {processor.py:840} INFO - DAG(s) 'tutorial_taskflow_api' retrieved from /home/airflow/.local/lib/python3.8/site-packages/airflow/example_dags/tutorial_taskflow_api.py
[2025-11-27T08:08:48.800+0000] {logging_mixin.py:188} INFO - [2025-11-27T08:08:48.800+0000] {dag.py:3036} INFO - Sync 1 DAGs
[2025-11-27T08:08:48.808+0000] {logging_mixin.py:188} INFO - [2025-11-27T08:08:48.808+0000] {dag.py:3823} INFO - Setting next_dagrun for tutorial_taskflow_api to None, run_after=None
[2025-11-27T08:08:48.826+0000] {processor.py:183} INFO - Processing /home/airflow/.local/lib/python3.8/site-packages/airflow/example_dags/tutorial_taskflow_api.py took 0.223 seconds
[2025-11-27T08:09:18.934+0000] {processor.py:161} INFO - Started process (PID=255) to work on /home/airflow/.local/lib/python3.8/site-packages/airflow/example_dags/tutorial_taskflow_api.py
[2025-11-27T08:09:18.935+0000] {processor.py:830} INFO - Processing file /home/airflow/.local/lib/python3.8/site-packages/airflow/example_dags/tutorial_taskflow_api.py for tasks to queue
[2025-11-27T08:09:18.937+0000] {logging_mixin.py:188} INFO - [2025-11-27T08:09:18.937+0000] {dagbag.py:538} INFO - Filling up the DagBag from /home/airflow/.local/lib/python3.8/site-packages/airflow/example_dags/tutorial_taskflow_api.py
[2025-11-27T08:09:18.942+0000] {processor.py:840} INFO - DAG(s) 'tutorial_taskflow_api' retrieved from /home/airflow/.local/lib/python3.8/site-packages/airflow/example_dags/tutorial_taskflow_api.py
[2025-11-27T08:09:18.959+0000] {logging_mixin.py:188} INFO - [2025-11-27T08:09:18.959+0000] {dag.py:3036} INFO - Sync 1 DAGs
[2025-11-27T08:09:18.968+0000] {logging_mixin.py:188} INFO - [2025-11-27T08:09:18.968+0000] {dag.py:3823} INFO - Setting next_dagrun for tutorial_taskflow_api to None, run_after=None
[2025-11-27T08:09:18.987+0000] {processor.py:183} INFO - Processing /home/airflow/.local/lib/python3.8/site-packages/airflow/example_dags/tutorial_taskflow_api.py took 0.056 seconds
[2025-11-27T08:09:49.088+0000] {processor.py:161} INFO - Started process (PID=305) to work on /home/airflow/.local/lib/python3.8/site-packages/airflow/example_dags/tutorial_taskflow_api.py
[2025-11-27T08:09:49.089+0000] {processor.py:830} INFO - Processing file /home/airflow/.local/lib/python3.8/site-packages/airflow/example_dags/tutorial_taskflow_api.py for tasks to queue
[2025-11-27T08:09:49.091+0000] {logging_mixin.py:188} INFO - [2025-11-27T08:09:49.090+0000] {dagbag.py:538} INFO - Filling up the DagBag from /home/airflow/.local/lib/python3.8/site-packages/airflow/example_dags/tutorial_taskflow_api.py
[2025-11-27T08:09:49.096+0000] {processor.py:840} INFO - DAG(s) 'tutorial_taskflow_api' retrieved from /home/airflow/.local/lib/python3.8/site-packages/airflow/example_dags/tutorial_taskflow_api.py
[2025-11-27T08:09:49.115+0000] {logging_mixin.py:188} INFO - [2025-11-27T08:09:49.114+0000] {dag.py:3036} INFO - Sync 1 DAGs
[2025-11-27T08:09:49.125+0000] {logging_mixin.py:188} INFO - [2025-11-27T08:09:49.125+0000] {dag.py:3823} INFO - Setting next_dagrun for tutorial_taskflow_api to None, run_after=None
[2025-11-27T08:09:49.143+0000] {processor.py:183} INFO - Processing /home/airflow/.local/lib/python3.8/site-packages/airflow/example_dags/tutorial_taskflow_api.py took 0.058 seconds
[2025-11-27T08:10:19.287+0000] {processor.py:161} INFO - Started process (PID=361) to work on /home/airflow/.local/lib/python3.8/site-packages/airflow/example_dags/tutorial_taskflow_api.py
[2025-11-27T08:10:19.288+0000] {processor.py:830} INFO - Processing file /home/airflow/.local/lib/python3.8/site-packages/airflow/example_dags/tutorial_taskflow_api.py for tasks to queue
[2025-11-27T08:10:19.290+0000] {logging_mixin.py:188} INFO - [2025-11-27T08:10:19.290+0000] {dagbag.py:538} INFO - Filling up the DagBag from /home/airflow/.local/lib/python3.8/site-packages/airflow/example_dags/tutorial_taskflow_api.py
[2025-11-27T08:10:19.295+0000] {processor.py:840} INFO - DAG(s) 'tutorial_taskflow_api' retrieved from /home/airflow/.local/lib/python3.8/site-packages/airflow/example_dags/tutorial_taskflow_api.py
[2025-11-27T08:10:19.312+0000] {logging_mixin.py:188} INFO - [2025-11-27T08:10:19.312+0000] {dag.py:3036} INFO - Sync 1 DAGs
[2025-11-27T08:10:19.322+0000] {logging_mixin.py:188} INFO - [2025-11-27T08:10:19.321+0000] {dag.py:3823} INFO - Setting next_dagrun for tutorial_taskflow_api to None, run_after=None
[2025-11-27T08:10:19.339+0000] {processor.py:183} INFO - Processing /home/airflow/.local/lib/python3.8/site-packages/airflow/example_dags/tutorial_taskflow_api.py took 0.055 seconds
[2025-11-27T08:10:50.298+0000] {processor.py:161} INFO - Started process (PID=418) to work on /home/airflow/.local/lib/python3.8/site-packages/airflow/example_dags/tutorial_taskflow_api.py
[2025-11-27T08:10:50.300+0000] {processor.py:830} INFO - Processing file /home/airflow/.local/lib/python3.8/site-packages/airflow/example_dags/tutorial_taskflow_api.py for tasks to queue
[2025-11-27T08:10:50.302+0000] {logging_mixin.py:188} INFO - [2025-11-27T08:10:50.301+0000] {dagbag.py:538} INFO - Filling up the DagBag from /home/airflow/.local/lib/python3.8/site-packages/airflow/example_dags/tutorial_taskflow_api.py
[2025-11-27T08:10:50.308+0000] {processor.py:840} INFO - DAG(s) 'tutorial_taskflow_api' retrieved from /home/airflow/.local/lib/python3.8/site-packages/airflow/example_dags/tutorial_taskflow_api.py
[2025-11-27T08:10:50.328+0000] {logging_mixin.py:188} INFO - [2025-11-27T08:10:50.328+0000] {dag.py:3036} INFO - Sync 1 DAGs
[2025-11-27T08:10:50.338+0000] {logging_mixin.py:188} INFO - [2025-11-27T08:10:50.338+0000] {dag.py:3823} INFO - Setting next_dagrun for tutorial_taskflow_api to None, run_after=None
[2025-11-27T08:10:50.360+0000] {processor.py:183} INFO - Processing /home/airflow/.local/lib/python3.8/site-packages/airflow/example_dags/tutorial_taskflow_api.py took 0.065 seconds
[2025-11-27T08:11:20.665+0000] {processor.py:161} INFO - Started process (PID=474) to work on /home/airflow/.local/lib/python3.8/site-packages/airflow/example_dags/tutorial_taskflow_api.py
[2025-11-27T08:11:20.666+0000] {processor.py:830} INFO - Processing file /home/airflow/.local/lib/python3.8/site-packages/airflow/example_dags/tutorial_taskflow_api.py for tasks to queue
[2025-11-27T08:11:20.668+0000] {logging_mixin.py:188} INFO - [2025-11-27T08:11:20.668+0000] {dagbag.py:538} INFO - Filling up the DagBag from /home/airflow/.local/lib/python3.8/site-packages/airflow/example_dags/tutorial_taskflow_api.py
[2025-11-27T08:11:20.674+0000] {processor.py:840} INFO - DAG(s) 'tutorial_taskflow_api' retrieved from /home/airflow/.local/lib/python3.8/site-packages/airflow/example_dags/tutorial_taskflow_api.py
[2025-11-27T08:11:20.690+0000] {logging_mixin.py:188} INFO - [2025-11-27T08:11:20.690+0000] {dag.py:3036} INFO - Sync 1 DAGs
[2025-11-27T08:11:20.698+0000] {logging_mixin.py:188} INFO - [2025-11-27T08:11:20.698+0000] {dag.py:3823} INFO - Setting next_dagrun for tutorial_taskflow_api to None, run_after=None
[2025-11-27T08:11:20.715+0000] {processor.py:183} INFO - Processing /home/airflow/.local/lib/python3.8/site-packages/airflow/example_dags/tutorial_taskflow_api.py took 0.053 seconds
[2025-11-27T08:11:51.007+0000] {processor.py:161} INFO - Started process (PID=530) to work on /home/airflow/.local/lib/python3.8/site-packages/airflow/example_dags/tutorial_taskflow_api.py
[2025-11-27T08:11:51.008+0000] {processor.py:830} INFO - Processing file /home/airflow/.local/lib/python3.8/site-packages/airflow/example_dags/tutorial_taskflow_api.py for tasks to queue
[2025-11-27T08:11:51.010+0000] {logging_mixin.py:188} INFO - [2025-11-27T08:11:51.010+0000] {dagbag.py:538} INFO - Filling up the DagBag from /home/airflow/.local/lib/python3.8/site-packages/airflow/example_dags/tutorial_taskflow_api.py
[2025-11-27T08:11:51.015+0000] {processor.py:840} INFO - DAG(s) 'tutorial_taskflow_api' retrieved from /home/airflow/.local/lib/python3.8/site-packages/airflow/example_dags/tutorial_taskflow_api.py
[2025-11-27T08:11:51.043+0000] {logging_mixin.py:188} INFO - [2025-11-27T08:11:51.042+0000] {dag.py:3036} INFO - Sync 1 DAGs
[2025-11-27T08:11:51.055+0000] {logging_mixin.py:188} INFO - [2025-11-27T08:11:51.055+0000] {dag.py:3823} INFO - Setting next_dagrun for tutorial_taskflow_api to None, run_after=None
[2025-11-27T08:11:51.077+0000] {processor.py:183} INFO - Processing /home/airflow/.local/lib/python3.8/site-packages/airflow/example_dags/tutorial_taskflow_api.py took 0.072 seconds
[2025-11-27T08:12:21.438+0000] {processor.py:161} INFO - Started process (PID=586) to work on /home/airflow/.local/lib/python3.8/site-packages/airflow/example_dags/tutorial_taskflow_api.py
[2025-11-27T08:12:21.439+0000] {processor.py:830} INFO - Processing file /home/airflow/.local/lib/python3.8/site-packages/airflow/example_dags/tutorial_taskflow_api.py for tasks to queue
[2025-11-27T08:12:21.441+0000] {logging_mixin.py:188} INFO - [2025-11-27T08:12:21.441+0000] {dagbag.py:538} INFO - Filling up the DagBag from /home/airflow/.local/lib/python3.8/site-packages/airflow/example_dags/tutorial_taskflow_api.py
[2025-11-27T08:12:21.447+0000] {processor.py:840} INFO - DAG(s) 'tutorial_taskflow_api' retrieved from /home/airflow/.local/lib/python3.8/site-packages/airflow/example_dags/tutorial_taskflow_api.py
[2025-11-27T08:12:21.472+0000] {logging_mixin.py:188} INFO - [2025-11-27T08:12:21.472+0000] {dag.py:3036} INFO - Sync 1 DAGs
[2025-11-27T08:12:21.483+0000] {logging_mixin.py:188} INFO - [2025-11-27T08:12:21.483+0000] {dag.py:3823} INFO - Setting next_dagrun for tutorial_taskflow_api to None, run_after=None
[2025-11-27T08:12:21.502+0000] {processor.py:183} INFO - Processing /home/airflow/.local/lib/python3.8/site-packages/airflow/example_dags/tutorial_taskflow_api.py took 0.066 seconds
[2025-11-27T08:12:52.068+0000] {processor.py:161} INFO - Started process (PID=642) to work on /home/airflow/.local/lib/python3.8/site-packages/airflow/example_dags/tutorial_taskflow_api.py
[2025-11-27T08:12:52.070+0000] {processor.py:830} INFO - Processing file /home/airflow/.local/lib/python3.8/site-packages/airflow/example_dags/tutorial_taskflow_api.py for tasks to queue
[2025-11-27T08:12:52.072+0000] {logging_mixin.py:188} INFO - [2025-11-27T08:12:52.071+0000] {dagbag.py:538} INFO - Filling up the DagBag from /home/airflow/.local/lib/python3.8/site-packages/airflow/example_dags/tutorial_taskflow_api.py
[2025-11-27T08:12:52.078+0000] {processor.py:840} INFO - DAG(s) 'tutorial_taskflow_api' retrieved from /home/airflow/.local/lib/python3.8/site-packages/airflow/example_dags/tutorial_taskflow_api.py
[2025-11-27T08:12:52.096+0000] {logging_mixin.py:188} INFO - [2025-11-27T08:12:52.096+0000] {dag.py:3036} INFO - Sync 1 DAGs
[2025-11-27T08:12:52.108+0000] {logging_mixin.py:188} INFO - [2025-11-27T08:12:52.108+0000] {dag.py:3823} INFO - Setting next_dagrun for tutorial_taskflow_api to None, run_after=None
[2025-11-27T08:12:52.130+0000] {processor.py:183} INFO - Processing /home/airflow/.local/lib/python3.8/site-packages/airflow/example_dags/tutorial_taskflow_api.py took 0.065 seconds
[2025-11-27T08:13:22.445+0000] {processor.py:161} INFO - Started process (PID=698) to work on /home/airflow/.local/lib/python3.8/site-packages/airflow/example_dags/tutorial_taskflow_api.py
[2025-11-27T08:13:22.446+0000] {processor.py:830} INFO - Processing file /home/airflow/.local/lib/python3.8/site-packages/airflow/example_dags/tutorial_taskflow_api.py for tasks to queue
[2025-11-27T08:13:22.448+0000] {logging_mixin.py:188} INFO - [2025-11-27T08:13:22.448+0000] {dagbag.py:538} INFO - Filling up the DagBag from /home/airflow/.local/lib/python3.8/site-packages/airflow/example_dags/tutorial_taskflow_api.py
[2025-11-27T08:13:22.453+0000] {processor.py:840} INFO - DAG(s) 'tutorial_taskflow_api' retrieved from /home/airflow/.local/lib/python3.8/site-packages/airflow/example_dags/tutorial_taskflow_api.py
[2025-11-27T08:13:22.470+0000] {logging_mixin.py:188} INFO - [2025-11-27T08:13:22.470+0000] {dag.py:3036} INFO - Sync 1 DAGs
[2025-11-27T08:13:22.481+0000] {logging_mixin.py:188} INFO - [2025-11-27T08:13:22.481+0000] {dag.py:3823} INFO - Setting next_dagrun for tutorial_taskflow_api to None, run_after=None
[2025-11-27T08:13:22.499+0000] {processor.py:183} INFO - Processing /home/airflow/.local/lib/python3.8/site-packages/airflow/example_dags/tutorial_taskflow_api.py took 0.056 seconds
[2025-11-27T08:13:52.938+0000] {processor.py:161} INFO - Started process (PID=754) to work on /home/airflow/.local/lib/python3.8/site-packages/airflow/example_dags/tutorial_taskflow_api.py
[2025-11-27T08:13:52.939+0000] {processor.py:830} INFO - Processing file /home/airflow/.local/lib/python3.8/site-packages/airflow/example_dags/tutorial_taskflow_api.py for tasks to queue
[2025-11-27T08:13:52.941+0000] {logging_mixin.py:188} INFO - [2025-11-27T08:13:52.941+0000] {dagbag.py:538} INFO - Filling up the DagBag from /home/airflow/.local/lib/python3.8/site-packages/airflow/example_dags/tutorial_taskflow_api.py
[2025-11-27T08:13:52.948+0000] {processor.py:840} INFO - DAG(s) 'tutorial_taskflow_api' retrieved from /home/airflow/.local/lib/python3.8/site-packages/airflow/example_dags/tutorial_taskflow_api.py
[2025-11-27T08:13:52.969+0000] {logging_mixin.py:188} INFO - [2025-11-27T08:13:52.969+0000] {dag.py:3036} INFO - Sync 1 DAGs
[2025-11-27T08:13:52.980+0000] {logging_mixin.py:188} INFO - [2025-11-27T08:13:52.980+0000] {dag.py:3823} INFO - Setting next_dagrun for tutorial_taskflow_api to None, run_after=None
[2025-11-27T08:13:52.999+0000] {processor.py:183} INFO - Processing /home/airflow/.local/lib/python3.8/site-packages/airflow/example_dags/tutorial_taskflow_api.py took 0.064 seconds
[2025-11-27T08:14:24.339+0000] {processor.py:161} INFO - Started process (PID=810) to work on /home/airflow/.local/lib/python3.8/site-packages/airflow/example_dags/tutorial_taskflow_api.py
[2025-11-27T08:14:24.341+0000] {processor.py:830} INFO - Processing file /home/airflow/.local/lib/python3.8/site-packages/airflow/example_dags/tutorial_taskflow_api.py for tasks to queue
[2025-11-27T08:14:24.343+0000] {logging_mixin.py:188} INFO - [2025-11-27T08:14:24.342+0000] {dagbag.py:538} INFO - Filling up the DagBag from /home/airflow/.local/lib/python3.8/site-packages/airflow/example_dags/tutorial_taskflow_api.py
[2025-11-27T08:14:24.348+0000] {processor.py:840} INFO - DAG(s) 'tutorial_taskflow_api' retrieved from /home/airflow/.local/lib/python3.8/site-packages/airflow/example_dags/tutorial_taskflow_api.py
[2025-11-27T08:14:24.369+0000] {logging_mixin.py:188} INFO - [2025-11-27T08:14:24.369+0000] {dag.py:3036} INFO - Sync 1 DAGs
[2025-11-27T08:14:24.379+0000] {logging_mixin.py:188} INFO - [2025-11-27T08:14:24.379+0000] {dag.py:3823} INFO - Setting next_dagrun for tutorial_taskflow_api to None, run_after=None
[2025-11-27T08:14:24.399+0000] {processor.py:183} INFO - Processing /home/airflow/.local/lib/python3.8/site-packages/airflow/example_dags/tutorial_taskflow_api.py took 0.062 seconds
[2025-11-27T08:14:56.644+0000] {processor.py:161} INFO - Started process (PID=866) to work on /home/airflow/.local/lib/python3.8/site-packages/airflow/example_dags/tutorial_taskflow_api.py
[2025-11-27T08:14:56.645+0000] {processor.py:830} INFO - Processing file /home/airflow/.local/lib/python3.8/site-packages/airflow/example_dags/tutorial_taskflow_api.py for tasks to queue
[2025-11-27T08:14:56.646+0000] {logging_mixin.py:188} INFO - [2025-11-27T08:14:56.646+0000] {dagbag.py:538} INFO - Filling up the DagBag from /home/airflow/.local/lib/python3.8/site-packages/airflow/example_dags/tutorial_taskflow_api.py
[2025-11-27T08:14:56.652+0000] {processor.py:840} INFO - DAG(s) 'tutorial_taskflow_api' retrieved from /home/airflow/.local/lib/python3.8/site-packages/airflow/example_dags/tutorial_taskflow_api.py
[2025-11-27T08:14:56.668+0000] {logging_mixin.py:188} INFO - [2025-11-27T08:14:56.668+0000] {dag.py:3036} INFO - Sync 1 DAGs
[2025-11-27T08:14:56.677+0000] {logging_mixin.py:188} INFO - [2025-11-27T08:14:56.677+0000] {dag.py:3823} INFO - Setting next_dagrun for tutorial_taskflow_api to None, run_after=None
[2025-11-27T08:14:56.696+0000] {processor.py:183} INFO - Processing /home/airflow/.local/lib/python3.8/site-packages/airflow/example_dags/tutorial_taskflow_api.py took 0.055 seconds
[2025-11-27T08:16:29.249+0000] {processor.py:161} INFO - Started process (PID=144) to work on /home/airflow/.local/lib/python3.8/site-packages/airflow/example_dags/tutorial_taskflow_api.py
[2025-11-27T08:16:29.250+0000] {processor.py:830} INFO - Processing file /home/airflow/.local/lib/python3.8/site-packages/airflow/example_dags/tutorial_taskflow_api.py for tasks to queue
[2025-11-27T08:16:29.252+0000] {logging_mixin.py:188} INFO - [2025-11-27T08:16:29.252+0000] {dagbag.py:538} INFO - Filling up the DagBag from /home/airflow/.local/lib/python3.8/site-packages/airflow/example_dags/tutorial_taskflow_api.py
[2025-11-27T08:16:29.258+0000] {processor.py:840} INFO - DAG(s) 'tutorial_taskflow_api' retrieved from /home/airflow/.local/lib/python3.8/site-packages/airflow/example_dags/tutorial_taskflow_api.py
[2025-11-27T08:16:29.269+0000] {logging_mixin.py:188} INFO - [2025-11-27T08:16:29.269+0000] {dag.py:3036} INFO - Sync 1 DAGs
[2025-11-27T08:16:29.278+0000] {logging_mixin.py:188} INFO - [2025-11-27T08:16:29.278+0000] {dag.py:3823} INFO - Setting next_dagrun for tutorial_taskflow_api to None, run_after=None
[2025-11-27T08:16:29.295+0000] {processor.py:183} INFO - Processing /home/airflow/.local/lib/python3.8/site-packages/airflow/example_dags/tutorial_taskflow_api.py took 0.049 seconds
[2025-11-27T08:17:02.357+0000] {processor.py:161} INFO - Started process (PID=200) to work on /home/airflow/.local/lib/python3.8/site-packages/airflow/example_dags/tutorial_taskflow_api.py
[2025-11-27T08:17:02.358+0000] {processor.py:830} INFO - Processing file /home/airflow/.local/lib/python3.8/site-packages/airflow/example_dags/tutorial_taskflow_api.py for tasks to queue
[2025-11-27T08:17:02.360+0000] {logging_mixin.py:188} INFO - [2025-11-27T08:17:02.360+0000] {dagbag.py:538} INFO - Filling up the DagBag from /home/airflow/.local/lib/python3.8/site-packages/airflow/example_dags/tutorial_taskflow_api.py
[2025-11-27T08:17:02.366+0000] {processor.py:840} INFO - DAG(s) 'tutorial_taskflow_api' retrieved from /home/airflow/.local/lib/python3.8/site-packages/airflow/example_dags/tutorial_taskflow_api.py
[2025-11-27T08:17:02.556+0000] {logging_mixin.py:188} INFO - [2025-11-27T08:17:02.555+0000] {dag.py:3036} INFO - Sync 1 DAGs
[2025-11-27T08:17:02.565+0000] {logging_mixin.py:188} INFO - [2025-11-27T08:17:02.564+0000] {dag.py:3823} INFO - Setting next_dagrun for tutorial_taskflow_api to None, run_after=None
[2025-11-27T08:17:02.582+0000] {processor.py:183} INFO - Processing /home/airflow/.local/lib/python3.8/site-packages/airflow/example_dags/tutorial_taskflow_api.py took 0.231 seconds
[2025-11-27T08:17:32.676+0000] {processor.py:161} INFO - Started process (PID=250) to work on /home/airflow/.local/lib/python3.8/site-packages/airflow/example_dags/tutorial_taskflow_api.py
[2025-11-27T08:17:32.677+0000] {processor.py:830} INFO - Processing file /home/airflow/.local/lib/python3.8/site-packages/airflow/example_dags/tutorial_taskflow_api.py for tasks to queue
[2025-11-27T08:17:32.679+0000] {logging_mixin.py:188} INFO - [2025-11-27T08:17:32.678+0000] {dagbag.py:538} INFO - Filling up the DagBag from /home/airflow/.local/lib/python3.8/site-packages/airflow/example_dags/tutorial_taskflow_api.py
[2025-11-27T08:17:32.684+0000] {processor.py:840} INFO - DAG(s) 'tutorial_taskflow_api' retrieved from /home/airflow/.local/lib/python3.8/site-packages/airflow/example_dags/tutorial_taskflow_api.py
[2025-11-27T08:17:32.703+0000] {logging_mixin.py:188} INFO - [2025-11-27T08:17:32.703+0000] {dag.py:3036} INFO - Sync 1 DAGs
[2025-11-27T08:17:32.713+0000] {logging_mixin.py:188} INFO - [2025-11-27T08:17:32.713+0000] {dag.py:3823} INFO - Setting next_dagrun for tutorial_taskflow_api to None, run_after=None
[2025-11-27T08:17:32.731+0000] {processor.py:183} INFO - Processing /home/airflow/.local/lib/python3.8/site-packages/airflow/example_dags/tutorial_taskflow_api.py took 0.058 seconds
[2025-11-27T08:18:03.197+0000] {processor.py:161} INFO - Started process (PID=306) to work on /home/airflow/.local/lib/python3.8/site-packages/airflow/example_dags/tutorial_taskflow_api.py
[2025-11-27T08:18:03.198+0000] {processor.py:830} INFO - Processing file /home/airflow/.local/lib/python3.8/site-packages/airflow/example_dags/tutorial_taskflow_api.py for tasks to queue
[2025-11-27T08:18:03.200+0000] {logging_mixin.py:188} INFO - [2025-11-27T08:18:03.199+0000] {dagbag.py:538} INFO - Filling up the DagBag from /home/airflow/.local/lib/python3.8/site-packages/airflow/example_dags/tutorial_taskflow_api.py
[2025-11-27T08:18:03.206+0000] {processor.py:840} INFO - DAG(s) 'tutorial_taskflow_api' retrieved from /home/airflow/.local/lib/python3.8/site-packages/airflow/example_dags/tutorial_taskflow_api.py
[2025-11-27T08:18:03.223+0000] {logging_mixin.py:188} INFO - [2025-11-27T08:18:03.223+0000] {dag.py:3036} INFO - Sync 1 DAGs
[2025-11-27T08:18:03.233+0000] {logging_mixin.py:188} INFO - [2025-11-27T08:18:03.233+0000] {dag.py:3823} INFO - Setting next_dagrun for tutorial_taskflow_api to None, run_after=None
[2025-11-27T08:18:03.250+0000] {processor.py:183} INFO - Processing /home/airflow/.local/lib/python3.8/site-packages/airflow/example_dags/tutorial_taskflow_api.py took 0.056 seconds
[2025-11-27T08:18:33.639+0000] {processor.py:161} INFO - Started process (PID=362) to work on /home/airflow/.local/lib/python3.8/site-packages/airflow/example_dags/tutorial_taskflow_api.py
[2025-11-27T08:18:33.640+0000] {processor.py:830} INFO - Processing file /home/airflow/.local/lib/python3.8/site-packages/airflow/example_dags/tutorial_taskflow_api.py for tasks to queue
[2025-11-27T08:18:33.642+0000] {logging_mixin.py:188} INFO - [2025-11-27T08:18:33.642+0000] {dagbag.py:538} INFO - Filling up the DagBag from /home/airflow/.local/lib/python3.8/site-packages/airflow/example_dags/tutorial_taskflow_api.py
[2025-11-27T08:18:33.648+0000] {processor.py:840} INFO - DAG(s) 'tutorial_taskflow_api' retrieved from /home/airflow/.local/lib/python3.8/site-packages/airflow/example_dags/tutorial_taskflow_api.py
[2025-11-27T08:18:33.664+0000] {logging_mixin.py:188} INFO - [2025-11-27T08:18:33.664+0000] {dag.py:3036} INFO - Sync 1 DAGs
[2025-11-27T08:18:33.673+0000] {logging_mixin.py:188} INFO - [2025-11-27T08:18:33.672+0000] {dag.py:3823} INFO - Setting next_dagrun for tutorial_taskflow_api to None, run_after=None
[2025-11-27T08:18:33.690+0000] {processor.py:183} INFO - Processing /home/airflow/.local/lib/python3.8/site-packages/airflow/example_dags/tutorial_taskflow_api.py took 0.054 seconds
[2025-11-27T08:19:04.219+0000] {processor.py:161} INFO - Started process (PID=418) to work on /home/airflow/.local/lib/python3.8/site-packages/airflow/example_dags/tutorial_taskflow_api.py
[2025-11-27T08:19:04.220+0000] {processor.py:830} INFO - Processing file /home/airflow/.local/lib/python3.8/site-packages/airflow/example_dags/tutorial_taskflow_api.py for tasks to queue
[2025-11-27T08:19:04.222+0000] {logging_mixin.py:188} INFO - [2025-11-27T08:19:04.222+0000] {dagbag.py:538} INFO - Filling up the DagBag from /home/airflow/.local/lib/python3.8/site-packages/airflow/example_dags/tutorial_taskflow_api.py
[2025-11-27T08:19:04.228+0000] {processor.py:840} INFO - DAG(s) 'tutorial_taskflow_api' retrieved from /home/airflow/.local/lib/python3.8/site-packages/airflow/example_dags/tutorial_taskflow_api.py
[2025-11-27T08:19:04.247+0000] {logging_mixin.py:188} INFO - [2025-11-27T08:19:04.247+0000] {dag.py:3036} INFO - Sync 1 DAGs
[2025-11-27T08:19:04.256+0000] {logging_mixin.py:188} INFO - [2025-11-27T08:19:04.256+0000] {dag.py:3823} INFO - Setting next_dagrun for tutorial_taskflow_api to None, run_after=None
[2025-11-27T08:19:04.276+0000] {processor.py:183} INFO - Processing /home/airflow/.local/lib/python3.8/site-packages/airflow/example_dags/tutorial_taskflow_api.py took 0.060 seconds
[2025-11-27T08:19:34.949+0000] {processor.py:161} INFO - Started process (PID=474) to work on /home/airflow/.local/lib/python3.8/site-packages/airflow/example_dags/tutorial_taskflow_api.py
[2025-11-27T08:19:34.950+0000] {processor.py:830} INFO - Processing file /home/airflow/.local/lib/python3.8/site-packages/airflow/example_dags/tutorial_taskflow_api.py for tasks to queue
[2025-11-27T08:19:34.952+0000] {logging_mixin.py:188} INFO - [2025-11-27T08:19:34.952+0000] {dagbag.py:538} INFO - Filling up the DagBag from /home/airflow/.local/lib/python3.8/site-packages/airflow/example_dags/tutorial_taskflow_api.py
[2025-11-27T08:19:34.957+0000] {processor.py:840} INFO - DAG(s) 'tutorial_taskflow_api' retrieved from /home/airflow/.local/lib/python3.8/site-packages/airflow/example_dags/tutorial_taskflow_api.py
[2025-11-27T08:19:34.973+0000] {logging_mixin.py:188} INFO - [2025-11-27T08:19:34.973+0000] {dag.py:3036} INFO - Sync 1 DAGs
[2025-11-27T08:19:34.983+0000] {logging_mixin.py:188} INFO - [2025-11-27T08:19:34.983+0000] {dag.py:3823} INFO - Setting next_dagrun for tutorial_taskflow_api to None, run_after=None
[2025-11-27T08:19:35.003+0000] {processor.py:183} INFO - Processing /home/airflow/.local/lib/python3.8/site-packages/airflow/example_dags/tutorial_taskflow_api.py took 0.057 seconds
[2025-11-27T08:20:05.252+0000] {processor.py:161} INFO - Started process (PID=530) to work on /home/airflow/.local/lib/python3.8/site-packages/airflow/example_dags/tutorial_taskflow_api.py
[2025-11-27T08:20:05.253+0000] {processor.py:830} INFO - Processing file /home/airflow/.local/lib/python3.8/site-packages/airflow/example_dags/tutorial_taskflow_api.py for tasks to queue
[2025-11-27T08:20:05.256+0000] {logging_mixin.py:188} INFO - [2025-11-27T08:20:05.255+0000] {dagbag.py:538} INFO - Filling up the DagBag from /home/airflow/.local/lib/python3.8/site-packages/airflow/example_dags/tutorial_taskflow_api.py
[2025-11-27T08:20:05.261+0000] {processor.py:840} INFO - DAG(s) 'tutorial_taskflow_api' retrieved from /home/airflow/.local/lib/python3.8/site-packages/airflow/example_dags/tutorial_taskflow_api.py
[2025-11-27T08:20:05.277+0000] {logging_mixin.py:188} INFO - [2025-11-27T08:20:05.277+0000] {dag.py:3036} INFO - Sync 1 DAGs
[2025-11-27T08:20:05.287+0000] {logging_mixin.py:188} INFO - [2025-11-27T08:20:05.287+0000] {dag.py:3823} INFO - Setting next_dagrun for tutorial_taskflow_api to None, run_after=None
[2025-11-27T08:20:05.305+0000] {processor.py:183} INFO - Processing /home/airflow/.local/lib/python3.8/site-packages/airflow/example_dags/tutorial_taskflow_api.py took 0.056 seconds
[2025-11-27T08:20:35.364+0000] {processor.py:161} INFO - Started process (PID=586) to work on /home/airflow/.local/lib/python3.8/site-packages/airflow/example_dags/tutorial_taskflow_api.py
[2025-11-27T08:20:35.365+0000] {processor.py:830} INFO - Processing file /home/airflow/.local/lib/python3.8/site-packages/airflow/example_dags/tutorial_taskflow_api.py for tasks to queue
[2025-11-27T08:20:35.368+0000] {logging_mixin.py:188} INFO - [2025-11-27T08:20:35.368+0000] {dagbag.py:538} INFO - Filling up the DagBag from /home/airflow/.local/lib/python3.8/site-packages/airflow/example_dags/tutorial_taskflow_api.py
[2025-11-27T08:20:35.374+0000] {processor.py:840} INFO - DAG(s) 'tutorial_taskflow_api' retrieved from /home/airflow/.local/lib/python3.8/site-packages/airflow/example_dags/tutorial_taskflow_api.py
[2025-11-27T08:20:35.391+0000] {logging_mixin.py:188} INFO - [2025-11-27T08:20:35.391+0000] {dag.py:3036} INFO - Sync 1 DAGs
[2025-11-27T08:20:35.401+0000] {logging_mixin.py:188} INFO - [2025-11-27T08:20:35.401+0000] {dag.py:3823} INFO - Setting next_dagrun for tutorial_taskflow_api to None, run_after=None
[2025-11-27T08:20:35.421+0000] {processor.py:183} INFO - Processing /home/airflow/.local/lib/python3.8/site-packages/airflow/example_dags/tutorial_taskflow_api.py took 0.059 seconds
[2025-11-27T08:21:06.624+0000] {processor.py:161} INFO - Started process (PID=642) to work on /home/airflow/.local/lib/python3.8/site-packages/airflow/example_dags/tutorial_taskflow_api.py
[2025-11-27T08:21:06.625+0000] {processor.py:830} INFO - Processing file /home/airflow/.local/lib/python3.8/site-packages/airflow/example_dags/tutorial_taskflow_api.py for tasks to queue
[2025-11-27T08:21:06.626+0000] {logging_mixin.py:188} INFO - [2025-11-27T08:21:06.626+0000] {dagbag.py:538} INFO - Filling up the DagBag from /home/airflow/.local/lib/python3.8/site-packages/airflow/example_dags/tutorial_taskflow_api.py
[2025-11-27T08:21:06.631+0000] {processor.py:840} INFO - DAG(s) 'tutorial_taskflow_api' retrieved from /home/airflow/.local/lib/python3.8/site-packages/airflow/example_dags/tutorial_taskflow_api.py
[2025-11-27T08:21:06.652+0000] {logging_mixin.py:188} INFO - [2025-11-27T08:21:06.652+0000] {dag.py:3036} INFO - Sync 1 DAGs
[2025-11-27T08:21:06.670+0000] {logging_mixin.py:188} INFO - [2025-11-27T08:21:06.669+0000] {dag.py:3823} INFO - Setting next_dagrun for tutorial_taskflow_api to None, run_after=None
[2025-11-27T08:21:06.693+0000] {processor.py:183} INFO - Processing /home/airflow/.local/lib/python3.8/site-packages/airflow/example_dags/tutorial_taskflow_api.py took 0.072 seconds
