[2025-11-27T07:49:59.876+0000] {processor.py:161} INFO - Started process (PID=92) to work on /home/airflow/.local/lib/python3.8/site-packages/airflow/example_dags/tutorial_dag.py
[2025-11-27T07:49:59.877+0000] {processor.py:830} INFO - Processing file /home/airflow/.local/lib/python3.8/site-packages/airflow/example_dags/tutorial_dag.py for tasks to queue
[2025-11-27T07:49:59.879+0000] {logging_mixin.py:188} INFO - [2025-11-27T07:49:59.879+0000] {dagbag.py:538} INFO - Filling up the DagBag from /home/airflow/.local/lib/python3.8/site-packages/airflow/example_dags/tutorial_dag.py
[2025-11-27T07:49:59.885+0000] {processor.py:840} INFO - DAG(s) 'tutorial_dag' retrieved from /home/airflow/.local/lib/python3.8/site-packages/airflow/example_dags/tutorial_dag.py
[2025-11-27T07:49:59.897+0000] {logging_mixin.py:188} INFO - [2025-11-27T07:49:59.896+0000] {dag.py:3036} INFO - Sync 1 DAGs
[2025-11-27T07:49:59.907+0000] {logging_mixin.py:188} INFO - [2025-11-27T07:49:59.906+0000] {dag.py:3823} INFO - Setting next_dagrun for tutorial_dag to None, run_after=None
[2025-11-27T07:49:59.925+0000] {processor.py:183} INFO - Processing /home/airflow/.local/lib/python3.8/site-packages/airflow/example_dags/tutorial_dag.py took 0.052 seconds
[2025-11-27T07:50:33.360+0000] {processor.py:161} INFO - Started process (PID=148) to work on /home/airflow/.local/lib/python3.8/site-packages/airflow/example_dags/tutorial_dag.py
[2025-11-27T07:50:33.361+0000] {processor.py:830} INFO - Processing file /home/airflow/.local/lib/python3.8/site-packages/airflow/example_dags/tutorial_dag.py for tasks to queue
[2025-11-27T07:50:33.364+0000] {logging_mixin.py:188} INFO - [2025-11-27T07:50:33.363+0000] {dagbag.py:538} INFO - Filling up the DagBag from /home/airflow/.local/lib/python3.8/site-packages/airflow/example_dags/tutorial_dag.py
[2025-11-27T07:50:33.369+0000] {processor.py:840} INFO - DAG(s) 'tutorial_dag' retrieved from /home/airflow/.local/lib/python3.8/site-packages/airflow/example_dags/tutorial_dag.py
[2025-11-27T07:50:33.445+0000] {logging_mixin.py:188} INFO - [2025-11-27T07:50:33.445+0000] {dag.py:3036} INFO - Sync 1 DAGs
[2025-11-27T07:50:33.454+0000] {logging_mixin.py:188} INFO - [2025-11-27T07:50:33.454+0000] {dag.py:3823} INFO - Setting next_dagrun for tutorial_dag to None, run_after=None
[2025-11-27T07:50:33.473+0000] {processor.py:183} INFO - Processing /home/airflow/.local/lib/python3.8/site-packages/airflow/example_dags/tutorial_dag.py took 0.116 seconds
[2025-11-27T07:51:05.005+0000] {processor.py:161} INFO - Started process (PID=198) to work on /home/airflow/.local/lib/python3.8/site-packages/airflow/example_dags/tutorial_dag.py
[2025-11-27T07:51:05.006+0000] {processor.py:830} INFO - Processing file /home/airflow/.local/lib/python3.8/site-packages/airflow/example_dags/tutorial_dag.py for tasks to queue
[2025-11-27T07:51:05.008+0000] {logging_mixin.py:188} INFO - [2025-11-27T07:51:05.007+0000] {dagbag.py:538} INFO - Filling up the DagBag from /home/airflow/.local/lib/python3.8/site-packages/airflow/example_dags/tutorial_dag.py
[2025-11-27T07:51:05.012+0000] {processor.py:840} INFO - DAG(s) 'tutorial_dag' retrieved from /home/airflow/.local/lib/python3.8/site-packages/airflow/example_dags/tutorial_dag.py
[2025-11-27T07:51:05.029+0000] {logging_mixin.py:188} INFO - [2025-11-27T07:51:05.028+0000] {dag.py:3036} INFO - Sync 1 DAGs
[2025-11-27T07:51:05.036+0000] {logging_mixin.py:188} INFO - [2025-11-27T07:51:05.036+0000] {dag.py:3823} INFO - Setting next_dagrun for tutorial_dag to None, run_after=None
[2025-11-27T07:51:05.052+0000] {processor.py:183} INFO - Processing /home/airflow/.local/lib/python3.8/site-packages/airflow/example_dags/tutorial_dag.py took 0.050 seconds
[2025-11-27T07:51:36.914+0000] {processor.py:161} INFO - Started process (PID=254) to work on /home/airflow/.local/lib/python3.8/site-packages/airflow/example_dags/tutorial_dag.py
[2025-11-27T07:51:36.916+0000] {processor.py:830} INFO - Processing file /home/airflow/.local/lib/python3.8/site-packages/airflow/example_dags/tutorial_dag.py for tasks to queue
[2025-11-27T07:51:36.917+0000] {logging_mixin.py:188} INFO - [2025-11-27T07:51:36.917+0000] {dagbag.py:538} INFO - Filling up the DagBag from /home/airflow/.local/lib/python3.8/site-packages/airflow/example_dags/tutorial_dag.py
[2025-11-27T07:51:36.922+0000] {processor.py:840} INFO - DAG(s) 'tutorial_dag' retrieved from /home/airflow/.local/lib/python3.8/site-packages/airflow/example_dags/tutorial_dag.py
[2025-11-27T07:51:36.939+0000] {logging_mixin.py:188} INFO - [2025-11-27T07:51:36.939+0000] {dag.py:3036} INFO - Sync 1 DAGs
[2025-11-27T07:51:36.949+0000] {logging_mixin.py:188} INFO - [2025-11-27T07:51:36.949+0000] {dag.py:3823} INFO - Setting next_dagrun for tutorial_dag to None, run_after=None
[2025-11-27T07:51:36.970+0000] {processor.py:183} INFO - Processing /home/airflow/.local/lib/python3.8/site-packages/airflow/example_dags/tutorial_dag.py took 0.059 seconds
[2025-11-27T07:52:10.296+0000] {processor.py:161} INFO - Started process (PID=316) to work on /home/airflow/.local/lib/python3.8/site-packages/airflow/example_dags/tutorial_dag.py
[2025-11-27T07:52:10.298+0000] {processor.py:830} INFO - Processing file /home/airflow/.local/lib/python3.8/site-packages/airflow/example_dags/tutorial_dag.py for tasks to queue
[2025-11-27T07:52:10.299+0000] {logging_mixin.py:188} INFO - [2025-11-27T07:52:10.299+0000] {dagbag.py:538} INFO - Filling up the DagBag from /home/airflow/.local/lib/python3.8/site-packages/airflow/example_dags/tutorial_dag.py
[2025-11-27T07:52:10.304+0000] {processor.py:840} INFO - DAG(s) 'tutorial_dag' retrieved from /home/airflow/.local/lib/python3.8/site-packages/airflow/example_dags/tutorial_dag.py
[2025-11-27T07:52:10.322+0000] {logging_mixin.py:188} INFO - [2025-11-27T07:52:10.321+0000] {dag.py:3036} INFO - Sync 1 DAGs
[2025-11-27T07:52:10.331+0000] {logging_mixin.py:188} INFO - [2025-11-27T07:52:10.331+0000] {dag.py:3823} INFO - Setting next_dagrun for tutorial_dag to None, run_after=None
[2025-11-27T07:52:10.351+0000] {processor.py:183} INFO - Processing /home/airflow/.local/lib/python3.8/site-packages/airflow/example_dags/tutorial_dag.py took 0.057 seconds
[2025-11-27T08:08:15.763+0000] {processor.py:161} INFO - Started process (PID=154) to work on /home/airflow/.local/lib/python3.8/site-packages/airflow/example_dags/tutorial_dag.py
[2025-11-27T08:08:15.764+0000] {processor.py:830} INFO - Processing file /home/airflow/.local/lib/python3.8/site-packages/airflow/example_dags/tutorial_dag.py for tasks to queue
[2025-11-27T08:08:15.766+0000] {logging_mixin.py:188} INFO - [2025-11-27T08:08:15.766+0000] {dagbag.py:538} INFO - Filling up the DagBag from /home/airflow/.local/lib/python3.8/site-packages/airflow/example_dags/tutorial_dag.py
[2025-11-27T08:08:15.773+0000] {processor.py:840} INFO - DAG(s) 'tutorial_dag' retrieved from /home/airflow/.local/lib/python3.8/site-packages/airflow/example_dags/tutorial_dag.py
[2025-11-27T08:08:15.790+0000] {logging_mixin.py:188} INFO - [2025-11-27T08:08:15.789+0000] {dag.py:3036} INFO - Sync 1 DAGs
[2025-11-27T08:08:15.805+0000] {logging_mixin.py:188} INFO - [2025-11-27T08:08:15.805+0000] {dag.py:3823} INFO - Setting next_dagrun for tutorial_dag to None, run_after=None
[2025-11-27T08:08:15.831+0000] {processor.py:183} INFO - Processing /home/airflow/.local/lib/python3.8/site-packages/airflow/example_dags/tutorial_dag.py took 0.072 seconds
[2025-11-27T08:08:50.200+0000] {processor.py:161} INFO - Started process (PID=210) to work on /home/airflow/.local/lib/python3.8/site-packages/airflow/example_dags/tutorial_dag.py
[2025-11-27T08:08:50.201+0000] {processor.py:830} INFO - Processing file /home/airflow/.local/lib/python3.8/site-packages/airflow/example_dags/tutorial_dag.py for tasks to queue
[2025-11-27T08:08:50.203+0000] {logging_mixin.py:188} INFO - [2025-11-27T08:08:50.203+0000] {dagbag.py:538} INFO - Filling up the DagBag from /home/airflow/.local/lib/python3.8/site-packages/airflow/example_dags/tutorial_dag.py
[2025-11-27T08:08:50.210+0000] {processor.py:840} INFO - DAG(s) 'tutorial_dag' retrieved from /home/airflow/.local/lib/python3.8/site-packages/airflow/example_dags/tutorial_dag.py
[2025-11-27T08:08:50.433+0000] {logging_mixin.py:188} INFO - [2025-11-27T08:08:50.432+0000] {dag.py:3036} INFO - Sync 1 DAGs
[2025-11-27T08:08:50.443+0000] {logging_mixin.py:188} INFO - [2025-11-27T08:08:50.443+0000] {dag.py:3823} INFO - Setting next_dagrun for tutorial_dag to None, run_after=None
[2025-11-27T08:08:50.465+0000] {processor.py:183} INFO - Processing /home/airflow/.local/lib/python3.8/site-packages/airflow/example_dags/tutorial_dag.py took 0.268 seconds
[2025-11-27T08:09:21.468+0000] {processor.py:161} INFO - Started process (PID=266) to work on /home/airflow/.local/lib/python3.8/site-packages/airflow/example_dags/tutorial_dag.py
[2025-11-27T08:09:21.469+0000] {processor.py:830} INFO - Processing file /home/airflow/.local/lib/python3.8/site-packages/airflow/example_dags/tutorial_dag.py for tasks to queue
[2025-11-27T08:09:21.472+0000] {logging_mixin.py:188} INFO - [2025-11-27T08:09:21.471+0000] {dagbag.py:538} INFO - Filling up the DagBag from /home/airflow/.local/lib/python3.8/site-packages/airflow/example_dags/tutorial_dag.py
[2025-11-27T08:09:21.477+0000] {processor.py:840} INFO - DAG(s) 'tutorial_dag' retrieved from /home/airflow/.local/lib/python3.8/site-packages/airflow/example_dags/tutorial_dag.py
[2025-11-27T08:09:21.494+0000] {logging_mixin.py:188} INFO - [2025-11-27T08:09:21.494+0000] {dag.py:3036} INFO - Sync 1 DAGs
[2025-11-27T08:09:21.503+0000] {logging_mixin.py:188} INFO - [2025-11-27T08:09:21.503+0000] {dag.py:3823} INFO - Setting next_dagrun for tutorial_dag to None, run_after=None
[2025-11-27T08:09:21.521+0000] {processor.py:183} INFO - Processing /home/airflow/.local/lib/python3.8/site-packages/airflow/example_dags/tutorial_dag.py took 0.056 seconds
[2025-11-27T08:09:51.802+0000] {processor.py:161} INFO - Started process (PID=316) to work on /home/airflow/.local/lib/python3.8/site-packages/airflow/example_dags/tutorial_dag.py
[2025-11-27T08:09:51.803+0000] {processor.py:830} INFO - Processing file /home/airflow/.local/lib/python3.8/site-packages/airflow/example_dags/tutorial_dag.py for tasks to queue
[2025-11-27T08:09:51.805+0000] {logging_mixin.py:188} INFO - [2025-11-27T08:09:51.805+0000] {dagbag.py:538} INFO - Filling up the DagBag from /home/airflow/.local/lib/python3.8/site-packages/airflow/example_dags/tutorial_dag.py
[2025-11-27T08:09:51.810+0000] {processor.py:840} INFO - DAG(s) 'tutorial_dag' retrieved from /home/airflow/.local/lib/python3.8/site-packages/airflow/example_dags/tutorial_dag.py
[2025-11-27T08:09:51.829+0000] {logging_mixin.py:188} INFO - [2025-11-27T08:09:51.829+0000] {dag.py:3036} INFO - Sync 1 DAGs
[2025-11-27T08:09:51.839+0000] {logging_mixin.py:188} INFO - [2025-11-27T08:09:51.839+0000] {dag.py:3823} INFO - Setting next_dagrun for tutorial_dag to None, run_after=None
[2025-11-27T08:09:51.858+0000] {processor.py:183} INFO - Processing /home/airflow/.local/lib/python3.8/site-packages/airflow/example_dags/tutorial_dag.py took 0.059 seconds
[2025-11-27T08:10:21.951+0000] {processor.py:161} INFO - Started process (PID=372) to work on /home/airflow/.local/lib/python3.8/site-packages/airflow/example_dags/tutorial_dag.py
[2025-11-27T08:10:21.952+0000] {processor.py:830} INFO - Processing file /home/airflow/.local/lib/python3.8/site-packages/airflow/example_dags/tutorial_dag.py for tasks to queue
[2025-11-27T08:10:21.955+0000] {logging_mixin.py:188} INFO - [2025-11-27T08:10:21.954+0000] {dagbag.py:538} INFO - Filling up the DagBag from /home/airflow/.local/lib/python3.8/site-packages/airflow/example_dags/tutorial_dag.py
[2025-11-27T08:10:21.960+0000] {processor.py:840} INFO - DAG(s) 'tutorial_dag' retrieved from /home/airflow/.local/lib/python3.8/site-packages/airflow/example_dags/tutorial_dag.py
[2025-11-27T08:10:21.983+0000] {logging_mixin.py:188} INFO - [2025-11-27T08:10:21.983+0000] {dag.py:3036} INFO - Sync 1 DAGs
[2025-11-27T08:10:21.995+0000] {logging_mixin.py:188} INFO - [2025-11-27T08:10:21.994+0000] {dag.py:3823} INFO - Setting next_dagrun for tutorial_dag to None, run_after=None
[2025-11-27T08:10:22.014+0000] {processor.py:183} INFO - Processing /home/airflow/.local/lib/python3.8/site-packages/airflow/example_dags/tutorial_dag.py took 0.068 seconds
[2025-11-27T08:10:52.879+0000] {processor.py:161} INFO - Started process (PID=429) to work on /home/airflow/.local/lib/python3.8/site-packages/airflow/example_dags/tutorial_dag.py
[2025-11-27T08:10:52.880+0000] {processor.py:830} INFO - Processing file /home/airflow/.local/lib/python3.8/site-packages/airflow/example_dags/tutorial_dag.py for tasks to queue
[2025-11-27T08:10:52.882+0000] {logging_mixin.py:188} INFO - [2025-11-27T08:10:52.882+0000] {dagbag.py:538} INFO - Filling up the DagBag from /home/airflow/.local/lib/python3.8/site-packages/airflow/example_dags/tutorial_dag.py
[2025-11-27T08:10:52.887+0000] {processor.py:840} INFO - DAG(s) 'tutorial_dag' retrieved from /home/airflow/.local/lib/python3.8/site-packages/airflow/example_dags/tutorial_dag.py
[2025-11-27T08:10:52.904+0000] {logging_mixin.py:188} INFO - [2025-11-27T08:10:52.904+0000] {dag.py:3036} INFO - Sync 1 DAGs
[2025-11-27T08:10:52.913+0000] {logging_mixin.py:188} INFO - [2025-11-27T08:10:52.913+0000] {dag.py:3823} INFO - Setting next_dagrun for tutorial_dag to None, run_after=None
[2025-11-27T08:10:52.933+0000] {processor.py:183} INFO - Processing /home/airflow/.local/lib/python3.8/site-packages/airflow/example_dags/tutorial_dag.py took 0.057 seconds
[2025-11-27T08:11:23.110+0000] {processor.py:161} INFO - Started process (PID=485) to work on /home/airflow/.local/lib/python3.8/site-packages/airflow/example_dags/tutorial_dag.py
[2025-11-27T08:11:23.111+0000] {processor.py:830} INFO - Processing file /home/airflow/.local/lib/python3.8/site-packages/airflow/example_dags/tutorial_dag.py for tasks to queue
[2025-11-27T08:11:23.113+0000] {logging_mixin.py:188} INFO - [2025-11-27T08:11:23.113+0000] {dagbag.py:538} INFO - Filling up the DagBag from /home/airflow/.local/lib/python3.8/site-packages/airflow/example_dags/tutorial_dag.py
[2025-11-27T08:11:23.118+0000] {processor.py:840} INFO - DAG(s) 'tutorial_dag' retrieved from /home/airflow/.local/lib/python3.8/site-packages/airflow/example_dags/tutorial_dag.py
[2025-11-27T08:11:23.135+0000] {logging_mixin.py:188} INFO - [2025-11-27T08:11:23.135+0000] {dag.py:3036} INFO - Sync 1 DAGs
[2025-11-27T08:11:23.146+0000] {logging_mixin.py:188} INFO - [2025-11-27T08:11:23.144+0000] {dag.py:3823} INFO - Setting next_dagrun for tutorial_dag to None, run_after=None
[2025-11-27T08:11:23.167+0000] {processor.py:183} INFO - Processing /home/airflow/.local/lib/python3.8/site-packages/airflow/example_dags/tutorial_dag.py took 0.060 seconds
[2025-11-27T08:11:53.726+0000] {processor.py:161} INFO - Started process (PID=541) to work on /home/airflow/.local/lib/python3.8/site-packages/airflow/example_dags/tutorial_dag.py
[2025-11-27T08:11:53.728+0000] {processor.py:830} INFO - Processing file /home/airflow/.local/lib/python3.8/site-packages/airflow/example_dags/tutorial_dag.py for tasks to queue
[2025-11-27T08:11:53.729+0000] {logging_mixin.py:188} INFO - [2025-11-27T08:11:53.729+0000] {dagbag.py:538} INFO - Filling up the DagBag from /home/airflow/.local/lib/python3.8/site-packages/airflow/example_dags/tutorial_dag.py
[2025-11-27T08:11:53.733+0000] {processor.py:840} INFO - DAG(s) 'tutorial_dag' retrieved from /home/airflow/.local/lib/python3.8/site-packages/airflow/example_dags/tutorial_dag.py
[2025-11-27T08:11:53.750+0000] {logging_mixin.py:188} INFO - [2025-11-27T08:11:53.750+0000] {dag.py:3036} INFO - Sync 1 DAGs
[2025-11-27T08:11:53.759+0000] {logging_mixin.py:188} INFO - [2025-11-27T08:11:53.759+0000] {dag.py:3823} INFO - Setting next_dagrun for tutorial_dag to None, run_after=None
[2025-11-27T08:11:53.775+0000] {processor.py:183} INFO - Processing /home/airflow/.local/lib/python3.8/site-packages/airflow/example_dags/tutorial_dag.py took 0.051 seconds
[2025-11-27T08:12:24.133+0000] {processor.py:161} INFO - Started process (PID=597) to work on /home/airflow/.local/lib/python3.8/site-packages/airflow/example_dags/tutorial_dag.py
[2025-11-27T08:12:24.134+0000] {processor.py:830} INFO - Processing file /home/airflow/.local/lib/python3.8/site-packages/airflow/example_dags/tutorial_dag.py for tasks to queue
[2025-11-27T08:12:24.136+0000] {logging_mixin.py:188} INFO - [2025-11-27T08:12:24.136+0000] {dagbag.py:538} INFO - Filling up the DagBag from /home/airflow/.local/lib/python3.8/site-packages/airflow/example_dags/tutorial_dag.py
[2025-11-27T08:12:24.141+0000] {processor.py:840} INFO - DAG(s) 'tutorial_dag' retrieved from /home/airflow/.local/lib/python3.8/site-packages/airflow/example_dags/tutorial_dag.py
[2025-11-27T08:12:24.160+0000] {logging_mixin.py:188} INFO - [2025-11-27T08:12:24.160+0000] {dag.py:3036} INFO - Sync 1 DAGs
[2025-11-27T08:12:24.170+0000] {logging_mixin.py:188} INFO - [2025-11-27T08:12:24.170+0000] {dag.py:3823} INFO - Setting next_dagrun for tutorial_dag to None, run_after=None
[2025-11-27T08:12:24.189+0000] {processor.py:183} INFO - Processing /home/airflow/.local/lib/python3.8/site-packages/airflow/example_dags/tutorial_dag.py took 0.059 seconds
[2025-11-27T08:12:54.793+0000] {processor.py:161} INFO - Started process (PID=653) to work on /home/airflow/.local/lib/python3.8/site-packages/airflow/example_dags/tutorial_dag.py
[2025-11-27T08:12:54.794+0000] {processor.py:830} INFO - Processing file /home/airflow/.local/lib/python3.8/site-packages/airflow/example_dags/tutorial_dag.py for tasks to queue
[2025-11-27T08:12:54.798+0000] {logging_mixin.py:188} INFO - [2025-11-27T08:12:54.797+0000] {dagbag.py:538} INFO - Filling up the DagBag from /home/airflow/.local/lib/python3.8/site-packages/airflow/example_dags/tutorial_dag.py
[2025-11-27T08:12:54.805+0000] {processor.py:840} INFO - DAG(s) 'tutorial_dag' retrieved from /home/airflow/.local/lib/python3.8/site-packages/airflow/example_dags/tutorial_dag.py
[2025-11-27T08:12:54.828+0000] {logging_mixin.py:188} INFO - [2025-11-27T08:12:54.828+0000] {dag.py:3036} INFO - Sync 1 DAGs
[2025-11-27T08:12:54.839+0000] {logging_mixin.py:188} INFO - [2025-11-27T08:12:54.838+0000] {dag.py:3823} INFO - Setting next_dagrun for tutorial_dag to None, run_after=None
[2025-11-27T08:12:54.862+0000] {processor.py:183} INFO - Processing /home/airflow/.local/lib/python3.8/site-packages/airflow/example_dags/tutorial_dag.py took 0.073 seconds
[2025-11-27T08:13:25.111+0000] {processor.py:161} INFO - Started process (PID=709) to work on /home/airflow/.local/lib/python3.8/site-packages/airflow/example_dags/tutorial_dag.py
[2025-11-27T08:13:25.113+0000] {processor.py:830} INFO - Processing file /home/airflow/.local/lib/python3.8/site-packages/airflow/example_dags/tutorial_dag.py for tasks to queue
[2025-11-27T08:13:25.115+0000] {logging_mixin.py:188} INFO - [2025-11-27T08:13:25.115+0000] {dagbag.py:538} INFO - Filling up the DagBag from /home/airflow/.local/lib/python3.8/site-packages/airflow/example_dags/tutorial_dag.py
[2025-11-27T08:13:25.118+0000] {processor.py:840} INFO - DAG(s) 'tutorial_dag' retrieved from /home/airflow/.local/lib/python3.8/site-packages/airflow/example_dags/tutorial_dag.py
[2025-11-27T08:13:25.134+0000] {logging_mixin.py:188} INFO - [2025-11-27T08:13:25.134+0000] {dag.py:3036} INFO - Sync 1 DAGs
[2025-11-27T08:13:25.143+0000] {logging_mixin.py:188} INFO - [2025-11-27T08:13:25.142+0000] {dag.py:3823} INFO - Setting next_dagrun for tutorial_dag to None, run_after=None
[2025-11-27T08:13:25.161+0000] {processor.py:183} INFO - Processing /home/airflow/.local/lib/python3.8/site-packages/airflow/example_dags/tutorial_dag.py took 0.051 seconds
[2025-11-27T08:13:55.540+0000] {processor.py:161} INFO - Started process (PID=765) to work on /home/airflow/.local/lib/python3.8/site-packages/airflow/example_dags/tutorial_dag.py
[2025-11-27T08:13:55.542+0000] {processor.py:830} INFO - Processing file /home/airflow/.local/lib/python3.8/site-packages/airflow/example_dags/tutorial_dag.py for tasks to queue
[2025-11-27T08:13:55.544+0000] {logging_mixin.py:188} INFO - [2025-11-27T08:13:55.543+0000] {dagbag.py:538} INFO - Filling up the DagBag from /home/airflow/.local/lib/python3.8/site-packages/airflow/example_dags/tutorial_dag.py
[2025-11-27T08:13:55.548+0000] {processor.py:840} INFO - DAG(s) 'tutorial_dag' retrieved from /home/airflow/.local/lib/python3.8/site-packages/airflow/example_dags/tutorial_dag.py
[2025-11-27T08:13:55.563+0000] {logging_mixin.py:188} INFO - [2025-11-27T08:13:55.563+0000] {dag.py:3036} INFO - Sync 1 DAGs
[2025-11-27T08:13:55.572+0000] {logging_mixin.py:188} INFO - [2025-11-27T08:13:55.572+0000] {dag.py:3823} INFO - Setting next_dagrun for tutorial_dag to None, run_after=None
[2025-11-27T08:13:55.588+0000] {processor.py:183} INFO - Processing /home/airflow/.local/lib/python3.8/site-packages/airflow/example_dags/tutorial_dag.py took 0.051 seconds
[2025-11-27T08:14:25.816+0000] {processor.py:161} INFO - Started process (PID=821) to work on /home/airflow/.local/lib/python3.8/site-packages/airflow/example_dags/tutorial_dag.py
[2025-11-27T08:14:25.817+0000] {processor.py:830} INFO - Processing file /home/airflow/.local/lib/python3.8/site-packages/airflow/example_dags/tutorial_dag.py for tasks to queue
[2025-11-27T08:14:25.819+0000] {logging_mixin.py:188} INFO - [2025-11-27T08:14:25.818+0000] {dagbag.py:538} INFO - Filling up the DagBag from /home/airflow/.local/lib/python3.8/site-packages/airflow/example_dags/tutorial_dag.py
[2025-11-27T08:14:25.823+0000] {processor.py:840} INFO - DAG(s) 'tutorial_dag' retrieved from /home/airflow/.local/lib/python3.8/site-packages/airflow/example_dags/tutorial_dag.py
[2025-11-27T08:14:25.840+0000] {logging_mixin.py:188} INFO - [2025-11-27T08:14:25.840+0000] {dag.py:3036} INFO - Sync 1 DAGs
[2025-11-27T08:14:25.850+0000] {logging_mixin.py:188} INFO - [2025-11-27T08:14:25.849+0000] {dag.py:3823} INFO - Setting next_dagrun for tutorial_dag to None, run_after=None
[2025-11-27T08:14:25.867+0000] {processor.py:183} INFO - Processing /home/airflow/.local/lib/python3.8/site-packages/airflow/example_dags/tutorial_dag.py took 0.054 seconds
[2025-11-27T08:14:57.082+0000] {processor.py:161} INFO - Started process (PID=877) to work on /home/airflow/.local/lib/python3.8/site-packages/airflow/example_dags/tutorial_dag.py
[2025-11-27T08:14:57.084+0000] {processor.py:830} INFO - Processing file /home/airflow/.local/lib/python3.8/site-packages/airflow/example_dags/tutorial_dag.py for tasks to queue
[2025-11-27T08:14:57.086+0000] {logging_mixin.py:188} INFO - [2025-11-27T08:14:57.086+0000] {dagbag.py:538} INFO - Filling up the DagBag from /home/airflow/.local/lib/python3.8/site-packages/airflow/example_dags/tutorial_dag.py
[2025-11-27T08:14:57.091+0000] {processor.py:840} INFO - DAG(s) 'tutorial_dag' retrieved from /home/airflow/.local/lib/python3.8/site-packages/airflow/example_dags/tutorial_dag.py
[2025-11-27T08:14:57.111+0000] {logging_mixin.py:188} INFO - [2025-11-27T08:14:57.111+0000] {dag.py:3036} INFO - Sync 1 DAGs
[2025-11-27T08:14:57.121+0000] {logging_mixin.py:188} INFO - [2025-11-27T08:14:57.121+0000] {dag.py:3823} INFO - Setting next_dagrun for tutorial_dag to None, run_after=None
[2025-11-27T08:14:57.138+0000] {processor.py:183} INFO - Processing /home/airflow/.local/lib/python3.8/site-packages/airflow/example_dags/tutorial_dag.py took 0.058 seconds
[2025-11-27T08:16:30.168+0000] {processor.py:161} INFO - Started process (PID=155) to work on /home/airflow/.local/lib/python3.8/site-packages/airflow/example_dags/tutorial_dag.py
[2025-11-27T08:16:30.174+0000] {processor.py:830} INFO - Processing file /home/airflow/.local/lib/python3.8/site-packages/airflow/example_dags/tutorial_dag.py for tasks to queue
[2025-11-27T08:16:30.179+0000] {logging_mixin.py:188} INFO - [2025-11-27T08:16:30.179+0000] {dagbag.py:538} INFO - Filling up the DagBag from /home/airflow/.local/lib/python3.8/site-packages/airflow/example_dags/tutorial_dag.py
[2025-11-27T08:16:30.196+0000] {processor.py:840} INFO - DAG(s) 'tutorial_dag' retrieved from /home/airflow/.local/lib/python3.8/site-packages/airflow/example_dags/tutorial_dag.py
[2025-11-27T08:16:30.240+0000] {logging_mixin.py:188} INFO - [2025-11-27T08:16:30.240+0000] {dag.py:3036} INFO - Sync 1 DAGs
[2025-11-27T08:16:30.257+0000] {logging_mixin.py:188} INFO - [2025-11-27T08:16:30.256+0000] {dag.py:3823} INFO - Setting next_dagrun for tutorial_dag to None, run_after=None
[2025-11-27T08:16:30.288+0000] {processor.py:183} INFO - Processing /home/airflow/.local/lib/python3.8/site-packages/airflow/example_dags/tutorial_dag.py took 0.126 seconds
[2025-11-27T08:17:06.270+0000] {processor.py:161} INFO - Started process (PID=211) to work on /home/airflow/.local/lib/python3.8/site-packages/airflow/example_dags/tutorial_dag.py
[2025-11-27T08:17:06.271+0000] {processor.py:830} INFO - Processing file /home/airflow/.local/lib/python3.8/site-packages/airflow/example_dags/tutorial_dag.py for tasks to queue
[2025-11-27T08:17:06.273+0000] {logging_mixin.py:188} INFO - [2025-11-27T08:17:06.273+0000] {dagbag.py:538} INFO - Filling up the DagBag from /home/airflow/.local/lib/python3.8/site-packages/airflow/example_dags/tutorial_dag.py
[2025-11-27T08:17:06.278+0000] {processor.py:840} INFO - DAG(s) 'tutorial_dag' retrieved from /home/airflow/.local/lib/python3.8/site-packages/airflow/example_dags/tutorial_dag.py
[2025-11-27T08:17:06.480+0000] {logging_mixin.py:188} INFO - [2025-11-27T08:17:06.480+0000] {dag.py:3036} INFO - Sync 1 DAGs
[2025-11-27T08:17:06.489+0000] {logging_mixin.py:188} INFO - [2025-11-27T08:17:06.489+0000] {dag.py:3823} INFO - Setting next_dagrun for tutorial_dag to None, run_after=None
[2025-11-27T08:17:06.511+0000] {processor.py:183} INFO - Processing /home/airflow/.local/lib/python3.8/site-packages/airflow/example_dags/tutorial_dag.py took 0.243 seconds
[2025-11-27T08:17:38.871+0000] {processor.py:161} INFO - Started process (PID=267) to work on /home/airflow/.local/lib/python3.8/site-packages/airflow/example_dags/tutorial_dag.py
[2025-11-27T08:17:38.872+0000] {processor.py:830} INFO - Processing file /home/airflow/.local/lib/python3.8/site-packages/airflow/example_dags/tutorial_dag.py for tasks to queue
[2025-11-27T08:17:38.876+0000] {logging_mixin.py:188} INFO - [2025-11-27T08:17:38.876+0000] {dagbag.py:538} INFO - Filling up the DagBag from /home/airflow/.local/lib/python3.8/site-packages/airflow/example_dags/tutorial_dag.py
[2025-11-27T08:17:38.884+0000] {processor.py:840} INFO - DAG(s) 'tutorial_dag' retrieved from /home/airflow/.local/lib/python3.8/site-packages/airflow/example_dags/tutorial_dag.py
[2025-11-27T08:17:38.907+0000] {logging_mixin.py:188} INFO - [2025-11-27T08:17:38.906+0000] {dag.py:3036} INFO - Sync 1 DAGs
[2025-11-27T08:17:38.921+0000] {logging_mixin.py:188} INFO - [2025-11-27T08:17:38.921+0000] {dag.py:3823} INFO - Setting next_dagrun for tutorial_dag to None, run_after=None
[2025-11-27T08:17:38.945+0000] {processor.py:183} INFO - Processing /home/airflow/.local/lib/python3.8/site-packages/airflow/example_dags/tutorial_dag.py took 0.078 seconds
[2025-11-27T08:18:11.299+0000] {processor.py:161} INFO - Started process (PID=323) to work on /home/airflow/.local/lib/python3.8/site-packages/airflow/example_dags/tutorial_dag.py
[2025-11-27T08:18:11.300+0000] {processor.py:830} INFO - Processing file /home/airflow/.local/lib/python3.8/site-packages/airflow/example_dags/tutorial_dag.py for tasks to queue
[2025-11-27T08:18:11.301+0000] {logging_mixin.py:188} INFO - [2025-11-27T08:18:11.301+0000] {dagbag.py:538} INFO - Filling up the DagBag from /home/airflow/.local/lib/python3.8/site-packages/airflow/example_dags/tutorial_dag.py
[2025-11-27T08:18:11.305+0000] {processor.py:840} INFO - DAG(s) 'tutorial_dag' retrieved from /home/airflow/.local/lib/python3.8/site-packages/airflow/example_dags/tutorial_dag.py
[2025-11-27T08:18:11.323+0000] {logging_mixin.py:188} INFO - [2025-11-27T08:18:11.323+0000] {dag.py:3036} INFO - Sync 1 DAGs
[2025-11-27T08:18:11.332+0000] {logging_mixin.py:188} INFO - [2025-11-27T08:18:11.332+0000] {dag.py:3823} INFO - Setting next_dagrun for tutorial_dag to None, run_after=None
[2025-11-27T08:18:11.351+0000] {processor.py:183} INFO - Processing /home/airflow/.local/lib/python3.8/site-packages/airflow/example_dags/tutorial_dag.py took 0.055 seconds
[2025-11-27T08:18:42.034+0000] {processor.py:161} INFO - Started process (PID=379) to work on /home/airflow/.local/lib/python3.8/site-packages/airflow/example_dags/tutorial_dag.py
[2025-11-27T08:18:42.035+0000] {processor.py:830} INFO - Processing file /home/airflow/.local/lib/python3.8/site-packages/airflow/example_dags/tutorial_dag.py for tasks to queue
[2025-11-27T08:18:42.038+0000] {logging_mixin.py:188} INFO - [2025-11-27T08:18:42.037+0000] {dagbag.py:538} INFO - Filling up the DagBag from /home/airflow/.local/lib/python3.8/site-packages/airflow/example_dags/tutorial_dag.py
[2025-11-27T08:18:42.043+0000] {processor.py:840} INFO - DAG(s) 'tutorial_dag' retrieved from /home/airflow/.local/lib/python3.8/site-packages/airflow/example_dags/tutorial_dag.py
[2025-11-27T08:18:42.061+0000] {logging_mixin.py:188} INFO - [2025-11-27T08:18:42.061+0000] {dag.py:3036} INFO - Sync 1 DAGs
[2025-11-27T08:18:42.071+0000] {logging_mixin.py:188} INFO - [2025-11-27T08:18:42.071+0000] {dag.py:3823} INFO - Setting next_dagrun for tutorial_dag to None, run_after=None
[2025-11-27T08:18:42.095+0000] {processor.py:183} INFO - Processing /home/airflow/.local/lib/python3.8/site-packages/airflow/example_dags/tutorial_dag.py took 0.066 seconds
[2025-11-27T08:19:16.026+0000] {processor.py:161} INFO - Started process (PID=435) to work on /home/airflow/.local/lib/python3.8/site-packages/airflow/example_dags/tutorial_dag.py
[2025-11-27T08:19:16.027+0000] {processor.py:830} INFO - Processing file /home/airflow/.local/lib/python3.8/site-packages/airflow/example_dags/tutorial_dag.py for tasks to queue
[2025-11-27T08:19:16.029+0000] {logging_mixin.py:188} INFO - [2025-11-27T08:19:16.029+0000] {dagbag.py:538} INFO - Filling up the DagBag from /home/airflow/.local/lib/python3.8/site-packages/airflow/example_dags/tutorial_dag.py
[2025-11-27T08:19:16.033+0000] {processor.py:840} INFO - DAG(s) 'tutorial_dag' retrieved from /home/airflow/.local/lib/python3.8/site-packages/airflow/example_dags/tutorial_dag.py
[2025-11-27T08:19:16.052+0000] {logging_mixin.py:188} INFO - [2025-11-27T08:19:16.052+0000] {dag.py:3036} INFO - Sync 1 DAGs
[2025-11-27T08:19:16.061+0000] {logging_mixin.py:188} INFO - [2025-11-27T08:19:16.061+0000] {dag.py:3823} INFO - Setting next_dagrun for tutorial_dag to None, run_after=None
[2025-11-27T08:19:16.086+0000] {processor.py:183} INFO - Processing /home/airflow/.local/lib/python3.8/site-packages/airflow/example_dags/tutorial_dag.py took 0.063 seconds
[2025-11-27T08:19:46.299+0000] {processor.py:161} INFO - Started process (PID=491) to work on /home/airflow/.local/lib/python3.8/site-packages/airflow/example_dags/tutorial_dag.py
[2025-11-27T08:19:46.300+0000] {processor.py:830} INFO - Processing file /home/airflow/.local/lib/python3.8/site-packages/airflow/example_dags/tutorial_dag.py for tasks to queue
[2025-11-27T08:19:46.302+0000] {logging_mixin.py:188} INFO - [2025-11-27T08:19:46.302+0000] {dagbag.py:538} INFO - Filling up the DagBag from /home/airflow/.local/lib/python3.8/site-packages/airflow/example_dags/tutorial_dag.py
[2025-11-27T08:19:46.306+0000] {processor.py:840} INFO - DAG(s) 'tutorial_dag' retrieved from /home/airflow/.local/lib/python3.8/site-packages/airflow/example_dags/tutorial_dag.py
[2025-11-27T08:19:46.322+0000] {logging_mixin.py:188} INFO - [2025-11-27T08:19:46.322+0000] {dag.py:3036} INFO - Sync 1 DAGs
[2025-11-27T08:19:46.332+0000] {logging_mixin.py:188} INFO - [2025-11-27T08:19:46.332+0000] {dag.py:3823} INFO - Setting next_dagrun for tutorial_dag to None, run_after=None
[2025-11-27T08:19:46.351+0000] {processor.py:183} INFO - Processing /home/airflow/.local/lib/python3.8/site-packages/airflow/example_dags/tutorial_dag.py took 0.054 seconds
[2025-11-27T08:20:19.096+0000] {processor.py:161} INFO - Started process (PID=547) to work on /home/airflow/.local/lib/python3.8/site-packages/airflow/example_dags/tutorial_dag.py
[2025-11-27T08:20:19.097+0000] {processor.py:830} INFO - Processing file /home/airflow/.local/lib/python3.8/site-packages/airflow/example_dags/tutorial_dag.py for tasks to queue
[2025-11-27T08:20:19.100+0000] {logging_mixin.py:188} INFO - [2025-11-27T08:20:19.099+0000] {dagbag.py:538} INFO - Filling up the DagBag from /home/airflow/.local/lib/python3.8/site-packages/airflow/example_dags/tutorial_dag.py
[2025-11-27T08:20:19.105+0000] {processor.py:840} INFO - DAG(s) 'tutorial_dag' retrieved from /home/airflow/.local/lib/python3.8/site-packages/airflow/example_dags/tutorial_dag.py
[2025-11-27T08:20:19.129+0000] {logging_mixin.py:188} INFO - [2025-11-27T08:20:19.128+0000] {dag.py:3036} INFO - Sync 1 DAGs
[2025-11-27T08:20:19.139+0000] {logging_mixin.py:188} INFO - [2025-11-27T08:20:19.139+0000] {dag.py:3823} INFO - Setting next_dagrun for tutorial_dag to None, run_after=None
[2025-11-27T08:20:19.163+0000] {processor.py:183} INFO - Processing /home/airflow/.local/lib/python3.8/site-packages/airflow/example_dags/tutorial_dag.py took 0.069 seconds
[2025-11-27T08:20:51.021+0000] {processor.py:161} INFO - Started process (PID=603) to work on /home/airflow/.local/lib/python3.8/site-packages/airflow/example_dags/tutorial_dag.py
[2025-11-27T08:20:51.022+0000] {processor.py:830} INFO - Processing file /home/airflow/.local/lib/python3.8/site-packages/airflow/example_dags/tutorial_dag.py for tasks to queue
[2025-11-27T08:20:51.024+0000] {logging_mixin.py:188} INFO - [2025-11-27T08:20:51.024+0000] {dagbag.py:538} INFO - Filling up the DagBag from /home/airflow/.local/lib/python3.8/site-packages/airflow/example_dags/tutorial_dag.py
[2025-11-27T08:20:51.028+0000] {processor.py:840} INFO - DAG(s) 'tutorial_dag' retrieved from /home/airflow/.local/lib/python3.8/site-packages/airflow/example_dags/tutorial_dag.py
[2025-11-27T08:20:51.047+0000] {logging_mixin.py:188} INFO - [2025-11-27T08:20:51.046+0000] {dag.py:3036} INFO - Sync 1 DAGs
[2025-11-27T08:20:51.057+0000] {logging_mixin.py:188} INFO - [2025-11-27T08:20:51.057+0000] {dag.py:3823} INFO - Setting next_dagrun for tutorial_dag to None, run_after=None
[2025-11-27T08:20:51.080+0000] {processor.py:183} INFO - Processing /home/airflow/.local/lib/python3.8/site-packages/airflow/example_dags/tutorial_dag.py took 0.062 seconds
[2025-11-27T08:21:23.826+0000] {processor.py:161} INFO - Started process (PID=659) to work on /home/airflow/.local/lib/python3.8/site-packages/airflow/example_dags/tutorial_dag.py
[2025-11-27T08:21:23.827+0000] {processor.py:830} INFO - Processing file /home/airflow/.local/lib/python3.8/site-packages/airflow/example_dags/tutorial_dag.py for tasks to queue
[2025-11-27T08:21:23.829+0000] {logging_mixin.py:188} INFO - [2025-11-27T08:21:23.829+0000] {dagbag.py:538} INFO - Filling up the DagBag from /home/airflow/.local/lib/python3.8/site-packages/airflow/example_dags/tutorial_dag.py
[2025-11-27T08:21:23.834+0000] {processor.py:840} INFO - DAG(s) 'tutorial_dag' retrieved from /home/airflow/.local/lib/python3.8/site-packages/airflow/example_dags/tutorial_dag.py
[2025-11-27T08:21:23.851+0000] {logging_mixin.py:188} INFO - [2025-11-27T08:21:23.851+0000] {dag.py:3036} INFO - Sync 1 DAGs
[2025-11-27T08:21:23.860+0000] {logging_mixin.py:188} INFO - [2025-11-27T08:21:23.860+0000] {dag.py:3823} INFO - Setting next_dagrun for tutorial_dag to None, run_after=None
[2025-11-27T08:21:23.991+0000] {processor.py:183} INFO - Processing /home/airflow/.local/lib/python3.8/site-packages/airflow/example_dags/tutorial_dag.py took 0.168 seconds
